[2024-05-16 13:28:03,530] {taskinstance.py:1032} INFO - Dependencies all met for <TaskInstance: keypoints_dag.preprocess_data manual__2024-05-16T07:57:50.690130+00:00 [queued]>
[2024-05-16 13:28:03,533] {taskinstance.py:1032} INFO - Dependencies all met for <TaskInstance: keypoints_dag.preprocess_data manual__2024-05-16T07:57:50.690130+00:00 [queued]>
[2024-05-16 13:28:03,533] {taskinstance.py:1238} INFO - 
--------------------------------------------------------------------------------
[2024-05-16 13:28:03,533] {taskinstance.py:1239} INFO - Starting attempt 1 of 1
[2024-05-16 13:28:03,533] {taskinstance.py:1240} INFO - 
--------------------------------------------------------------------------------
[2024-05-16 13:28:03,536] {taskinstance.py:1259} INFO - Executing <Task(PythonOperator): preprocess_data> on 2024-05-16 07:57:50.690130+00:00
[2024-05-16 13:28:03,545] {standard_task_runner.py:52} INFO - Started process 12588 to run task
[2024-05-16 13:28:03,549] {standard_task_runner.py:76} INFO - Running: ['airflow', 'tasks', 'run', 'keypoints_dag', 'preprocess_data', 'manual__2024-05-16T07:57:50.690130+00:00', '--job-id', '8', '--raw', '--subdir', 'DAGS_FOLDER/preprocess_airflow.py', '--cfg-path', '/var/folders/hr/cn8gd6d15xv_6m22yptdtyhw0000gn/T/tmpy1j01uis', '--error-file', '/var/folders/hr/cn8gd6d15xv_6m22yptdtyhw0000gn/T/tmpss1iumfd']
[2024-05-16 13:28:03,550] {standard_task_runner.py:77} INFO - Job 8: Subtask preprocess_data
[2024-05-16 13:28:03,569] {logging_mixin.py:109} INFO - Running <TaskInstance: keypoints_dag.preprocess_data manual__2024-05-16T07:57:50.690130+00:00 [running]> on host 1.0.0.0.0.0.0.0.0.0.0.0.0.0.0.0.0.0.0.0.0.0.0.0.0.0.0.0.0.0.0.0.ip6.arpa
[2024-05-16 13:28:03,583] {taskinstance.py:1424} INFO - Exporting the following env vars:
AIRFLOW_CTX_DAG_OWNER=airflow
AIRFLOW_CTX_DAG_ID=keypoints_dag
AIRFLOW_CTX_TASK_ID=preprocess_data
AIRFLOW_CTX_EXECUTION_DATE=2024-05-16T07:57:50.690130+00:00
AIRFLOW_CTX_DAG_RUN_ID=manual__2024-05-16T07:57:50.690130+00:00
[2024-05-16 13:28:03,587] {logging_mixin.py:109} WARNING - /Users/nikhilanand/airflow_venv/lib/python3.9/site-packages/airflow/utils/context.py:152 AirflowContextDeprecationWarning: Accessing 'execution_date' from the template is deprecated and will be removed in a future version. Please use 'data_interval_start' or 'logical_date' instead.
[2024-05-16 13:28:03,587] {logging_mixin.py:109} WARNING - /Users/nikhilanand/airflow_venv/lib/python3.9/site-packages/airflow/utils/context.py:152 AirflowContextDeprecationWarning: Accessing 'next_ds' from the template is deprecated and will be removed in a future version. Please use '{{ data_interval_end | ds }}' instead.
[2024-05-16 13:28:03,588] {logging_mixin.py:109} WARNING - /Users/nikhilanand/airflow_venv/lib/python3.9/site-packages/airflow/utils/context.py:152 AirflowContextDeprecationWarning: Accessing 'next_ds_nodash' from the template is deprecated and will be removed in a future version. Please use '{{ data_interval_end | ds_nodash }}' instead.
[2024-05-16 13:28:03,588] {logging_mixin.py:109} WARNING - /Users/nikhilanand/airflow_venv/lib/python3.9/site-packages/airflow/utils/context.py:152 AirflowContextDeprecationWarning: Accessing 'next_execution_date' from the template is deprecated and will be removed in a future version. Please use 'data_interval_end' instead.
[2024-05-16 13:28:03,589] {logging_mixin.py:109} WARNING - /Users/nikhilanand/airflow_venv/lib/python3.9/site-packages/airflow/utils/context.py:152 AirflowContextDeprecationWarning: Accessing 'prev_ds' from the template is deprecated and will be removed in a future version.
[2024-05-16 13:28:03,589] {logging_mixin.py:109} WARNING - /Users/nikhilanand/airflow_venv/lib/python3.9/site-packages/airflow/utils/context.py:152 AirflowContextDeprecationWarning: Accessing 'prev_ds_nodash' from the template is deprecated and will be removed in a future version.
[2024-05-16 13:28:03,590] {logging_mixin.py:109} WARNING - /Users/nikhilanand/airflow_venv/lib/python3.9/site-packages/airflow/utils/context.py:152 AirflowContextDeprecationWarning: Accessing 'prev_execution_date' from the template is deprecated and will be removed in a future version.
[2024-05-16 13:28:03,590] {logging_mixin.py:109} WARNING - /Users/nikhilanand/airflow_venv/lib/python3.9/site-packages/airflow/utils/context.py:152 AirflowContextDeprecationWarning: Accessing 'prev_execution_date_success' from the template is deprecated and will be removed in a future version. Please use 'prev_data_interval_start_success' instead.
[2024-05-16 13:28:03,591] {logging_mixin.py:109} WARNING - /Users/nikhilanand/airflow_venv/lib/python3.9/site-packages/airflow/utils/context.py:152 AirflowContextDeprecationWarning: Accessing 'tomorrow_ds' from the template is deprecated and will be removed in a future version.
[2024-05-16 13:28:03,591] {logging_mixin.py:109} WARNING - /Users/nikhilanand/airflow_venv/lib/python3.9/site-packages/airflow/utils/context.py:152 AirflowContextDeprecationWarning: Accessing 'tomorrow_ds_nodash' from the template is deprecated and will be removed in a future version.
[2024-05-16 13:28:03,592] {logging_mixin.py:109} WARNING - /Users/nikhilanand/airflow_venv/lib/python3.9/site-packages/airflow/utils/context.py:152 AirflowContextDeprecationWarning: Accessing 'yesterday_ds' from the template is deprecated and will be removed in a future version.
[2024-05-16 13:28:03,592] {logging_mixin.py:109} WARNING - /Users/nikhilanand/airflow_venv/lib/python3.9/site-packages/airflow/utils/context.py:152 AirflowContextDeprecationWarning: Accessing 'yesterday_ds_nodash' from the template is deprecated and will be removed in a future version.
[2024-05-16 13:28:11,535] {python.py:175} INFO - Done. Returned value was: None
[2024-05-16 13:28:11,546] {taskinstance.py:1267} INFO - Marking task as SUCCESS. dag_id=keypoints_dag, task_id=preprocess_data, execution_date=20240516T075750, start_date=20240516T075803, end_date=20240516T075811
[2024-05-16 13:28:11,600] {local_task_job.py:154} INFO - Task exited with return code 0
[2024-05-16 13:28:11,609] {local_task_job.py:264} INFO - 0 downstream tasks scheduled from follow-on schedule check
