[2024-05-16 13:27:52,780] {taskinstance.py:1032} INFO - Dependencies all met for <TaskInstance: keypoints_dag.fetch_data manual__2024-05-16T07:57:50.690130+00:00 [queued]>
[2024-05-16 13:27:52,783] {taskinstance.py:1032} INFO - Dependencies all met for <TaskInstance: keypoints_dag.fetch_data manual__2024-05-16T07:57:50.690130+00:00 [queued]>
[2024-05-16 13:27:52,783] {taskinstance.py:1238} INFO - 
--------------------------------------------------------------------------------
[2024-05-16 13:27:52,783] {taskinstance.py:1239} INFO - Starting attempt 1 of 1
[2024-05-16 13:27:52,783] {taskinstance.py:1240} INFO - 
--------------------------------------------------------------------------------
[2024-05-16 13:27:52,787] {taskinstance.py:1259} INFO - Executing <Task(BashOperator): fetch_data> on 2024-05-16 07:57:50.690130+00:00
[2024-05-16 13:27:52,796] {standard_task_runner.py:52} INFO - Started process 12460 to run task
[2024-05-16 13:27:52,801] {standard_task_runner.py:76} INFO - Running: ['airflow', 'tasks', 'run', 'keypoints_dag', 'fetch_data', 'manual__2024-05-16T07:57:50.690130+00:00', '--job-id', '6', '--raw', '--subdir', 'DAGS_FOLDER/preprocess_airflow.py', '--cfg-path', '/var/folders/hr/cn8gd6d15xv_6m22yptdtyhw0000gn/T/tmp5izyogdz', '--error-file', '/var/folders/hr/cn8gd6d15xv_6m22yptdtyhw0000gn/T/tmpvfbijgkn']
[2024-05-16 13:27:52,803] {standard_task_runner.py:77} INFO - Job 6: Subtask fetch_data
[2024-05-16 13:27:52,829] {logging_mixin.py:109} INFO - Running <TaskInstance: keypoints_dag.fetch_data manual__2024-05-16T07:57:50.690130+00:00 [running]> on host 1.0.0.0.0.0.0.0.0.0.0.0.0.0.0.0.0.0.0.0.0.0.0.0.0.0.0.0.0.0.0.0.ip6.arpa
[2024-05-16 13:27:52,846] {taskinstance.py:1424} INFO - Exporting the following env vars:
AIRFLOW_CTX_DAG_OWNER=airflow
AIRFLOW_CTX_DAG_ID=keypoints_dag
AIRFLOW_CTX_TASK_ID=fetch_data
AIRFLOW_CTX_EXECUTION_DATE=2024-05-16T07:57:50.690130+00:00
AIRFLOW_CTX_DAG_RUN_ID=manual__2024-05-16T07:57:50.690130+00:00
[2024-05-16 13:27:52,846] {subprocess.py:62} INFO - Tmp dir root location: 
 /var/folders/hr/cn8gd6d15xv_6m22yptdtyhw0000gn/T
[2024-05-16 13:27:52,847] {subprocess.py:74} INFO - Running command: ['bash', '-c', 'curl -o /Users/nikhilanand/BigDataLabProject/data/train.zip "https://storage.googleapis.com/kaggle-competitions-data/kaggle-v2/62891/6855609/compressed/training.csv.zip?GoogleAccessId=web-data@kaggle-161607.iam.gserviceaccount.com&Expires=1716100019&Signature=cz%2FG3wvyhW9QcUGYEAJ2bNXo6%2FIgCjqrbvxZGtyEC7%2BuoZkfBknQIlCuccOA82cjZjppreHd9XQcWXHNVvudXozi1iJJhcQzdZoqUzMux3lrBSZGGtZ%2BTYufw53k5WMQ2ByF%2Fm%2FhqJSjTlijkZOfRMJgbJkvGIcbMwIZxOwmXho%2FQjn6XGxSTsbNYaBfDl9%2FFtxqUz7eM42Y6WHzRbCbinHh0NqnRIAWNwh6ixYM7GRdSVhJiMmS7Ed9oLMvTUQBgi6qgyRB5BDejTJ6v31mCQdJcO0Nb53bbmzxl42nFMnBEtw3HhVgkD4rJcDbQXiWLRs0C1rKC5w2jGDA2c10sw%3D%3D&response-content-disposition=attachment%3B+filename%3Dtraining.csv.zip"']
[2024-05-16 13:27:52,859] {subprocess.py:85} INFO - Output:
[2024-05-16 13:27:52,901] {subprocess.py:89} INFO -   % Total    % Received % Xferd  Average Speed   Time    Time     Time  Current
[2024-05-16 13:27:52,901] {subprocess.py:89} INFO -                                  Dload  Upload   Total   Spent    Left  Speed
[2024-05-16 13:27:58,140] {subprocess.py:89} INFO -   0     0    0     0    0     0      0      0 --:--:-- --:--:-- --:--:--     0  0 54.6M    0  1369    0     0   2433      0  6:32:16 --:--:--  6:32:16  2431  0 54.6M    0  209k    0     0   151k      0  0:06:09  0:00:01  0:06:08  151k  9 54.6M    9 5133k    0     0  2165k      0  0:00:25  0:00:02  0:00:23 2165k 36 54.6M   36 19.9M    0     0  5913k      0  0:00:09  0:00:03  0:00:06 5913k 68 54.6M   68 37.3M    0     0  8762k      0  0:00:06  0:00:04  0:00:02 8762k100 54.6M  100 54.6M    0     0  10.4M      0  0:00:05  0:00:05 --:--:-- 11.6M
[2024-05-16 13:27:58,144] {subprocess.py:93} INFO - Command exited with return code 0
[2024-05-16 13:27:58,153] {taskinstance.py:1267} INFO - Marking task as SUCCESS. dag_id=keypoints_dag, task_id=fetch_data, execution_date=20240516T075750, start_date=20240516T075752, end_date=20240516T075758
[2024-05-16 13:27:58,161] {local_task_job.py:154} INFO - Task exited with return code 0
[2024-05-16 13:27:58,171] {local_task_job.py:264} INFO - 1 downstream tasks scheduled from follow-on schedule check
