[2024-05-16 12:53:47,349] {processor.py:163} INFO - Started process (PID=86703) to work on /Users/nikhilanand/airflow_venv/lib/python3.9/site-packages/airflow/example_dags/plugins/workday.py
[2024-05-16 12:53:47,349] {processor.py:642} INFO - Processing file /Users/nikhilanand/airflow_venv/lib/python3.9/site-packages/airflow/example_dags/plugins/workday.py for tasks to queue
[2024-05-16 12:53:47,349] {logging_mixin.py:109} INFO - [2024-05-16 12:53:47,349] {dagbag.py:500} INFO - Filling up the DagBag from /Users/nikhilanand/airflow_venv/lib/python3.9/site-packages/airflow/example_dags/plugins/workday.py
[2024-05-16 12:53:47,362] {processor.py:656} WARNING - No viable dags retrieved from /Users/nikhilanand/airflow_venv/lib/python3.9/site-packages/airflow/example_dags/plugins/workday.py
[2024-05-16 12:53:47,363] {processor.py:171} INFO - Processing /Users/nikhilanand/airflow_venv/lib/python3.9/site-packages/airflow/example_dags/plugins/workday.py took 0.015 seconds
[2024-05-16 12:54:52,920] {processor.py:163} INFO - Started process (PID=87858) to work on /Users/nikhilanand/airflow_venv/lib/python3.9/site-packages/airflow/example_dags/plugins/workday.py
[2024-05-16 12:54:52,920] {processor.py:642} INFO - Processing file /Users/nikhilanand/airflow_venv/lib/python3.9/site-packages/airflow/example_dags/plugins/workday.py for tasks to queue
[2024-05-16 12:54:52,921] {logging_mixin.py:109} INFO - [2024-05-16 12:54:52,921] {dagbag.py:500} INFO - Filling up the DagBag from /Users/nikhilanand/airflow_venv/lib/python3.9/site-packages/airflow/example_dags/plugins/workday.py
[2024-05-16 12:54:52,935] {processor.py:656} WARNING - No viable dags retrieved from /Users/nikhilanand/airflow_venv/lib/python3.9/site-packages/airflow/example_dags/plugins/workday.py
[2024-05-16 12:54:52,937] {processor.py:171} INFO - Processing /Users/nikhilanand/airflow_venv/lib/python3.9/site-packages/airflow/example_dags/plugins/workday.py took 0.017 seconds
[2024-05-16 12:55:30,149] {processor.py:163} INFO - Started process (PID=88316) to work on /Users/nikhilanand/airflow_venv/lib/python3.9/site-packages/airflow/example_dags/plugins/workday.py
[2024-05-16 12:55:30,149] {processor.py:642} INFO - Processing file /Users/nikhilanand/airflow_venv/lib/python3.9/site-packages/airflow/example_dags/plugins/workday.py for tasks to queue
[2024-05-16 12:55:30,149] {logging_mixin.py:109} INFO - [2024-05-16 12:55:30,149] {dagbag.py:500} INFO - Filling up the DagBag from /Users/nikhilanand/airflow_venv/lib/python3.9/site-packages/airflow/example_dags/plugins/workday.py
[2024-05-16 12:55:30,163] {processor.py:656} WARNING - No viable dags retrieved from /Users/nikhilanand/airflow_venv/lib/python3.9/site-packages/airflow/example_dags/plugins/workday.py
[2024-05-16 12:55:30,164] {processor.py:171} INFO - Processing /Users/nikhilanand/airflow_venv/lib/python3.9/site-packages/airflow/example_dags/plugins/workday.py took 0.015 seconds
[2024-05-16 12:56:36,418] {processor.py:163} INFO - Started process (PID=89115) to work on /Users/nikhilanand/airflow_venv/lib/python3.9/site-packages/airflow/example_dags/plugins/workday.py
[2024-05-16 12:56:36,418] {processor.py:642} INFO - Processing file /Users/nikhilanand/airflow_venv/lib/python3.9/site-packages/airflow/example_dags/plugins/workday.py for tasks to queue
[2024-05-16 12:56:36,419] {logging_mixin.py:109} INFO - [2024-05-16 12:56:36,419] {dagbag.py:500} INFO - Filling up the DagBag from /Users/nikhilanand/airflow_venv/lib/python3.9/site-packages/airflow/example_dags/plugins/workday.py
[2024-05-16 12:56:36,431] {processor.py:656} WARNING - No viable dags retrieved from /Users/nikhilanand/airflow_venv/lib/python3.9/site-packages/airflow/example_dags/plugins/workday.py
[2024-05-16 12:56:36,432] {processor.py:171} INFO - Processing /Users/nikhilanand/airflow_venv/lib/python3.9/site-packages/airflow/example_dags/plugins/workday.py took 0.014 seconds
[2024-05-16 12:57:44,032] {processor.py:163} INFO - Started process (PID=89877) to work on /Users/nikhilanand/airflow_venv/lib/python3.9/site-packages/airflow/example_dags/plugins/workday.py
[2024-05-16 12:57:44,032] {processor.py:642} INFO - Processing file /Users/nikhilanand/airflow_venv/lib/python3.9/site-packages/airflow/example_dags/plugins/workday.py for tasks to queue
[2024-05-16 12:57:44,033] {logging_mixin.py:109} INFO - [2024-05-16 12:57:44,033] {dagbag.py:500} INFO - Filling up the DagBag from /Users/nikhilanand/airflow_venv/lib/python3.9/site-packages/airflow/example_dags/plugins/workday.py
[2024-05-16 12:57:44,045] {processor.py:656} WARNING - No viable dags retrieved from /Users/nikhilanand/airflow_venv/lib/python3.9/site-packages/airflow/example_dags/plugins/workday.py
[2024-05-16 12:57:44,046] {processor.py:171} INFO - Processing /Users/nikhilanand/airflow_venv/lib/python3.9/site-packages/airflow/example_dags/plugins/workday.py took 0.014 seconds
[2024-05-16 12:58:53,081] {processor.py:163} INFO - Started process (PID=90646) to work on /Users/nikhilanand/airflow_venv/lib/python3.9/site-packages/airflow/example_dags/plugins/workday.py
[2024-05-16 12:58:53,081] {processor.py:642} INFO - Processing file /Users/nikhilanand/airflow_venv/lib/python3.9/site-packages/airflow/example_dags/plugins/workday.py for tasks to queue
[2024-05-16 12:58:53,082] {logging_mixin.py:109} INFO - [2024-05-16 12:58:53,082] {dagbag.py:500} INFO - Filling up the DagBag from /Users/nikhilanand/airflow_venv/lib/python3.9/site-packages/airflow/example_dags/plugins/workday.py
[2024-05-16 12:58:53,094] {processor.py:656} WARNING - No viable dags retrieved from /Users/nikhilanand/airflow_venv/lib/python3.9/site-packages/airflow/example_dags/plugins/workday.py
[2024-05-16 12:58:53,095] {processor.py:171} INFO - Processing /Users/nikhilanand/airflow_venv/lib/python3.9/site-packages/airflow/example_dags/plugins/workday.py took 0.014 seconds
[2024-05-16 12:59:30,032] {processor.py:163} INFO - Started process (PID=91093) to work on /Users/nikhilanand/airflow_venv/lib/python3.9/site-packages/airflow/example_dags/plugins/workday.py
[2024-05-16 12:59:30,033] {processor.py:642} INFO - Processing file /Users/nikhilanand/airflow_venv/lib/python3.9/site-packages/airflow/example_dags/plugins/workday.py for tasks to queue
[2024-05-16 12:59:30,033] {logging_mixin.py:109} INFO - [2024-05-16 12:59:30,033] {dagbag.py:500} INFO - Filling up the DagBag from /Users/nikhilanand/airflow_venv/lib/python3.9/site-packages/airflow/example_dags/plugins/workday.py
[2024-05-16 12:59:30,047] {processor.py:656} WARNING - No viable dags retrieved from /Users/nikhilanand/airflow_venv/lib/python3.9/site-packages/airflow/example_dags/plugins/workday.py
[2024-05-16 12:59:30,048] {processor.py:171} INFO - Processing /Users/nikhilanand/airflow_venv/lib/python3.9/site-packages/airflow/example_dags/plugins/workday.py took 0.016 seconds
[2024-05-16 13:00:08,587] {processor.py:163} INFO - Started process (PID=91550) to work on /Users/nikhilanand/airflow_venv/lib/python3.9/site-packages/airflow/example_dags/plugins/workday.py
[2024-05-16 13:00:08,588] {processor.py:642} INFO - Processing file /Users/nikhilanand/airflow_venv/lib/python3.9/site-packages/airflow/example_dags/plugins/workday.py for tasks to queue
[2024-05-16 13:00:08,588] {logging_mixin.py:109} INFO - [2024-05-16 13:00:08,588] {dagbag.py:500} INFO - Filling up the DagBag from /Users/nikhilanand/airflow_venv/lib/python3.9/site-packages/airflow/example_dags/plugins/workday.py
[2024-05-16 13:00:08,601] {processor.py:656} WARNING - No viable dags retrieved from /Users/nikhilanand/airflow_venv/lib/python3.9/site-packages/airflow/example_dags/plugins/workday.py
[2024-05-16 13:00:08,602] {processor.py:171} INFO - Processing /Users/nikhilanand/airflow_venv/lib/python3.9/site-packages/airflow/example_dags/plugins/workday.py took 0.015 seconds
[2024-05-16 13:01:18,514] {processor.py:163} INFO - Started process (PID=92371) to work on /Users/nikhilanand/airflow_venv/lib/python3.9/site-packages/airflow/example_dags/plugins/workday.py
[2024-05-16 13:01:18,514] {processor.py:642} INFO - Processing file /Users/nikhilanand/airflow_venv/lib/python3.9/site-packages/airflow/example_dags/plugins/workday.py for tasks to queue
[2024-05-16 13:01:18,514] {logging_mixin.py:109} INFO - [2024-05-16 13:01:18,514] {dagbag.py:500} INFO - Filling up the DagBag from /Users/nikhilanand/airflow_venv/lib/python3.9/site-packages/airflow/example_dags/plugins/workday.py
[2024-05-16 13:01:18,527] {processor.py:656} WARNING - No viable dags retrieved from /Users/nikhilanand/airflow_venv/lib/python3.9/site-packages/airflow/example_dags/plugins/workday.py
[2024-05-16 13:01:18,528] {processor.py:171} INFO - Processing /Users/nikhilanand/airflow_venv/lib/python3.9/site-packages/airflow/example_dags/plugins/workday.py took 0.015 seconds
[2024-05-16 13:02:28,604] {processor.py:163} INFO - Started process (PID=93190) to work on /Users/nikhilanand/airflow_venv/lib/python3.9/site-packages/airflow/example_dags/plugins/workday.py
[2024-05-16 13:02:28,606] {processor.py:642} INFO - Processing file /Users/nikhilanand/airflow_venv/lib/python3.9/site-packages/airflow/example_dags/plugins/workday.py for tasks to queue
[2024-05-16 13:02:28,606] {logging_mixin.py:109} INFO - [2024-05-16 13:02:28,606] {dagbag.py:500} INFO - Filling up the DagBag from /Users/nikhilanand/airflow_venv/lib/python3.9/site-packages/airflow/example_dags/plugins/workday.py
[2024-05-16 13:02:28,624] {processor.py:656} WARNING - No viable dags retrieved from /Users/nikhilanand/airflow_venv/lib/python3.9/site-packages/airflow/example_dags/plugins/workday.py
[2024-05-16 13:02:28,625] {processor.py:171} INFO - Processing /Users/nikhilanand/airflow_venv/lib/python3.9/site-packages/airflow/example_dags/plugins/workday.py took 0.021 seconds
[2024-05-16 13:03:38,101] {processor.py:163} INFO - Started process (PID=94327) to work on /Users/nikhilanand/airflow_venv/lib/python3.9/site-packages/airflow/example_dags/plugins/workday.py
[2024-05-16 13:03:38,103] {processor.py:642} INFO - Processing file /Users/nikhilanand/airflow_venv/lib/python3.9/site-packages/airflow/example_dags/plugins/workday.py for tasks to queue
[2024-05-16 13:03:38,103] {logging_mixin.py:109} INFO - [2024-05-16 13:03:38,103] {dagbag.py:500} INFO - Filling up the DagBag from /Users/nikhilanand/airflow_venv/lib/python3.9/site-packages/airflow/example_dags/plugins/workday.py
[2024-05-16 13:03:38,116] {processor.py:656} WARNING - No viable dags retrieved from /Users/nikhilanand/airflow_venv/lib/python3.9/site-packages/airflow/example_dags/plugins/workday.py
[2024-05-16 13:03:38,117] {processor.py:171} INFO - Processing /Users/nikhilanand/airflow_venv/lib/python3.9/site-packages/airflow/example_dags/plugins/workday.py took 0.016 seconds
[2024-05-16 13:04:15,713] {processor.py:163} INFO - Started process (PID=94745) to work on /Users/nikhilanand/airflow_venv/lib/python3.9/site-packages/airflow/example_dags/plugins/workday.py
[2024-05-16 13:04:15,714] {processor.py:642} INFO - Processing file /Users/nikhilanand/airflow_venv/lib/python3.9/site-packages/airflow/example_dags/plugins/workday.py for tasks to queue
[2024-05-16 13:04:15,714] {logging_mixin.py:109} INFO - [2024-05-16 13:04:15,714] {dagbag.py:500} INFO - Filling up the DagBag from /Users/nikhilanand/airflow_venv/lib/python3.9/site-packages/airflow/example_dags/plugins/workday.py
[2024-05-16 13:04:15,728] {processor.py:656} WARNING - No viable dags retrieved from /Users/nikhilanand/airflow_venv/lib/python3.9/site-packages/airflow/example_dags/plugins/workday.py
[2024-05-16 13:04:15,729] {processor.py:171} INFO - Processing /Users/nikhilanand/airflow_venv/lib/python3.9/site-packages/airflow/example_dags/plugins/workday.py took 0.017 seconds
[2024-05-16 13:04:52,773] {processor.py:163} INFO - Started process (PID=95185) to work on /Users/nikhilanand/airflow_venv/lib/python3.9/site-packages/airflow/example_dags/plugins/workday.py
[2024-05-16 13:04:52,774] {processor.py:642} INFO - Processing file /Users/nikhilanand/airflow_venv/lib/python3.9/site-packages/airflow/example_dags/plugins/workday.py for tasks to queue
[2024-05-16 13:04:52,774] {logging_mixin.py:109} INFO - [2024-05-16 13:04:52,774] {dagbag.py:500} INFO - Filling up the DagBag from /Users/nikhilanand/airflow_venv/lib/python3.9/site-packages/airflow/example_dags/plugins/workday.py
[2024-05-16 13:04:52,787] {processor.py:656} WARNING - No viable dags retrieved from /Users/nikhilanand/airflow_venv/lib/python3.9/site-packages/airflow/example_dags/plugins/workday.py
[2024-05-16 13:04:52,788] {processor.py:171} INFO - Processing /Users/nikhilanand/airflow_venv/lib/python3.9/site-packages/airflow/example_dags/plugins/workday.py took 0.016 seconds
[2024-05-16 13:05:34,115] {processor.py:163} INFO - Started process (PID=95693) to work on /Users/nikhilanand/airflow_venv/lib/python3.9/site-packages/airflow/example_dags/plugins/workday.py
[2024-05-16 13:05:34,117] {processor.py:642} INFO - Processing file /Users/nikhilanand/airflow_venv/lib/python3.9/site-packages/airflow/example_dags/plugins/workday.py for tasks to queue
[2024-05-16 13:05:34,117] {logging_mixin.py:109} INFO - [2024-05-16 13:05:34,117] {dagbag.py:500} INFO - Filling up the DagBag from /Users/nikhilanand/airflow_venv/lib/python3.9/site-packages/airflow/example_dags/plugins/workday.py
[2024-05-16 13:05:34,130] {processor.py:656} WARNING - No viable dags retrieved from /Users/nikhilanand/airflow_venv/lib/python3.9/site-packages/airflow/example_dags/plugins/workday.py
[2024-05-16 13:05:34,131] {processor.py:171} INFO - Processing /Users/nikhilanand/airflow_venv/lib/python3.9/site-packages/airflow/example_dags/plugins/workday.py took 0.016 seconds
[2024-05-16 13:06:13,903] {processor.py:163} INFO - Started process (PID=96169) to work on /Users/nikhilanand/airflow_venv/lib/python3.9/site-packages/airflow/example_dags/plugins/workday.py
[2024-05-16 13:06:13,904] {processor.py:642} INFO - Processing file /Users/nikhilanand/airflow_venv/lib/python3.9/site-packages/airflow/example_dags/plugins/workday.py for tasks to queue
[2024-05-16 13:06:13,904] {logging_mixin.py:109} INFO - [2024-05-16 13:06:13,904] {dagbag.py:500} INFO - Filling up the DagBag from /Users/nikhilanand/airflow_venv/lib/python3.9/site-packages/airflow/example_dags/plugins/workday.py
[2024-05-16 13:06:13,917] {processor.py:656} WARNING - No viable dags retrieved from /Users/nikhilanand/airflow_venv/lib/python3.9/site-packages/airflow/example_dags/plugins/workday.py
[2024-05-16 13:06:13,918] {processor.py:171} INFO - Processing /Users/nikhilanand/airflow_venv/lib/python3.9/site-packages/airflow/example_dags/plugins/workday.py took 0.015 seconds
[2024-05-16 13:07:21,076] {processor.py:163} INFO - Started process (PID=96939) to work on /Users/nikhilanand/airflow_venv/lib/python3.9/site-packages/airflow/example_dags/plugins/workday.py
[2024-05-16 13:07:21,078] {processor.py:642} INFO - Processing file /Users/nikhilanand/airflow_venv/lib/python3.9/site-packages/airflow/example_dags/plugins/workday.py for tasks to queue
[2024-05-16 13:07:21,078] {logging_mixin.py:109} INFO - [2024-05-16 13:07:21,078] {dagbag.py:500} INFO - Filling up the DagBag from /Users/nikhilanand/airflow_venv/lib/python3.9/site-packages/airflow/example_dags/plugins/workday.py
[2024-05-16 13:07:21,092] {processor.py:656} WARNING - No viable dags retrieved from /Users/nikhilanand/airflow_venv/lib/python3.9/site-packages/airflow/example_dags/plugins/workday.py
[2024-05-16 13:07:21,093] {processor.py:171} INFO - Processing /Users/nikhilanand/airflow_venv/lib/python3.9/site-packages/airflow/example_dags/plugins/workday.py took 0.017 seconds
[2024-05-16 13:07:59,700] {processor.py:163} INFO - Started process (PID=97382) to work on /Users/nikhilanand/airflow_venv/lib/python3.9/site-packages/airflow/example_dags/plugins/workday.py
[2024-05-16 13:07:59,700] {processor.py:642} INFO - Processing file /Users/nikhilanand/airflow_venv/lib/python3.9/site-packages/airflow/example_dags/plugins/workday.py for tasks to queue
[2024-05-16 13:07:59,700] {logging_mixin.py:109} INFO - [2024-05-16 13:07:59,700] {dagbag.py:500} INFO - Filling up the DagBag from /Users/nikhilanand/airflow_venv/lib/python3.9/site-packages/airflow/example_dags/plugins/workday.py
[2024-05-16 13:07:59,712] {processor.py:656} WARNING - No viable dags retrieved from /Users/nikhilanand/airflow_venv/lib/python3.9/site-packages/airflow/example_dags/plugins/workday.py
[2024-05-16 13:07:59,713] {processor.py:171} INFO - Processing /Users/nikhilanand/airflow_venv/lib/python3.9/site-packages/airflow/example_dags/plugins/workday.py took 0.014 seconds
[2024-05-16 13:08:39,300] {processor.py:163} INFO - Started process (PID=97816) to work on /Users/nikhilanand/airflow_venv/lib/python3.9/site-packages/airflow/example_dags/plugins/workday.py
[2024-05-16 13:08:39,300] {processor.py:642} INFO - Processing file /Users/nikhilanand/airflow_venv/lib/python3.9/site-packages/airflow/example_dags/plugins/workday.py for tasks to queue
[2024-05-16 13:08:39,300] {logging_mixin.py:109} INFO - [2024-05-16 13:08:39,300] {dagbag.py:500} INFO - Filling up the DagBag from /Users/nikhilanand/airflow_venv/lib/python3.9/site-packages/airflow/example_dags/plugins/workday.py
[2024-05-16 13:08:39,313] {processor.py:656} WARNING - No viable dags retrieved from /Users/nikhilanand/airflow_venv/lib/python3.9/site-packages/airflow/example_dags/plugins/workday.py
[2024-05-16 13:08:39,314] {processor.py:171} INFO - Processing /Users/nikhilanand/airflow_venv/lib/python3.9/site-packages/airflow/example_dags/plugins/workday.py took 0.014 seconds
[2024-05-16 13:09:47,493] {processor.py:163} INFO - Started process (PID=98569) to work on /Users/nikhilanand/airflow_venv/lib/python3.9/site-packages/airflow/example_dags/plugins/workday.py
[2024-05-16 13:09:47,493] {processor.py:642} INFO - Processing file /Users/nikhilanand/airflow_venv/lib/python3.9/site-packages/airflow/example_dags/plugins/workday.py for tasks to queue
[2024-05-16 13:09:47,494] {logging_mixin.py:109} INFO - [2024-05-16 13:09:47,494] {dagbag.py:500} INFO - Filling up the DagBag from /Users/nikhilanand/airflow_venv/lib/python3.9/site-packages/airflow/example_dags/plugins/workday.py
[2024-05-16 13:09:47,506] {processor.py:656} WARNING - No viable dags retrieved from /Users/nikhilanand/airflow_venv/lib/python3.9/site-packages/airflow/example_dags/plugins/workday.py
[2024-05-16 13:09:47,507] {processor.py:171} INFO - Processing /Users/nikhilanand/airflow_venv/lib/python3.9/site-packages/airflow/example_dags/plugins/workday.py took 0.015 seconds
[2024-05-16 13:10:56,290] {processor.py:163} INFO - Started process (PID=99326) to work on /Users/nikhilanand/airflow_venv/lib/python3.9/site-packages/airflow/example_dags/plugins/workday.py
[2024-05-16 13:10:56,291] {processor.py:642} INFO - Processing file /Users/nikhilanand/airflow_venv/lib/python3.9/site-packages/airflow/example_dags/plugins/workday.py for tasks to queue
[2024-05-16 13:10:56,292] {logging_mixin.py:109} INFO - [2024-05-16 13:10:56,292] {dagbag.py:500} INFO - Filling up the DagBag from /Users/nikhilanand/airflow_venv/lib/python3.9/site-packages/airflow/example_dags/plugins/workday.py
[2024-05-16 13:10:56,304] {processor.py:656} WARNING - No viable dags retrieved from /Users/nikhilanand/airflow_venv/lib/python3.9/site-packages/airflow/example_dags/plugins/workday.py
[2024-05-16 13:10:56,305] {processor.py:171} INFO - Processing /Users/nikhilanand/airflow_venv/lib/python3.9/site-packages/airflow/example_dags/plugins/workday.py took 0.015 seconds
[2024-05-16 13:12:05,924] {processor.py:163} INFO - Started process (PID=212) to work on /Users/nikhilanand/airflow_venv/lib/python3.9/site-packages/airflow/example_dags/plugins/workday.py
[2024-05-16 13:12:05,925] {processor.py:642} INFO - Processing file /Users/nikhilanand/airflow_venv/lib/python3.9/site-packages/airflow/example_dags/plugins/workday.py for tasks to queue
[2024-05-16 13:12:05,925] {logging_mixin.py:109} INFO - [2024-05-16 13:12:05,925] {dagbag.py:500} INFO - Filling up the DagBag from /Users/nikhilanand/airflow_venv/lib/python3.9/site-packages/airflow/example_dags/plugins/workday.py
[2024-05-16 13:12:05,938] {processor.py:656} WARNING - No viable dags retrieved from /Users/nikhilanand/airflow_venv/lib/python3.9/site-packages/airflow/example_dags/plugins/workday.py
[2024-05-16 13:12:05,939] {processor.py:171} INFO - Processing /Users/nikhilanand/airflow_venv/lib/python3.9/site-packages/airflow/example_dags/plugins/workday.py took 0.016 seconds
[2024-05-16 13:13:22,866] {processor.py:163} INFO - Started process (PID=1374) to work on /Users/nikhilanand/airflow_venv/lib/python3.9/site-packages/airflow/example_dags/plugins/workday.py
[2024-05-16 13:13:22,867] {processor.py:642} INFO - Processing file /Users/nikhilanand/airflow_venv/lib/python3.9/site-packages/airflow/example_dags/plugins/workday.py for tasks to queue
[2024-05-16 13:13:22,868] {logging_mixin.py:109} INFO - [2024-05-16 13:13:22,867] {dagbag.py:500} INFO - Filling up the DagBag from /Users/nikhilanand/airflow_venv/lib/python3.9/site-packages/airflow/example_dags/plugins/workday.py
[2024-05-16 13:13:22,880] {processor.py:656} WARNING - No viable dags retrieved from /Users/nikhilanand/airflow_venv/lib/python3.9/site-packages/airflow/example_dags/plugins/workday.py
[2024-05-16 13:13:22,881] {processor.py:171} INFO - Processing /Users/nikhilanand/airflow_venv/lib/python3.9/site-packages/airflow/example_dags/plugins/workday.py took 0.015 seconds
[2024-05-16 13:14:02,720] {processor.py:163} INFO - Started process (PID=1840) to work on /Users/nikhilanand/airflow_venv/lib/python3.9/site-packages/airflow/example_dags/plugins/workday.py
[2024-05-16 13:14:02,721] {processor.py:642} INFO - Processing file /Users/nikhilanand/airflow_venv/lib/python3.9/site-packages/airflow/example_dags/plugins/workday.py for tasks to queue
[2024-05-16 13:14:02,721] {logging_mixin.py:109} INFO - [2024-05-16 13:14:02,721] {dagbag.py:500} INFO - Filling up the DagBag from /Users/nikhilanand/airflow_venv/lib/python3.9/site-packages/airflow/example_dags/plugins/workday.py
[2024-05-16 13:14:02,735] {processor.py:656} WARNING - No viable dags retrieved from /Users/nikhilanand/airflow_venv/lib/python3.9/site-packages/airflow/example_dags/plugins/workday.py
[2024-05-16 13:14:02,736] {processor.py:171} INFO - Processing /Users/nikhilanand/airflow_venv/lib/python3.9/site-packages/airflow/example_dags/plugins/workday.py took 0.017 seconds
[2024-05-16 13:15:11,703] {processor.py:163} INFO - Started process (PID=3071) to work on /Users/nikhilanand/airflow_venv/lib/python3.9/site-packages/airflow/example_dags/plugins/workday.py
[2024-05-16 13:15:11,704] {processor.py:642} INFO - Processing file /Users/nikhilanand/airflow_venv/lib/python3.9/site-packages/airflow/example_dags/plugins/workday.py for tasks to queue
[2024-05-16 13:15:11,705] {logging_mixin.py:109} INFO - [2024-05-16 13:15:11,705] {dagbag.py:500} INFO - Filling up the DagBag from /Users/nikhilanand/airflow_venv/lib/python3.9/site-packages/airflow/example_dags/plugins/workday.py
[2024-05-16 13:15:11,718] {processor.py:656} WARNING - No viable dags retrieved from /Users/nikhilanand/airflow_venv/lib/python3.9/site-packages/airflow/example_dags/plugins/workday.py
[2024-05-16 13:15:11,719] {processor.py:171} INFO - Processing /Users/nikhilanand/airflow_venv/lib/python3.9/site-packages/airflow/example_dags/plugins/workday.py took 0.017 seconds
[2024-05-16 13:16:20,392] {processor.py:163} INFO - Started process (PID=3908) to work on /Users/nikhilanand/airflow_venv/lib/python3.9/site-packages/airflow/example_dags/plugins/workday.py
[2024-05-16 13:16:20,393] {processor.py:642} INFO - Processing file /Users/nikhilanand/airflow_venv/lib/python3.9/site-packages/airflow/example_dags/plugins/workday.py for tasks to queue
[2024-05-16 13:16:20,393] {logging_mixin.py:109} INFO - [2024-05-16 13:16:20,393] {dagbag.py:500} INFO - Filling up the DagBag from /Users/nikhilanand/airflow_venv/lib/python3.9/site-packages/airflow/example_dags/plugins/workday.py
[2024-05-16 13:16:20,406] {processor.py:656} WARNING - No viable dags retrieved from /Users/nikhilanand/airflow_venv/lib/python3.9/site-packages/airflow/example_dags/plugins/workday.py
[2024-05-16 13:16:20,407] {processor.py:171} INFO - Processing /Users/nikhilanand/airflow_venv/lib/python3.9/site-packages/airflow/example_dags/plugins/workday.py took 0.015 seconds
[2024-05-16 13:17:33,507] {processor.py:163} INFO - Started process (PID=4743) to work on /Users/nikhilanand/airflow_venv/lib/python3.9/site-packages/airflow/example_dags/plugins/workday.py
[2024-05-16 13:17:33,509] {processor.py:642} INFO - Processing file /Users/nikhilanand/airflow_venv/lib/python3.9/site-packages/airflow/example_dags/plugins/workday.py for tasks to queue
[2024-05-16 13:17:33,509] {logging_mixin.py:109} INFO - [2024-05-16 13:17:33,509] {dagbag.py:500} INFO - Filling up the DagBag from /Users/nikhilanand/airflow_venv/lib/python3.9/site-packages/airflow/example_dags/plugins/workday.py
[2024-05-16 13:17:33,521] {processor.py:656} WARNING - No viable dags retrieved from /Users/nikhilanand/airflow_venv/lib/python3.9/site-packages/airflow/example_dags/plugins/workday.py
[2024-05-16 13:17:33,522] {processor.py:171} INFO - Processing /Users/nikhilanand/airflow_venv/lib/python3.9/site-packages/airflow/example_dags/plugins/workday.py took 0.015 seconds
[2024-05-16 13:18:11,871] {processor.py:163} INFO - Started process (PID=5215) to work on /Users/nikhilanand/airflow_venv/lib/python3.9/site-packages/airflow/example_dags/plugins/workday.py
[2024-05-16 13:18:11,872] {processor.py:642} INFO - Processing file /Users/nikhilanand/airflow_venv/lib/python3.9/site-packages/airflow/example_dags/plugins/workday.py for tasks to queue
[2024-05-16 13:18:11,873] {logging_mixin.py:109} INFO - [2024-05-16 13:18:11,873] {dagbag.py:500} INFO - Filling up the DagBag from /Users/nikhilanand/airflow_venv/lib/python3.9/site-packages/airflow/example_dags/plugins/workday.py
[2024-05-16 13:18:11,887] {processor.py:656} WARNING - No viable dags retrieved from /Users/nikhilanand/airflow_venv/lib/python3.9/site-packages/airflow/example_dags/plugins/workday.py
[2024-05-16 13:18:11,888] {processor.py:171} INFO - Processing /Users/nikhilanand/airflow_venv/lib/python3.9/site-packages/airflow/example_dags/plugins/workday.py took 0.017 seconds
[2024-05-16 13:19:18,400] {processor.py:163} INFO - Started process (PID=6012) to work on /Users/nikhilanand/airflow_venv/lib/python3.9/site-packages/airflow/example_dags/plugins/workday.py
[2024-05-16 13:19:18,400] {processor.py:642} INFO - Processing file /Users/nikhilanand/airflow_venv/lib/python3.9/site-packages/airflow/example_dags/plugins/workday.py for tasks to queue
[2024-05-16 13:19:18,400] {logging_mixin.py:109} INFO - [2024-05-16 13:19:18,400] {dagbag.py:500} INFO - Filling up the DagBag from /Users/nikhilanand/airflow_venv/lib/python3.9/site-packages/airflow/example_dags/plugins/workday.py
[2024-05-16 13:19:18,412] {processor.py:656} WARNING - No viable dags retrieved from /Users/nikhilanand/airflow_venv/lib/python3.9/site-packages/airflow/example_dags/plugins/workday.py
[2024-05-16 13:19:18,413] {processor.py:171} INFO - Processing /Users/nikhilanand/airflow_venv/lib/python3.9/site-packages/airflow/example_dags/plugins/workday.py took 0.014 seconds
[2024-05-16 13:20:26,976] {processor.py:163} INFO - Started process (PID=6820) to work on /Users/nikhilanand/airflow_venv/lib/python3.9/site-packages/airflow/example_dags/plugins/workday.py
[2024-05-16 13:20:26,976] {processor.py:642} INFO - Processing file /Users/nikhilanand/airflow_venv/lib/python3.9/site-packages/airflow/example_dags/plugins/workday.py for tasks to queue
[2024-05-16 13:20:26,976] {logging_mixin.py:109} INFO - [2024-05-16 13:20:26,976] {dagbag.py:500} INFO - Filling up the DagBag from /Users/nikhilanand/airflow_venv/lib/python3.9/site-packages/airflow/example_dags/plugins/workday.py
[2024-05-16 13:20:26,990] {processor.py:656} WARNING - No viable dags retrieved from /Users/nikhilanand/airflow_venv/lib/python3.9/site-packages/airflow/example_dags/plugins/workday.py
[2024-05-16 13:20:26,991] {processor.py:171} INFO - Processing /Users/nikhilanand/airflow_venv/lib/python3.9/site-packages/airflow/example_dags/plugins/workday.py took 0.016 seconds
[2024-05-16 13:21:34,256] {processor.py:163} INFO - Started process (PID=7615) to work on /Users/nikhilanand/airflow_venv/lib/python3.9/site-packages/airflow/example_dags/plugins/workday.py
[2024-05-16 13:21:34,257] {processor.py:642} INFO - Processing file /Users/nikhilanand/airflow_venv/lib/python3.9/site-packages/airflow/example_dags/plugins/workday.py for tasks to queue
[2024-05-16 13:21:34,257] {logging_mixin.py:109} INFO - [2024-05-16 13:21:34,257] {dagbag.py:500} INFO - Filling up the DagBag from /Users/nikhilanand/airflow_venv/lib/python3.9/site-packages/airflow/example_dags/plugins/workday.py
[2024-05-16 13:21:34,272] {processor.py:656} WARNING - No viable dags retrieved from /Users/nikhilanand/airflow_venv/lib/python3.9/site-packages/airflow/example_dags/plugins/workday.py
[2024-05-16 13:21:34,274] {processor.py:171} INFO - Processing /Users/nikhilanand/airflow_venv/lib/python3.9/site-packages/airflow/example_dags/plugins/workday.py took 0.019 seconds
[2024-05-16 13:22:42,563] {processor.py:163} INFO - Started process (PID=8418) to work on /Users/nikhilanand/airflow_venv/lib/python3.9/site-packages/airflow/example_dags/plugins/workday.py
[2024-05-16 13:22:42,564] {processor.py:642} INFO - Processing file /Users/nikhilanand/airflow_venv/lib/python3.9/site-packages/airflow/example_dags/plugins/workday.py for tasks to queue
[2024-05-16 13:22:42,564] {logging_mixin.py:109} INFO - [2024-05-16 13:22:42,564] {dagbag.py:500} INFO - Filling up the DagBag from /Users/nikhilanand/airflow_venv/lib/python3.9/site-packages/airflow/example_dags/plugins/workday.py
[2024-05-16 13:22:42,577] {processor.py:656} WARNING - No viable dags retrieved from /Users/nikhilanand/airflow_venv/lib/python3.9/site-packages/airflow/example_dags/plugins/workday.py
[2024-05-16 13:22:42,578] {processor.py:171} INFO - Processing /Users/nikhilanand/airflow_venv/lib/python3.9/site-packages/airflow/example_dags/plugins/workday.py took 0.015 seconds
[2024-05-16 13:23:48,807] {processor.py:163} INFO - Started process (PID=9207) to work on /Users/nikhilanand/airflow_venv/lib/python3.9/site-packages/airflow/example_dags/plugins/workday.py
[2024-05-16 13:23:48,807] {processor.py:642} INFO - Processing file /Users/nikhilanand/airflow_venv/lib/python3.9/site-packages/airflow/example_dags/plugins/workday.py for tasks to queue
[2024-05-16 13:23:48,807] {logging_mixin.py:109} INFO - [2024-05-16 13:23:48,807] {dagbag.py:500} INFO - Filling up the DagBag from /Users/nikhilanand/airflow_venv/lib/python3.9/site-packages/airflow/example_dags/plugins/workday.py
[2024-05-16 13:23:48,819] {processor.py:656} WARNING - No viable dags retrieved from /Users/nikhilanand/airflow_venv/lib/python3.9/site-packages/airflow/example_dags/plugins/workday.py
[2024-05-16 13:23:48,820] {processor.py:171} INFO - Processing /Users/nikhilanand/airflow_venv/lib/python3.9/site-packages/airflow/example_dags/plugins/workday.py took 0.014 seconds
[2024-05-16 13:24:57,663] {processor.py:163} INFO - Started process (PID=10020) to work on /Users/nikhilanand/airflow_venv/lib/python3.9/site-packages/airflow/example_dags/plugins/workday.py
[2024-05-16 13:24:57,664] {processor.py:642} INFO - Processing file /Users/nikhilanand/airflow_venv/lib/python3.9/site-packages/airflow/example_dags/plugins/workday.py for tasks to queue
[2024-05-16 13:24:57,665] {logging_mixin.py:109} INFO - [2024-05-16 13:24:57,665] {dagbag.py:500} INFO - Filling up the DagBag from /Users/nikhilanand/airflow_venv/lib/python3.9/site-packages/airflow/example_dags/plugins/workday.py
[2024-05-16 13:24:57,679] {processor.py:656} WARNING - No viable dags retrieved from /Users/nikhilanand/airflow_venv/lib/python3.9/site-packages/airflow/example_dags/plugins/workday.py
[2024-05-16 13:24:57,680] {processor.py:171} INFO - Processing /Users/nikhilanand/airflow_venv/lib/python3.9/site-packages/airflow/example_dags/plugins/workday.py took 0.017 seconds
[2024-05-16 13:26:06,651] {processor.py:163} INFO - Started process (PID=11185) to work on /Users/nikhilanand/airflow_venv/lib/python3.9/site-packages/airflow/example_dags/plugins/workday.py
[2024-05-16 13:26:06,651] {processor.py:642} INFO - Processing file /Users/nikhilanand/airflow_venv/lib/python3.9/site-packages/airflow/example_dags/plugins/workday.py for tasks to queue
[2024-05-16 13:26:06,652] {logging_mixin.py:109} INFO - [2024-05-16 13:26:06,652] {dagbag.py:500} INFO - Filling up the DagBag from /Users/nikhilanand/airflow_venv/lib/python3.9/site-packages/airflow/example_dags/plugins/workday.py
[2024-05-16 13:26:06,664] {processor.py:656} WARNING - No viable dags retrieved from /Users/nikhilanand/airflow_venv/lib/python3.9/site-packages/airflow/example_dags/plugins/workday.py
[2024-05-16 13:26:06,665] {processor.py:171} INFO - Processing /Users/nikhilanand/airflow_venv/lib/python3.9/site-packages/airflow/example_dags/plugins/workday.py took 0.014 seconds
[2024-05-16 13:27:13,408] {processor.py:163} INFO - Started process (PID=11971) to work on /Users/nikhilanand/airflow_venv/lib/python3.9/site-packages/airflow/example_dags/plugins/workday.py
[2024-05-16 13:27:13,409] {processor.py:642} INFO - Processing file /Users/nikhilanand/airflow_venv/lib/python3.9/site-packages/airflow/example_dags/plugins/workday.py for tasks to queue
[2024-05-16 13:27:13,409] {logging_mixin.py:109} INFO - [2024-05-16 13:27:13,409] {dagbag.py:500} INFO - Filling up the DagBag from /Users/nikhilanand/airflow_venv/lib/python3.9/site-packages/airflow/example_dags/plugins/workday.py
[2024-05-16 13:27:13,422] {processor.py:656} WARNING - No viable dags retrieved from /Users/nikhilanand/airflow_venv/lib/python3.9/site-packages/airflow/example_dags/plugins/workday.py
[2024-05-16 13:27:13,423] {processor.py:171} INFO - Processing /Users/nikhilanand/airflow_venv/lib/python3.9/site-packages/airflow/example_dags/plugins/workday.py took 0.015 seconds
[2024-05-16 13:27:51,068] {processor.py:163} INFO - Started process (PID=12427) to work on /Users/nikhilanand/airflow_venv/lib/python3.9/site-packages/airflow/example_dags/plugins/workday.py
[2024-05-16 13:27:51,069] {processor.py:642} INFO - Processing file /Users/nikhilanand/airflow_venv/lib/python3.9/site-packages/airflow/example_dags/plugins/workday.py for tasks to queue
[2024-05-16 13:27:51,070] {logging_mixin.py:109} INFO - [2024-05-16 13:27:51,070] {dagbag.py:500} INFO - Filling up the DagBag from /Users/nikhilanand/airflow_venv/lib/python3.9/site-packages/airflow/example_dags/plugins/workday.py
[2024-05-16 13:27:51,085] {processor.py:656} WARNING - No viable dags retrieved from /Users/nikhilanand/airflow_venv/lib/python3.9/site-packages/airflow/example_dags/plugins/workday.py
[2024-05-16 13:27:51,086] {processor.py:171} INFO - Processing /Users/nikhilanand/airflow_venv/lib/python3.9/site-packages/airflow/example_dags/plugins/workday.py took 0.019 seconds
[2024-05-16 13:28:41,274] {processor.py:163} INFO - Started process (PID=13032) to work on /Users/nikhilanand/airflow_venv/lib/python3.9/site-packages/airflow/example_dags/plugins/workday.py
[2024-05-16 13:28:41,275] {processor.py:642} INFO - Processing file /Users/nikhilanand/airflow_venv/lib/python3.9/site-packages/airflow/example_dags/plugins/workday.py for tasks to queue
[2024-05-16 13:28:41,275] {logging_mixin.py:109} INFO - [2024-05-16 13:28:41,275] {dagbag.py:500} INFO - Filling up the DagBag from /Users/nikhilanand/airflow_venv/lib/python3.9/site-packages/airflow/example_dags/plugins/workday.py
[2024-05-16 13:28:41,288] {processor.py:656} WARNING - No viable dags retrieved from /Users/nikhilanand/airflow_venv/lib/python3.9/site-packages/airflow/example_dags/plugins/workday.py
[2024-05-16 13:28:41,289] {processor.py:171} INFO - Processing /Users/nikhilanand/airflow_venv/lib/python3.9/site-packages/airflow/example_dags/plugins/workday.py took 0.015 seconds
[2024-05-16 13:29:22,225] {processor.py:163} INFO - Started process (PID=13491) to work on /Users/nikhilanand/airflow_venv/lib/python3.9/site-packages/airflow/example_dags/plugins/workday.py
[2024-05-16 13:29:22,226] {processor.py:642} INFO - Processing file /Users/nikhilanand/airflow_venv/lib/python3.9/site-packages/airflow/example_dags/plugins/workday.py for tasks to queue
[2024-05-16 13:29:22,226] {logging_mixin.py:109} INFO - [2024-05-16 13:29:22,226] {dagbag.py:500} INFO - Filling up the DagBag from /Users/nikhilanand/airflow_venv/lib/python3.9/site-packages/airflow/example_dags/plugins/workday.py
[2024-05-16 13:29:22,239] {processor.py:656} WARNING - No viable dags retrieved from /Users/nikhilanand/airflow_venv/lib/python3.9/site-packages/airflow/example_dags/plugins/workday.py
[2024-05-16 13:29:22,240] {processor.py:171} INFO - Processing /Users/nikhilanand/airflow_venv/lib/python3.9/site-packages/airflow/example_dags/plugins/workday.py took 0.015 seconds
[2024-05-16 13:30:30,404] {processor.py:163} INFO - Started process (PID=14333) to work on /Users/nikhilanand/airflow_venv/lib/python3.9/site-packages/airflow/example_dags/plugins/workday.py
[2024-05-16 13:30:30,405] {processor.py:642} INFO - Processing file /Users/nikhilanand/airflow_venv/lib/python3.9/site-packages/airflow/example_dags/plugins/workday.py for tasks to queue
[2024-05-16 13:30:30,405] {logging_mixin.py:109} INFO - [2024-05-16 13:30:30,405] {dagbag.py:500} INFO - Filling up the DagBag from /Users/nikhilanand/airflow_venv/lib/python3.9/site-packages/airflow/example_dags/plugins/workday.py
[2024-05-16 13:30:30,419] {processor.py:656} WARNING - No viable dags retrieved from /Users/nikhilanand/airflow_venv/lib/python3.9/site-packages/airflow/example_dags/plugins/workday.py
[2024-05-16 13:30:30,420] {processor.py:171} INFO - Processing /Users/nikhilanand/airflow_venv/lib/python3.9/site-packages/airflow/example_dags/plugins/workday.py took 0.016 seconds
[2024-05-16 13:31:41,739] {processor.py:163} INFO - Started process (PID=15193) to work on /Users/nikhilanand/airflow_venv/lib/python3.9/site-packages/airflow/example_dags/plugins/workday.py
[2024-05-16 13:31:41,740] {processor.py:642} INFO - Processing file /Users/nikhilanand/airflow_venv/lib/python3.9/site-packages/airflow/example_dags/plugins/workday.py for tasks to queue
[2024-05-16 13:31:41,740] {logging_mixin.py:109} INFO - [2024-05-16 13:31:41,740] {dagbag.py:500} INFO - Filling up the DagBag from /Users/nikhilanand/airflow_venv/lib/python3.9/site-packages/airflow/example_dags/plugins/workday.py
[2024-05-16 13:31:41,753] {processor.py:656} WARNING - No viable dags retrieved from /Users/nikhilanand/airflow_venv/lib/python3.9/site-packages/airflow/example_dags/plugins/workday.py
[2024-05-16 13:31:41,755] {processor.py:171} INFO - Processing /Users/nikhilanand/airflow_venv/lib/python3.9/site-packages/airflow/example_dags/plugins/workday.py took 0.016 seconds
[2024-05-16 13:32:50,423] {processor.py:163} INFO - Started process (PID=16049) to work on /Users/nikhilanand/airflow_venv/lib/python3.9/site-packages/airflow/example_dags/plugins/workday.py
[2024-05-16 13:32:50,424] {processor.py:642} INFO - Processing file /Users/nikhilanand/airflow_venv/lib/python3.9/site-packages/airflow/example_dags/plugins/workday.py for tasks to queue
[2024-05-16 13:32:50,424] {logging_mixin.py:109} INFO - [2024-05-16 13:32:50,424] {dagbag.py:500} INFO - Filling up the DagBag from /Users/nikhilanand/airflow_venv/lib/python3.9/site-packages/airflow/example_dags/plugins/workday.py
[2024-05-16 13:32:50,436] {processor.py:656} WARNING - No viable dags retrieved from /Users/nikhilanand/airflow_venv/lib/python3.9/site-packages/airflow/example_dags/plugins/workday.py
[2024-05-16 13:32:50,437] {processor.py:171} INFO - Processing /Users/nikhilanand/airflow_venv/lib/python3.9/site-packages/airflow/example_dags/plugins/workday.py took 0.014 seconds
[2024-05-16 13:33:59,078] {processor.py:163} INFO - Started process (PID=17345) to work on /Users/nikhilanand/airflow_venv/lib/python3.9/site-packages/airflow/example_dags/plugins/workday.py
[2024-05-16 13:33:59,078] {processor.py:642} INFO - Processing file /Users/nikhilanand/airflow_venv/lib/python3.9/site-packages/airflow/example_dags/plugins/workday.py for tasks to queue
[2024-05-16 13:33:59,078] {logging_mixin.py:109} INFO - [2024-05-16 13:33:59,078] {dagbag.py:500} INFO - Filling up the DagBag from /Users/nikhilanand/airflow_venv/lib/python3.9/site-packages/airflow/example_dags/plugins/workday.py
[2024-05-16 13:33:59,090] {processor.py:656} WARNING - No viable dags retrieved from /Users/nikhilanand/airflow_venv/lib/python3.9/site-packages/airflow/example_dags/plugins/workday.py
[2024-05-16 13:33:59,091] {processor.py:171} INFO - Processing /Users/nikhilanand/airflow_venv/lib/python3.9/site-packages/airflow/example_dags/plugins/workday.py took 0.014 seconds
[2024-05-16 13:35:08,353] {processor.py:163} INFO - Started process (PID=18570) to work on /Users/nikhilanand/airflow_venv/lib/python3.9/site-packages/airflow/example_dags/plugins/workday.py
[2024-05-16 13:35:08,354] {processor.py:642} INFO - Processing file /Users/nikhilanand/airflow_venv/lib/python3.9/site-packages/airflow/example_dags/plugins/workday.py for tasks to queue
[2024-05-16 13:35:08,354] {logging_mixin.py:109} INFO - [2024-05-16 13:35:08,354] {dagbag.py:500} INFO - Filling up the DagBag from /Users/nikhilanand/airflow_venv/lib/python3.9/site-packages/airflow/example_dags/plugins/workday.py
[2024-05-16 13:35:08,366] {processor.py:656} WARNING - No viable dags retrieved from /Users/nikhilanand/airflow_venv/lib/python3.9/site-packages/airflow/example_dags/plugins/workday.py
[2024-05-16 13:35:08,367] {processor.py:171} INFO - Processing /Users/nikhilanand/airflow_venv/lib/python3.9/site-packages/airflow/example_dags/plugins/workday.py took 0.014 seconds
