[2024-05-16 12:54:21,767] {processor.py:163} INFO - Started process (PID=87471) to work on /Users/nikhilanand/airflow_venv/lib/python3.9/site-packages/airflow/example_dags/example_nested_branch_dag.py
[2024-05-16 12:54:21,767] {processor.py:642} INFO - Processing file /Users/nikhilanand/airflow_venv/lib/python3.9/site-packages/airflow/example_dags/example_nested_branch_dag.py for tasks to queue
[2024-05-16 12:54:21,767] {logging_mixin.py:109} INFO - [2024-05-16 12:54:21,767] {dagbag.py:500} INFO - Filling up the DagBag from /Users/nikhilanand/airflow_venv/lib/python3.9/site-packages/airflow/example_dags/example_nested_branch_dag.py
[2024-05-16 12:54:21,791] {processor.py:654} INFO - DAG(s) dict_keys(['example_nested_branch_dag']) retrieved from /Users/nikhilanand/airflow_venv/lib/python3.9/site-packages/airflow/example_dags/example_nested_branch_dag.py
[2024-05-16 12:54:21,800] {logging_mixin.py:109} INFO - [2024-05-16 12:54:21,800] {dag.py:2396} INFO - Sync 1 DAGs
[2024-05-16 12:54:21,805] {logging_mixin.py:109} INFO - [2024-05-16 12:54:21,805] {dag.py:2935} INFO - Setting next_dagrun for example_nested_branch_dag to 2024-05-15 00:00:00+00:00
[2024-05-16 12:54:21,809] {processor.py:171} INFO - Processing /Users/nikhilanand/airflow_venv/lib/python3.9/site-packages/airflow/example_dags/example_nested_branch_dag.py took 0.042 seconds
[2024-05-16 12:55:35,664] {processor.py:163} INFO - Started process (PID=88371) to work on /Users/nikhilanand/airflow_venv/lib/python3.9/site-packages/airflow/example_dags/example_nested_branch_dag.py
[2024-05-16 12:55:35,665] {processor.py:642} INFO - Processing file /Users/nikhilanand/airflow_venv/lib/python3.9/site-packages/airflow/example_dags/example_nested_branch_dag.py for tasks to queue
[2024-05-16 12:55:35,665] {logging_mixin.py:109} INFO - [2024-05-16 12:55:35,665] {dagbag.py:500} INFO - Filling up the DagBag from /Users/nikhilanand/airflow_venv/lib/python3.9/site-packages/airflow/example_dags/example_nested_branch_dag.py
[2024-05-16 12:55:35,689] {processor.py:654} INFO - DAG(s) dict_keys(['example_nested_branch_dag']) retrieved from /Users/nikhilanand/airflow_venv/lib/python3.9/site-packages/airflow/example_dags/example_nested_branch_dag.py
[2024-05-16 12:55:35,698] {logging_mixin.py:109} INFO - [2024-05-16 12:55:35,698] {dag.py:2396} INFO - Sync 1 DAGs
[2024-05-16 12:55:35,703] {logging_mixin.py:109} INFO - [2024-05-16 12:55:35,703] {dag.py:2935} INFO - Setting next_dagrun for example_nested_branch_dag to 2024-05-15 00:00:00+00:00
[2024-05-16 12:55:35,707] {processor.py:171} INFO - Processing /Users/nikhilanand/airflow_venv/lib/python3.9/site-packages/airflow/example_dags/example_nested_branch_dag.py took 0.043 seconds
[2024-05-16 12:56:42,108] {processor.py:163} INFO - Started process (PID=89193) to work on /Users/nikhilanand/airflow_venv/lib/python3.9/site-packages/airflow/example_dags/example_nested_branch_dag.py
[2024-05-16 12:56:42,109] {processor.py:642} INFO - Processing file /Users/nikhilanand/airflow_venv/lib/python3.9/site-packages/airflow/example_dags/example_nested_branch_dag.py for tasks to queue
[2024-05-16 12:56:42,109] {logging_mixin.py:109} INFO - [2024-05-16 12:56:42,109] {dagbag.py:500} INFO - Filling up the DagBag from /Users/nikhilanand/airflow_venv/lib/python3.9/site-packages/airflow/example_dags/example_nested_branch_dag.py
[2024-05-16 12:56:42,131] {processor.py:654} INFO - DAG(s) dict_keys(['example_nested_branch_dag']) retrieved from /Users/nikhilanand/airflow_venv/lib/python3.9/site-packages/airflow/example_dags/example_nested_branch_dag.py
[2024-05-16 12:56:42,140] {logging_mixin.py:109} INFO - [2024-05-16 12:56:42,140] {dag.py:2396} INFO - Sync 1 DAGs
[2024-05-16 12:56:42,146] {logging_mixin.py:109} INFO - [2024-05-16 12:56:42,146] {dag.py:2935} INFO - Setting next_dagrun for example_nested_branch_dag to 2024-05-15 00:00:00+00:00
[2024-05-16 12:56:42,150] {processor.py:171} INFO - Processing /Users/nikhilanand/airflow_venv/lib/python3.9/site-packages/airflow/example_dags/example_nested_branch_dag.py took 0.042 seconds
[2024-05-16 12:57:49,718] {processor.py:163} INFO - Started process (PID=89940) to work on /Users/nikhilanand/airflow_venv/lib/python3.9/site-packages/airflow/example_dags/example_nested_branch_dag.py
[2024-05-16 12:57:49,718] {processor.py:642} INFO - Processing file /Users/nikhilanand/airflow_venv/lib/python3.9/site-packages/airflow/example_dags/example_nested_branch_dag.py for tasks to queue
[2024-05-16 12:57:49,718] {logging_mixin.py:109} INFO - [2024-05-16 12:57:49,718] {dagbag.py:500} INFO - Filling up the DagBag from /Users/nikhilanand/airflow_venv/lib/python3.9/site-packages/airflow/example_dags/example_nested_branch_dag.py
[2024-05-16 12:57:49,741] {processor.py:654} INFO - DAG(s) dict_keys(['example_nested_branch_dag']) retrieved from /Users/nikhilanand/airflow_venv/lib/python3.9/site-packages/airflow/example_dags/example_nested_branch_dag.py
[2024-05-16 12:57:49,750] {logging_mixin.py:109} INFO - [2024-05-16 12:57:49,749] {dag.py:2396} INFO - Sync 1 DAGs
[2024-05-16 12:57:49,755] {logging_mixin.py:109} INFO - [2024-05-16 12:57:49,755] {dag.py:2935} INFO - Setting next_dagrun for example_nested_branch_dag to 2024-05-15 00:00:00+00:00
[2024-05-16 12:57:49,759] {processor.py:171} INFO - Processing /Users/nikhilanand/airflow_venv/lib/python3.9/site-packages/airflow/example_dags/example_nested_branch_dag.py took 0.041 seconds
[2024-05-16 12:58:58,888] {processor.py:163} INFO - Started process (PID=90718) to work on /Users/nikhilanand/airflow_venv/lib/python3.9/site-packages/airflow/example_dags/example_nested_branch_dag.py
[2024-05-16 12:58:58,888] {processor.py:642} INFO - Processing file /Users/nikhilanand/airflow_venv/lib/python3.9/site-packages/airflow/example_dags/example_nested_branch_dag.py for tasks to queue
[2024-05-16 12:58:58,889] {logging_mixin.py:109} INFO - [2024-05-16 12:58:58,889] {dagbag.py:500} INFO - Filling up the DagBag from /Users/nikhilanand/airflow_venv/lib/python3.9/site-packages/airflow/example_dags/example_nested_branch_dag.py
[2024-05-16 12:58:58,917] {processor.py:654} INFO - DAG(s) dict_keys(['example_nested_branch_dag']) retrieved from /Users/nikhilanand/airflow_venv/lib/python3.9/site-packages/airflow/example_dags/example_nested_branch_dag.py
[2024-05-16 12:58:58,932] {logging_mixin.py:109} INFO - [2024-05-16 12:58:58,932] {dag.py:2396} INFO - Sync 1 DAGs
[2024-05-16 12:58:58,941] {logging_mixin.py:109} INFO - [2024-05-16 12:58:58,941] {dag.py:2935} INFO - Setting next_dagrun for example_nested_branch_dag to 2024-05-15 00:00:00+00:00
[2024-05-16 12:58:58,945] {processor.py:171} INFO - Processing /Users/nikhilanand/airflow_venv/lib/python3.9/site-packages/airflow/example_dags/example_nested_branch_dag.py took 0.058 seconds
[2024-05-16 13:00:14,346] {processor.py:163} INFO - Started process (PID=91609) to work on /Users/nikhilanand/airflow_venv/lib/python3.9/site-packages/airflow/example_dags/example_nested_branch_dag.py
[2024-05-16 13:00:14,347] {processor.py:642} INFO - Processing file /Users/nikhilanand/airflow_venv/lib/python3.9/site-packages/airflow/example_dags/example_nested_branch_dag.py for tasks to queue
[2024-05-16 13:00:14,347] {logging_mixin.py:109} INFO - [2024-05-16 13:00:14,347] {dagbag.py:500} INFO - Filling up the DagBag from /Users/nikhilanand/airflow_venv/lib/python3.9/site-packages/airflow/example_dags/example_nested_branch_dag.py
[2024-05-16 13:00:14,370] {processor.py:654} INFO - DAG(s) dict_keys(['example_nested_branch_dag']) retrieved from /Users/nikhilanand/airflow_venv/lib/python3.9/site-packages/airflow/example_dags/example_nested_branch_dag.py
[2024-05-16 13:00:14,381] {logging_mixin.py:109} INFO - [2024-05-16 13:00:14,381] {dag.py:2396} INFO - Sync 1 DAGs
[2024-05-16 13:00:14,389] {logging_mixin.py:109} INFO - [2024-05-16 13:00:14,388] {dag.py:2935} INFO - Setting next_dagrun for example_nested_branch_dag to 2024-05-15 00:00:00+00:00
[2024-05-16 13:00:14,392] {processor.py:171} INFO - Processing /Users/nikhilanand/airflow_venv/lib/python3.9/site-packages/airflow/example_dags/example_nested_branch_dag.py took 0.047 seconds
[2024-05-16 13:01:24,276] {processor.py:163} INFO - Started process (PID=92427) to work on /Users/nikhilanand/airflow_venv/lib/python3.9/site-packages/airflow/example_dags/example_nested_branch_dag.py
[2024-05-16 13:01:24,277] {processor.py:642} INFO - Processing file /Users/nikhilanand/airflow_venv/lib/python3.9/site-packages/airflow/example_dags/example_nested_branch_dag.py for tasks to queue
[2024-05-16 13:01:24,282] {logging_mixin.py:109} INFO - [2024-05-16 13:01:24,282] {dagbag.py:500} INFO - Filling up the DagBag from /Users/nikhilanand/airflow_venv/lib/python3.9/site-packages/airflow/example_dags/example_nested_branch_dag.py
[2024-05-16 13:01:24,331] {processor.py:654} INFO - DAG(s) dict_keys(['example_nested_branch_dag']) retrieved from /Users/nikhilanand/airflow_venv/lib/python3.9/site-packages/airflow/example_dags/example_nested_branch_dag.py
[2024-05-16 13:01:24,379] {logging_mixin.py:109} INFO - [2024-05-16 13:01:24,379] {dag.py:2396} INFO - Sync 1 DAGs
[2024-05-16 13:01:24,391] {logging_mixin.py:109} INFO - [2024-05-16 13:01:24,391] {dag.py:2935} INFO - Setting next_dagrun for example_nested_branch_dag to 2024-05-15 00:00:00+00:00
[2024-05-16 13:01:24,397] {processor.py:171} INFO - Processing /Users/nikhilanand/airflow_venv/lib/python3.9/site-packages/airflow/example_dags/example_nested_branch_dag.py took 0.122 seconds
[2024-05-16 13:02:34,527] {processor.py:163} INFO - Started process (PID=93265) to work on /Users/nikhilanand/airflow_venv/lib/python3.9/site-packages/airflow/example_dags/example_nested_branch_dag.py
[2024-05-16 13:02:34,527] {processor.py:642} INFO - Processing file /Users/nikhilanand/airflow_venv/lib/python3.9/site-packages/airflow/example_dags/example_nested_branch_dag.py for tasks to queue
[2024-05-16 13:02:34,528] {logging_mixin.py:109} INFO - [2024-05-16 13:02:34,528] {dagbag.py:500} INFO - Filling up the DagBag from /Users/nikhilanand/airflow_venv/lib/python3.9/site-packages/airflow/example_dags/example_nested_branch_dag.py
[2024-05-16 13:02:34,552] {processor.py:654} INFO - DAG(s) dict_keys(['example_nested_branch_dag']) retrieved from /Users/nikhilanand/airflow_venv/lib/python3.9/site-packages/airflow/example_dags/example_nested_branch_dag.py
[2024-05-16 13:02:34,562] {logging_mixin.py:109} INFO - [2024-05-16 13:02:34,562] {dag.py:2396} INFO - Sync 1 DAGs
[2024-05-16 13:02:34,568] {logging_mixin.py:109} INFO - [2024-05-16 13:02:34,568] {dag.py:2935} INFO - Setting next_dagrun for example_nested_branch_dag to 2024-05-15 00:00:00+00:00
[2024-05-16 13:02:34,572] {processor.py:171} INFO - Processing /Users/nikhilanand/airflow_venv/lib/python3.9/site-packages/airflow/example_dags/example_nested_branch_dag.py took 0.045 seconds
[2024-05-16 13:03:43,784] {processor.py:163} INFO - Started process (PID=94380) to work on /Users/nikhilanand/airflow_venv/lib/python3.9/site-packages/airflow/example_dags/example_nested_branch_dag.py
[2024-05-16 13:03:43,784] {processor.py:642} INFO - Processing file /Users/nikhilanand/airflow_venv/lib/python3.9/site-packages/airflow/example_dags/example_nested_branch_dag.py for tasks to queue
[2024-05-16 13:03:43,784] {logging_mixin.py:109} INFO - [2024-05-16 13:03:43,784] {dagbag.py:500} INFO - Filling up the DagBag from /Users/nikhilanand/airflow_venv/lib/python3.9/site-packages/airflow/example_dags/example_nested_branch_dag.py
[2024-05-16 13:03:43,809] {processor.py:654} INFO - DAG(s) dict_keys(['example_nested_branch_dag']) retrieved from /Users/nikhilanand/airflow_venv/lib/python3.9/site-packages/airflow/example_dags/example_nested_branch_dag.py
[2024-05-16 13:03:43,818] {logging_mixin.py:109} INFO - [2024-05-16 13:03:43,818] {dag.py:2396} INFO - Sync 1 DAGs
[2024-05-16 13:03:43,824] {logging_mixin.py:109} INFO - [2024-05-16 13:03:43,824] {dag.py:2935} INFO - Setting next_dagrun for example_nested_branch_dag to 2024-05-15 00:00:00+00:00
[2024-05-16 13:03:43,828] {processor.py:171} INFO - Processing /Users/nikhilanand/airflow_venv/lib/python3.9/site-packages/airflow/example_dags/example_nested_branch_dag.py took 0.044 seconds
[2024-05-16 13:04:58,985] {processor.py:163} INFO - Started process (PID=95275) to work on /Users/nikhilanand/airflow_venv/lib/python3.9/site-packages/airflow/example_dags/example_nested_branch_dag.py
[2024-05-16 13:04:58,987] {processor.py:642} INFO - Processing file /Users/nikhilanand/airflow_venv/lib/python3.9/site-packages/airflow/example_dags/example_nested_branch_dag.py for tasks to queue
[2024-05-16 13:04:58,987] {logging_mixin.py:109} INFO - [2024-05-16 13:04:58,987] {dagbag.py:500} INFO - Filling up the DagBag from /Users/nikhilanand/airflow_venv/lib/python3.9/site-packages/airflow/example_dags/example_nested_branch_dag.py
[2024-05-16 13:04:59,013] {processor.py:654} INFO - DAG(s) dict_keys(['example_nested_branch_dag']) retrieved from /Users/nikhilanand/airflow_venv/lib/python3.9/site-packages/airflow/example_dags/example_nested_branch_dag.py
[2024-05-16 13:04:59,023] {logging_mixin.py:109} INFO - [2024-05-16 13:04:59,023] {dag.py:2396} INFO - Sync 1 DAGs
[2024-05-16 13:04:59,029] {logging_mixin.py:109} INFO - [2024-05-16 13:04:59,029] {dag.py:2935} INFO - Setting next_dagrun for example_nested_branch_dag to 2024-05-15 00:00:00+00:00
[2024-05-16 13:04:59,032] {processor.py:171} INFO - Processing /Users/nikhilanand/airflow_venv/lib/python3.9/site-packages/airflow/example_dags/example_nested_branch_dag.py took 0.047 seconds
[2024-05-16 13:06:17,598] {processor.py:163} INFO - Started process (PID=96191) to work on /Users/nikhilanand/airflow_venv/lib/python3.9/site-packages/airflow/example_dags/example_nested_branch_dag.py
[2024-05-16 13:06:17,599] {processor.py:642} INFO - Processing file /Users/nikhilanand/airflow_venv/lib/python3.9/site-packages/airflow/example_dags/example_nested_branch_dag.py for tasks to queue
[2024-05-16 13:06:17,599] {logging_mixin.py:109} INFO - [2024-05-16 13:06:17,599] {dagbag.py:500} INFO - Filling up the DagBag from /Users/nikhilanand/airflow_venv/lib/python3.9/site-packages/airflow/example_dags/example_nested_branch_dag.py
[2024-05-16 13:06:17,624] {processor.py:654} INFO - DAG(s) dict_keys(['example_nested_branch_dag']) retrieved from /Users/nikhilanand/airflow_venv/lib/python3.9/site-packages/airflow/example_dags/example_nested_branch_dag.py
[2024-05-16 13:06:17,633] {logging_mixin.py:109} INFO - [2024-05-16 13:06:17,633] {dag.py:2396} INFO - Sync 1 DAGs
[2024-05-16 13:06:17,639] {logging_mixin.py:109} INFO - [2024-05-16 13:06:17,639] {dag.py:2935} INFO - Setting next_dagrun for example_nested_branch_dag to 2024-05-15 00:00:00+00:00
[2024-05-16 13:06:17,643] {processor.py:171} INFO - Processing /Users/nikhilanand/airflow_venv/lib/python3.9/site-packages/airflow/example_dags/example_nested_branch_dag.py took 0.046 seconds
[2024-05-16 13:07:24,805] {processor.py:163} INFO - Started process (PID=96987) to work on /Users/nikhilanand/airflow_venv/lib/python3.9/site-packages/airflow/example_dags/example_nested_branch_dag.py
[2024-05-16 13:07:24,806] {processor.py:642} INFO - Processing file /Users/nikhilanand/airflow_venv/lib/python3.9/site-packages/airflow/example_dags/example_nested_branch_dag.py for tasks to queue
[2024-05-16 13:07:24,806] {logging_mixin.py:109} INFO - [2024-05-16 13:07:24,806] {dagbag.py:500} INFO - Filling up the DagBag from /Users/nikhilanand/airflow_venv/lib/python3.9/site-packages/airflow/example_dags/example_nested_branch_dag.py
[2024-05-16 13:07:24,830] {processor.py:654} INFO - DAG(s) dict_keys(['example_nested_branch_dag']) retrieved from /Users/nikhilanand/airflow_venv/lib/python3.9/site-packages/airflow/example_dags/example_nested_branch_dag.py
[2024-05-16 13:07:24,839] {logging_mixin.py:109} INFO - [2024-05-16 13:07:24,839] {dag.py:2396} INFO - Sync 1 DAGs
[2024-05-16 13:07:24,845] {logging_mixin.py:109} INFO - [2024-05-16 13:07:24,845] {dag.py:2935} INFO - Setting next_dagrun for example_nested_branch_dag to 2024-05-15 00:00:00+00:00
[2024-05-16 13:07:24,848] {processor.py:171} INFO - Processing /Users/nikhilanand/airflow_venv/lib/python3.9/site-packages/airflow/example_dags/example_nested_branch_dag.py took 0.044 seconds
[2024-05-16 13:08:42,705] {processor.py:163} INFO - Started process (PID=97849) to work on /Users/nikhilanand/airflow_venv/lib/python3.9/site-packages/airflow/example_dags/example_nested_branch_dag.py
[2024-05-16 13:08:42,706] {processor.py:642} INFO - Processing file /Users/nikhilanand/airflow_venv/lib/python3.9/site-packages/airflow/example_dags/example_nested_branch_dag.py for tasks to queue
[2024-05-16 13:08:42,707] {logging_mixin.py:109} INFO - [2024-05-16 13:08:42,706] {dagbag.py:500} INFO - Filling up the DagBag from /Users/nikhilanand/airflow_venv/lib/python3.9/site-packages/airflow/example_dags/example_nested_branch_dag.py
[2024-05-16 13:08:42,729] {processor.py:654} INFO - DAG(s) dict_keys(['example_nested_branch_dag']) retrieved from /Users/nikhilanand/airflow_venv/lib/python3.9/site-packages/airflow/example_dags/example_nested_branch_dag.py
[2024-05-16 13:08:42,738] {logging_mixin.py:109} INFO - [2024-05-16 13:08:42,738] {dag.py:2396} INFO - Sync 1 DAGs
[2024-05-16 13:08:42,744] {logging_mixin.py:109} INFO - [2024-05-16 13:08:42,744] {dag.py:2935} INFO - Setting next_dagrun for example_nested_branch_dag to 2024-05-15 00:00:00+00:00
[2024-05-16 13:08:42,747] {processor.py:171} INFO - Processing /Users/nikhilanand/airflow_venv/lib/python3.9/site-packages/airflow/example_dags/example_nested_branch_dag.py took 0.042 seconds
[2024-05-16 13:09:53,352] {processor.py:163} INFO - Started process (PID=98637) to work on /Users/nikhilanand/airflow_venv/lib/python3.9/site-packages/airflow/example_dags/example_nested_branch_dag.py
[2024-05-16 13:09:53,353] {processor.py:642} INFO - Processing file /Users/nikhilanand/airflow_venv/lib/python3.9/site-packages/airflow/example_dags/example_nested_branch_dag.py for tasks to queue
[2024-05-16 13:09:53,353] {logging_mixin.py:109} INFO - [2024-05-16 13:09:53,353] {dagbag.py:500} INFO - Filling up the DagBag from /Users/nikhilanand/airflow_venv/lib/python3.9/site-packages/airflow/example_dags/example_nested_branch_dag.py
[2024-05-16 13:09:53,377] {processor.py:654} INFO - DAG(s) dict_keys(['example_nested_branch_dag']) retrieved from /Users/nikhilanand/airflow_venv/lib/python3.9/site-packages/airflow/example_dags/example_nested_branch_dag.py
[2024-05-16 13:09:53,386] {logging_mixin.py:109} INFO - [2024-05-16 13:09:53,386] {dag.py:2396} INFO - Sync 1 DAGs
[2024-05-16 13:09:53,391] {logging_mixin.py:109} INFO - [2024-05-16 13:09:53,391] {dag.py:2935} INFO - Setting next_dagrun for example_nested_branch_dag to 2024-05-15 00:00:00+00:00
[2024-05-16 13:09:53,395] {processor.py:171} INFO - Processing /Users/nikhilanand/airflow_venv/lib/python3.9/site-packages/airflow/example_dags/example_nested_branch_dag.py took 0.043 seconds
[2024-05-16 13:11:02,287] {processor.py:163} INFO - Started process (PID=99397) to work on /Users/nikhilanand/airflow_venv/lib/python3.9/site-packages/airflow/example_dags/example_nested_branch_dag.py
[2024-05-16 13:11:02,288] {processor.py:642} INFO - Processing file /Users/nikhilanand/airflow_venv/lib/python3.9/site-packages/airflow/example_dags/example_nested_branch_dag.py for tasks to queue
[2024-05-16 13:11:02,289] {logging_mixin.py:109} INFO - [2024-05-16 13:11:02,289] {dagbag.py:500} INFO - Filling up the DagBag from /Users/nikhilanand/airflow_venv/lib/python3.9/site-packages/airflow/example_dags/example_nested_branch_dag.py
[2024-05-16 13:11:02,312] {processor.py:654} INFO - DAG(s) dict_keys(['example_nested_branch_dag']) retrieved from /Users/nikhilanand/airflow_venv/lib/python3.9/site-packages/airflow/example_dags/example_nested_branch_dag.py
[2024-05-16 13:11:02,321] {logging_mixin.py:109} INFO - [2024-05-16 13:11:02,321] {dag.py:2396} INFO - Sync 1 DAGs
[2024-05-16 13:11:02,326] {logging_mixin.py:109} INFO - [2024-05-16 13:11:02,326] {dag.py:2935} INFO - Setting next_dagrun for example_nested_branch_dag to 2024-05-15 00:00:00+00:00
[2024-05-16 13:11:02,330] {processor.py:171} INFO - Processing /Users/nikhilanand/airflow_venv/lib/python3.9/site-packages/airflow/example_dags/example_nested_branch_dag.py took 0.043 seconds
[2024-05-16 13:12:11,703] {processor.py:163} INFO - Started process (PID=292) to work on /Users/nikhilanand/airflow_venv/lib/python3.9/site-packages/airflow/example_dags/example_nested_branch_dag.py
[2024-05-16 13:12:11,706] {processor.py:642} INFO - Processing file /Users/nikhilanand/airflow_venv/lib/python3.9/site-packages/airflow/example_dags/example_nested_branch_dag.py for tasks to queue
[2024-05-16 13:12:11,706] {logging_mixin.py:109} INFO - [2024-05-16 13:12:11,706] {dagbag.py:500} INFO - Filling up the DagBag from /Users/nikhilanand/airflow_venv/lib/python3.9/site-packages/airflow/example_dags/example_nested_branch_dag.py
[2024-05-16 13:12:11,730] {processor.py:654} INFO - DAG(s) dict_keys(['example_nested_branch_dag']) retrieved from /Users/nikhilanand/airflow_venv/lib/python3.9/site-packages/airflow/example_dags/example_nested_branch_dag.py
[2024-05-16 13:12:11,739] {logging_mixin.py:109} INFO - [2024-05-16 13:12:11,739] {dag.py:2396} INFO - Sync 1 DAGs
[2024-05-16 13:12:11,745] {logging_mixin.py:109} INFO - [2024-05-16 13:12:11,745] {dag.py:2935} INFO - Setting next_dagrun for example_nested_branch_dag to 2024-05-15 00:00:00+00:00
[2024-05-16 13:12:11,748] {processor.py:171} INFO - Processing /Users/nikhilanand/airflow_venv/lib/python3.9/site-packages/airflow/example_dags/example_nested_branch_dag.py took 0.045 seconds
[2024-05-16 13:13:32,484] {processor.py:163} INFO - Started process (PID=1483) to work on /Users/nikhilanand/airflow_venv/lib/python3.9/site-packages/airflow/example_dags/example_nested_branch_dag.py
[2024-05-16 13:13:32,484] {processor.py:642} INFO - Processing file /Users/nikhilanand/airflow_venv/lib/python3.9/site-packages/airflow/example_dags/example_nested_branch_dag.py for tasks to queue
[2024-05-16 13:13:32,484] {logging_mixin.py:109} INFO - [2024-05-16 13:13:32,484] {dagbag.py:500} INFO - Filling up the DagBag from /Users/nikhilanand/airflow_venv/lib/python3.9/site-packages/airflow/example_dags/example_nested_branch_dag.py
[2024-05-16 13:13:32,510] {processor.py:654} INFO - DAG(s) dict_keys(['example_nested_branch_dag']) retrieved from /Users/nikhilanand/airflow_venv/lib/python3.9/site-packages/airflow/example_dags/example_nested_branch_dag.py
[2024-05-16 13:13:32,521] {logging_mixin.py:109} INFO - [2024-05-16 13:13:32,521] {dag.py:2396} INFO - Sync 1 DAGs
[2024-05-16 13:13:32,526] {logging_mixin.py:109} INFO - [2024-05-16 13:13:32,526] {dag.py:2935} INFO - Setting next_dagrun for example_nested_branch_dag to 2024-05-15 00:00:00+00:00
[2024-05-16 13:13:32,531] {processor.py:171} INFO - Processing /Users/nikhilanand/airflow_venv/lib/python3.9/site-packages/airflow/example_dags/example_nested_branch_dag.py took 0.048 seconds
[2024-05-16 13:14:41,213] {processor.py:163} INFO - Started process (PID=2295) to work on /Users/nikhilanand/airflow_venv/lib/python3.9/site-packages/airflow/example_dags/example_nested_branch_dag.py
[2024-05-16 13:14:41,214] {processor.py:642} INFO - Processing file /Users/nikhilanand/airflow_venv/lib/python3.9/site-packages/airflow/example_dags/example_nested_branch_dag.py for tasks to queue
[2024-05-16 13:14:41,215] {logging_mixin.py:109} INFO - [2024-05-16 13:14:41,215] {dagbag.py:500} INFO - Filling up the DagBag from /Users/nikhilanand/airflow_venv/lib/python3.9/site-packages/airflow/example_dags/example_nested_branch_dag.py
[2024-05-16 13:14:41,238] {processor.py:654} INFO - DAG(s) dict_keys(['example_nested_branch_dag']) retrieved from /Users/nikhilanand/airflow_venv/lib/python3.9/site-packages/airflow/example_dags/example_nested_branch_dag.py
[2024-05-16 13:14:41,247] {logging_mixin.py:109} INFO - [2024-05-16 13:14:41,247] {dag.py:2396} INFO - Sync 1 DAGs
[2024-05-16 13:14:41,252] {logging_mixin.py:109} INFO - [2024-05-16 13:14:41,252] {dag.py:2935} INFO - Setting next_dagrun for example_nested_branch_dag to 2024-05-15 00:00:00+00:00
[2024-05-16 13:14:41,256] {processor.py:171} INFO - Processing /Users/nikhilanand/airflow_venv/lib/python3.9/site-packages/airflow/example_dags/example_nested_branch_dag.py took 0.043 seconds
[2024-05-16 13:15:50,084] {processor.py:163} INFO - Started process (PID=3532) to work on /Users/nikhilanand/airflow_venv/lib/python3.9/site-packages/airflow/example_dags/example_nested_branch_dag.py
[2024-05-16 13:15:50,085] {processor.py:642} INFO - Processing file /Users/nikhilanand/airflow_venv/lib/python3.9/site-packages/airflow/example_dags/example_nested_branch_dag.py for tasks to queue
[2024-05-16 13:15:50,085] {logging_mixin.py:109} INFO - [2024-05-16 13:15:50,085] {dagbag.py:500} INFO - Filling up the DagBag from /Users/nikhilanand/airflow_venv/lib/python3.9/site-packages/airflow/example_dags/example_nested_branch_dag.py
[2024-05-16 13:15:50,109] {processor.py:654} INFO - DAG(s) dict_keys(['example_nested_branch_dag']) retrieved from /Users/nikhilanand/airflow_venv/lib/python3.9/site-packages/airflow/example_dags/example_nested_branch_dag.py
[2024-05-16 13:15:50,118] {logging_mixin.py:109} INFO - [2024-05-16 13:15:50,118] {dag.py:2396} INFO - Sync 1 DAGs
[2024-05-16 13:15:50,123] {logging_mixin.py:109} INFO - [2024-05-16 13:15:50,123] {dag.py:2935} INFO - Setting next_dagrun for example_nested_branch_dag to 2024-05-15 00:00:00+00:00
[2024-05-16 13:15:50,127] {processor.py:171} INFO - Processing /Users/nikhilanand/airflow_venv/lib/python3.9/site-packages/airflow/example_dags/example_nested_branch_dag.py took 0.043 seconds
[2024-05-16 13:17:03,207] {processor.py:163} INFO - Started process (PID=4405) to work on /Users/nikhilanand/airflow_venv/lib/python3.9/site-packages/airflow/example_dags/example_nested_branch_dag.py
[2024-05-16 13:17:03,208] {processor.py:642} INFO - Processing file /Users/nikhilanand/airflow_venv/lib/python3.9/site-packages/airflow/example_dags/example_nested_branch_dag.py for tasks to queue
[2024-05-16 13:17:03,208] {logging_mixin.py:109} INFO - [2024-05-16 13:17:03,208] {dagbag.py:500} INFO - Filling up the DagBag from /Users/nikhilanand/airflow_venv/lib/python3.9/site-packages/airflow/example_dags/example_nested_branch_dag.py
[2024-05-16 13:17:03,232] {processor.py:654} INFO - DAG(s) dict_keys(['example_nested_branch_dag']) retrieved from /Users/nikhilanand/airflow_venv/lib/python3.9/site-packages/airflow/example_dags/example_nested_branch_dag.py
[2024-05-16 13:17:03,242] {logging_mixin.py:109} INFO - [2024-05-16 13:17:03,242] {dag.py:2396} INFO - Sync 1 DAGs
[2024-05-16 13:17:03,249] {logging_mixin.py:109} INFO - [2024-05-16 13:17:03,249] {dag.py:2935} INFO - Setting next_dagrun for example_nested_branch_dag to 2024-05-15 00:00:00+00:00
[2024-05-16 13:17:03,253] {processor.py:171} INFO - Processing /Users/nikhilanand/airflow_venv/lib/python3.9/site-packages/airflow/example_dags/example_nested_branch_dag.py took 0.046 seconds
[2024-05-16 13:18:15,599] {processor.py:163} INFO - Started process (PID=5265) to work on /Users/nikhilanand/airflow_venv/lib/python3.9/site-packages/airflow/example_dags/example_nested_branch_dag.py
[2024-05-16 13:18:15,601] {processor.py:642} INFO - Processing file /Users/nikhilanand/airflow_venv/lib/python3.9/site-packages/airflow/example_dags/example_nested_branch_dag.py for tasks to queue
[2024-05-16 13:18:15,601] {logging_mixin.py:109} INFO - [2024-05-16 13:18:15,601] {dagbag.py:500} INFO - Filling up the DagBag from /Users/nikhilanand/airflow_venv/lib/python3.9/site-packages/airflow/example_dags/example_nested_branch_dag.py
[2024-05-16 13:18:15,624] {processor.py:654} INFO - DAG(s) dict_keys(['example_nested_branch_dag']) retrieved from /Users/nikhilanand/airflow_venv/lib/python3.9/site-packages/airflow/example_dags/example_nested_branch_dag.py
[2024-05-16 13:18:15,632] {logging_mixin.py:109} INFO - [2024-05-16 13:18:15,632] {dag.py:2396} INFO - Sync 1 DAGs
[2024-05-16 13:18:15,638] {logging_mixin.py:109} INFO - [2024-05-16 13:18:15,638] {dag.py:2935} INFO - Setting next_dagrun for example_nested_branch_dag to 2024-05-15 00:00:00+00:00
[2024-05-16 13:18:15,641] {processor.py:171} INFO - Processing /Users/nikhilanand/airflow_venv/lib/python3.9/site-packages/airflow/example_dags/example_nested_branch_dag.py took 0.043 seconds
[2024-05-16 13:19:22,106] {processor.py:163} INFO - Started process (PID=6049) to work on /Users/nikhilanand/airflow_venv/lib/python3.9/site-packages/airflow/example_dags/example_nested_branch_dag.py
[2024-05-16 13:19:22,106] {processor.py:642} INFO - Processing file /Users/nikhilanand/airflow_venv/lib/python3.9/site-packages/airflow/example_dags/example_nested_branch_dag.py for tasks to queue
[2024-05-16 13:19:22,107] {logging_mixin.py:109} INFO - [2024-05-16 13:19:22,107] {dagbag.py:500} INFO - Filling up the DagBag from /Users/nikhilanand/airflow_venv/lib/python3.9/site-packages/airflow/example_dags/example_nested_branch_dag.py
[2024-05-16 13:19:22,130] {processor.py:654} INFO - DAG(s) dict_keys(['example_nested_branch_dag']) retrieved from /Users/nikhilanand/airflow_venv/lib/python3.9/site-packages/airflow/example_dags/example_nested_branch_dag.py
[2024-05-16 13:19:22,139] {logging_mixin.py:109} INFO - [2024-05-16 13:19:22,139] {dag.py:2396} INFO - Sync 1 DAGs
[2024-05-16 13:19:22,144] {logging_mixin.py:109} INFO - [2024-05-16 13:19:22,144] {dag.py:2935} INFO - Setting next_dagrun for example_nested_branch_dag to 2024-05-15 00:00:00+00:00
[2024-05-16 13:19:22,148] {processor.py:171} INFO - Processing /Users/nikhilanand/airflow_venv/lib/python3.9/site-packages/airflow/example_dags/example_nested_branch_dag.py took 0.042 seconds
[2024-05-16 13:20:30,671] {processor.py:163} INFO - Started process (PID=6866) to work on /Users/nikhilanand/airflow_venv/lib/python3.9/site-packages/airflow/example_dags/example_nested_branch_dag.py
[2024-05-16 13:20:30,671] {processor.py:642} INFO - Processing file /Users/nikhilanand/airflow_venv/lib/python3.9/site-packages/airflow/example_dags/example_nested_branch_dag.py for tasks to queue
[2024-05-16 13:20:30,671] {logging_mixin.py:109} INFO - [2024-05-16 13:20:30,671] {dagbag.py:500} INFO - Filling up the DagBag from /Users/nikhilanand/airflow_venv/lib/python3.9/site-packages/airflow/example_dags/example_nested_branch_dag.py
[2024-05-16 13:20:30,694] {processor.py:654} INFO - DAG(s) dict_keys(['example_nested_branch_dag']) retrieved from /Users/nikhilanand/airflow_venv/lib/python3.9/site-packages/airflow/example_dags/example_nested_branch_dag.py
[2024-05-16 13:20:30,704] {logging_mixin.py:109} INFO - [2024-05-16 13:20:30,703] {dag.py:2396} INFO - Sync 1 DAGs
[2024-05-16 13:20:30,709] {logging_mixin.py:109} INFO - [2024-05-16 13:20:30,709] {dag.py:2935} INFO - Setting next_dagrun for example_nested_branch_dag to 2024-05-15 00:00:00+00:00
[2024-05-16 13:20:30,713] {processor.py:171} INFO - Processing /Users/nikhilanand/airflow_venv/lib/python3.9/site-packages/airflow/example_dags/example_nested_branch_dag.py took 0.043 seconds
[2024-05-16 13:21:40,149] {processor.py:163} INFO - Started process (PID=7678) to work on /Users/nikhilanand/airflow_venv/lib/python3.9/site-packages/airflow/example_dags/example_nested_branch_dag.py
[2024-05-16 13:21:40,150] {processor.py:642} INFO - Processing file /Users/nikhilanand/airflow_venv/lib/python3.9/site-packages/airflow/example_dags/example_nested_branch_dag.py for tasks to queue
[2024-05-16 13:21:40,151] {logging_mixin.py:109} INFO - [2024-05-16 13:21:40,151] {dagbag.py:500} INFO - Filling up the DagBag from /Users/nikhilanand/airflow_venv/lib/python3.9/site-packages/airflow/example_dags/example_nested_branch_dag.py
[2024-05-16 13:21:40,177] {processor.py:654} INFO - DAG(s) dict_keys(['example_nested_branch_dag']) retrieved from /Users/nikhilanand/airflow_venv/lib/python3.9/site-packages/airflow/example_dags/example_nested_branch_dag.py
[2024-05-16 13:21:40,187] {logging_mixin.py:109} INFO - [2024-05-16 13:21:40,186] {dag.py:2396} INFO - Sync 1 DAGs
[2024-05-16 13:21:40,193] {logging_mixin.py:109} INFO - [2024-05-16 13:21:40,193] {dag.py:2935} INFO - Setting next_dagrun for example_nested_branch_dag to 2024-05-15 00:00:00+00:00
[2024-05-16 13:21:40,197] {processor.py:171} INFO - Processing /Users/nikhilanand/airflow_venv/lib/python3.9/site-packages/airflow/example_dags/example_nested_branch_dag.py took 0.048 seconds
[2024-05-16 13:22:47,232] {processor.py:163} INFO - Started process (PID=8482) to work on /Users/nikhilanand/airflow_venv/lib/python3.9/site-packages/airflow/example_dags/example_nested_branch_dag.py
[2024-05-16 13:22:47,233] {processor.py:642} INFO - Processing file /Users/nikhilanand/airflow_venv/lib/python3.9/site-packages/airflow/example_dags/example_nested_branch_dag.py for tasks to queue
[2024-05-16 13:22:47,234] {logging_mixin.py:109} INFO - [2024-05-16 13:22:47,234] {dagbag.py:500} INFO - Filling up the DagBag from /Users/nikhilanand/airflow_venv/lib/python3.9/site-packages/airflow/example_dags/example_nested_branch_dag.py
[2024-05-16 13:22:47,257] {processor.py:654} INFO - DAG(s) dict_keys(['example_nested_branch_dag']) retrieved from /Users/nikhilanand/airflow_venv/lib/python3.9/site-packages/airflow/example_dags/example_nested_branch_dag.py
[2024-05-16 13:22:47,265] {logging_mixin.py:109} INFO - [2024-05-16 13:22:47,265] {dag.py:2396} INFO - Sync 1 DAGs
[2024-05-16 13:22:47,271] {logging_mixin.py:109} INFO - [2024-05-16 13:22:47,271] {dag.py:2935} INFO - Setting next_dagrun for example_nested_branch_dag to 2024-05-15 00:00:00+00:00
[2024-05-16 13:22:47,275] {processor.py:171} INFO - Processing /Users/nikhilanand/airflow_venv/lib/python3.9/site-packages/airflow/example_dags/example_nested_branch_dag.py took 0.043 seconds
[2024-05-16 13:23:54,351] {processor.py:163} INFO - Started process (PID=9261) to work on /Users/nikhilanand/airflow_venv/lib/python3.9/site-packages/airflow/example_dags/example_nested_branch_dag.py
[2024-05-16 13:23:54,352] {processor.py:642} INFO - Processing file /Users/nikhilanand/airflow_venv/lib/python3.9/site-packages/airflow/example_dags/example_nested_branch_dag.py for tasks to queue
[2024-05-16 13:23:54,352] {logging_mixin.py:109} INFO - [2024-05-16 13:23:54,352] {dagbag.py:500} INFO - Filling up the DagBag from /Users/nikhilanand/airflow_venv/lib/python3.9/site-packages/airflow/example_dags/example_nested_branch_dag.py
[2024-05-16 13:23:54,375] {processor.py:654} INFO - DAG(s) dict_keys(['example_nested_branch_dag']) retrieved from /Users/nikhilanand/airflow_venv/lib/python3.9/site-packages/airflow/example_dags/example_nested_branch_dag.py
[2024-05-16 13:23:54,384] {logging_mixin.py:109} INFO - [2024-05-16 13:23:54,383] {dag.py:2396} INFO - Sync 1 DAGs
[2024-05-16 13:23:54,389] {logging_mixin.py:109} INFO - [2024-05-16 13:23:54,389] {dag.py:2935} INFO - Setting next_dagrun for example_nested_branch_dag to 2024-05-15 00:00:00+00:00
[2024-05-16 13:23:54,393] {processor.py:171} INFO - Processing /Users/nikhilanand/airflow_venv/lib/python3.9/site-packages/airflow/example_dags/example_nested_branch_dag.py took 0.042 seconds
[2024-05-16 13:25:03,322] {processor.py:163} INFO - Started process (PID=10439) to work on /Users/nikhilanand/airflow_venv/lib/python3.9/site-packages/airflow/example_dags/example_nested_branch_dag.py
[2024-05-16 13:25:03,322] {processor.py:642} INFO - Processing file /Users/nikhilanand/airflow_venv/lib/python3.9/site-packages/airflow/example_dags/example_nested_branch_dag.py for tasks to queue
[2024-05-16 13:25:03,322] {logging_mixin.py:109} INFO - [2024-05-16 13:25:03,322] {dagbag.py:500} INFO - Filling up the DagBag from /Users/nikhilanand/airflow_venv/lib/python3.9/site-packages/airflow/example_dags/example_nested_branch_dag.py
[2024-05-16 13:25:03,346] {processor.py:654} INFO - DAG(s) dict_keys(['example_nested_branch_dag']) retrieved from /Users/nikhilanand/airflow_venv/lib/python3.9/site-packages/airflow/example_dags/example_nested_branch_dag.py
[2024-05-16 13:25:03,354] {logging_mixin.py:109} INFO - [2024-05-16 13:25:03,354] {dag.py:2396} INFO - Sync 1 DAGs
[2024-05-16 13:25:03,360] {logging_mixin.py:109} INFO - [2024-05-16 13:25:03,360] {dag.py:2935} INFO - Setting next_dagrun for example_nested_branch_dag to 2024-05-15 00:00:00+00:00
[2024-05-16 13:25:03,364] {processor.py:171} INFO - Processing /Users/nikhilanand/airflow_venv/lib/python3.9/site-packages/airflow/example_dags/example_nested_branch_dag.py took 0.042 seconds
[2024-05-16 13:26:12,154] {processor.py:163} INFO - Started process (PID=11263) to work on /Users/nikhilanand/airflow_venv/lib/python3.9/site-packages/airflow/example_dags/example_nested_branch_dag.py
[2024-05-16 13:26:12,155] {processor.py:642} INFO - Processing file /Users/nikhilanand/airflow_venv/lib/python3.9/site-packages/airflow/example_dags/example_nested_branch_dag.py for tasks to queue
[2024-05-16 13:26:12,155] {logging_mixin.py:109} INFO - [2024-05-16 13:26:12,155] {dagbag.py:500} INFO - Filling up the DagBag from /Users/nikhilanand/airflow_venv/lib/python3.9/site-packages/airflow/example_dags/example_nested_branch_dag.py
[2024-05-16 13:26:12,178] {processor.py:654} INFO - DAG(s) dict_keys(['example_nested_branch_dag']) retrieved from /Users/nikhilanand/airflow_venv/lib/python3.9/site-packages/airflow/example_dags/example_nested_branch_dag.py
[2024-05-16 13:26:12,187] {logging_mixin.py:109} INFO - [2024-05-16 13:26:12,187] {dag.py:2396} INFO - Sync 1 DAGs
[2024-05-16 13:26:12,192] {logging_mixin.py:109} INFO - [2024-05-16 13:26:12,192] {dag.py:2935} INFO - Setting next_dagrun for example_nested_branch_dag to 2024-05-15 00:00:00+00:00
[2024-05-16 13:26:12,195] {processor.py:171} INFO - Processing /Users/nikhilanand/airflow_venv/lib/python3.9/site-packages/airflow/example_dags/example_nested_branch_dag.py took 0.042 seconds
[2024-05-16 13:27:19,034] {processor.py:163} INFO - Started process (PID=12038) to work on /Users/nikhilanand/airflow_venv/lib/python3.9/site-packages/airflow/example_dags/example_nested_branch_dag.py
[2024-05-16 13:27:19,035] {processor.py:642} INFO - Processing file /Users/nikhilanand/airflow_venv/lib/python3.9/site-packages/airflow/example_dags/example_nested_branch_dag.py for tasks to queue
[2024-05-16 13:27:19,035] {logging_mixin.py:109} INFO - [2024-05-16 13:27:19,035] {dagbag.py:500} INFO - Filling up the DagBag from /Users/nikhilanand/airflow_venv/lib/python3.9/site-packages/airflow/example_dags/example_nested_branch_dag.py
[2024-05-16 13:27:19,059] {processor.py:654} INFO - DAG(s) dict_keys(['example_nested_branch_dag']) retrieved from /Users/nikhilanand/airflow_venv/lib/python3.9/site-packages/airflow/example_dags/example_nested_branch_dag.py
[2024-05-16 13:27:19,068] {logging_mixin.py:109} INFO - [2024-05-16 13:27:19,068] {dag.py:2396} INFO - Sync 1 DAGs
[2024-05-16 13:27:19,074] {logging_mixin.py:109} INFO - [2024-05-16 13:27:19,074] {dag.py:2935} INFO - Setting next_dagrun for example_nested_branch_dag to 2024-05-15 00:00:00+00:00
[2024-05-16 13:27:19,078] {processor.py:171} INFO - Processing /Users/nikhilanand/airflow_venv/lib/python3.9/site-packages/airflow/example_dags/example_nested_branch_dag.py took 0.045 seconds
[2024-05-16 13:28:50,935] {processor.py:163} INFO - Started process (PID=13155) to work on /Users/nikhilanand/airflow_venv/lib/python3.9/site-packages/airflow/example_dags/example_nested_branch_dag.py
[2024-05-16 13:28:50,937] {processor.py:642} INFO - Processing file /Users/nikhilanand/airflow_venv/lib/python3.9/site-packages/airflow/example_dags/example_nested_branch_dag.py for tasks to queue
[2024-05-16 13:28:50,937] {logging_mixin.py:109} INFO - [2024-05-16 13:28:50,937] {dagbag.py:500} INFO - Filling up the DagBag from /Users/nikhilanand/airflow_venv/lib/python3.9/site-packages/airflow/example_dags/example_nested_branch_dag.py
[2024-05-16 13:28:50,959] {processor.py:654} INFO - DAG(s) dict_keys(['example_nested_branch_dag']) retrieved from /Users/nikhilanand/airflow_venv/lib/python3.9/site-packages/airflow/example_dags/example_nested_branch_dag.py
[2024-05-16 13:28:50,969] {logging_mixin.py:109} INFO - [2024-05-16 13:28:50,968] {dag.py:2396} INFO - Sync 1 DAGs
[2024-05-16 13:28:50,974] {logging_mixin.py:109} INFO - [2024-05-16 13:28:50,974] {dag.py:2935} INFO - Setting next_dagrun for example_nested_branch_dag to 2024-05-15 00:00:00+00:00
[2024-05-16 13:28:50,978] {processor.py:171} INFO - Processing /Users/nikhilanand/airflow_venv/lib/python3.9/site-packages/airflow/example_dags/example_nested_branch_dag.py took 0.043 seconds
[2024-05-16 13:29:59,907] {processor.py:163} INFO - Started process (PID=13977) to work on /Users/nikhilanand/airflow_venv/lib/python3.9/site-packages/airflow/example_dags/example_nested_branch_dag.py
[2024-05-16 13:29:59,907] {processor.py:642} INFO - Processing file /Users/nikhilanand/airflow_venv/lib/python3.9/site-packages/airflow/example_dags/example_nested_branch_dag.py for tasks to queue
[2024-05-16 13:29:59,907] {logging_mixin.py:109} INFO - [2024-05-16 13:29:59,907] {dagbag.py:500} INFO - Filling up the DagBag from /Users/nikhilanand/airflow_venv/lib/python3.9/site-packages/airflow/example_dags/example_nested_branch_dag.py
[2024-05-16 13:29:59,930] {processor.py:654} INFO - DAG(s) dict_keys(['example_nested_branch_dag']) retrieved from /Users/nikhilanand/airflow_venv/lib/python3.9/site-packages/airflow/example_dags/example_nested_branch_dag.py
[2024-05-16 13:29:59,939] {logging_mixin.py:109} INFO - [2024-05-16 13:29:59,939] {dag.py:2396} INFO - Sync 1 DAGs
[2024-05-16 13:29:59,944] {logging_mixin.py:109} INFO - [2024-05-16 13:29:59,944] {dag.py:2935} INFO - Setting next_dagrun for example_nested_branch_dag to 2024-05-15 00:00:00+00:00
[2024-05-16 13:29:59,948] {processor.py:171} INFO - Processing /Users/nikhilanand/airflow_venv/lib/python3.9/site-packages/airflow/example_dags/example_nested_branch_dag.py took 0.042 seconds
[2024-05-16 13:31:11,314] {processor.py:163} INFO - Started process (PID=14820) to work on /Users/nikhilanand/airflow_venv/lib/python3.9/site-packages/airflow/example_dags/example_nested_branch_dag.py
[2024-05-16 13:31:11,315] {processor.py:642} INFO - Processing file /Users/nikhilanand/airflow_venv/lib/python3.9/site-packages/airflow/example_dags/example_nested_branch_dag.py for tasks to queue
[2024-05-16 13:31:11,315] {logging_mixin.py:109} INFO - [2024-05-16 13:31:11,315] {dagbag.py:500} INFO - Filling up the DagBag from /Users/nikhilanand/airflow_venv/lib/python3.9/site-packages/airflow/example_dags/example_nested_branch_dag.py
[2024-05-16 13:31:11,339] {processor.py:654} INFO - DAG(s) dict_keys(['example_nested_branch_dag']) retrieved from /Users/nikhilanand/airflow_venv/lib/python3.9/site-packages/airflow/example_dags/example_nested_branch_dag.py
[2024-05-16 13:31:11,348] {logging_mixin.py:109} INFO - [2024-05-16 13:31:11,348] {dag.py:2396} INFO - Sync 1 DAGs
[2024-05-16 13:31:11,354] {logging_mixin.py:109} INFO - [2024-05-16 13:31:11,354] {dag.py:2935} INFO - Setting next_dagrun for example_nested_branch_dag to 2024-05-15 00:00:00+00:00
[2024-05-16 13:31:11,357] {processor.py:171} INFO - Processing /Users/nikhilanand/airflow_venv/lib/python3.9/site-packages/airflow/example_dags/example_nested_branch_dag.py took 0.043 seconds
[2024-05-16 13:32:20,178] {processor.py:163} INFO - Started process (PID=15668) to work on /Users/nikhilanand/airflow_venv/lib/python3.9/site-packages/airflow/example_dags/example_nested_branch_dag.py
[2024-05-16 13:32:20,178] {processor.py:642} INFO - Processing file /Users/nikhilanand/airflow_venv/lib/python3.9/site-packages/airflow/example_dags/example_nested_branch_dag.py for tasks to queue
[2024-05-16 13:32:20,178] {logging_mixin.py:109} INFO - [2024-05-16 13:32:20,178] {dagbag.py:500} INFO - Filling up the DagBag from /Users/nikhilanand/airflow_venv/lib/python3.9/site-packages/airflow/example_dags/example_nested_branch_dag.py
[2024-05-16 13:32:20,201] {processor.py:654} INFO - DAG(s) dict_keys(['example_nested_branch_dag']) retrieved from /Users/nikhilanand/airflow_venv/lib/python3.9/site-packages/airflow/example_dags/example_nested_branch_dag.py
[2024-05-16 13:32:20,210] {logging_mixin.py:109} INFO - [2024-05-16 13:32:20,210] {dag.py:2396} INFO - Sync 1 DAGs
[2024-05-16 13:32:20,216] {logging_mixin.py:109} INFO - [2024-05-16 13:32:20,216] {dag.py:2935} INFO - Setting next_dagrun for example_nested_branch_dag to 2024-05-15 00:00:00+00:00
[2024-05-16 13:32:20,220] {processor.py:171} INFO - Processing /Users/nikhilanand/airflow_venv/lib/python3.9/site-packages/airflow/example_dags/example_nested_branch_dag.py took 0.043 seconds
[2024-05-16 13:33:28,685] {processor.py:163} INFO - Started process (PID=16901) to work on /Users/nikhilanand/airflow_venv/lib/python3.9/site-packages/airflow/example_dags/example_nested_branch_dag.py
[2024-05-16 13:33:28,685] {processor.py:642} INFO - Processing file /Users/nikhilanand/airflow_venv/lib/python3.9/site-packages/airflow/example_dags/example_nested_branch_dag.py for tasks to queue
[2024-05-16 13:33:28,686] {logging_mixin.py:109} INFO - [2024-05-16 13:33:28,686] {dagbag.py:500} INFO - Filling up the DagBag from /Users/nikhilanand/airflow_venv/lib/python3.9/site-packages/airflow/example_dags/example_nested_branch_dag.py
[2024-05-16 13:33:28,709] {processor.py:654} INFO - DAG(s) dict_keys(['example_nested_branch_dag']) retrieved from /Users/nikhilanand/airflow_venv/lib/python3.9/site-packages/airflow/example_dags/example_nested_branch_dag.py
[2024-05-16 13:33:28,721] {logging_mixin.py:109} INFO - [2024-05-16 13:33:28,721] {dag.py:2396} INFO - Sync 1 DAGs
[2024-05-16 13:33:28,726] {logging_mixin.py:109} INFO - [2024-05-16 13:33:28,726] {dag.py:2935} INFO - Setting next_dagrun for example_nested_branch_dag to 2024-05-15 00:00:00+00:00
[2024-05-16 13:33:28,730] {processor.py:171} INFO - Processing /Users/nikhilanand/airflow_venv/lib/python3.9/site-packages/airflow/example_dags/example_nested_branch_dag.py took 0.045 seconds
[2024-05-16 13:34:37,849] {processor.py:163} INFO - Started process (PID=18173) to work on /Users/nikhilanand/airflow_venv/lib/python3.9/site-packages/airflow/example_dags/example_nested_branch_dag.py
[2024-05-16 13:34:37,850] {processor.py:642} INFO - Processing file /Users/nikhilanand/airflow_venv/lib/python3.9/site-packages/airflow/example_dags/example_nested_branch_dag.py for tasks to queue
[2024-05-16 13:34:37,850] {logging_mixin.py:109} INFO - [2024-05-16 13:34:37,850] {dagbag.py:500} INFO - Filling up the DagBag from /Users/nikhilanand/airflow_venv/lib/python3.9/site-packages/airflow/example_dags/example_nested_branch_dag.py
[2024-05-16 13:34:37,875] {processor.py:654} INFO - DAG(s) dict_keys(['example_nested_branch_dag']) retrieved from /Users/nikhilanand/airflow_venv/lib/python3.9/site-packages/airflow/example_dags/example_nested_branch_dag.py
[2024-05-16 13:34:37,884] {logging_mixin.py:109} INFO - [2024-05-16 13:34:37,884] {dag.py:2396} INFO - Sync 1 DAGs
[2024-05-16 13:34:37,890] {logging_mixin.py:109} INFO - [2024-05-16 13:34:37,890] {dag.py:2935} INFO - Setting next_dagrun for example_nested_branch_dag to 2024-05-15 00:00:00+00:00
[2024-05-16 13:34:37,894] {processor.py:171} INFO - Processing /Users/nikhilanand/airflow_venv/lib/python3.9/site-packages/airflow/example_dags/example_nested_branch_dag.py took 0.045 seconds
