[2024-05-16 12:54:41,479] {processor.py:163} INFO - Started process (PID=87726) to work on /Users/nikhilanand/airflow_venv/lib/python3.9/site-packages/airflow/example_dags/example_branch_day_of_week_operator.py
[2024-05-16 12:54:41,479] {processor.py:642} INFO - Processing file /Users/nikhilanand/airflow_venv/lib/python3.9/site-packages/airflow/example_dags/example_branch_day_of_week_operator.py for tasks to queue
[2024-05-16 12:54:41,479] {logging_mixin.py:109} INFO - [2024-05-16 12:54:41,479] {dagbag.py:500} INFO - Filling up the DagBag from /Users/nikhilanand/airflow_venv/lib/python3.9/site-packages/airflow/example_dags/example_branch_day_of_week_operator.py
[2024-05-16 12:54:41,500] {processor.py:654} INFO - DAG(s) dict_keys(['example_weekday_branch_operator']) retrieved from /Users/nikhilanand/airflow_venv/lib/python3.9/site-packages/airflow/example_dags/example_branch_day_of_week_operator.py
[2024-05-16 12:54:41,512] {logging_mixin.py:109} INFO - [2024-05-16 12:54:41,512] {dag.py:2396} INFO - Sync 1 DAGs
[2024-05-16 12:54:41,520] {logging_mixin.py:109} INFO - [2024-05-16 12:54:41,520] {dag.py:2935} INFO - Setting next_dagrun for example_weekday_branch_operator to 2024-05-15 00:00:00+00:00
[2024-05-16 12:54:41,525] {processor.py:171} INFO - Processing /Users/nikhilanand/airflow_venv/lib/python3.9/site-packages/airflow/example_dags/example_branch_day_of_week_operator.py took 0.047 seconds
[2024-05-16 12:55:52,711] {processor.py:163} INFO - Started process (PID=88579) to work on /Users/nikhilanand/airflow_venv/lib/python3.9/site-packages/airflow/example_dags/example_branch_day_of_week_operator.py
[2024-05-16 12:55:52,713] {processor.py:642} INFO - Processing file /Users/nikhilanand/airflow_venv/lib/python3.9/site-packages/airflow/example_dags/example_branch_day_of_week_operator.py for tasks to queue
[2024-05-16 12:55:52,713] {logging_mixin.py:109} INFO - [2024-05-16 12:55:52,713] {dagbag.py:500} INFO - Filling up the DagBag from /Users/nikhilanand/airflow_venv/lib/python3.9/site-packages/airflow/example_dags/example_branch_day_of_week_operator.py
[2024-05-16 12:55:52,729] {processor.py:654} INFO - DAG(s) dict_keys(['example_weekday_branch_operator']) retrieved from /Users/nikhilanand/airflow_venv/lib/python3.9/site-packages/airflow/example_dags/example_branch_day_of_week_operator.py
[2024-05-16 12:55:52,737] {logging_mixin.py:109} INFO - [2024-05-16 12:55:52,737] {dag.py:2396} INFO - Sync 1 DAGs
[2024-05-16 12:55:52,742] {logging_mixin.py:109} INFO - [2024-05-16 12:55:52,742] {dag.py:2935} INFO - Setting next_dagrun for example_weekday_branch_operator to 2024-05-15 00:00:00+00:00
[2024-05-16 12:55:52,745] {processor.py:171} INFO - Processing /Users/nikhilanand/airflow_venv/lib/python3.9/site-packages/airflow/example_dags/example_branch_day_of_week_operator.py took 0.034 seconds
[2024-05-16 12:56:59,778] {processor.py:163} INFO - Started process (PID=89389) to work on /Users/nikhilanand/airflow_venv/lib/python3.9/site-packages/airflow/example_dags/example_branch_day_of_week_operator.py
[2024-05-16 12:56:59,778] {processor.py:642} INFO - Processing file /Users/nikhilanand/airflow_venv/lib/python3.9/site-packages/airflow/example_dags/example_branch_day_of_week_operator.py for tasks to queue
[2024-05-16 12:56:59,778] {logging_mixin.py:109} INFO - [2024-05-16 12:56:59,778] {dagbag.py:500} INFO - Filling up the DagBag from /Users/nikhilanand/airflow_venv/lib/python3.9/site-packages/airflow/example_dags/example_branch_day_of_week_operator.py
[2024-05-16 12:56:59,794] {processor.py:654} INFO - DAG(s) dict_keys(['example_weekday_branch_operator']) retrieved from /Users/nikhilanand/airflow_venv/lib/python3.9/site-packages/airflow/example_dags/example_branch_day_of_week_operator.py
[2024-05-16 12:56:59,803] {logging_mixin.py:109} INFO - [2024-05-16 12:56:59,803] {dag.py:2396} INFO - Sync 1 DAGs
[2024-05-16 12:56:59,807] {logging_mixin.py:109} INFO - [2024-05-16 12:56:59,807] {dag.py:2935} INFO - Setting next_dagrun for example_weekday_branch_operator to 2024-05-15 00:00:00+00:00
[2024-05-16 12:56:59,811] {processor.py:171} INFO - Processing /Users/nikhilanand/airflow_venv/lib/python3.9/site-packages/airflow/example_dags/example_branch_day_of_week_operator.py took 0.034 seconds
[2024-05-16 12:58:08,868] {processor.py:163} INFO - Started process (PID=90151) to work on /Users/nikhilanand/airflow_venv/lib/python3.9/site-packages/airflow/example_dags/example_branch_day_of_week_operator.py
[2024-05-16 12:58:08,869] {processor.py:642} INFO - Processing file /Users/nikhilanand/airflow_venv/lib/python3.9/site-packages/airflow/example_dags/example_branch_day_of_week_operator.py for tasks to queue
[2024-05-16 12:58:08,869] {logging_mixin.py:109} INFO - [2024-05-16 12:58:08,869] {dagbag.py:500} INFO - Filling up the DagBag from /Users/nikhilanand/airflow_venv/lib/python3.9/site-packages/airflow/example_dags/example_branch_day_of_week_operator.py
[2024-05-16 12:58:08,885] {processor.py:654} INFO - DAG(s) dict_keys(['example_weekday_branch_operator']) retrieved from /Users/nikhilanand/airflow_venv/lib/python3.9/site-packages/airflow/example_dags/example_branch_day_of_week_operator.py
[2024-05-16 12:58:08,895] {logging_mixin.py:109} INFO - [2024-05-16 12:58:08,895] {dag.py:2396} INFO - Sync 1 DAGs
[2024-05-16 12:58:08,900] {logging_mixin.py:109} INFO - [2024-05-16 12:58:08,900] {dag.py:2935} INFO - Setting next_dagrun for example_weekday_branch_operator to 2024-05-15 00:00:00+00:00
[2024-05-16 12:58:08,904] {processor.py:171} INFO - Processing /Users/nikhilanand/airflow_venv/lib/python3.9/site-packages/airflow/example_dags/example_branch_day_of_week_operator.py took 0.036 seconds
[2024-05-16 12:59:18,361] {processor.py:163} INFO - Started process (PID=90957) to work on /Users/nikhilanand/airflow_venv/lib/python3.9/site-packages/airflow/example_dags/example_branch_day_of_week_operator.py
[2024-05-16 12:59:18,362] {processor.py:642} INFO - Processing file /Users/nikhilanand/airflow_venv/lib/python3.9/site-packages/airflow/example_dags/example_branch_day_of_week_operator.py for tasks to queue
[2024-05-16 12:59:18,362] {logging_mixin.py:109} INFO - [2024-05-16 12:59:18,362] {dagbag.py:500} INFO - Filling up the DagBag from /Users/nikhilanand/airflow_venv/lib/python3.9/site-packages/airflow/example_dags/example_branch_day_of_week_operator.py
[2024-05-16 12:59:18,381] {processor.py:654} INFO - DAG(s) dict_keys(['example_weekday_branch_operator']) retrieved from /Users/nikhilanand/airflow_venv/lib/python3.9/site-packages/airflow/example_dags/example_branch_day_of_week_operator.py
[2024-05-16 12:59:18,391] {logging_mixin.py:109} INFO - [2024-05-16 12:59:18,391] {dag.py:2396} INFO - Sync 1 DAGs
[2024-05-16 12:59:18,396] {logging_mixin.py:109} INFO - [2024-05-16 12:59:18,396] {dag.py:2935} INFO - Setting next_dagrun for example_weekday_branch_operator to 2024-05-15 00:00:00+00:00
[2024-05-16 12:59:18,401] {processor.py:171} INFO - Processing /Users/nikhilanand/airflow_venv/lib/python3.9/site-packages/airflow/example_dags/example_branch_day_of_week_operator.py took 0.040 seconds
[2024-05-16 13:00:33,783] {processor.py:163} INFO - Started process (PID=91845) to work on /Users/nikhilanand/airflow_venv/lib/python3.9/site-packages/airflow/example_dags/example_branch_day_of_week_operator.py
[2024-05-16 13:00:33,784] {processor.py:642} INFO - Processing file /Users/nikhilanand/airflow_venv/lib/python3.9/site-packages/airflow/example_dags/example_branch_day_of_week_operator.py for tasks to queue
[2024-05-16 13:00:33,784] {logging_mixin.py:109} INFO - [2024-05-16 13:00:33,784] {dagbag.py:500} INFO - Filling up the DagBag from /Users/nikhilanand/airflow_venv/lib/python3.9/site-packages/airflow/example_dags/example_branch_day_of_week_operator.py
[2024-05-16 13:00:33,801] {processor.py:654} INFO - DAG(s) dict_keys(['example_weekday_branch_operator']) retrieved from /Users/nikhilanand/airflow_venv/lib/python3.9/site-packages/airflow/example_dags/example_branch_day_of_week_operator.py
[2024-05-16 13:00:33,810] {logging_mixin.py:109} INFO - [2024-05-16 13:00:33,810] {dag.py:2396} INFO - Sync 1 DAGs
[2024-05-16 13:00:33,815] {logging_mixin.py:109} INFO - [2024-05-16 13:00:33,815] {dag.py:2935} INFO - Setting next_dagrun for example_weekday_branch_operator to 2024-05-15 00:00:00+00:00
[2024-05-16 13:00:33,819] {processor.py:171} INFO - Processing /Users/nikhilanand/airflow_venv/lib/python3.9/site-packages/airflow/example_dags/example_branch_day_of_week_operator.py took 0.036 seconds
[2024-05-16 13:01:43,699] {processor.py:163} INFO - Started process (PID=92660) to work on /Users/nikhilanand/airflow_venv/lib/python3.9/site-packages/airflow/example_dags/example_branch_day_of_week_operator.py
[2024-05-16 13:01:43,700] {processor.py:642} INFO - Processing file /Users/nikhilanand/airflow_venv/lib/python3.9/site-packages/airflow/example_dags/example_branch_day_of_week_operator.py for tasks to queue
[2024-05-16 13:01:43,700] {logging_mixin.py:109} INFO - [2024-05-16 13:01:43,700] {dagbag.py:500} INFO - Filling up the DagBag from /Users/nikhilanand/airflow_venv/lib/python3.9/site-packages/airflow/example_dags/example_branch_day_of_week_operator.py
[2024-05-16 13:01:43,717] {processor.py:654} INFO - DAG(s) dict_keys(['example_weekday_branch_operator']) retrieved from /Users/nikhilanand/airflow_venv/lib/python3.9/site-packages/airflow/example_dags/example_branch_day_of_week_operator.py
[2024-05-16 13:01:43,725] {logging_mixin.py:109} INFO - [2024-05-16 13:01:43,725] {dag.py:2396} INFO - Sync 1 DAGs
[2024-05-16 13:01:43,730] {logging_mixin.py:109} INFO - [2024-05-16 13:01:43,730] {dag.py:2935} INFO - Setting next_dagrun for example_weekday_branch_operator to 2024-05-15 00:00:00+00:00
[2024-05-16 13:01:43,733] {processor.py:171} INFO - Processing /Users/nikhilanand/airflow_venv/lib/python3.9/site-packages/airflow/example_dags/example_branch_day_of_week_operator.py took 0.035 seconds
[2024-05-16 13:02:53,632] {processor.py:163} INFO - Started process (PID=93482) to work on /Users/nikhilanand/airflow_venv/lib/python3.9/site-packages/airflow/example_dags/example_branch_day_of_week_operator.py
[2024-05-16 13:02:53,633] {processor.py:642} INFO - Processing file /Users/nikhilanand/airflow_venv/lib/python3.9/site-packages/airflow/example_dags/example_branch_day_of_week_operator.py for tasks to queue
[2024-05-16 13:02:53,633] {logging_mixin.py:109} INFO - [2024-05-16 13:02:53,633] {dagbag.py:500} INFO - Filling up the DagBag from /Users/nikhilanand/airflow_venv/lib/python3.9/site-packages/airflow/example_dags/example_branch_day_of_week_operator.py
[2024-05-16 13:02:53,650] {processor.py:654} INFO - DAG(s) dict_keys(['example_weekday_branch_operator']) retrieved from /Users/nikhilanand/airflow_venv/lib/python3.9/site-packages/airflow/example_dags/example_branch_day_of_week_operator.py
[2024-05-16 13:02:53,658] {logging_mixin.py:109} INFO - [2024-05-16 13:02:53,658] {dag.py:2396} INFO - Sync 1 DAGs
[2024-05-16 13:02:53,663] {logging_mixin.py:109} INFO - [2024-05-16 13:02:53,663] {dag.py:2935} INFO - Setting next_dagrun for example_weekday_branch_operator to 2024-05-15 00:00:00+00:00
[2024-05-16 13:02:53,666] {processor.py:171} INFO - Processing /Users/nikhilanand/airflow_venv/lib/python3.9/site-packages/airflow/example_dags/example_branch_day_of_week_operator.py took 0.035 seconds
[2024-05-16 13:04:03,434] {processor.py:163} INFO - Started process (PID=94613) to work on /Users/nikhilanand/airflow_venv/lib/python3.9/site-packages/airflow/example_dags/example_branch_day_of_week_operator.py
[2024-05-16 13:04:03,435] {processor.py:642} INFO - Processing file /Users/nikhilanand/airflow_venv/lib/python3.9/site-packages/airflow/example_dags/example_branch_day_of_week_operator.py for tasks to queue
[2024-05-16 13:04:03,435] {logging_mixin.py:109} INFO - [2024-05-16 13:04:03,435] {dagbag.py:500} INFO - Filling up the DagBag from /Users/nikhilanand/airflow_venv/lib/python3.9/site-packages/airflow/example_dags/example_branch_day_of_week_operator.py
[2024-05-16 13:04:03,452] {processor.py:654} INFO - DAG(s) dict_keys(['example_weekday_branch_operator']) retrieved from /Users/nikhilanand/airflow_venv/lib/python3.9/site-packages/airflow/example_dags/example_branch_day_of_week_operator.py
[2024-05-16 13:04:03,460] {logging_mixin.py:109} INFO - [2024-05-16 13:04:03,460] {dag.py:2396} INFO - Sync 1 DAGs
[2024-05-16 13:04:03,465] {logging_mixin.py:109} INFO - [2024-05-16 13:04:03,465] {dag.py:2935} INFO - Setting next_dagrun for example_weekday_branch_operator to 2024-05-15 00:00:00+00:00
[2024-05-16 13:04:03,469] {processor.py:171} INFO - Processing /Users/nikhilanand/airflow_venv/lib/python3.9/site-packages/airflow/example_dags/example_branch_day_of_week_operator.py took 0.034 seconds
[2024-05-16 13:05:22,281] {processor.py:163} INFO - Started process (PID=95546) to work on /Users/nikhilanand/airflow_venv/lib/python3.9/site-packages/airflow/example_dags/example_branch_day_of_week_operator.py
[2024-05-16 13:05:22,281] {processor.py:642} INFO - Processing file /Users/nikhilanand/airflow_venv/lib/python3.9/site-packages/airflow/example_dags/example_branch_day_of_week_operator.py for tasks to queue
[2024-05-16 13:05:22,281] {logging_mixin.py:109} INFO - [2024-05-16 13:05:22,281] {dagbag.py:500} INFO - Filling up the DagBag from /Users/nikhilanand/airflow_venv/lib/python3.9/site-packages/airflow/example_dags/example_branch_day_of_week_operator.py
[2024-05-16 13:05:22,299] {processor.py:654} INFO - DAG(s) dict_keys(['example_weekday_branch_operator']) retrieved from /Users/nikhilanand/airflow_venv/lib/python3.9/site-packages/airflow/example_dags/example_branch_day_of_week_operator.py
[2024-05-16 13:05:22,307] {logging_mixin.py:109} INFO - [2024-05-16 13:05:22,307] {dag.py:2396} INFO - Sync 1 DAGs
[2024-05-16 13:05:22,312] {logging_mixin.py:109} INFO - [2024-05-16 13:05:22,312] {dag.py:2935} INFO - Setting next_dagrun for example_weekday_branch_operator to 2024-05-15 00:00:00+00:00
[2024-05-16 13:05:22,316] {processor.py:171} INFO - Processing /Users/nikhilanand/airflow_venv/lib/python3.9/site-packages/airflow/example_dags/example_branch_day_of_week_operator.py took 0.035 seconds
[2024-05-16 13:06:34,916] {processor.py:163} INFO - Started process (PID=96416) to work on /Users/nikhilanand/airflow_venv/lib/python3.9/site-packages/airflow/example_dags/example_branch_day_of_week_operator.py
[2024-05-16 13:06:34,917] {processor.py:642} INFO - Processing file /Users/nikhilanand/airflow_venv/lib/python3.9/site-packages/airflow/example_dags/example_branch_day_of_week_operator.py for tasks to queue
[2024-05-16 13:06:34,917] {logging_mixin.py:109} INFO - [2024-05-16 13:06:34,917] {dagbag.py:500} INFO - Filling up the DagBag from /Users/nikhilanand/airflow_venv/lib/python3.9/site-packages/airflow/example_dags/example_branch_day_of_week_operator.py
[2024-05-16 13:06:34,935] {processor.py:654} INFO - DAG(s) dict_keys(['example_weekday_branch_operator']) retrieved from /Users/nikhilanand/airflow_venv/lib/python3.9/site-packages/airflow/example_dags/example_branch_day_of_week_operator.py
[2024-05-16 13:06:34,944] {logging_mixin.py:109} INFO - [2024-05-16 13:06:34,944] {dag.py:2396} INFO - Sync 1 DAGs
[2024-05-16 13:06:34,949] {logging_mixin.py:109} INFO - [2024-05-16 13:06:34,949] {dag.py:2935} INFO - Setting next_dagrun for example_weekday_branch_operator to 2024-05-15 00:00:00+00:00
[2024-05-16 13:06:34,953] {processor.py:171} INFO - Processing /Users/nikhilanand/airflow_venv/lib/python3.9/site-packages/airflow/example_dags/example_branch_day_of_week_operator.py took 0.037 seconds
[2024-05-16 13:07:49,153] {processor.py:163} INFO - Started process (PID=97260) to work on /Users/nikhilanand/airflow_venv/lib/python3.9/site-packages/airflow/example_dags/example_branch_day_of_week_operator.py
[2024-05-16 13:07:49,154] {processor.py:642} INFO - Processing file /Users/nikhilanand/airflow_venv/lib/python3.9/site-packages/airflow/example_dags/example_branch_day_of_week_operator.py for tasks to queue
[2024-05-16 13:07:49,154] {logging_mixin.py:109} INFO - [2024-05-16 13:07:49,154] {dagbag.py:500} INFO - Filling up the DagBag from /Users/nikhilanand/airflow_venv/lib/python3.9/site-packages/airflow/example_dags/example_branch_day_of_week_operator.py
[2024-05-16 13:07:49,170] {processor.py:654} INFO - DAG(s) dict_keys(['example_weekday_branch_operator']) retrieved from /Users/nikhilanand/airflow_venv/lib/python3.9/site-packages/airflow/example_dags/example_branch_day_of_week_operator.py
[2024-05-16 13:07:49,179] {logging_mixin.py:109} INFO - [2024-05-16 13:07:49,179] {dag.py:2396} INFO - Sync 1 DAGs
[2024-05-16 13:07:49,184] {logging_mixin.py:109} INFO - [2024-05-16 13:07:49,184] {dag.py:2935} INFO - Setting next_dagrun for example_weekday_branch_operator to 2024-05-15 00:00:00+00:00
[2024-05-16 13:07:49,189] {processor.py:171} INFO - Processing /Users/nikhilanand/airflow_venv/lib/python3.9/site-packages/airflow/example_dags/example_branch_day_of_week_operator.py took 0.036 seconds
[2024-05-16 13:09:00,984] {processor.py:163} INFO - Started process (PID=98052) to work on /Users/nikhilanand/airflow_venv/lib/python3.9/site-packages/airflow/example_dags/example_branch_day_of_week_operator.py
[2024-05-16 13:09:00,985] {processor.py:642} INFO - Processing file /Users/nikhilanand/airflow_venv/lib/python3.9/site-packages/airflow/example_dags/example_branch_day_of_week_operator.py for tasks to queue
[2024-05-16 13:09:00,986] {logging_mixin.py:109} INFO - [2024-05-16 13:09:00,985] {dagbag.py:500} INFO - Filling up the DagBag from /Users/nikhilanand/airflow_venv/lib/python3.9/site-packages/airflow/example_dags/example_branch_day_of_week_operator.py
[2024-05-16 13:09:01,005] {processor.py:654} INFO - DAG(s) dict_keys(['example_weekday_branch_operator']) retrieved from /Users/nikhilanand/airflow_venv/lib/python3.9/site-packages/airflow/example_dags/example_branch_day_of_week_operator.py
[2024-05-16 13:09:01,015] {logging_mixin.py:109} INFO - [2024-05-16 13:09:01,015] {dag.py:2396} INFO - Sync 1 DAGs
[2024-05-16 13:09:01,021] {logging_mixin.py:109} INFO - [2024-05-16 13:09:01,021] {dag.py:2935} INFO - Setting next_dagrun for example_weekday_branch_operator to 2024-05-15 00:00:00+00:00
[2024-05-16 13:09:01,024] {processor.py:171} INFO - Processing /Users/nikhilanand/airflow_venv/lib/python3.9/site-packages/airflow/example_dags/example_branch_day_of_week_operator.py took 0.040 seconds
[2024-05-16 13:10:12,201] {processor.py:163} INFO - Started process (PID=98846) to work on /Users/nikhilanand/airflow_venv/lib/python3.9/site-packages/airflow/example_dags/example_branch_day_of_week_operator.py
[2024-05-16 13:10:12,202] {processor.py:642} INFO - Processing file /Users/nikhilanand/airflow_venv/lib/python3.9/site-packages/airflow/example_dags/example_branch_day_of_week_operator.py for tasks to queue
[2024-05-16 13:10:12,202] {logging_mixin.py:109} INFO - [2024-05-16 13:10:12,202] {dagbag.py:500} INFO - Filling up the DagBag from /Users/nikhilanand/airflow_venv/lib/python3.9/site-packages/airflow/example_dags/example_branch_day_of_week_operator.py
[2024-05-16 13:10:12,219] {processor.py:654} INFO - DAG(s) dict_keys(['example_weekday_branch_operator']) retrieved from /Users/nikhilanand/airflow_venv/lib/python3.9/site-packages/airflow/example_dags/example_branch_day_of_week_operator.py
[2024-05-16 13:10:12,228] {logging_mixin.py:109} INFO - [2024-05-16 13:10:12,227] {dag.py:2396} INFO - Sync 1 DAGs
[2024-05-16 13:10:12,233] {logging_mixin.py:109} INFO - [2024-05-16 13:10:12,233] {dag.py:2935} INFO - Setting next_dagrun for example_weekday_branch_operator to 2024-05-15 00:00:00+00:00
[2024-05-16 13:10:12,237] {processor.py:171} INFO - Processing /Users/nikhilanand/airflow_venv/lib/python3.9/site-packages/airflow/example_dags/example_branch_day_of_week_operator.py took 0.036 seconds
[2024-05-16 13:11:21,181] {processor.py:163} INFO - Started process (PID=99611) to work on /Users/nikhilanand/airflow_venv/lib/python3.9/site-packages/airflow/example_dags/example_branch_day_of_week_operator.py
[2024-05-16 13:11:21,181] {processor.py:642} INFO - Processing file /Users/nikhilanand/airflow_venv/lib/python3.9/site-packages/airflow/example_dags/example_branch_day_of_week_operator.py for tasks to queue
[2024-05-16 13:11:21,182] {logging_mixin.py:109} INFO - [2024-05-16 13:11:21,182] {dagbag.py:500} INFO - Filling up the DagBag from /Users/nikhilanand/airflow_venv/lib/python3.9/site-packages/airflow/example_dags/example_branch_day_of_week_operator.py
[2024-05-16 13:11:21,199] {processor.py:654} INFO - DAG(s) dict_keys(['example_weekday_branch_operator']) retrieved from /Users/nikhilanand/airflow_venv/lib/python3.9/site-packages/airflow/example_dags/example_branch_day_of_week_operator.py
[2024-05-16 13:11:21,209] {logging_mixin.py:109} INFO - [2024-05-16 13:11:21,209] {dag.py:2396} INFO - Sync 1 DAGs
[2024-05-16 13:11:21,214] {logging_mixin.py:109} INFO - [2024-05-16 13:11:21,214] {dag.py:2935} INFO - Setting next_dagrun for example_weekday_branch_operator to 2024-05-15 00:00:00+00:00
[2024-05-16 13:11:21,217] {processor.py:171} INFO - Processing /Users/nikhilanand/airflow_venv/lib/python3.9/site-packages/airflow/example_dags/example_branch_day_of_week_operator.py took 0.037 seconds
[2024-05-16 13:12:30,669] {processor.py:163} INFO - Started process (PID=622) to work on /Users/nikhilanand/airflow_venv/lib/python3.9/site-packages/airflow/example_dags/example_branch_day_of_week_operator.py
[2024-05-16 13:12:30,670] {processor.py:642} INFO - Processing file /Users/nikhilanand/airflow_venv/lib/python3.9/site-packages/airflow/example_dags/example_branch_day_of_week_operator.py for tasks to queue
[2024-05-16 13:12:30,671] {logging_mixin.py:109} INFO - [2024-05-16 13:12:30,671] {dagbag.py:500} INFO - Filling up the DagBag from /Users/nikhilanand/airflow_venv/lib/python3.9/site-packages/airflow/example_dags/example_branch_day_of_week_operator.py
[2024-05-16 13:12:30,688] {processor.py:654} INFO - DAG(s) dict_keys(['example_weekday_branch_operator']) retrieved from /Users/nikhilanand/airflow_venv/lib/python3.9/site-packages/airflow/example_dags/example_branch_day_of_week_operator.py
[2024-05-16 13:12:30,697] {logging_mixin.py:109} INFO - [2024-05-16 13:12:30,697] {dag.py:2396} INFO - Sync 1 DAGs
[2024-05-16 13:12:30,703] {logging_mixin.py:109} INFO - [2024-05-16 13:12:30,703] {dag.py:2935} INFO - Setting next_dagrun for example_weekday_branch_operator to 2024-05-15 00:00:00+00:00
[2024-05-16 13:12:30,707] {processor.py:171} INFO - Processing /Users/nikhilanand/airflow_venv/lib/python3.9/site-packages/airflow/example_dags/example_branch_day_of_week_operator.py took 0.038 seconds
[2024-05-16 13:13:51,275] {processor.py:163} INFO - Started process (PID=1705) to work on /Users/nikhilanand/airflow_venv/lib/python3.9/site-packages/airflow/example_dags/example_branch_day_of_week_operator.py
[2024-05-16 13:13:51,275] {processor.py:642} INFO - Processing file /Users/nikhilanand/airflow_venv/lib/python3.9/site-packages/airflow/example_dags/example_branch_day_of_week_operator.py for tasks to queue
[2024-05-16 13:13:51,275] {logging_mixin.py:109} INFO - [2024-05-16 13:13:51,275] {dagbag.py:500} INFO - Filling up the DagBag from /Users/nikhilanand/airflow_venv/lib/python3.9/site-packages/airflow/example_dags/example_branch_day_of_week_operator.py
[2024-05-16 13:13:51,292] {processor.py:654} INFO - DAG(s) dict_keys(['example_weekday_branch_operator']) retrieved from /Users/nikhilanand/airflow_venv/lib/python3.9/site-packages/airflow/example_dags/example_branch_day_of_week_operator.py
[2024-05-16 13:13:51,300] {logging_mixin.py:109} INFO - [2024-05-16 13:13:51,300] {dag.py:2396} INFO - Sync 1 DAGs
[2024-05-16 13:13:51,305] {logging_mixin.py:109} INFO - [2024-05-16 13:13:51,305] {dag.py:2935} INFO - Setting next_dagrun for example_weekday_branch_operator to 2024-05-15 00:00:00+00:00
[2024-05-16 13:13:51,309] {processor.py:171} INFO - Processing /Users/nikhilanand/airflow_venv/lib/python3.9/site-packages/airflow/example_dags/example_branch_day_of_week_operator.py took 0.034 seconds
[2024-05-16 13:15:00,151] {processor.py:163} INFO - Started process (PID=2798) to work on /Users/nikhilanand/airflow_venv/lib/python3.9/site-packages/airflow/example_dags/example_branch_day_of_week_operator.py
[2024-05-16 13:15:00,151] {processor.py:642} INFO - Processing file /Users/nikhilanand/airflow_venv/lib/python3.9/site-packages/airflow/example_dags/example_branch_day_of_week_operator.py for tasks to queue
[2024-05-16 13:15:00,151] {logging_mixin.py:109} INFO - [2024-05-16 13:15:00,151] {dagbag.py:500} INFO - Filling up the DagBag from /Users/nikhilanand/airflow_venv/lib/python3.9/site-packages/airflow/example_dags/example_branch_day_of_week_operator.py
[2024-05-16 13:15:00,169] {processor.py:654} INFO - DAG(s) dict_keys(['example_weekday_branch_operator']) retrieved from /Users/nikhilanand/airflow_venv/lib/python3.9/site-packages/airflow/example_dags/example_branch_day_of_week_operator.py
[2024-05-16 13:15:00,178] {logging_mixin.py:109} INFO - [2024-05-16 13:15:00,178] {dag.py:2396} INFO - Sync 1 DAGs
[2024-05-16 13:15:00,183] {logging_mixin.py:109} INFO - [2024-05-16 13:15:00,183] {dag.py:2935} INFO - Setting next_dagrun for example_weekday_branch_operator to 2024-05-15 00:00:00+00:00
[2024-05-16 13:15:00,187] {processor.py:171} INFO - Processing /Users/nikhilanand/airflow_venv/lib/python3.9/site-packages/airflow/example_dags/example_branch_day_of_week_operator.py took 0.037 seconds
[2024-05-16 13:16:09,015] {processor.py:163} INFO - Started process (PID=3780) to work on /Users/nikhilanand/airflow_venv/lib/python3.9/site-packages/airflow/example_dags/example_branch_day_of_week_operator.py
[2024-05-16 13:16:09,016] {processor.py:642} INFO - Processing file /Users/nikhilanand/airflow_venv/lib/python3.9/site-packages/airflow/example_dags/example_branch_day_of_week_operator.py for tasks to queue
[2024-05-16 13:16:09,016] {logging_mixin.py:109} INFO - [2024-05-16 13:16:09,016] {dagbag.py:500} INFO - Filling up the DagBag from /Users/nikhilanand/airflow_venv/lib/python3.9/site-packages/airflow/example_dags/example_branch_day_of_week_operator.py
[2024-05-16 13:16:09,032] {processor.py:654} INFO - DAG(s) dict_keys(['example_weekday_branch_operator']) retrieved from /Users/nikhilanand/airflow_venv/lib/python3.9/site-packages/airflow/example_dags/example_branch_day_of_week_operator.py
[2024-05-16 13:16:09,041] {logging_mixin.py:109} INFO - [2024-05-16 13:16:09,041] {dag.py:2396} INFO - Sync 1 DAGs
[2024-05-16 13:16:09,045] {logging_mixin.py:109} INFO - [2024-05-16 13:16:09,045] {dag.py:2935} INFO - Setting next_dagrun for example_weekday_branch_operator to 2024-05-15 00:00:00+00:00
[2024-05-16 13:16:09,049] {processor.py:171} INFO - Processing /Users/nikhilanand/airflow_venv/lib/python3.9/site-packages/airflow/example_dags/example_branch_day_of_week_operator.py took 0.034 seconds
[2024-05-16 13:17:21,998] {processor.py:163} INFO - Started process (PID=4616) to work on /Users/nikhilanand/airflow_venv/lib/python3.9/site-packages/airflow/example_dags/example_branch_day_of_week_operator.py
[2024-05-16 13:17:21,998] {processor.py:642} INFO - Processing file /Users/nikhilanand/airflow_venv/lib/python3.9/site-packages/airflow/example_dags/example_branch_day_of_week_operator.py for tasks to queue
[2024-05-16 13:17:21,999] {logging_mixin.py:109} INFO - [2024-05-16 13:17:21,998] {dagbag.py:500} INFO - Filling up the DagBag from /Users/nikhilanand/airflow_venv/lib/python3.9/site-packages/airflow/example_dags/example_branch_day_of_week_operator.py
[2024-05-16 13:17:22,016] {processor.py:654} INFO - DAG(s) dict_keys(['example_weekday_branch_operator']) retrieved from /Users/nikhilanand/airflow_venv/lib/python3.9/site-packages/airflow/example_dags/example_branch_day_of_week_operator.py
[2024-05-16 13:17:22,024] {logging_mixin.py:109} INFO - [2024-05-16 13:17:22,024] {dag.py:2396} INFO - Sync 1 DAGs
[2024-05-16 13:17:22,029] {logging_mixin.py:109} INFO - [2024-05-16 13:17:22,029] {dag.py:2935} INFO - Setting next_dagrun for example_weekday_branch_operator to 2024-05-15 00:00:00+00:00
[2024-05-16 13:17:22,033] {processor.py:171} INFO - Processing /Users/nikhilanand/airflow_venv/lib/python3.9/site-packages/airflow/example_dags/example_branch_day_of_week_operator.py took 0.035 seconds
[2024-05-16 13:18:32,895] {processor.py:163} INFO - Started process (PID=5460) to work on /Users/nikhilanand/airflow_venv/lib/python3.9/site-packages/airflow/example_dags/example_branch_day_of_week_operator.py
[2024-05-16 13:18:32,896] {processor.py:642} INFO - Processing file /Users/nikhilanand/airflow_venv/lib/python3.9/site-packages/airflow/example_dags/example_branch_day_of_week_operator.py for tasks to queue
[2024-05-16 13:18:32,897] {logging_mixin.py:109} INFO - [2024-05-16 13:18:32,896] {dagbag.py:500} INFO - Filling up the DagBag from /Users/nikhilanand/airflow_venv/lib/python3.9/site-packages/airflow/example_dags/example_branch_day_of_week_operator.py
[2024-05-16 13:18:32,936] {processor.py:654} INFO - DAG(s) dict_keys(['example_weekday_branch_operator']) retrieved from /Users/nikhilanand/airflow_venv/lib/python3.9/site-packages/airflow/example_dags/example_branch_day_of_week_operator.py
[2024-05-16 13:18:32,945] {logging_mixin.py:109} INFO - [2024-05-16 13:18:32,945] {dag.py:2396} INFO - Sync 1 DAGs
[2024-05-16 13:18:32,950] {logging_mixin.py:109} INFO - [2024-05-16 13:18:32,950] {dag.py:2935} INFO - Setting next_dagrun for example_weekday_branch_operator to 2024-05-15 00:00:00+00:00
[2024-05-16 13:18:32,954] {processor.py:171} INFO - Processing /Users/nikhilanand/airflow_venv/lib/python3.9/site-packages/airflow/example_dags/example_branch_day_of_week_operator.py took 0.059 seconds
[2024-05-16 13:19:40,959] {processor.py:163} INFO - Started process (PID=6286) to work on /Users/nikhilanand/airflow_venv/lib/python3.9/site-packages/airflow/example_dags/example_branch_day_of_week_operator.py
[2024-05-16 13:19:40,959] {processor.py:642} INFO - Processing file /Users/nikhilanand/airflow_venv/lib/python3.9/site-packages/airflow/example_dags/example_branch_day_of_week_operator.py for tasks to queue
[2024-05-16 13:19:40,959] {logging_mixin.py:109} INFO - [2024-05-16 13:19:40,959] {dagbag.py:500} INFO - Filling up the DagBag from /Users/nikhilanand/airflow_venv/lib/python3.9/site-packages/airflow/example_dags/example_branch_day_of_week_operator.py
[2024-05-16 13:19:40,977] {processor.py:654} INFO - DAG(s) dict_keys(['example_weekday_branch_operator']) retrieved from /Users/nikhilanand/airflow_venv/lib/python3.9/site-packages/airflow/example_dags/example_branch_day_of_week_operator.py
[2024-05-16 13:19:40,985] {logging_mixin.py:109} INFO - [2024-05-16 13:19:40,985] {dag.py:2396} INFO - Sync 1 DAGs
[2024-05-16 13:19:40,990] {logging_mixin.py:109} INFO - [2024-05-16 13:19:40,990] {dag.py:2935} INFO - Setting next_dagrun for example_weekday_branch_operator to 2024-05-15 00:00:00+00:00
[2024-05-16 13:19:40,994] {processor.py:171} INFO - Processing /Users/nikhilanand/airflow_venv/lib/python3.9/site-packages/airflow/example_dags/example_branch_day_of_week_operator.py took 0.035 seconds
[2024-05-16 13:20:47,800] {processor.py:163} INFO - Started process (PID=7069) to work on /Users/nikhilanand/airflow_venv/lib/python3.9/site-packages/airflow/example_dags/example_branch_day_of_week_operator.py
[2024-05-16 13:20:47,801] {processor.py:642} INFO - Processing file /Users/nikhilanand/airflow_venv/lib/python3.9/site-packages/airflow/example_dags/example_branch_day_of_week_operator.py for tasks to queue
[2024-05-16 13:20:47,801] {logging_mixin.py:109} INFO - [2024-05-16 13:20:47,801] {dagbag.py:500} INFO - Filling up the DagBag from /Users/nikhilanand/airflow_venv/lib/python3.9/site-packages/airflow/example_dags/example_branch_day_of_week_operator.py
[2024-05-16 13:20:47,818] {processor.py:654} INFO - DAG(s) dict_keys(['example_weekday_branch_operator']) retrieved from /Users/nikhilanand/airflow_venv/lib/python3.9/site-packages/airflow/example_dags/example_branch_day_of_week_operator.py
[2024-05-16 13:20:47,828] {logging_mixin.py:109} INFO - [2024-05-16 13:20:47,828] {dag.py:2396} INFO - Sync 1 DAGs
[2024-05-16 13:20:47,832] {logging_mixin.py:109} INFO - [2024-05-16 13:20:47,832] {dag.py:2935} INFO - Setting next_dagrun for example_weekday_branch_operator to 2024-05-15 00:00:00+00:00
[2024-05-16 13:20:47,836] {processor.py:171} INFO - Processing /Users/nikhilanand/airflow_venv/lib/python3.9/site-packages/airflow/example_dags/example_branch_day_of_week_operator.py took 0.036 seconds
[2024-05-16 13:21:58,516] {processor.py:163} INFO - Started process (PID=7900) to work on /Users/nikhilanand/airflow_venv/lib/python3.9/site-packages/airflow/example_dags/example_branch_day_of_week_operator.py
[2024-05-16 13:21:58,516] {processor.py:642} INFO - Processing file /Users/nikhilanand/airflow_venv/lib/python3.9/site-packages/airflow/example_dags/example_branch_day_of_week_operator.py for tasks to queue
[2024-05-16 13:21:58,516] {logging_mixin.py:109} INFO - [2024-05-16 13:21:58,516] {dagbag.py:500} INFO - Filling up the DagBag from /Users/nikhilanand/airflow_venv/lib/python3.9/site-packages/airflow/example_dags/example_branch_day_of_week_operator.py
[2024-05-16 13:21:58,534] {processor.py:654} INFO - DAG(s) dict_keys(['example_weekday_branch_operator']) retrieved from /Users/nikhilanand/airflow_venv/lib/python3.9/site-packages/airflow/example_dags/example_branch_day_of_week_operator.py
[2024-05-16 13:21:58,543] {logging_mixin.py:109} INFO - [2024-05-16 13:21:58,543] {dag.py:2396} INFO - Sync 1 DAGs
[2024-05-16 13:21:58,548] {logging_mixin.py:109} INFO - [2024-05-16 13:21:58,548] {dag.py:2935} INFO - Setting next_dagrun for example_weekday_branch_operator to 2024-05-15 00:00:00+00:00
[2024-05-16 13:21:58,552] {processor.py:171} INFO - Processing /Users/nikhilanand/airflow_venv/lib/python3.9/site-packages/airflow/example_dags/example_branch_day_of_week_operator.py took 0.036 seconds
[2024-05-16 13:23:05,035] {processor.py:163} INFO - Started process (PID=8672) to work on /Users/nikhilanand/airflow_venv/lib/python3.9/site-packages/airflow/example_dags/example_branch_day_of_week_operator.py
[2024-05-16 13:23:05,036] {processor.py:642} INFO - Processing file /Users/nikhilanand/airflow_venv/lib/python3.9/site-packages/airflow/example_dags/example_branch_day_of_week_operator.py for tasks to queue
[2024-05-16 13:23:05,036] {logging_mixin.py:109} INFO - [2024-05-16 13:23:05,036] {dagbag.py:500} INFO - Filling up the DagBag from /Users/nikhilanand/airflow_venv/lib/python3.9/site-packages/airflow/example_dags/example_branch_day_of_week_operator.py
[2024-05-16 13:23:05,052] {processor.py:654} INFO - DAG(s) dict_keys(['example_weekday_branch_operator']) retrieved from /Users/nikhilanand/airflow_venv/lib/python3.9/site-packages/airflow/example_dags/example_branch_day_of_week_operator.py
[2024-05-16 13:23:05,061] {logging_mixin.py:109} INFO - [2024-05-16 13:23:05,061] {dag.py:2396} INFO - Sync 1 DAGs
[2024-05-16 13:23:05,066] {logging_mixin.py:109} INFO - [2024-05-16 13:23:05,066] {dag.py:2935} INFO - Setting next_dagrun for example_weekday_branch_operator to 2024-05-15 00:00:00+00:00
[2024-05-16 13:23:05,070] {processor.py:171} INFO - Processing /Users/nikhilanand/airflow_venv/lib/python3.9/site-packages/airflow/example_dags/example_branch_day_of_week_operator.py took 0.035 seconds
[2024-05-16 13:24:13,219] {processor.py:163} INFO - Started process (PID=9495) to work on /Users/nikhilanand/airflow_venv/lib/python3.9/site-packages/airflow/example_dags/example_branch_day_of_week_operator.py
[2024-05-16 13:24:13,219] {processor.py:642} INFO - Processing file /Users/nikhilanand/airflow_venv/lib/python3.9/site-packages/airflow/example_dags/example_branch_day_of_week_operator.py for tasks to queue
[2024-05-16 13:24:13,219] {logging_mixin.py:109} INFO - [2024-05-16 13:24:13,219] {dagbag.py:500} INFO - Filling up the DagBag from /Users/nikhilanand/airflow_venv/lib/python3.9/site-packages/airflow/example_dags/example_branch_day_of_week_operator.py
[2024-05-16 13:24:13,238] {processor.py:654} INFO - DAG(s) dict_keys(['example_weekday_branch_operator']) retrieved from /Users/nikhilanand/airflow_venv/lib/python3.9/site-packages/airflow/example_dags/example_branch_day_of_week_operator.py
[2024-05-16 13:24:13,247] {logging_mixin.py:109} INFO - [2024-05-16 13:24:13,247] {dag.py:2396} INFO - Sync 1 DAGs
[2024-05-16 13:24:13,252] {logging_mixin.py:109} INFO - [2024-05-16 13:24:13,252] {dag.py:2935} INFO - Setting next_dagrun for example_weekday_branch_operator to 2024-05-15 00:00:00+00:00
[2024-05-16 13:24:13,256] {processor.py:171} INFO - Processing /Users/nikhilanand/airflow_venv/lib/python3.9/site-packages/airflow/example_dags/example_branch_day_of_week_operator.py took 0.038 seconds
[2024-05-16 13:25:22,652] {processor.py:163} INFO - Started process (PID=10671) to work on /Users/nikhilanand/airflow_venv/lib/python3.9/site-packages/airflow/example_dags/example_branch_day_of_week_operator.py
[2024-05-16 13:25:22,652] {processor.py:642} INFO - Processing file /Users/nikhilanand/airflow_venv/lib/python3.9/site-packages/airflow/example_dags/example_branch_day_of_week_operator.py for tasks to queue
[2024-05-16 13:25:22,652] {logging_mixin.py:109} INFO - [2024-05-16 13:25:22,652] {dagbag.py:500} INFO - Filling up the DagBag from /Users/nikhilanand/airflow_venv/lib/python3.9/site-packages/airflow/example_dags/example_branch_day_of_week_operator.py
[2024-05-16 13:25:22,670] {processor.py:654} INFO - DAG(s) dict_keys(['example_weekday_branch_operator']) retrieved from /Users/nikhilanand/airflow_venv/lib/python3.9/site-packages/airflow/example_dags/example_branch_day_of_week_operator.py
[2024-05-16 13:25:22,680] {logging_mixin.py:109} INFO - [2024-05-16 13:25:22,680] {dag.py:2396} INFO - Sync 1 DAGs
[2024-05-16 13:25:22,685] {logging_mixin.py:109} INFO - [2024-05-16 13:25:22,685] {dag.py:2935} INFO - Setting next_dagrun for example_weekday_branch_operator to 2024-05-15 00:00:00+00:00
[2024-05-16 13:25:22,689] {processor.py:171} INFO - Processing /Users/nikhilanand/airflow_venv/lib/python3.9/site-packages/airflow/example_dags/example_branch_day_of_week_operator.py took 0.037 seconds
[2024-05-16 13:26:29,132] {processor.py:163} INFO - Started process (PID=11456) to work on /Users/nikhilanand/airflow_venv/lib/python3.9/site-packages/airflow/example_dags/example_branch_day_of_week_operator.py
[2024-05-16 13:26:29,132] {processor.py:642} INFO - Processing file /Users/nikhilanand/airflow_venv/lib/python3.9/site-packages/airflow/example_dags/example_branch_day_of_week_operator.py for tasks to queue
[2024-05-16 13:26:29,133] {logging_mixin.py:109} INFO - [2024-05-16 13:26:29,133] {dagbag.py:500} INFO - Filling up the DagBag from /Users/nikhilanand/airflow_venv/lib/python3.9/site-packages/airflow/example_dags/example_branch_day_of_week_operator.py
[2024-05-16 13:26:29,148] {processor.py:654} INFO - DAG(s) dict_keys(['example_weekday_branch_operator']) retrieved from /Users/nikhilanand/airflow_venv/lib/python3.9/site-packages/airflow/example_dags/example_branch_day_of_week_operator.py
[2024-05-16 13:26:29,157] {logging_mixin.py:109} INFO - [2024-05-16 13:26:29,157] {dag.py:2396} INFO - Sync 1 DAGs
[2024-05-16 13:26:29,162] {logging_mixin.py:109} INFO - [2024-05-16 13:26:29,161] {dag.py:2935} INFO - Setting next_dagrun for example_weekday_branch_operator to 2024-05-15 00:00:00+00:00
[2024-05-16 13:26:29,165] {processor.py:171} INFO - Processing /Users/nikhilanand/airflow_venv/lib/python3.9/site-packages/airflow/example_dags/example_branch_day_of_week_operator.py took 0.033 seconds
[2024-05-16 13:27:38,684] {processor.py:163} INFO - Started process (PID=12292) to work on /Users/nikhilanand/airflow_venv/lib/python3.9/site-packages/airflow/example_dags/example_branch_day_of_week_operator.py
[2024-05-16 13:27:38,685] {processor.py:642} INFO - Processing file /Users/nikhilanand/airflow_venv/lib/python3.9/site-packages/airflow/example_dags/example_branch_day_of_week_operator.py for tasks to queue
[2024-05-16 13:27:38,686] {logging_mixin.py:109} INFO - [2024-05-16 13:27:38,685] {dagbag.py:500} INFO - Filling up the DagBag from /Users/nikhilanand/airflow_venv/lib/python3.9/site-packages/airflow/example_dags/example_branch_day_of_week_operator.py
[2024-05-16 13:27:38,703] {processor.py:654} INFO - DAG(s) dict_keys(['example_weekday_branch_operator']) retrieved from /Users/nikhilanand/airflow_venv/lib/python3.9/site-packages/airflow/example_dags/example_branch_day_of_week_operator.py
[2024-05-16 13:27:38,713] {logging_mixin.py:109} INFO - [2024-05-16 13:27:38,713] {dag.py:2396} INFO - Sync 1 DAGs
[2024-05-16 13:27:38,718] {logging_mixin.py:109} INFO - [2024-05-16 13:27:38,718] {dag.py:2935} INFO - Setting next_dagrun for example_weekday_branch_operator to 2024-05-15 00:00:00+00:00
[2024-05-16 13:27:38,721] {processor.py:171} INFO - Processing /Users/nikhilanand/airflow_venv/lib/python3.9/site-packages/airflow/example_dags/example_branch_day_of_week_operator.py took 0.038 seconds
[2024-05-16 13:29:10,241] {processor.py:163} INFO - Started process (PID=13364) to work on /Users/nikhilanand/airflow_venv/lib/python3.9/site-packages/airflow/example_dags/example_branch_day_of_week_operator.py
[2024-05-16 13:29:10,242] {processor.py:642} INFO - Processing file /Users/nikhilanand/airflow_venv/lib/python3.9/site-packages/airflow/example_dags/example_branch_day_of_week_operator.py for tasks to queue
[2024-05-16 13:29:10,242] {logging_mixin.py:109} INFO - [2024-05-16 13:29:10,242] {dagbag.py:500} INFO - Filling up the DagBag from /Users/nikhilanand/airflow_venv/lib/python3.9/site-packages/airflow/example_dags/example_branch_day_of_week_operator.py
[2024-05-16 13:29:10,258] {processor.py:654} INFO - DAG(s) dict_keys(['example_weekday_branch_operator']) retrieved from /Users/nikhilanand/airflow_venv/lib/python3.9/site-packages/airflow/example_dags/example_branch_day_of_week_operator.py
[2024-05-16 13:29:10,267] {logging_mixin.py:109} INFO - [2024-05-16 13:29:10,267] {dag.py:2396} INFO - Sync 1 DAGs
[2024-05-16 13:29:10,272] {logging_mixin.py:109} INFO - [2024-05-16 13:29:10,272] {dag.py:2935} INFO - Setting next_dagrun for example_weekday_branch_operator to 2024-05-15 00:00:00+00:00
[2024-05-16 13:29:10,276] {processor.py:171} INFO - Processing /Users/nikhilanand/airflow_venv/lib/python3.9/site-packages/airflow/example_dags/example_branch_day_of_week_operator.py took 0.035 seconds
[2024-05-16 13:30:18,728] {processor.py:163} INFO - Started process (PID=14207) to work on /Users/nikhilanand/airflow_venv/lib/python3.9/site-packages/airflow/example_dags/example_branch_day_of_week_operator.py
[2024-05-16 13:30:18,729] {processor.py:642} INFO - Processing file /Users/nikhilanand/airflow_venv/lib/python3.9/site-packages/airflow/example_dags/example_branch_day_of_week_operator.py for tasks to queue
[2024-05-16 13:30:18,729] {logging_mixin.py:109} INFO - [2024-05-16 13:30:18,729] {dagbag.py:500} INFO - Filling up the DagBag from /Users/nikhilanand/airflow_venv/lib/python3.9/site-packages/airflow/example_dags/example_branch_day_of_week_operator.py
[2024-05-16 13:30:18,745] {processor.py:654} INFO - DAG(s) dict_keys(['example_weekday_branch_operator']) retrieved from /Users/nikhilanand/airflow_venv/lib/python3.9/site-packages/airflow/example_dags/example_branch_day_of_week_operator.py
[2024-05-16 13:30:18,753] {logging_mixin.py:109} INFO - [2024-05-16 13:30:18,753] {dag.py:2396} INFO - Sync 1 DAGs
[2024-05-16 13:30:18,758] {logging_mixin.py:109} INFO - [2024-05-16 13:30:18,758] {dag.py:2935} INFO - Setting next_dagrun for example_weekday_branch_operator to 2024-05-15 00:00:00+00:00
[2024-05-16 13:30:18,762] {processor.py:171} INFO - Processing /Users/nikhilanand/airflow_venv/lib/python3.9/site-packages/airflow/example_dags/example_branch_day_of_week_operator.py took 0.034 seconds
[2024-05-16 13:31:30,213] {processor.py:163} INFO - Started process (PID=15062) to work on /Users/nikhilanand/airflow_venv/lib/python3.9/site-packages/airflow/example_dags/example_branch_day_of_week_operator.py
[2024-05-16 13:31:30,214] {processor.py:642} INFO - Processing file /Users/nikhilanand/airflow_venv/lib/python3.9/site-packages/airflow/example_dags/example_branch_day_of_week_operator.py for tasks to queue
[2024-05-16 13:31:30,215] {logging_mixin.py:109} INFO - [2024-05-16 13:31:30,215] {dagbag.py:500} INFO - Filling up the DagBag from /Users/nikhilanand/airflow_venv/lib/python3.9/site-packages/airflow/example_dags/example_branch_day_of_week_operator.py
[2024-05-16 13:31:30,232] {processor.py:654} INFO - DAG(s) dict_keys(['example_weekday_branch_operator']) retrieved from /Users/nikhilanand/airflow_venv/lib/python3.9/site-packages/airflow/example_dags/example_branch_day_of_week_operator.py
[2024-05-16 13:31:30,241] {logging_mixin.py:109} INFO - [2024-05-16 13:31:30,240] {dag.py:2396} INFO - Sync 1 DAGs
[2024-05-16 13:31:30,246] {logging_mixin.py:109} INFO - [2024-05-16 13:31:30,246] {dag.py:2935} INFO - Setting next_dagrun for example_weekday_branch_operator to 2024-05-15 00:00:00+00:00
[2024-05-16 13:31:30,249] {processor.py:171} INFO - Processing /Users/nikhilanand/airflow_venv/lib/python3.9/site-packages/airflow/example_dags/example_branch_day_of_week_operator.py took 0.036 seconds
[2024-05-16 13:32:38,982] {processor.py:163} INFO - Started process (PID=15889) to work on /Users/nikhilanand/airflow_venv/lib/python3.9/site-packages/airflow/example_dags/example_branch_day_of_week_operator.py
[2024-05-16 13:32:38,983] {processor.py:642} INFO - Processing file /Users/nikhilanand/airflow_venv/lib/python3.9/site-packages/airflow/example_dags/example_branch_day_of_week_operator.py for tasks to queue
[2024-05-16 13:32:38,983] {logging_mixin.py:109} INFO - [2024-05-16 13:32:38,983] {dagbag.py:500} INFO - Filling up the DagBag from /Users/nikhilanand/airflow_venv/lib/python3.9/site-packages/airflow/example_dags/example_branch_day_of_week_operator.py
[2024-05-16 13:32:38,999] {processor.py:654} INFO - DAG(s) dict_keys(['example_weekday_branch_operator']) retrieved from /Users/nikhilanand/airflow_venv/lib/python3.9/site-packages/airflow/example_dags/example_branch_day_of_week_operator.py
[2024-05-16 13:32:39,008] {logging_mixin.py:109} INFO - [2024-05-16 13:32:39,008] {dag.py:2396} INFO - Sync 1 DAGs
[2024-05-16 13:32:39,013] {logging_mixin.py:109} INFO - [2024-05-16 13:32:39,013] {dag.py:2935} INFO - Setting next_dagrun for example_weekday_branch_operator to 2024-05-15 00:00:00+00:00
[2024-05-16 13:32:39,017] {processor.py:171} INFO - Processing /Users/nikhilanand/airflow_venv/lib/python3.9/site-packages/airflow/example_dags/example_branch_day_of_week_operator.py took 0.035 seconds
