[2024-05-16 12:54:27,553] {processor.py:163} INFO - Started process (PID=87536) to work on /Users/nikhilanand/airflow_venv/lib/python3.9/site-packages/airflow/example_dags/example_kubernetes_executor.py
[2024-05-16 12:54:27,553] {processor.py:642} INFO - Processing file /Users/nikhilanand/airflow_venv/lib/python3.9/site-packages/airflow/example_dags/example_kubernetes_executor.py for tasks to queue
[2024-05-16 12:54:27,553] {logging_mixin.py:109} INFO - [2024-05-16 12:54:27,553] {dagbag.py:500} INFO - Filling up the DagBag from /Users/nikhilanand/airflow_venv/lib/python3.9/site-packages/airflow/example_dags/example_kubernetes_executor.py
[2024-05-16 12:54:27,564] {logging_mixin.py:109} INFO - [2024-05-16 12:54:27,564] {example_kubernetes_executor.py:38} WARNING - The example_kubernetes_executor example DAG requires the kubernetes provider. Please install it with: pip install apache-airflow[cncf.kubernetes]
[2024-05-16 12:54:27,576] {processor.py:656} WARNING - No viable dags retrieved from /Users/nikhilanand/airflow_venv/lib/python3.9/site-packages/airflow/example_dags/example_kubernetes_executor.py
[2024-05-16 12:54:27,577] {processor.py:171} INFO - Processing /Users/nikhilanand/airflow_venv/lib/python3.9/site-packages/airflow/example_dags/example_kubernetes_executor.py took 0.024 seconds
[2024-05-16 12:55:41,315] {processor.py:163} INFO - Started process (PID=88436) to work on /Users/nikhilanand/airflow_venv/lib/python3.9/site-packages/airflow/example_dags/example_kubernetes_executor.py
[2024-05-16 12:55:41,316] {processor.py:642} INFO - Processing file /Users/nikhilanand/airflow_venv/lib/python3.9/site-packages/airflow/example_dags/example_kubernetes_executor.py for tasks to queue
[2024-05-16 12:55:41,316] {logging_mixin.py:109} INFO - [2024-05-16 12:55:41,316] {dagbag.py:500} INFO - Filling up the DagBag from /Users/nikhilanand/airflow_venv/lib/python3.9/site-packages/airflow/example_dags/example_kubernetes_executor.py
[2024-05-16 12:55:41,327] {logging_mixin.py:109} INFO - [2024-05-16 12:55:41,327] {example_kubernetes_executor.py:38} WARNING - The example_kubernetes_executor example DAG requires the kubernetes provider. Please install it with: pip install apache-airflow[cncf.kubernetes]
[2024-05-16 12:55:41,339] {processor.py:656} WARNING - No viable dags retrieved from /Users/nikhilanand/airflow_venv/lib/python3.9/site-packages/airflow/example_dags/example_kubernetes_executor.py
[2024-05-16 12:55:41,340] {processor.py:171} INFO - Processing /Users/nikhilanand/airflow_venv/lib/python3.9/site-packages/airflow/example_dags/example_kubernetes_executor.py took 0.026 seconds
[2024-05-16 12:56:46,843] {processor.py:163} INFO - Started process (PID=89247) to work on /Users/nikhilanand/airflow_venv/lib/python3.9/site-packages/airflow/example_dags/example_kubernetes_executor.py
[2024-05-16 12:56:46,843] {processor.py:642} INFO - Processing file /Users/nikhilanand/airflow_venv/lib/python3.9/site-packages/airflow/example_dags/example_kubernetes_executor.py for tasks to queue
[2024-05-16 12:56:46,844] {logging_mixin.py:109} INFO - [2024-05-16 12:56:46,844] {dagbag.py:500} INFO - Filling up the DagBag from /Users/nikhilanand/airflow_venv/lib/python3.9/site-packages/airflow/example_dags/example_kubernetes_executor.py
[2024-05-16 12:56:46,854] {logging_mixin.py:109} INFO - [2024-05-16 12:56:46,854] {example_kubernetes_executor.py:38} WARNING - The example_kubernetes_executor example DAG requires the kubernetes provider. Please install it with: pip install apache-airflow[cncf.kubernetes]
[2024-05-16 12:56:46,866] {processor.py:656} WARNING - No viable dags retrieved from /Users/nikhilanand/airflow_venv/lib/python3.9/site-packages/airflow/example_dags/example_kubernetes_executor.py
[2024-05-16 12:56:46,867] {processor.py:171} INFO - Processing /Users/nikhilanand/airflow_venv/lib/python3.9/site-packages/airflow/example_dags/example_kubernetes_executor.py took 0.024 seconds
[2024-05-16 12:57:55,525] {processor.py:163} INFO - Started process (PID=90017) to work on /Users/nikhilanand/airflow_venv/lib/python3.9/site-packages/airflow/example_dags/example_kubernetes_executor.py
[2024-05-16 12:57:55,525] {processor.py:642} INFO - Processing file /Users/nikhilanand/airflow_venv/lib/python3.9/site-packages/airflow/example_dags/example_kubernetes_executor.py for tasks to queue
[2024-05-16 12:57:55,525] {logging_mixin.py:109} INFO - [2024-05-16 12:57:55,525] {dagbag.py:500} INFO - Filling up the DagBag from /Users/nikhilanand/airflow_venv/lib/python3.9/site-packages/airflow/example_dags/example_kubernetes_executor.py
[2024-05-16 12:57:55,536] {logging_mixin.py:109} INFO - [2024-05-16 12:57:55,536] {example_kubernetes_executor.py:38} WARNING - The example_kubernetes_executor example DAG requires the kubernetes provider. Please install it with: pip install apache-airflow[cncf.kubernetes]
[2024-05-16 12:57:55,548] {processor.py:656} WARNING - No viable dags retrieved from /Users/nikhilanand/airflow_venv/lib/python3.9/site-packages/airflow/example_dags/example_kubernetes_executor.py
[2024-05-16 12:57:55,549] {processor.py:171} INFO - Processing /Users/nikhilanand/airflow_venv/lib/python3.9/site-packages/airflow/example_dags/example_kubernetes_executor.py took 0.024 seconds
[2024-05-16 12:59:04,717] {processor.py:163} INFO - Started process (PID=90785) to work on /Users/nikhilanand/airflow_venv/lib/python3.9/site-packages/airflow/example_dags/example_kubernetes_executor.py
[2024-05-16 12:59:04,718] {processor.py:642} INFO - Processing file /Users/nikhilanand/airflow_venv/lib/python3.9/site-packages/airflow/example_dags/example_kubernetes_executor.py for tasks to queue
[2024-05-16 12:59:04,719] {logging_mixin.py:109} INFO - [2024-05-16 12:59:04,719] {dagbag.py:500} INFO - Filling up the DagBag from /Users/nikhilanand/airflow_venv/lib/python3.9/site-packages/airflow/example_dags/example_kubernetes_executor.py
[2024-05-16 12:59:04,731] {logging_mixin.py:109} INFO - [2024-05-16 12:59:04,731] {example_kubernetes_executor.py:38} WARNING - The example_kubernetes_executor example DAG requires the kubernetes provider. Please install it with: pip install apache-airflow[cncf.kubernetes]
[2024-05-16 12:59:04,755] {processor.py:656} WARNING - No viable dags retrieved from /Users/nikhilanand/airflow_venv/lib/python3.9/site-packages/airflow/example_dags/example_kubernetes_executor.py
[2024-05-16 12:59:04,757] {processor.py:171} INFO - Processing /Users/nikhilanand/airflow_venv/lib/python3.9/site-packages/airflow/example_dags/example_kubernetes_executor.py took 0.040 seconds
[2024-05-16 13:00:20,017] {processor.py:163} INFO - Started process (PID=91680) to work on /Users/nikhilanand/airflow_venv/lib/python3.9/site-packages/airflow/example_dags/example_kubernetes_executor.py
[2024-05-16 13:00:20,018] {processor.py:642} INFO - Processing file /Users/nikhilanand/airflow_venv/lib/python3.9/site-packages/airflow/example_dags/example_kubernetes_executor.py for tasks to queue
[2024-05-16 13:00:20,018] {logging_mixin.py:109} INFO - [2024-05-16 13:00:20,018] {dagbag.py:500} INFO - Filling up the DagBag from /Users/nikhilanand/airflow_venv/lib/python3.9/site-packages/airflow/example_dags/example_kubernetes_executor.py
[2024-05-16 13:00:20,030] {logging_mixin.py:109} INFO - [2024-05-16 13:00:20,030] {example_kubernetes_executor.py:38} WARNING - The example_kubernetes_executor example DAG requires the kubernetes provider. Please install it with: pip install apache-airflow[cncf.kubernetes]
[2024-05-16 13:00:20,042] {processor.py:656} WARNING - No viable dags retrieved from /Users/nikhilanand/airflow_venv/lib/python3.9/site-packages/airflow/example_dags/example_kubernetes_executor.py
[2024-05-16 13:00:20,043] {processor.py:171} INFO - Processing /Users/nikhilanand/airflow_venv/lib/python3.9/site-packages/airflow/example_dags/example_kubernetes_executor.py took 0.026 seconds
[2024-05-16 13:01:30,169] {processor.py:163} INFO - Started process (PID=92493) to work on /Users/nikhilanand/airflow_venv/lib/python3.9/site-packages/airflow/example_dags/example_kubernetes_executor.py
[2024-05-16 13:01:30,170] {processor.py:642} INFO - Processing file /Users/nikhilanand/airflow_venv/lib/python3.9/site-packages/airflow/example_dags/example_kubernetes_executor.py for tasks to queue
[2024-05-16 13:01:30,171] {logging_mixin.py:109} INFO - [2024-05-16 13:01:30,171] {dagbag.py:500} INFO - Filling up the DagBag from /Users/nikhilanand/airflow_venv/lib/python3.9/site-packages/airflow/example_dags/example_kubernetes_executor.py
[2024-05-16 13:01:30,182] {logging_mixin.py:109} INFO - [2024-05-16 13:01:30,182] {example_kubernetes_executor.py:38} WARNING - The example_kubernetes_executor example DAG requires the kubernetes provider. Please install it with: pip install apache-airflow[cncf.kubernetes]
[2024-05-16 13:01:30,195] {processor.py:656} WARNING - No viable dags retrieved from /Users/nikhilanand/airflow_venv/lib/python3.9/site-packages/airflow/example_dags/example_kubernetes_executor.py
[2024-05-16 13:01:30,196] {processor.py:171} INFO - Processing /Users/nikhilanand/airflow_venv/lib/python3.9/site-packages/airflow/example_dags/example_kubernetes_executor.py took 0.027 seconds
[2024-05-16 13:02:40,307] {processor.py:163} INFO - Started process (PID=93330) to work on /Users/nikhilanand/airflow_venv/lib/python3.9/site-packages/airflow/example_dags/example_kubernetes_executor.py
[2024-05-16 13:02:40,307] {processor.py:642} INFO - Processing file /Users/nikhilanand/airflow_venv/lib/python3.9/site-packages/airflow/example_dags/example_kubernetes_executor.py for tasks to queue
[2024-05-16 13:02:40,308] {logging_mixin.py:109} INFO - [2024-05-16 13:02:40,308] {dagbag.py:500} INFO - Filling up the DagBag from /Users/nikhilanand/airflow_venv/lib/python3.9/site-packages/airflow/example_dags/example_kubernetes_executor.py
[2024-05-16 13:02:40,320] {logging_mixin.py:109} INFO - [2024-05-16 13:02:40,320] {example_kubernetes_executor.py:38} WARNING - The example_kubernetes_executor example DAG requires the kubernetes provider. Please install it with: pip install apache-airflow[cncf.kubernetes]
[2024-05-16 13:02:40,340] {processor.py:656} WARNING - No viable dags retrieved from /Users/nikhilanand/airflow_venv/lib/python3.9/site-packages/airflow/example_dags/example_kubernetes_executor.py
[2024-05-16 13:02:40,341] {processor.py:171} INFO - Processing /Users/nikhilanand/airflow_venv/lib/python3.9/site-packages/airflow/example_dags/example_kubernetes_executor.py took 0.034 seconds
[2024-05-16 13:03:49,623] {processor.py:163} INFO - Started process (PID=94452) to work on /Users/nikhilanand/airflow_venv/lib/python3.9/site-packages/airflow/example_dags/example_kubernetes_executor.py
[2024-05-16 13:03:49,624] {processor.py:642} INFO - Processing file /Users/nikhilanand/airflow_venv/lib/python3.9/site-packages/airflow/example_dags/example_kubernetes_executor.py for tasks to queue
[2024-05-16 13:03:49,624] {logging_mixin.py:109} INFO - [2024-05-16 13:03:49,624] {dagbag.py:500} INFO - Filling up the DagBag from /Users/nikhilanand/airflow_venv/lib/python3.9/site-packages/airflow/example_dags/example_kubernetes_executor.py
[2024-05-16 13:03:49,643] {logging_mixin.py:109} INFO - [2024-05-16 13:03:49,643] {example_kubernetes_executor.py:38} WARNING - The example_kubernetes_executor example DAG requires the kubernetes provider. Please install it with: pip install apache-airflow[cncf.kubernetes]
[2024-05-16 13:03:49,658] {processor.py:656} WARNING - No viable dags retrieved from /Users/nikhilanand/airflow_venv/lib/python3.9/site-packages/airflow/example_dags/example_kubernetes_executor.py
[2024-05-16 13:03:49,660] {processor.py:171} INFO - Processing /Users/nikhilanand/airflow_venv/lib/python3.9/site-packages/airflow/example_dags/example_kubernetes_executor.py took 0.037 seconds
[2024-05-16 13:05:10,458] {processor.py:163} INFO - Started process (PID=95421) to work on /Users/nikhilanand/airflow_venv/lib/python3.9/site-packages/airflow/example_dags/example_kubernetes_executor.py
[2024-05-16 13:05:10,459] {processor.py:642} INFO - Processing file /Users/nikhilanand/airflow_venv/lib/python3.9/site-packages/airflow/example_dags/example_kubernetes_executor.py for tasks to queue
[2024-05-16 13:05:10,459] {logging_mixin.py:109} INFO - [2024-05-16 13:05:10,459] {dagbag.py:500} INFO - Filling up the DagBag from /Users/nikhilanand/airflow_venv/lib/python3.9/site-packages/airflow/example_dags/example_kubernetes_executor.py
[2024-05-16 13:05:10,470] {logging_mixin.py:109} INFO - [2024-05-16 13:05:10,470] {example_kubernetes_executor.py:38} WARNING - The example_kubernetes_executor example DAG requires the kubernetes provider. Please install it with: pip install apache-airflow[cncf.kubernetes]
[2024-05-16 13:05:10,482] {processor.py:656} WARNING - No viable dags retrieved from /Users/nikhilanand/airflow_venv/lib/python3.9/site-packages/airflow/example_dags/example_kubernetes_executor.py
[2024-05-16 13:05:10,483] {processor.py:171} INFO - Processing /Users/nikhilanand/airflow_venv/lib/python3.9/site-packages/airflow/example_dags/example_kubernetes_executor.py took 0.025 seconds
[2024-05-16 13:06:23,244] {processor.py:163} INFO - Started process (PID=96260) to work on /Users/nikhilanand/airflow_venv/lib/python3.9/site-packages/airflow/example_dags/example_kubernetes_executor.py
[2024-05-16 13:06:23,246] {processor.py:642} INFO - Processing file /Users/nikhilanand/airflow_venv/lib/python3.9/site-packages/airflow/example_dags/example_kubernetes_executor.py for tasks to queue
[2024-05-16 13:06:23,246] {logging_mixin.py:109} INFO - [2024-05-16 13:06:23,246] {dagbag.py:500} INFO - Filling up the DagBag from /Users/nikhilanand/airflow_venv/lib/python3.9/site-packages/airflow/example_dags/example_kubernetes_executor.py
[2024-05-16 13:06:23,258] {logging_mixin.py:109} INFO - [2024-05-16 13:06:23,258] {example_kubernetes_executor.py:38} WARNING - The example_kubernetes_executor example DAG requires the kubernetes provider. Please install it with: pip install apache-airflow[cncf.kubernetes]
[2024-05-16 13:06:23,270] {processor.py:656} WARNING - No viable dags retrieved from /Users/nikhilanand/airflow_venv/lib/python3.9/site-packages/airflow/example_dags/example_kubernetes_executor.py
[2024-05-16 13:06:23,271] {processor.py:171} INFO - Processing /Users/nikhilanand/airflow_venv/lib/python3.9/site-packages/airflow/example_dags/example_kubernetes_executor.py took 0.027 seconds
[2024-05-16 13:07:36,442] {processor.py:163} INFO - Started process (PID=97122) to work on /Users/nikhilanand/airflow_venv/lib/python3.9/site-packages/airflow/example_dags/example_kubernetes_executor.py
[2024-05-16 13:07:36,443] {processor.py:642} INFO - Processing file /Users/nikhilanand/airflow_venv/lib/python3.9/site-packages/airflow/example_dags/example_kubernetes_executor.py for tasks to queue
[2024-05-16 13:07:36,444] {logging_mixin.py:109} INFO - [2024-05-16 13:07:36,444] {dagbag.py:500} INFO - Filling up the DagBag from /Users/nikhilanand/airflow_venv/lib/python3.9/site-packages/airflow/example_dags/example_kubernetes_executor.py
[2024-05-16 13:07:36,453] {logging_mixin.py:109} INFO - [2024-05-16 13:07:36,453] {example_kubernetes_executor.py:38} WARNING - The example_kubernetes_executor example DAG requires the kubernetes provider. Please install it with: pip install apache-airflow[cncf.kubernetes]
[2024-05-16 13:07:36,465] {processor.py:656} WARNING - No viable dags retrieved from /Users/nikhilanand/airflow_venv/lib/python3.9/site-packages/airflow/example_dags/example_kubernetes_executor.py
[2024-05-16 13:07:36,466] {processor.py:171} INFO - Processing /Users/nikhilanand/airflow_venv/lib/python3.9/site-packages/airflow/example_dags/example_kubernetes_executor.py took 0.024 seconds
[2024-05-16 13:08:48,381] {processor.py:163} INFO - Started process (PID=97913) to work on /Users/nikhilanand/airflow_venv/lib/python3.9/site-packages/airflow/example_dags/example_kubernetes_executor.py
[2024-05-16 13:08:48,382] {processor.py:642} INFO - Processing file /Users/nikhilanand/airflow_venv/lib/python3.9/site-packages/airflow/example_dags/example_kubernetes_executor.py for tasks to queue
[2024-05-16 13:08:48,383] {logging_mixin.py:109} INFO - [2024-05-16 13:08:48,383] {dagbag.py:500} INFO - Filling up the DagBag from /Users/nikhilanand/airflow_venv/lib/python3.9/site-packages/airflow/example_dags/example_kubernetes_executor.py
[2024-05-16 13:08:48,392] {logging_mixin.py:109} INFO - [2024-05-16 13:08:48,392] {example_kubernetes_executor.py:38} WARNING - The example_kubernetes_executor example DAG requires the kubernetes provider. Please install it with: pip install apache-airflow[cncf.kubernetes]
[2024-05-16 13:08:48,404] {processor.py:656} WARNING - No viable dags retrieved from /Users/nikhilanand/airflow_venv/lib/python3.9/site-packages/airflow/example_dags/example_kubernetes_executor.py
[2024-05-16 13:08:48,405] {processor.py:171} INFO - Processing /Users/nikhilanand/airflow_venv/lib/python3.9/site-packages/airflow/example_dags/example_kubernetes_executor.py took 0.024 seconds
[2024-05-16 13:09:59,008] {processor.py:163} INFO - Started process (PID=98690) to work on /Users/nikhilanand/airflow_venv/lib/python3.9/site-packages/airflow/example_dags/example_kubernetes_executor.py
[2024-05-16 13:09:59,009] {processor.py:642} INFO - Processing file /Users/nikhilanand/airflow_venv/lib/python3.9/site-packages/airflow/example_dags/example_kubernetes_executor.py for tasks to queue
[2024-05-16 13:09:59,009] {logging_mixin.py:109} INFO - [2024-05-16 13:09:59,009] {dagbag.py:500} INFO - Filling up the DagBag from /Users/nikhilanand/airflow_venv/lib/python3.9/site-packages/airflow/example_dags/example_kubernetes_executor.py
[2024-05-16 13:09:59,037] {logging_mixin.py:109} INFO - [2024-05-16 13:09:59,037] {example_kubernetes_executor.py:38} WARNING - The example_kubernetes_executor example DAG requires the kubernetes provider. Please install it with: pip install apache-airflow[cncf.kubernetes]
[2024-05-16 13:09:59,049] {processor.py:656} WARNING - No viable dags retrieved from /Users/nikhilanand/airflow_venv/lib/python3.9/site-packages/airflow/example_dags/example_kubernetes_executor.py
[2024-05-16 13:09:59,050] {processor.py:171} INFO - Processing /Users/nikhilanand/airflow_venv/lib/python3.9/site-packages/airflow/example_dags/example_kubernetes_executor.py took 0.043 seconds
[2024-05-16 13:11:07,708] {processor.py:163} INFO - Started process (PID=99462) to work on /Users/nikhilanand/airflow_venv/lib/python3.9/site-packages/airflow/example_dags/example_kubernetes_executor.py
[2024-05-16 13:11:07,708] {processor.py:642} INFO - Processing file /Users/nikhilanand/airflow_venv/lib/python3.9/site-packages/airflow/example_dags/example_kubernetes_executor.py for tasks to queue
[2024-05-16 13:11:07,709] {logging_mixin.py:109} INFO - [2024-05-16 13:11:07,709] {dagbag.py:500} INFO - Filling up the DagBag from /Users/nikhilanand/airflow_venv/lib/python3.9/site-packages/airflow/example_dags/example_kubernetes_executor.py
[2024-05-16 13:11:07,721] {logging_mixin.py:109} INFO - [2024-05-16 13:11:07,721] {example_kubernetes_executor.py:38} WARNING - The example_kubernetes_executor example DAG requires the kubernetes provider. Please install it with: pip install apache-airflow[cncf.kubernetes]
[2024-05-16 13:11:07,733] {processor.py:656} WARNING - No viable dags retrieved from /Users/nikhilanand/airflow_venv/lib/python3.9/site-packages/airflow/example_dags/example_kubernetes_executor.py
[2024-05-16 13:11:07,734] {processor.py:171} INFO - Processing /Users/nikhilanand/airflow_venv/lib/python3.9/site-packages/airflow/example_dags/example_kubernetes_executor.py took 0.027 seconds
[2024-05-16 13:12:17,386] {processor.py:163} INFO - Started process (PID=405) to work on /Users/nikhilanand/airflow_venv/lib/python3.9/site-packages/airflow/example_dags/example_kubernetes_executor.py
[2024-05-16 13:12:17,387] {processor.py:642} INFO - Processing file /Users/nikhilanand/airflow_venv/lib/python3.9/site-packages/airflow/example_dags/example_kubernetes_executor.py for tasks to queue
[2024-05-16 13:12:17,387] {logging_mixin.py:109} INFO - [2024-05-16 13:12:17,387] {dagbag.py:500} INFO - Filling up the DagBag from /Users/nikhilanand/airflow_venv/lib/python3.9/site-packages/airflow/example_dags/example_kubernetes_executor.py
[2024-05-16 13:12:17,398] {logging_mixin.py:109} INFO - [2024-05-16 13:12:17,398] {example_kubernetes_executor.py:38} WARNING - The example_kubernetes_executor example DAG requires the kubernetes provider. Please install it with: pip install apache-airflow[cncf.kubernetes]
[2024-05-16 13:12:17,409] {processor.py:656} WARNING - No viable dags retrieved from /Users/nikhilanand/airflow_venv/lib/python3.9/site-packages/airflow/example_dags/example_kubernetes_executor.py
[2024-05-16 13:12:17,410] {processor.py:171} INFO - Processing /Users/nikhilanand/airflow_venv/lib/python3.9/site-packages/airflow/example_dags/example_kubernetes_executor.py took 0.024 seconds
[2024-05-16 13:13:38,177] {processor.py:163} INFO - Started process (PID=1551) to work on /Users/nikhilanand/airflow_venv/lib/python3.9/site-packages/airflow/example_dags/example_kubernetes_executor.py
[2024-05-16 13:13:38,177] {processor.py:642} INFO - Processing file /Users/nikhilanand/airflow_venv/lib/python3.9/site-packages/airflow/example_dags/example_kubernetes_executor.py for tasks to queue
[2024-05-16 13:13:38,177] {logging_mixin.py:109} INFO - [2024-05-16 13:13:38,177] {dagbag.py:500} INFO - Filling up the DagBag from /Users/nikhilanand/airflow_venv/lib/python3.9/site-packages/airflow/example_dags/example_kubernetes_executor.py
[2024-05-16 13:13:38,189] {logging_mixin.py:109} INFO - [2024-05-16 13:13:38,189] {example_kubernetes_executor.py:38} WARNING - The example_kubernetes_executor example DAG requires the kubernetes provider. Please install it with: pip install apache-airflow[cncf.kubernetes]
[2024-05-16 13:13:38,201] {processor.py:656} WARNING - No viable dags retrieved from /Users/nikhilanand/airflow_venv/lib/python3.9/site-packages/airflow/example_dags/example_kubernetes_executor.py
[2024-05-16 13:13:38,202] {processor.py:171} INFO - Processing /Users/nikhilanand/airflow_venv/lib/python3.9/site-packages/airflow/example_dags/example_kubernetes_executor.py took 0.026 seconds
[2024-05-16 13:14:46,813] {processor.py:163} INFO - Started process (PID=2374) to work on /Users/nikhilanand/airflow_venv/lib/python3.9/site-packages/airflow/example_dags/example_kubernetes_executor.py
[2024-05-16 13:14:46,815] {processor.py:642} INFO - Processing file /Users/nikhilanand/airflow_venv/lib/python3.9/site-packages/airflow/example_dags/example_kubernetes_executor.py for tasks to queue
[2024-05-16 13:14:46,815] {logging_mixin.py:109} INFO - [2024-05-16 13:14:46,815] {dagbag.py:500} INFO - Filling up the DagBag from /Users/nikhilanand/airflow_venv/lib/python3.9/site-packages/airflow/example_dags/example_kubernetes_executor.py
[2024-05-16 13:14:46,826] {logging_mixin.py:109} INFO - [2024-05-16 13:14:46,826] {example_kubernetes_executor.py:38} WARNING - The example_kubernetes_executor example DAG requires the kubernetes provider. Please install it with: pip install apache-airflow[cncf.kubernetes]
[2024-05-16 13:14:46,838] {processor.py:656} WARNING - No viable dags retrieved from /Users/nikhilanand/airflow_venv/lib/python3.9/site-packages/airflow/example_dags/example_kubernetes_executor.py
[2024-05-16 13:14:46,839] {processor.py:171} INFO - Processing /Users/nikhilanand/airflow_venv/lib/python3.9/site-packages/airflow/example_dags/example_kubernetes_executor.py took 0.026 seconds
[2024-05-16 13:15:55,750] {processor.py:163} INFO - Started process (PID=3606) to work on /Users/nikhilanand/airflow_venv/lib/python3.9/site-packages/airflow/example_dags/example_kubernetes_executor.py
[2024-05-16 13:15:55,751] {processor.py:642} INFO - Processing file /Users/nikhilanand/airflow_venv/lib/python3.9/site-packages/airflow/example_dags/example_kubernetes_executor.py for tasks to queue
[2024-05-16 13:15:55,752] {logging_mixin.py:109} INFO - [2024-05-16 13:15:55,752] {dagbag.py:500} INFO - Filling up the DagBag from /Users/nikhilanand/airflow_venv/lib/python3.9/site-packages/airflow/example_dags/example_kubernetes_executor.py
[2024-05-16 13:15:55,763] {logging_mixin.py:109} INFO - [2024-05-16 13:15:55,763] {example_kubernetes_executor.py:38} WARNING - The example_kubernetes_executor example DAG requires the kubernetes provider. Please install it with: pip install apache-airflow[cncf.kubernetes]
[2024-05-16 13:15:55,775] {processor.py:656} WARNING - No viable dags retrieved from /Users/nikhilanand/airflow_venv/lib/python3.9/site-packages/airflow/example_dags/example_kubernetes_executor.py
[2024-05-16 13:15:55,776] {processor.py:171} INFO - Processing /Users/nikhilanand/airflow_venv/lib/python3.9/site-packages/airflow/example_dags/example_kubernetes_executor.py took 0.026 seconds
[2024-05-16 13:17:10,157] {processor.py:163} INFO - Started process (PID=4485) to work on /Users/nikhilanand/airflow_venv/lib/python3.9/site-packages/airflow/example_dags/example_kubernetes_executor.py
[2024-05-16 13:17:10,158] {processor.py:642} INFO - Processing file /Users/nikhilanand/airflow_venv/lib/python3.9/site-packages/airflow/example_dags/example_kubernetes_executor.py for tasks to queue
[2024-05-16 13:17:10,158] {logging_mixin.py:109} INFO - [2024-05-16 13:17:10,158] {dagbag.py:500} INFO - Filling up the DagBag from /Users/nikhilanand/airflow_venv/lib/python3.9/site-packages/airflow/example_dags/example_kubernetes_executor.py
[2024-05-16 13:17:10,171] {logging_mixin.py:109} INFO - [2024-05-16 13:17:10,171] {example_kubernetes_executor.py:38} WARNING - The example_kubernetes_executor example DAG requires the kubernetes provider. Please install it with: pip install apache-airflow[cncf.kubernetes]
[2024-05-16 13:17:10,183] {processor.py:656} WARNING - No viable dags retrieved from /Users/nikhilanand/airflow_venv/lib/python3.9/site-packages/airflow/example_dags/example_kubernetes_executor.py
[2024-05-16 13:17:10,183] {processor.py:171} INFO - Processing /Users/nikhilanand/airflow_venv/lib/python3.9/site-packages/airflow/example_dags/example_kubernetes_executor.py took 0.027 seconds
[2024-05-16 13:18:21,194] {processor.py:163} INFO - Started process (PID=5334) to work on /Users/nikhilanand/airflow_venv/lib/python3.9/site-packages/airflow/example_dags/example_kubernetes_executor.py
[2024-05-16 13:18:21,195] {processor.py:642} INFO - Processing file /Users/nikhilanand/airflow_venv/lib/python3.9/site-packages/airflow/example_dags/example_kubernetes_executor.py for tasks to queue
[2024-05-16 13:18:21,195] {logging_mixin.py:109} INFO - [2024-05-16 13:18:21,195] {dagbag.py:500} INFO - Filling up the DagBag from /Users/nikhilanand/airflow_venv/lib/python3.9/site-packages/airflow/example_dags/example_kubernetes_executor.py
[2024-05-16 13:18:21,207] {logging_mixin.py:109} INFO - [2024-05-16 13:18:21,207] {example_kubernetes_executor.py:38} WARNING - The example_kubernetes_executor example DAG requires the kubernetes provider. Please install it with: pip install apache-airflow[cncf.kubernetes]
[2024-05-16 13:18:21,218] {processor.py:656} WARNING - No viable dags retrieved from /Users/nikhilanand/airflow_venv/lib/python3.9/site-packages/airflow/example_dags/example_kubernetes_executor.py
[2024-05-16 13:18:21,219] {processor.py:171} INFO - Processing /Users/nikhilanand/airflow_venv/lib/python3.9/site-packages/airflow/example_dags/example_kubernetes_executor.py took 0.026 seconds
[2024-05-16 13:19:27,752] {processor.py:163} INFO - Started process (PID=6120) to work on /Users/nikhilanand/airflow_venv/lib/python3.9/site-packages/airflow/example_dags/example_kubernetes_executor.py
[2024-05-16 13:19:27,752] {processor.py:642} INFO - Processing file /Users/nikhilanand/airflow_venv/lib/python3.9/site-packages/airflow/example_dags/example_kubernetes_executor.py for tasks to queue
[2024-05-16 13:19:27,753] {logging_mixin.py:109} INFO - [2024-05-16 13:19:27,752] {dagbag.py:500} INFO - Filling up the DagBag from /Users/nikhilanand/airflow_venv/lib/python3.9/site-packages/airflow/example_dags/example_kubernetes_executor.py
[2024-05-16 13:19:27,763] {logging_mixin.py:109} INFO - [2024-05-16 13:19:27,763] {example_kubernetes_executor.py:38} WARNING - The example_kubernetes_executor example DAG requires the kubernetes provider. Please install it with: pip install apache-airflow[cncf.kubernetes]
[2024-05-16 13:19:27,775] {processor.py:656} WARNING - No viable dags retrieved from /Users/nikhilanand/airflow_venv/lib/python3.9/site-packages/airflow/example_dags/example_kubernetes_executor.py
[2024-05-16 13:19:27,777] {processor.py:171} INFO - Processing /Users/nikhilanand/airflow_venv/lib/python3.9/site-packages/airflow/example_dags/example_kubernetes_executor.py took 0.025 seconds
[2024-05-16 13:20:36,290] {processor.py:163} INFO - Started process (PID=6939) to work on /Users/nikhilanand/airflow_venv/lib/python3.9/site-packages/airflow/example_dags/example_kubernetes_executor.py
[2024-05-16 13:20:36,290] {processor.py:642} INFO - Processing file /Users/nikhilanand/airflow_venv/lib/python3.9/site-packages/airflow/example_dags/example_kubernetes_executor.py for tasks to queue
[2024-05-16 13:20:36,290] {logging_mixin.py:109} INFO - [2024-05-16 13:20:36,290] {dagbag.py:500} INFO - Filling up the DagBag from /Users/nikhilanand/airflow_venv/lib/python3.9/site-packages/airflow/example_dags/example_kubernetes_executor.py
[2024-05-16 13:20:36,300] {logging_mixin.py:109} INFO - [2024-05-16 13:20:36,300] {example_kubernetes_executor.py:38} WARNING - The example_kubernetes_executor example DAG requires the kubernetes provider. Please install it with: pip install apache-airflow[cncf.kubernetes]
[2024-05-16 13:20:36,311] {processor.py:656} WARNING - No viable dags retrieved from /Users/nikhilanand/airflow_venv/lib/python3.9/site-packages/airflow/example_dags/example_kubernetes_executor.py
[2024-05-16 13:20:36,312] {processor.py:171} INFO - Processing /Users/nikhilanand/airflow_venv/lib/python3.9/site-packages/airflow/example_dags/example_kubernetes_executor.py took 0.023 seconds
[2024-05-16 13:21:45,069] {processor.py:163} INFO - Started process (PID=7733) to work on /Users/nikhilanand/airflow_venv/lib/python3.9/site-packages/airflow/example_dags/example_kubernetes_executor.py
[2024-05-16 13:21:45,070] {processor.py:642} INFO - Processing file /Users/nikhilanand/airflow_venv/lib/python3.9/site-packages/airflow/example_dags/example_kubernetes_executor.py for tasks to queue
[2024-05-16 13:21:45,070] {logging_mixin.py:109} INFO - [2024-05-16 13:21:45,070] {dagbag.py:500} INFO - Filling up the DagBag from /Users/nikhilanand/airflow_venv/lib/python3.9/site-packages/airflow/example_dags/example_kubernetes_executor.py
[2024-05-16 13:21:45,082] {logging_mixin.py:109} INFO - [2024-05-16 13:21:45,082] {example_kubernetes_executor.py:38} WARNING - The example_kubernetes_executor example DAG requires the kubernetes provider. Please install it with: pip install apache-airflow[cncf.kubernetes]
[2024-05-16 13:21:45,093] {processor.py:656} WARNING - No viable dags retrieved from /Users/nikhilanand/airflow_venv/lib/python3.9/site-packages/airflow/example_dags/example_kubernetes_executor.py
[2024-05-16 13:21:45,094] {processor.py:171} INFO - Processing /Users/nikhilanand/airflow_venv/lib/python3.9/site-packages/airflow/example_dags/example_kubernetes_executor.py took 0.025 seconds
[2024-05-16 13:22:52,031] {processor.py:163} INFO - Started process (PID=8535) to work on /Users/nikhilanand/airflow_venv/lib/python3.9/site-packages/airflow/example_dags/example_kubernetes_executor.py
[2024-05-16 13:22:52,032] {processor.py:642} INFO - Processing file /Users/nikhilanand/airflow_venv/lib/python3.9/site-packages/airflow/example_dags/example_kubernetes_executor.py for tasks to queue
[2024-05-16 13:22:52,032] {logging_mixin.py:109} INFO - [2024-05-16 13:22:52,032] {dagbag.py:500} INFO - Filling up the DagBag from /Users/nikhilanand/airflow_venv/lib/python3.9/site-packages/airflow/example_dags/example_kubernetes_executor.py
[2024-05-16 13:22:52,043] {logging_mixin.py:109} INFO - [2024-05-16 13:22:52,043] {example_kubernetes_executor.py:38} WARNING - The example_kubernetes_executor example DAG requires the kubernetes provider. Please install it with: pip install apache-airflow[cncf.kubernetes]
[2024-05-16 13:22:52,054] {processor.py:656} WARNING - No viable dags retrieved from /Users/nikhilanand/airflow_venv/lib/python3.9/site-packages/airflow/example_dags/example_kubernetes_executor.py
[2024-05-16 13:22:52,055] {processor.py:171} INFO - Processing /Users/nikhilanand/airflow_venv/lib/python3.9/site-packages/airflow/example_dags/example_kubernetes_executor.py took 0.025 seconds
[2024-05-16 13:23:59,948] {processor.py:163} INFO - Started process (PID=9328) to work on /Users/nikhilanand/airflow_venv/lib/python3.9/site-packages/airflow/example_dags/example_kubernetes_executor.py
[2024-05-16 13:23:59,948] {processor.py:642} INFO - Processing file /Users/nikhilanand/airflow_venv/lib/python3.9/site-packages/airflow/example_dags/example_kubernetes_executor.py for tasks to queue
[2024-05-16 13:23:59,949] {logging_mixin.py:109} INFO - [2024-05-16 13:23:59,948] {dagbag.py:500} INFO - Filling up the DagBag from /Users/nikhilanand/airflow_venv/lib/python3.9/site-packages/airflow/example_dags/example_kubernetes_executor.py
[2024-05-16 13:23:59,958] {logging_mixin.py:109} INFO - [2024-05-16 13:23:59,958] {example_kubernetes_executor.py:38} WARNING - The example_kubernetes_executor example DAG requires the kubernetes provider. Please install it with: pip install apache-airflow[cncf.kubernetes]
[2024-05-16 13:23:59,970] {processor.py:656} WARNING - No viable dags retrieved from /Users/nikhilanand/airflow_venv/lib/python3.9/site-packages/airflow/example_dags/example_kubernetes_executor.py
[2024-05-16 13:23:59,971] {processor.py:171} INFO - Processing /Users/nikhilanand/airflow_venv/lib/python3.9/site-packages/airflow/example_dags/example_kubernetes_executor.py took 0.023 seconds
[2024-05-16 13:25:09,213] {processor.py:163} INFO - Started process (PID=10516) to work on /Users/nikhilanand/airflow_venv/lib/python3.9/site-packages/airflow/example_dags/example_kubernetes_executor.py
[2024-05-16 13:25:09,214] {processor.py:642} INFO - Processing file /Users/nikhilanand/airflow_venv/lib/python3.9/site-packages/airflow/example_dags/example_kubernetes_executor.py for tasks to queue
[2024-05-16 13:25:09,214] {logging_mixin.py:109} INFO - [2024-05-16 13:25:09,214] {dagbag.py:500} INFO - Filling up the DagBag from /Users/nikhilanand/airflow_venv/lib/python3.9/site-packages/airflow/example_dags/example_kubernetes_executor.py
[2024-05-16 13:25:09,226] {logging_mixin.py:109} INFO - [2024-05-16 13:25:09,226] {example_kubernetes_executor.py:38} WARNING - The example_kubernetes_executor example DAG requires the kubernetes provider. Please install it with: pip install apache-airflow[cncf.kubernetes]
[2024-05-16 13:25:09,239] {processor.py:656} WARNING - No viable dags retrieved from /Users/nikhilanand/airflow_venv/lib/python3.9/site-packages/airflow/example_dags/example_kubernetes_executor.py
[2024-05-16 13:25:09,240] {processor.py:171} INFO - Processing /Users/nikhilanand/airflow_venv/lib/python3.9/site-packages/airflow/example_dags/example_kubernetes_executor.py took 0.027 seconds
[2024-05-16 13:26:17,726] {processor.py:163} INFO - Started process (PID=11319) to work on /Users/nikhilanand/airflow_venv/lib/python3.9/site-packages/airflow/example_dags/example_kubernetes_executor.py
[2024-05-16 13:26:17,726] {processor.py:642} INFO - Processing file /Users/nikhilanand/airflow_venv/lib/python3.9/site-packages/airflow/example_dags/example_kubernetes_executor.py for tasks to queue
[2024-05-16 13:26:17,726] {logging_mixin.py:109} INFO - [2024-05-16 13:26:17,726] {dagbag.py:500} INFO - Filling up the DagBag from /Users/nikhilanand/airflow_venv/lib/python3.9/site-packages/airflow/example_dags/example_kubernetes_executor.py
[2024-05-16 13:26:17,738] {logging_mixin.py:109} INFO - [2024-05-16 13:26:17,738] {example_kubernetes_executor.py:38} WARNING - The example_kubernetes_executor example DAG requires the kubernetes provider. Please install it with: pip install apache-airflow[cncf.kubernetes]
[2024-05-16 13:26:17,750] {processor.py:656} WARNING - No viable dags retrieved from /Users/nikhilanand/airflow_venv/lib/python3.9/site-packages/airflow/example_dags/example_kubernetes_executor.py
[2024-05-16 13:26:17,750] {processor.py:171} INFO - Processing /Users/nikhilanand/airflow_venv/lib/python3.9/site-packages/airflow/example_dags/example_kubernetes_executor.py took 0.025 seconds
[2024-05-16 13:27:24,781] {processor.py:163} INFO - Started process (PID=12108) to work on /Users/nikhilanand/airflow_venv/lib/python3.9/site-packages/airflow/example_dags/example_kubernetes_executor.py
[2024-05-16 13:27:24,782] {processor.py:642} INFO - Processing file /Users/nikhilanand/airflow_venv/lib/python3.9/site-packages/airflow/example_dags/example_kubernetes_executor.py for tasks to queue
[2024-05-16 13:27:24,783] {logging_mixin.py:109} INFO - [2024-05-16 13:27:24,783] {dagbag.py:500} INFO - Filling up the DagBag from /Users/nikhilanand/airflow_venv/lib/python3.9/site-packages/airflow/example_dags/example_kubernetes_executor.py
[2024-05-16 13:27:24,794] {logging_mixin.py:109} INFO - [2024-05-16 13:27:24,794] {example_kubernetes_executor.py:38} WARNING - The example_kubernetes_executor example DAG requires the kubernetes provider. Please install it with: pip install apache-airflow[cncf.kubernetes]
[2024-05-16 13:27:24,805] {processor.py:656} WARNING - No viable dags retrieved from /Users/nikhilanand/airflow_venv/lib/python3.9/site-packages/airflow/example_dags/example_kubernetes_executor.py
[2024-05-16 13:27:24,806] {processor.py:171} INFO - Processing /Users/nikhilanand/airflow_venv/lib/python3.9/site-packages/airflow/example_dags/example_kubernetes_executor.py took 0.025 seconds
[2024-05-16 13:28:56,702] {processor.py:163} INFO - Started process (PID=13216) to work on /Users/nikhilanand/airflow_venv/lib/python3.9/site-packages/airflow/example_dags/example_kubernetes_executor.py
[2024-05-16 13:28:56,703] {processor.py:642} INFO - Processing file /Users/nikhilanand/airflow_venv/lib/python3.9/site-packages/airflow/example_dags/example_kubernetes_executor.py for tasks to queue
[2024-05-16 13:28:56,704] {logging_mixin.py:109} INFO - [2024-05-16 13:28:56,704] {dagbag.py:500} INFO - Filling up the DagBag from /Users/nikhilanand/airflow_venv/lib/python3.9/site-packages/airflow/example_dags/example_kubernetes_executor.py
[2024-05-16 13:28:56,714] {logging_mixin.py:109} INFO - [2024-05-16 13:28:56,713] {example_kubernetes_executor.py:38} WARNING - The example_kubernetes_executor example DAG requires the kubernetes provider. Please install it with: pip install apache-airflow[cncf.kubernetes]
[2024-05-16 13:28:56,725] {processor.py:656} WARNING - No viable dags retrieved from /Users/nikhilanand/airflow_venv/lib/python3.9/site-packages/airflow/example_dags/example_kubernetes_executor.py
[2024-05-16 13:28:56,726] {processor.py:171} INFO - Processing /Users/nikhilanand/airflow_venv/lib/python3.9/site-packages/airflow/example_dags/example_kubernetes_executor.py took 0.024 seconds
[2024-05-16 13:30:05,483] {processor.py:163} INFO - Started process (PID=14036) to work on /Users/nikhilanand/airflow_venv/lib/python3.9/site-packages/airflow/example_dags/example_kubernetes_executor.py
[2024-05-16 13:30:05,484] {processor.py:642} INFO - Processing file /Users/nikhilanand/airflow_venv/lib/python3.9/site-packages/airflow/example_dags/example_kubernetes_executor.py for tasks to queue
[2024-05-16 13:30:05,484] {logging_mixin.py:109} INFO - [2024-05-16 13:30:05,484] {dagbag.py:500} INFO - Filling up the DagBag from /Users/nikhilanand/airflow_venv/lib/python3.9/site-packages/airflow/example_dags/example_kubernetes_executor.py
[2024-05-16 13:30:05,494] {logging_mixin.py:109} INFO - [2024-05-16 13:30:05,494] {example_kubernetes_executor.py:38} WARNING - The example_kubernetes_executor example DAG requires the kubernetes provider. Please install it with: pip install apache-airflow[cncf.kubernetes]
[2024-05-16 13:30:05,506] {processor.py:656} WARNING - No viable dags retrieved from /Users/nikhilanand/airflow_venv/lib/python3.9/site-packages/airflow/example_dags/example_kubernetes_executor.py
[2024-05-16 13:30:05,507] {processor.py:171} INFO - Processing /Users/nikhilanand/airflow_venv/lib/python3.9/site-packages/airflow/example_dags/example_kubernetes_executor.py took 0.023 seconds
[2024-05-16 13:31:16,995] {processor.py:163} INFO - Started process (PID=14892) to work on /Users/nikhilanand/airflow_venv/lib/python3.9/site-packages/airflow/example_dags/example_kubernetes_executor.py
[2024-05-16 13:31:16,996] {processor.py:642} INFO - Processing file /Users/nikhilanand/airflow_venv/lib/python3.9/site-packages/airflow/example_dags/example_kubernetes_executor.py for tasks to queue
[2024-05-16 13:31:16,996] {logging_mixin.py:109} INFO - [2024-05-16 13:31:16,996] {dagbag.py:500} INFO - Filling up the DagBag from /Users/nikhilanand/airflow_venv/lib/python3.9/site-packages/airflow/example_dags/example_kubernetes_executor.py
[2024-05-16 13:31:17,007] {logging_mixin.py:109} INFO - [2024-05-16 13:31:17,007] {example_kubernetes_executor.py:38} WARNING - The example_kubernetes_executor example DAG requires the kubernetes provider. Please install it with: pip install apache-airflow[cncf.kubernetes]
[2024-05-16 13:31:17,019] {processor.py:656} WARNING - No viable dags retrieved from /Users/nikhilanand/airflow_venv/lib/python3.9/site-packages/airflow/example_dags/example_kubernetes_executor.py
[2024-05-16 13:31:17,020] {processor.py:171} INFO - Processing /Users/nikhilanand/airflow_venv/lib/python3.9/site-packages/airflow/example_dags/example_kubernetes_executor.py took 0.025 seconds
[2024-05-16 13:32:25,763] {processor.py:163} INFO - Started process (PID=15734) to work on /Users/nikhilanand/airflow_venv/lib/python3.9/site-packages/airflow/example_dags/example_kubernetes_executor.py
[2024-05-16 13:32:25,764] {processor.py:642} INFO - Processing file /Users/nikhilanand/airflow_venv/lib/python3.9/site-packages/airflow/example_dags/example_kubernetes_executor.py for tasks to queue
[2024-05-16 13:32:25,764] {logging_mixin.py:109} INFO - [2024-05-16 13:32:25,764] {dagbag.py:500} INFO - Filling up the DagBag from /Users/nikhilanand/airflow_venv/lib/python3.9/site-packages/airflow/example_dags/example_kubernetes_executor.py
[2024-05-16 13:32:25,774] {logging_mixin.py:109} INFO - [2024-05-16 13:32:25,774] {example_kubernetes_executor.py:38} WARNING - The example_kubernetes_executor example DAG requires the kubernetes provider. Please install it with: pip install apache-airflow[cncf.kubernetes]
[2024-05-16 13:32:25,785] {processor.py:656} WARNING - No viable dags retrieved from /Users/nikhilanand/airflow_venv/lib/python3.9/site-packages/airflow/example_dags/example_kubernetes_executor.py
[2024-05-16 13:32:25,786] {processor.py:171} INFO - Processing /Users/nikhilanand/airflow_venv/lib/python3.9/site-packages/airflow/example_dags/example_kubernetes_executor.py took 0.023 seconds
