[2024-05-16 12:54:33,656] {processor.py:163} INFO - Started process (PID=87618) to work on /Users/nikhilanand/airflow_venv/lib/python3.9/site-packages/airflow/example_dags/example_complex.py
[2024-05-16 12:54:33,656] {processor.py:642} INFO - Processing file /Users/nikhilanand/airflow_venv/lib/python3.9/site-packages/airflow/example_dags/example_complex.py for tasks to queue
[2024-05-16 12:54:33,656] {logging_mixin.py:109} INFO - [2024-05-16 12:54:33,656] {dagbag.py:500} INFO - Filling up the DagBag from /Users/nikhilanand/airflow_venv/lib/python3.9/site-packages/airflow/example_dags/example_complex.py
[2024-05-16 12:54:33,677] {processor.py:654} INFO - DAG(s) dict_keys(['example_complex']) retrieved from /Users/nikhilanand/airflow_venv/lib/python3.9/site-packages/airflow/example_dags/example_complex.py
[2024-05-16 12:54:33,689] {logging_mixin.py:109} INFO - [2024-05-16 12:54:33,689] {dag.py:2396} INFO - Sync 1 DAGs
[2024-05-16 12:54:33,693] {logging_mixin.py:109} INFO - [2024-05-16 12:54:33,693] {dag.py:2935} INFO - Setting next_dagrun for example_complex to None
[2024-05-16 12:54:33,696] {processor.py:171} INFO - Processing /Users/nikhilanand/airflow_venv/lib/python3.9/site-packages/airflow/example_dags/example_complex.py took 0.041 seconds
[2024-05-16 12:55:46,227] {processor.py:163} INFO - Started process (PID=88490) to work on /Users/nikhilanand/airflow_venv/lib/python3.9/site-packages/airflow/example_dags/example_complex.py
[2024-05-16 12:55:46,228] {processor.py:642} INFO - Processing file /Users/nikhilanand/airflow_venv/lib/python3.9/site-packages/airflow/example_dags/example_complex.py for tasks to queue
[2024-05-16 12:55:46,228] {logging_mixin.py:109} INFO - [2024-05-16 12:55:46,228] {dagbag.py:500} INFO - Filling up the DagBag from /Users/nikhilanand/airflow_venv/lib/python3.9/site-packages/airflow/example_dags/example_complex.py
[2024-05-16 12:55:46,248] {processor.py:654} INFO - DAG(s) dict_keys(['example_complex']) retrieved from /Users/nikhilanand/airflow_venv/lib/python3.9/site-packages/airflow/example_dags/example_complex.py
[2024-05-16 12:55:46,259] {logging_mixin.py:109} INFO - [2024-05-16 12:55:46,259] {dag.py:2396} INFO - Sync 1 DAGs
[2024-05-16 12:55:46,264] {logging_mixin.py:109} INFO - [2024-05-16 12:55:46,264] {dag.py:2935} INFO - Setting next_dagrun for example_complex to None
[2024-05-16 12:55:46,267] {processor.py:171} INFO - Processing /Users/nikhilanand/airflow_venv/lib/python3.9/site-packages/airflow/example_dags/example_complex.py took 0.041 seconds
[2024-05-16 12:56:51,827] {processor.py:163} INFO - Started process (PID=89314) to work on /Users/nikhilanand/airflow_venv/lib/python3.9/site-packages/airflow/example_dags/example_complex.py
[2024-05-16 12:56:51,828] {processor.py:642} INFO - Processing file /Users/nikhilanand/airflow_venv/lib/python3.9/site-packages/airflow/example_dags/example_complex.py for tasks to queue
[2024-05-16 12:56:51,828] {logging_mixin.py:109} INFO - [2024-05-16 12:56:51,828] {dagbag.py:500} INFO - Filling up the DagBag from /Users/nikhilanand/airflow_venv/lib/python3.9/site-packages/airflow/example_dags/example_complex.py
[2024-05-16 12:56:51,847] {processor.py:654} INFO - DAG(s) dict_keys(['example_complex']) retrieved from /Users/nikhilanand/airflow_venv/lib/python3.9/site-packages/airflow/example_dags/example_complex.py
[2024-05-16 12:56:51,858] {logging_mixin.py:109} INFO - [2024-05-16 12:56:51,858] {dag.py:2396} INFO - Sync 1 DAGs
[2024-05-16 12:56:51,863] {logging_mixin.py:109} INFO - [2024-05-16 12:56:51,863] {dag.py:2935} INFO - Setting next_dagrun for example_complex to None
[2024-05-16 12:56:51,867] {processor.py:171} INFO - Processing /Users/nikhilanand/airflow_venv/lib/python3.9/site-packages/airflow/example_dags/example_complex.py took 0.040 seconds
[2024-05-16 12:58:01,272] {processor.py:163} INFO - Started process (PID=90072) to work on /Users/nikhilanand/airflow_venv/lib/python3.9/site-packages/airflow/example_dags/example_complex.py
[2024-05-16 12:58:01,273] {processor.py:642} INFO - Processing file /Users/nikhilanand/airflow_venv/lib/python3.9/site-packages/airflow/example_dags/example_complex.py for tasks to queue
[2024-05-16 12:58:01,273] {logging_mixin.py:109} INFO - [2024-05-16 12:58:01,273] {dagbag.py:500} INFO - Filling up the DagBag from /Users/nikhilanand/airflow_venv/lib/python3.9/site-packages/airflow/example_dags/example_complex.py
[2024-05-16 12:58:01,291] {processor.py:654} INFO - DAG(s) dict_keys(['example_complex']) retrieved from /Users/nikhilanand/airflow_venv/lib/python3.9/site-packages/airflow/example_dags/example_complex.py
[2024-05-16 12:58:01,302] {logging_mixin.py:109} INFO - [2024-05-16 12:58:01,302] {dag.py:2396} INFO - Sync 1 DAGs
[2024-05-16 12:58:01,306] {logging_mixin.py:109} INFO - [2024-05-16 12:58:01,306] {dag.py:2935} INFO - Setting next_dagrun for example_complex to None
[2024-05-16 12:58:01,310] {processor.py:171} INFO - Processing /Users/nikhilanand/airflow_venv/lib/python3.9/site-packages/airflow/example_dags/example_complex.py took 0.038 seconds
[2024-05-16 12:59:10,687] {processor.py:163} INFO - Started process (PID=90860) to work on /Users/nikhilanand/airflow_venv/lib/python3.9/site-packages/airflow/example_dags/example_complex.py
[2024-05-16 12:59:10,688] {processor.py:642} INFO - Processing file /Users/nikhilanand/airflow_venv/lib/python3.9/site-packages/airflow/example_dags/example_complex.py for tasks to queue
[2024-05-16 12:59:10,688] {logging_mixin.py:109} INFO - [2024-05-16 12:59:10,688] {dagbag.py:500} INFO - Filling up the DagBag from /Users/nikhilanand/airflow_venv/lib/python3.9/site-packages/airflow/example_dags/example_complex.py
[2024-05-16 12:59:10,707] {processor.py:654} INFO - DAG(s) dict_keys(['example_complex']) retrieved from /Users/nikhilanand/airflow_venv/lib/python3.9/site-packages/airflow/example_dags/example_complex.py
[2024-05-16 12:59:10,718] {logging_mixin.py:109} INFO - [2024-05-16 12:59:10,718] {dag.py:2396} INFO - Sync 1 DAGs
[2024-05-16 12:59:10,722] {logging_mixin.py:109} INFO - [2024-05-16 12:59:10,722] {dag.py:2935} INFO - Setting next_dagrun for example_complex to None
[2024-05-16 12:59:10,725] {processor.py:171} INFO - Processing /Users/nikhilanand/airflow_venv/lib/python3.9/site-packages/airflow/example_dags/example_complex.py took 0.038 seconds
[2024-05-16 13:00:25,880] {processor.py:163} INFO - Started process (PID=91748) to work on /Users/nikhilanand/airflow_venv/lib/python3.9/site-packages/airflow/example_dags/example_complex.py
[2024-05-16 13:00:25,881] {processor.py:642} INFO - Processing file /Users/nikhilanand/airflow_venv/lib/python3.9/site-packages/airflow/example_dags/example_complex.py for tasks to queue
[2024-05-16 13:00:25,881] {logging_mixin.py:109} INFO - [2024-05-16 13:00:25,881] {dagbag.py:500} INFO - Filling up the DagBag from /Users/nikhilanand/airflow_venv/lib/python3.9/site-packages/airflow/example_dags/example_complex.py
[2024-05-16 13:00:25,899] {processor.py:654} INFO - DAG(s) dict_keys(['example_complex']) retrieved from /Users/nikhilanand/airflow_venv/lib/python3.9/site-packages/airflow/example_dags/example_complex.py
[2024-05-16 13:00:25,918] {logging_mixin.py:109} INFO - [2024-05-16 13:00:25,918] {dag.py:2396} INFO - Sync 1 DAGs
[2024-05-16 13:00:25,924] {logging_mixin.py:109} INFO - [2024-05-16 13:00:25,924] {dag.py:2935} INFO - Setting next_dagrun for example_complex to None
[2024-05-16 13:00:25,928] {processor.py:171} INFO - Processing /Users/nikhilanand/airflow_venv/lib/python3.9/site-packages/airflow/example_dags/example_complex.py took 0.049 seconds
[2024-05-16 13:01:36,047] {processor.py:163} INFO - Started process (PID=92562) to work on /Users/nikhilanand/airflow_venv/lib/python3.9/site-packages/airflow/example_dags/example_complex.py
[2024-05-16 13:01:36,047] {processor.py:642} INFO - Processing file /Users/nikhilanand/airflow_venv/lib/python3.9/site-packages/airflow/example_dags/example_complex.py for tasks to queue
[2024-05-16 13:01:36,047] {logging_mixin.py:109} INFO - [2024-05-16 13:01:36,047] {dagbag.py:500} INFO - Filling up the DagBag from /Users/nikhilanand/airflow_venv/lib/python3.9/site-packages/airflow/example_dags/example_complex.py
[2024-05-16 13:01:36,067] {processor.py:654} INFO - DAG(s) dict_keys(['example_complex']) retrieved from /Users/nikhilanand/airflow_venv/lib/python3.9/site-packages/airflow/example_dags/example_complex.py
[2024-05-16 13:01:36,078] {logging_mixin.py:109} INFO - [2024-05-16 13:01:36,078] {dag.py:2396} INFO - Sync 1 DAGs
[2024-05-16 13:01:36,083] {logging_mixin.py:109} INFO - [2024-05-16 13:01:36,083] {dag.py:2935} INFO - Setting next_dagrun for example_complex to None
[2024-05-16 13:01:36,087] {processor.py:171} INFO - Processing /Users/nikhilanand/airflow_venv/lib/python3.9/site-packages/airflow/example_dags/example_complex.py took 0.040 seconds
[2024-05-16 13:02:46,173] {processor.py:163} INFO - Started process (PID=93387) to work on /Users/nikhilanand/airflow_venv/lib/python3.9/site-packages/airflow/example_dags/example_complex.py
[2024-05-16 13:02:46,174] {processor.py:642} INFO - Processing file /Users/nikhilanand/airflow_venv/lib/python3.9/site-packages/airflow/example_dags/example_complex.py for tasks to queue
[2024-05-16 13:02:46,174] {logging_mixin.py:109} INFO - [2024-05-16 13:02:46,174] {dagbag.py:500} INFO - Filling up the DagBag from /Users/nikhilanand/airflow_venv/lib/python3.9/site-packages/airflow/example_dags/example_complex.py
[2024-05-16 13:02:46,193] {processor.py:654} INFO - DAG(s) dict_keys(['example_complex']) retrieved from /Users/nikhilanand/airflow_venv/lib/python3.9/site-packages/airflow/example_dags/example_complex.py
[2024-05-16 13:02:46,204] {logging_mixin.py:109} INFO - [2024-05-16 13:02:46,203] {dag.py:2396} INFO - Sync 1 DAGs
[2024-05-16 13:02:46,208] {logging_mixin.py:109} INFO - [2024-05-16 13:02:46,208] {dag.py:2935} INFO - Setting next_dagrun for example_complex to None
[2024-05-16 13:02:46,211] {processor.py:171} INFO - Processing /Users/nikhilanand/airflow_venv/lib/python3.9/site-packages/airflow/example_dags/example_complex.py took 0.038 seconds
[2024-05-16 13:03:55,763] {processor.py:163} INFO - Started process (PID=94519) to work on /Users/nikhilanand/airflow_venv/lib/python3.9/site-packages/airflow/example_dags/example_complex.py
[2024-05-16 13:03:55,764] {processor.py:642} INFO - Processing file /Users/nikhilanand/airflow_venv/lib/python3.9/site-packages/airflow/example_dags/example_complex.py for tasks to queue
[2024-05-16 13:03:55,764] {logging_mixin.py:109} INFO - [2024-05-16 13:03:55,764] {dagbag.py:500} INFO - Filling up the DagBag from /Users/nikhilanand/airflow_venv/lib/python3.9/site-packages/airflow/example_dags/example_complex.py
[2024-05-16 13:03:55,783] {processor.py:654} INFO - DAG(s) dict_keys(['example_complex']) retrieved from /Users/nikhilanand/airflow_venv/lib/python3.9/site-packages/airflow/example_dags/example_complex.py
[2024-05-16 13:03:55,794] {logging_mixin.py:109} INFO - [2024-05-16 13:03:55,794] {dag.py:2396} INFO - Sync 1 DAGs
[2024-05-16 13:03:55,798] {logging_mixin.py:109} INFO - [2024-05-16 13:03:55,798] {dag.py:2935} INFO - Setting next_dagrun for example_complex to None
[2024-05-16 13:03:55,801] {processor.py:171} INFO - Processing /Users/nikhilanand/airflow_venv/lib/python3.9/site-packages/airflow/example_dags/example_complex.py took 0.039 seconds
[2024-05-16 13:05:16,375] {processor.py:163} INFO - Started process (PID=95489) to work on /Users/nikhilanand/airflow_venv/lib/python3.9/site-packages/airflow/example_dags/example_complex.py
[2024-05-16 13:05:16,376] {processor.py:642} INFO - Processing file /Users/nikhilanand/airflow_venv/lib/python3.9/site-packages/airflow/example_dags/example_complex.py for tasks to queue
[2024-05-16 13:05:16,376] {logging_mixin.py:109} INFO - [2024-05-16 13:05:16,376] {dagbag.py:500} INFO - Filling up the DagBag from /Users/nikhilanand/airflow_venv/lib/python3.9/site-packages/airflow/example_dags/example_complex.py
[2024-05-16 13:05:16,396] {processor.py:654} INFO - DAG(s) dict_keys(['example_complex']) retrieved from /Users/nikhilanand/airflow_venv/lib/python3.9/site-packages/airflow/example_dags/example_complex.py
[2024-05-16 13:05:16,407] {logging_mixin.py:109} INFO - [2024-05-16 13:05:16,407] {dag.py:2396} INFO - Sync 1 DAGs
[2024-05-16 13:05:16,412] {logging_mixin.py:109} INFO - [2024-05-16 13:05:16,412] {dag.py:2935} INFO - Setting next_dagrun for example_complex to None
[2024-05-16 13:05:16,415] {processor.py:171} INFO - Processing /Users/nikhilanand/airflow_venv/lib/python3.9/site-packages/airflow/example_dags/example_complex.py took 0.041 seconds
[2024-05-16 13:06:27,421] {processor.py:163} INFO - Started process (PID=96309) to work on /Users/nikhilanand/airflow_venv/lib/python3.9/site-packages/airflow/example_dags/example_complex.py
[2024-05-16 13:06:27,423] {processor.py:642} INFO - Processing file /Users/nikhilanand/airflow_venv/lib/python3.9/site-packages/airflow/example_dags/example_complex.py for tasks to queue
[2024-05-16 13:06:27,423] {logging_mixin.py:109} INFO - [2024-05-16 13:06:27,423] {dagbag.py:500} INFO - Filling up the DagBag from /Users/nikhilanand/airflow_venv/lib/python3.9/site-packages/airflow/example_dags/example_complex.py
[2024-05-16 13:06:27,442] {processor.py:654} INFO - DAG(s) dict_keys(['example_complex']) retrieved from /Users/nikhilanand/airflow_venv/lib/python3.9/site-packages/airflow/example_dags/example_complex.py
[2024-05-16 13:06:27,453] {logging_mixin.py:109} INFO - [2024-05-16 13:06:27,453] {dag.py:2396} INFO - Sync 1 DAGs
[2024-05-16 13:06:27,457] {logging_mixin.py:109} INFO - [2024-05-16 13:06:27,457] {dag.py:2935} INFO - Setting next_dagrun for example_complex to None
[2024-05-16 13:06:27,461] {processor.py:171} INFO - Processing /Users/nikhilanand/airflow_venv/lib/python3.9/site-packages/airflow/example_dags/example_complex.py took 0.040 seconds
[2024-05-16 13:07:42,428] {processor.py:163} INFO - Started process (PID=97192) to work on /Users/nikhilanand/airflow_venv/lib/python3.9/site-packages/airflow/example_dags/example_complex.py
[2024-05-16 13:07:42,430] {processor.py:642} INFO - Processing file /Users/nikhilanand/airflow_venv/lib/python3.9/site-packages/airflow/example_dags/example_complex.py for tasks to queue
[2024-05-16 13:07:42,430] {logging_mixin.py:109} INFO - [2024-05-16 13:07:42,430] {dagbag.py:500} INFO - Filling up the DagBag from /Users/nikhilanand/airflow_venv/lib/python3.9/site-packages/airflow/example_dags/example_complex.py
[2024-05-16 13:07:42,448] {processor.py:654} INFO - DAG(s) dict_keys(['example_complex']) retrieved from /Users/nikhilanand/airflow_venv/lib/python3.9/site-packages/airflow/example_dags/example_complex.py
[2024-05-16 13:07:42,459] {logging_mixin.py:109} INFO - [2024-05-16 13:07:42,459] {dag.py:2396} INFO - Sync 1 DAGs
[2024-05-16 13:07:42,463] {logging_mixin.py:109} INFO - [2024-05-16 13:07:42,463] {dag.py:2935} INFO - Setting next_dagrun for example_complex to None
[2024-05-16 13:07:42,467] {processor.py:171} INFO - Processing /Users/nikhilanand/airflow_venv/lib/python3.9/site-packages/airflow/example_dags/example_complex.py took 0.039 seconds
[2024-05-16 13:08:53,506] {processor.py:163} INFO - Started process (PID=97962) to work on /Users/nikhilanand/airflow_venv/lib/python3.9/site-packages/airflow/example_dags/example_complex.py
[2024-05-16 13:08:53,506] {processor.py:642} INFO - Processing file /Users/nikhilanand/airflow_venv/lib/python3.9/site-packages/airflow/example_dags/example_complex.py for tasks to queue
[2024-05-16 13:08:53,506] {logging_mixin.py:109} INFO - [2024-05-16 13:08:53,506] {dagbag.py:500} INFO - Filling up the DagBag from /Users/nikhilanand/airflow_venv/lib/python3.9/site-packages/airflow/example_dags/example_complex.py
[2024-05-16 13:08:53,525] {processor.py:654} INFO - DAG(s) dict_keys(['example_complex']) retrieved from /Users/nikhilanand/airflow_venv/lib/python3.9/site-packages/airflow/example_dags/example_complex.py
[2024-05-16 13:08:53,536] {logging_mixin.py:109} INFO - [2024-05-16 13:08:53,536] {dag.py:2396} INFO - Sync 1 DAGs
[2024-05-16 13:08:53,540] {logging_mixin.py:109} INFO - [2024-05-16 13:08:53,540] {dag.py:2935} INFO - Setting next_dagrun for example_complex to None
[2024-05-16 13:08:53,543] {processor.py:171} INFO - Processing /Users/nikhilanand/airflow_venv/lib/python3.9/site-packages/airflow/example_dags/example_complex.py took 0.038 seconds
[2024-05-16 13:10:04,778] {processor.py:163} INFO - Started process (PID=98755) to work on /Users/nikhilanand/airflow_venv/lib/python3.9/site-packages/airflow/example_dags/example_complex.py
[2024-05-16 13:10:04,779] {processor.py:642} INFO - Processing file /Users/nikhilanand/airflow_venv/lib/python3.9/site-packages/airflow/example_dags/example_complex.py for tasks to queue
[2024-05-16 13:10:04,779] {logging_mixin.py:109} INFO - [2024-05-16 13:10:04,779] {dagbag.py:500} INFO - Filling up the DagBag from /Users/nikhilanand/airflow_venv/lib/python3.9/site-packages/airflow/example_dags/example_complex.py
[2024-05-16 13:10:04,798] {processor.py:654} INFO - DAG(s) dict_keys(['example_complex']) retrieved from /Users/nikhilanand/airflow_venv/lib/python3.9/site-packages/airflow/example_dags/example_complex.py
[2024-05-16 13:10:04,809] {logging_mixin.py:109} INFO - [2024-05-16 13:10:04,809] {dag.py:2396} INFO - Sync 1 DAGs
[2024-05-16 13:10:04,813] {logging_mixin.py:109} INFO - [2024-05-16 13:10:04,813] {dag.py:2935} INFO - Setting next_dagrun for example_complex to None
[2024-05-16 13:10:04,817] {processor.py:171} INFO - Processing /Users/nikhilanand/airflow_venv/lib/python3.9/site-packages/airflow/example_dags/example_complex.py took 0.039 seconds
[2024-05-16 13:11:13,530] {processor.py:163} INFO - Started process (PID=99525) to work on /Users/nikhilanand/airflow_venv/lib/python3.9/site-packages/airflow/example_dags/example_complex.py
[2024-05-16 13:11:13,530] {processor.py:642} INFO - Processing file /Users/nikhilanand/airflow_venv/lib/python3.9/site-packages/airflow/example_dags/example_complex.py for tasks to queue
[2024-05-16 13:11:13,531] {logging_mixin.py:109} INFO - [2024-05-16 13:11:13,531] {dagbag.py:500} INFO - Filling up the DagBag from /Users/nikhilanand/airflow_venv/lib/python3.9/site-packages/airflow/example_dags/example_complex.py
[2024-05-16 13:11:13,550] {processor.py:654} INFO - DAG(s) dict_keys(['example_complex']) retrieved from /Users/nikhilanand/airflow_venv/lib/python3.9/site-packages/airflow/example_dags/example_complex.py
[2024-05-16 13:11:13,561] {logging_mixin.py:109} INFO - [2024-05-16 13:11:13,561] {dag.py:2396} INFO - Sync 1 DAGs
[2024-05-16 13:11:13,565] {logging_mixin.py:109} INFO - [2024-05-16 13:11:13,565] {dag.py:2935} INFO - Setting next_dagrun for example_complex to None
[2024-05-16 13:11:13,569] {processor.py:171} INFO - Processing /Users/nikhilanand/airflow_venv/lib/python3.9/site-packages/airflow/example_dags/example_complex.py took 0.039 seconds
[2024-05-16 13:12:23,169] {processor.py:163} INFO - Started process (PID=495) to work on /Users/nikhilanand/airflow_venv/lib/python3.9/site-packages/airflow/example_dags/example_complex.py
[2024-05-16 13:12:23,170] {processor.py:642} INFO - Processing file /Users/nikhilanand/airflow_venv/lib/python3.9/site-packages/airflow/example_dags/example_complex.py for tasks to queue
[2024-05-16 13:12:23,170] {logging_mixin.py:109} INFO - [2024-05-16 13:12:23,170] {dagbag.py:500} INFO - Filling up the DagBag from /Users/nikhilanand/airflow_venv/lib/python3.9/site-packages/airflow/example_dags/example_complex.py
[2024-05-16 13:12:23,190] {processor.py:654} INFO - DAG(s) dict_keys(['example_complex']) retrieved from /Users/nikhilanand/airflow_venv/lib/python3.9/site-packages/airflow/example_dags/example_complex.py
[2024-05-16 13:12:23,203] {logging_mixin.py:109} INFO - [2024-05-16 13:12:23,203] {dag.py:2396} INFO - Sync 1 DAGs
[2024-05-16 13:12:23,207] {logging_mixin.py:109} INFO - [2024-05-16 13:12:23,207] {dag.py:2935} INFO - Setting next_dagrun for example_complex to None
[2024-05-16 13:12:23,211] {processor.py:171} INFO - Processing /Users/nikhilanand/airflow_venv/lib/python3.9/site-packages/airflow/example_dags/example_complex.py took 0.042 seconds
[2024-05-16 13:13:43,764] {processor.py:163} INFO - Started process (PID=1617) to work on /Users/nikhilanand/airflow_venv/lib/python3.9/site-packages/airflow/example_dags/example_complex.py
[2024-05-16 13:13:43,765] {processor.py:642} INFO - Processing file /Users/nikhilanand/airflow_venv/lib/python3.9/site-packages/airflow/example_dags/example_complex.py for tasks to queue
[2024-05-16 13:13:43,765] {logging_mixin.py:109} INFO - [2024-05-16 13:13:43,765] {dagbag.py:500} INFO - Filling up the DagBag from /Users/nikhilanand/airflow_venv/lib/python3.9/site-packages/airflow/example_dags/example_complex.py
[2024-05-16 13:13:43,783] {processor.py:654} INFO - DAG(s) dict_keys(['example_complex']) retrieved from /Users/nikhilanand/airflow_venv/lib/python3.9/site-packages/airflow/example_dags/example_complex.py
[2024-05-16 13:13:43,794] {logging_mixin.py:109} INFO - [2024-05-16 13:13:43,794] {dag.py:2396} INFO - Sync 1 DAGs
[2024-05-16 13:13:43,798] {logging_mixin.py:109} INFO - [2024-05-16 13:13:43,798] {dag.py:2935} INFO - Setting next_dagrun for example_complex to None
[2024-05-16 13:13:43,802] {processor.py:171} INFO - Processing /Users/nikhilanand/airflow_venv/lib/python3.9/site-packages/airflow/example_dags/example_complex.py took 0.038 seconds
[2024-05-16 13:14:52,614] {processor.py:163} INFO - Started process (PID=2458) to work on /Users/nikhilanand/airflow_venv/lib/python3.9/site-packages/airflow/example_dags/example_complex.py
[2024-05-16 13:14:52,615] {processor.py:642} INFO - Processing file /Users/nikhilanand/airflow_venv/lib/python3.9/site-packages/airflow/example_dags/example_complex.py for tasks to queue
[2024-05-16 13:14:52,616] {logging_mixin.py:109} INFO - [2024-05-16 13:14:52,616] {dagbag.py:500} INFO - Filling up the DagBag from /Users/nikhilanand/airflow_venv/lib/python3.9/site-packages/airflow/example_dags/example_complex.py
[2024-05-16 13:14:52,635] {processor.py:654} INFO - DAG(s) dict_keys(['example_complex']) retrieved from /Users/nikhilanand/airflow_venv/lib/python3.9/site-packages/airflow/example_dags/example_complex.py
[2024-05-16 13:14:52,646] {logging_mixin.py:109} INFO - [2024-05-16 13:14:52,646] {dag.py:2396} INFO - Sync 1 DAGs
[2024-05-16 13:14:52,651] {logging_mixin.py:109} INFO - [2024-05-16 13:14:52,651] {dag.py:2935} INFO - Setting next_dagrun for example_complex to None
[2024-05-16 13:14:52,654] {processor.py:171} INFO - Processing /Users/nikhilanand/airflow_venv/lib/python3.9/site-packages/airflow/example_dags/example_complex.py took 0.041 seconds
[2024-05-16 13:16:01,422] {processor.py:163} INFO - Started process (PID=3674) to work on /Users/nikhilanand/airflow_venv/lib/python3.9/site-packages/airflow/example_dags/example_complex.py
[2024-05-16 13:16:01,423] {processor.py:642} INFO - Processing file /Users/nikhilanand/airflow_venv/lib/python3.9/site-packages/airflow/example_dags/example_complex.py for tasks to queue
[2024-05-16 13:16:01,423] {logging_mixin.py:109} INFO - [2024-05-16 13:16:01,423] {dagbag.py:500} INFO - Filling up the DagBag from /Users/nikhilanand/airflow_venv/lib/python3.9/site-packages/airflow/example_dags/example_complex.py
[2024-05-16 13:16:01,443] {processor.py:654} INFO - DAG(s) dict_keys(['example_complex']) retrieved from /Users/nikhilanand/airflow_venv/lib/python3.9/site-packages/airflow/example_dags/example_complex.py
[2024-05-16 13:16:01,454] {logging_mixin.py:109} INFO - [2024-05-16 13:16:01,454] {dag.py:2396} INFO - Sync 1 DAGs
[2024-05-16 13:16:01,458] {logging_mixin.py:109} INFO - [2024-05-16 13:16:01,458] {dag.py:2935} INFO - Setting next_dagrun for example_complex to None
[2024-05-16 13:16:01,462] {processor.py:171} INFO - Processing /Users/nikhilanand/airflow_venv/lib/python3.9/site-packages/airflow/example_dags/example_complex.py took 0.040 seconds
[2024-05-16 13:17:16,147] {processor.py:163} INFO - Started process (PID=4550) to work on /Users/nikhilanand/airflow_venv/lib/python3.9/site-packages/airflow/example_dags/example_complex.py
[2024-05-16 13:17:16,148] {processor.py:642} INFO - Processing file /Users/nikhilanand/airflow_venv/lib/python3.9/site-packages/airflow/example_dags/example_complex.py for tasks to queue
[2024-05-16 13:17:16,148] {logging_mixin.py:109} INFO - [2024-05-16 13:17:16,148] {dagbag.py:500} INFO - Filling up the DagBag from /Users/nikhilanand/airflow_venv/lib/python3.9/site-packages/airflow/example_dags/example_complex.py
[2024-05-16 13:17:16,168] {processor.py:654} INFO - DAG(s) dict_keys(['example_complex']) retrieved from /Users/nikhilanand/airflow_venv/lib/python3.9/site-packages/airflow/example_dags/example_complex.py
[2024-05-16 13:17:16,179] {logging_mixin.py:109} INFO - [2024-05-16 13:17:16,179] {dag.py:2396} INFO - Sync 1 DAGs
[2024-05-16 13:17:16,184] {logging_mixin.py:109} INFO - [2024-05-16 13:17:16,184] {dag.py:2935} INFO - Setting next_dagrun for example_complex to None
[2024-05-16 13:17:16,187] {processor.py:171} INFO - Processing /Users/nikhilanand/airflow_venv/lib/python3.9/site-packages/airflow/example_dags/example_complex.py took 0.041 seconds
[2024-05-16 13:18:25,415] {processor.py:163} INFO - Started process (PID=5389) to work on /Users/nikhilanand/airflow_venv/lib/python3.9/site-packages/airflow/example_dags/example_complex.py
[2024-05-16 13:18:25,416] {processor.py:642} INFO - Processing file /Users/nikhilanand/airflow_venv/lib/python3.9/site-packages/airflow/example_dags/example_complex.py for tasks to queue
[2024-05-16 13:18:25,416] {logging_mixin.py:109} INFO - [2024-05-16 13:18:25,416] {dagbag.py:500} INFO - Filling up the DagBag from /Users/nikhilanand/airflow_venv/lib/python3.9/site-packages/airflow/example_dags/example_complex.py
[2024-05-16 13:18:25,435] {processor.py:654} INFO - DAG(s) dict_keys(['example_complex']) retrieved from /Users/nikhilanand/airflow_venv/lib/python3.9/site-packages/airflow/example_dags/example_complex.py
[2024-05-16 13:18:25,448] {logging_mixin.py:109} INFO - [2024-05-16 13:18:25,447] {dag.py:2396} INFO - Sync 1 DAGs
[2024-05-16 13:18:25,452] {logging_mixin.py:109} INFO - [2024-05-16 13:18:25,452] {dag.py:2935} INFO - Setting next_dagrun for example_complex to None
[2024-05-16 13:18:25,455] {processor.py:171} INFO - Processing /Users/nikhilanand/airflow_venv/lib/python3.9/site-packages/airflow/example_dags/example_complex.py took 0.041 seconds
[2024-05-16 13:19:33,464] {processor.py:163} INFO - Started process (PID=6186) to work on /Users/nikhilanand/airflow_venv/lib/python3.9/site-packages/airflow/example_dags/example_complex.py
[2024-05-16 13:19:33,465] {processor.py:642} INFO - Processing file /Users/nikhilanand/airflow_venv/lib/python3.9/site-packages/airflow/example_dags/example_complex.py for tasks to queue
[2024-05-16 13:19:33,465] {logging_mixin.py:109} INFO - [2024-05-16 13:19:33,465] {dagbag.py:500} INFO - Filling up the DagBag from /Users/nikhilanand/airflow_venv/lib/python3.9/site-packages/airflow/example_dags/example_complex.py
[2024-05-16 13:19:33,483] {processor.py:654} INFO - DAG(s) dict_keys(['example_complex']) retrieved from /Users/nikhilanand/airflow_venv/lib/python3.9/site-packages/airflow/example_dags/example_complex.py
[2024-05-16 13:19:33,494] {logging_mixin.py:109} INFO - [2024-05-16 13:19:33,494] {dag.py:2396} INFO - Sync 1 DAGs
[2024-05-16 13:19:33,498] {logging_mixin.py:109} INFO - [2024-05-16 13:19:33,498] {dag.py:2935} INFO - Setting next_dagrun for example_complex to None
[2024-05-16 13:19:33,502] {processor.py:171} INFO - Processing /Users/nikhilanand/airflow_venv/lib/python3.9/site-packages/airflow/example_dags/example_complex.py took 0.038 seconds
[2024-05-16 13:20:40,947] {processor.py:163} INFO - Started process (PID=6990) to work on /Users/nikhilanand/airflow_venv/lib/python3.9/site-packages/airflow/example_dags/example_complex.py
[2024-05-16 13:20:40,947] {processor.py:642} INFO - Processing file /Users/nikhilanand/airflow_venv/lib/python3.9/site-packages/airflow/example_dags/example_complex.py for tasks to queue
[2024-05-16 13:20:40,947] {logging_mixin.py:109} INFO - [2024-05-16 13:20:40,947] {dagbag.py:500} INFO - Filling up the DagBag from /Users/nikhilanand/airflow_venv/lib/python3.9/site-packages/airflow/example_dags/example_complex.py
[2024-05-16 13:20:40,966] {processor.py:654} INFO - DAG(s) dict_keys(['example_complex']) retrieved from /Users/nikhilanand/airflow_venv/lib/python3.9/site-packages/airflow/example_dags/example_complex.py
[2024-05-16 13:20:40,977] {logging_mixin.py:109} INFO - [2024-05-16 13:20:40,977] {dag.py:2396} INFO - Sync 1 DAGs
[2024-05-16 13:20:40,981] {logging_mixin.py:109} INFO - [2024-05-16 13:20:40,981] {dag.py:2935} INFO - Setting next_dagrun for example_complex to None
[2024-05-16 13:20:40,985] {processor.py:171} INFO - Processing /Users/nikhilanand/airflow_venv/lib/python3.9/site-packages/airflow/example_dags/example_complex.py took 0.038 seconds
[2024-05-16 13:21:50,895] {processor.py:163} INFO - Started process (PID=7815) to work on /Users/nikhilanand/airflow_venv/lib/python3.9/site-packages/airflow/example_dags/example_complex.py
[2024-05-16 13:21:50,897] {processor.py:642} INFO - Processing file /Users/nikhilanand/airflow_venv/lib/python3.9/site-packages/airflow/example_dags/example_complex.py for tasks to queue
[2024-05-16 13:21:50,897] {logging_mixin.py:109} INFO - [2024-05-16 13:21:50,897] {dagbag.py:500} INFO - Filling up the DagBag from /Users/nikhilanand/airflow_venv/lib/python3.9/site-packages/airflow/example_dags/example_complex.py
[2024-05-16 13:21:50,915] {processor.py:654} INFO - DAG(s) dict_keys(['example_complex']) retrieved from /Users/nikhilanand/airflow_venv/lib/python3.9/site-packages/airflow/example_dags/example_complex.py
[2024-05-16 13:21:50,926] {logging_mixin.py:109} INFO - [2024-05-16 13:21:50,926] {dag.py:2396} INFO - Sync 1 DAGs
[2024-05-16 13:21:50,930] {logging_mixin.py:109} INFO - [2024-05-16 13:21:50,930] {dag.py:2935} INFO - Setting next_dagrun for example_complex to None
[2024-05-16 13:21:50,934] {processor.py:171} INFO - Processing /Users/nikhilanand/airflow_venv/lib/python3.9/site-packages/airflow/example_dags/example_complex.py took 0.039 seconds
[2024-05-16 13:22:57,773] {processor.py:163} INFO - Started process (PID=8602) to work on /Users/nikhilanand/airflow_venv/lib/python3.9/site-packages/airflow/example_dags/example_complex.py
[2024-05-16 13:22:57,775] {processor.py:642} INFO - Processing file /Users/nikhilanand/airflow_venv/lib/python3.9/site-packages/airflow/example_dags/example_complex.py for tasks to queue
[2024-05-16 13:22:57,775] {logging_mixin.py:109} INFO - [2024-05-16 13:22:57,775] {dagbag.py:500} INFO - Filling up the DagBag from /Users/nikhilanand/airflow_venv/lib/python3.9/site-packages/airflow/example_dags/example_complex.py
[2024-05-16 13:22:57,793] {processor.py:654} INFO - DAG(s) dict_keys(['example_complex']) retrieved from /Users/nikhilanand/airflow_venv/lib/python3.9/site-packages/airflow/example_dags/example_complex.py
[2024-05-16 13:22:57,804] {logging_mixin.py:109} INFO - [2024-05-16 13:22:57,804] {dag.py:2396} INFO - Sync 1 DAGs
[2024-05-16 13:22:57,809] {logging_mixin.py:109} INFO - [2024-05-16 13:22:57,809] {dag.py:2935} INFO - Setting next_dagrun for example_complex to None
[2024-05-16 13:22:57,812] {processor.py:171} INFO - Processing /Users/nikhilanand/airflow_venv/lib/python3.9/site-packages/airflow/example_dags/example_complex.py took 0.039 seconds
[2024-05-16 13:24:05,668] {processor.py:163} INFO - Started process (PID=9393) to work on /Users/nikhilanand/airflow_venv/lib/python3.9/site-packages/airflow/example_dags/example_complex.py
[2024-05-16 13:24:05,668] {processor.py:642} INFO - Processing file /Users/nikhilanand/airflow_venv/lib/python3.9/site-packages/airflow/example_dags/example_complex.py for tasks to queue
[2024-05-16 13:24:05,668] {logging_mixin.py:109} INFO - [2024-05-16 13:24:05,668] {dagbag.py:500} INFO - Filling up the DagBag from /Users/nikhilanand/airflow_venv/lib/python3.9/site-packages/airflow/example_dags/example_complex.py
[2024-05-16 13:24:05,686] {processor.py:654} INFO - DAG(s) dict_keys(['example_complex']) retrieved from /Users/nikhilanand/airflow_venv/lib/python3.9/site-packages/airflow/example_dags/example_complex.py
[2024-05-16 13:24:05,697] {logging_mixin.py:109} INFO - [2024-05-16 13:24:05,697] {dag.py:2396} INFO - Sync 1 DAGs
[2024-05-16 13:24:05,701] {logging_mixin.py:109} INFO - [2024-05-16 13:24:05,701] {dag.py:2935} INFO - Setting next_dagrun for example_complex to None
[2024-05-16 13:24:05,705] {processor.py:171} INFO - Processing /Users/nikhilanand/airflow_venv/lib/python3.9/site-packages/airflow/example_dags/example_complex.py took 0.038 seconds
[2024-05-16 13:25:15,124] {processor.py:163} INFO - Started process (PID=10586) to work on /Users/nikhilanand/airflow_venv/lib/python3.9/site-packages/airflow/example_dags/example_complex.py
[2024-05-16 13:25:15,125] {processor.py:642} INFO - Processing file /Users/nikhilanand/airflow_venv/lib/python3.9/site-packages/airflow/example_dags/example_complex.py for tasks to queue
[2024-05-16 13:25:15,125] {logging_mixin.py:109} INFO - [2024-05-16 13:25:15,125] {dagbag.py:500} INFO - Filling up the DagBag from /Users/nikhilanand/airflow_venv/lib/python3.9/site-packages/airflow/example_dags/example_complex.py
[2024-05-16 13:25:15,144] {processor.py:654} INFO - DAG(s) dict_keys(['example_complex']) retrieved from /Users/nikhilanand/airflow_venv/lib/python3.9/site-packages/airflow/example_dags/example_complex.py
[2024-05-16 13:25:15,156] {logging_mixin.py:109} INFO - [2024-05-16 13:25:15,155] {dag.py:2396} INFO - Sync 1 DAGs
[2024-05-16 13:25:15,160] {logging_mixin.py:109} INFO - [2024-05-16 13:25:15,160] {dag.py:2935} INFO - Setting next_dagrun for example_complex to None
[2024-05-16 13:25:15,165] {processor.py:171} INFO - Processing /Users/nikhilanand/airflow_venv/lib/python3.9/site-packages/airflow/example_dags/example_complex.py took 0.041 seconds
[2024-05-16 13:26:22,500] {processor.py:163} INFO - Started process (PID=11387) to work on /Users/nikhilanand/airflow_venv/lib/python3.9/site-packages/airflow/example_dags/example_complex.py
[2024-05-16 13:26:22,500] {processor.py:642} INFO - Processing file /Users/nikhilanand/airflow_venv/lib/python3.9/site-packages/airflow/example_dags/example_complex.py for tasks to queue
[2024-05-16 13:26:22,500] {logging_mixin.py:109} INFO - [2024-05-16 13:26:22,500] {dagbag.py:500} INFO - Filling up the DagBag from /Users/nikhilanand/airflow_venv/lib/python3.9/site-packages/airflow/example_dags/example_complex.py
[2024-05-16 13:26:22,518] {processor.py:654} INFO - DAG(s) dict_keys(['example_complex']) retrieved from /Users/nikhilanand/airflow_venv/lib/python3.9/site-packages/airflow/example_dags/example_complex.py
[2024-05-16 13:26:22,529] {logging_mixin.py:109} INFO - [2024-05-16 13:26:22,529] {dag.py:2396} INFO - Sync 1 DAGs
[2024-05-16 13:26:22,533] {logging_mixin.py:109} INFO - [2024-05-16 13:26:22,533] {dag.py:2935} INFO - Setting next_dagrun for example_complex to None
[2024-05-16 13:26:22,537] {processor.py:171} INFO - Processing /Users/nikhilanand/airflow_venv/lib/python3.9/site-packages/airflow/example_dags/example_complex.py took 0.038 seconds
[2024-05-16 13:27:30,986] {processor.py:163} INFO - Started process (PID=12187) to work on /Users/nikhilanand/airflow_venv/lib/python3.9/site-packages/airflow/example_dags/example_complex.py
[2024-05-16 13:27:30,986] {processor.py:642} INFO - Processing file /Users/nikhilanand/airflow_venv/lib/python3.9/site-packages/airflow/example_dags/example_complex.py for tasks to queue
[2024-05-16 13:27:30,987] {logging_mixin.py:109} INFO - [2024-05-16 13:27:30,987] {dagbag.py:500} INFO - Filling up the DagBag from /Users/nikhilanand/airflow_venv/lib/python3.9/site-packages/airflow/example_dags/example_complex.py
[2024-05-16 13:27:31,010] {processor.py:654} INFO - DAG(s) dict_keys(['example_complex']) retrieved from /Users/nikhilanand/airflow_venv/lib/python3.9/site-packages/airflow/example_dags/example_complex.py
[2024-05-16 13:27:31,025] {logging_mixin.py:109} INFO - [2024-05-16 13:27:31,024] {dag.py:2396} INFO - Sync 1 DAGs
[2024-05-16 13:27:31,033] {logging_mixin.py:109} INFO - [2024-05-16 13:27:31,033] {dag.py:2935} INFO - Setting next_dagrun for example_complex to None
[2024-05-16 13:27:31,041] {processor.py:171} INFO - Processing /Users/nikhilanand/airflow_venv/lib/python3.9/site-packages/airflow/example_dags/example_complex.py took 0.056 seconds
[2024-05-16 13:29:02,902] {processor.py:163} INFO - Started process (PID=13283) to work on /Users/nikhilanand/airflow_venv/lib/python3.9/site-packages/airflow/example_dags/example_complex.py
[2024-05-16 13:29:02,903] {processor.py:642} INFO - Processing file /Users/nikhilanand/airflow_venv/lib/python3.9/site-packages/airflow/example_dags/example_complex.py for tasks to queue
[2024-05-16 13:29:02,903] {logging_mixin.py:109} INFO - [2024-05-16 13:29:02,903] {dagbag.py:500} INFO - Filling up the DagBag from /Users/nikhilanand/airflow_venv/lib/python3.9/site-packages/airflow/example_dags/example_complex.py
[2024-05-16 13:29:02,923] {processor.py:654} INFO - DAG(s) dict_keys(['example_complex']) retrieved from /Users/nikhilanand/airflow_venv/lib/python3.9/site-packages/airflow/example_dags/example_complex.py
[2024-05-16 13:29:02,935] {logging_mixin.py:109} INFO - [2024-05-16 13:29:02,935] {dag.py:2396} INFO - Sync 1 DAGs
[2024-05-16 13:29:02,939] {logging_mixin.py:109} INFO - [2024-05-16 13:29:02,939] {dag.py:2935} INFO - Setting next_dagrun for example_complex to None
[2024-05-16 13:29:02,943] {processor.py:171} INFO - Processing /Users/nikhilanand/airflow_venv/lib/python3.9/site-packages/airflow/example_dags/example_complex.py took 0.041 seconds
[2024-05-16 13:30:11,216] {processor.py:163} INFO - Started process (PID=14105) to work on /Users/nikhilanand/airflow_venv/lib/python3.9/site-packages/airflow/example_dags/example_complex.py
[2024-05-16 13:30:11,216] {processor.py:642} INFO - Processing file /Users/nikhilanand/airflow_venv/lib/python3.9/site-packages/airflow/example_dags/example_complex.py for tasks to queue
[2024-05-16 13:30:11,217] {logging_mixin.py:109} INFO - [2024-05-16 13:30:11,217] {dagbag.py:500} INFO - Filling up the DagBag from /Users/nikhilanand/airflow_venv/lib/python3.9/site-packages/airflow/example_dags/example_complex.py
[2024-05-16 13:30:11,235] {processor.py:654} INFO - DAG(s) dict_keys(['example_complex']) retrieved from /Users/nikhilanand/airflow_venv/lib/python3.9/site-packages/airflow/example_dags/example_complex.py
[2024-05-16 13:30:11,245] {logging_mixin.py:109} INFO - [2024-05-16 13:30:11,245] {dag.py:2396} INFO - Sync 1 DAGs
[2024-05-16 13:30:11,250] {logging_mixin.py:109} INFO - [2024-05-16 13:30:11,250] {dag.py:2935} INFO - Setting next_dagrun for example_complex to None
[2024-05-16 13:30:11,254] {processor.py:171} INFO - Processing /Users/nikhilanand/airflow_venv/lib/python3.9/site-packages/airflow/example_dags/example_complex.py took 0.038 seconds
[2024-05-16 13:31:22,718] {processor.py:163} INFO - Started process (PID=14964) to work on /Users/nikhilanand/airflow_venv/lib/python3.9/site-packages/airflow/example_dags/example_complex.py
[2024-05-16 13:31:22,719] {processor.py:642} INFO - Processing file /Users/nikhilanand/airflow_venv/lib/python3.9/site-packages/airflow/example_dags/example_complex.py for tasks to queue
[2024-05-16 13:31:22,719] {logging_mixin.py:109} INFO - [2024-05-16 13:31:22,719] {dagbag.py:500} INFO - Filling up the DagBag from /Users/nikhilanand/airflow_venv/lib/python3.9/site-packages/airflow/example_dags/example_complex.py
[2024-05-16 13:31:22,738] {processor.py:654} INFO - DAG(s) dict_keys(['example_complex']) retrieved from /Users/nikhilanand/airflow_venv/lib/python3.9/site-packages/airflow/example_dags/example_complex.py
[2024-05-16 13:31:22,750] {logging_mixin.py:109} INFO - [2024-05-16 13:31:22,750] {dag.py:2396} INFO - Sync 1 DAGs
[2024-05-16 13:31:22,755] {logging_mixin.py:109} INFO - [2024-05-16 13:31:22,755] {dag.py:2935} INFO - Setting next_dagrun for example_complex to None
[2024-05-16 13:31:22,759] {processor.py:171} INFO - Processing /Users/nikhilanand/airflow_venv/lib/python3.9/site-packages/airflow/example_dags/example_complex.py took 0.042 seconds
[2024-05-16 13:32:31,513] {processor.py:163} INFO - Started process (PID=15808) to work on /Users/nikhilanand/airflow_venv/lib/python3.9/site-packages/airflow/example_dags/example_complex.py
[2024-05-16 13:32:31,513] {processor.py:642} INFO - Processing file /Users/nikhilanand/airflow_venv/lib/python3.9/site-packages/airflow/example_dags/example_complex.py for tasks to queue
[2024-05-16 13:32:31,514] {logging_mixin.py:109} INFO - [2024-05-16 13:32:31,514] {dagbag.py:500} INFO - Filling up the DagBag from /Users/nikhilanand/airflow_venv/lib/python3.9/site-packages/airflow/example_dags/example_complex.py
[2024-05-16 13:32:31,532] {processor.py:654} INFO - DAG(s) dict_keys(['example_complex']) retrieved from /Users/nikhilanand/airflow_venv/lib/python3.9/site-packages/airflow/example_dags/example_complex.py
[2024-05-16 13:32:31,543] {logging_mixin.py:109} INFO - [2024-05-16 13:32:31,543] {dag.py:2396} INFO - Sync 1 DAGs
[2024-05-16 13:32:31,547] {logging_mixin.py:109} INFO - [2024-05-16 13:32:31,547] {dag.py:2935} INFO - Setting next_dagrun for example_complex to None
[2024-05-16 13:32:31,551] {processor.py:171} INFO - Processing /Users/nikhilanand/airflow_venv/lib/python3.9/site-packages/airflow/example_dags/example_complex.py took 0.038 seconds
[2024-05-16 13:33:40,044] {processor.py:163} INFO - Started process (PID=17061) to work on /Users/nikhilanand/airflow_venv/lib/python3.9/site-packages/airflow/example_dags/example_complex.py
[2024-05-16 13:33:40,045] {processor.py:642} INFO - Processing file /Users/nikhilanand/airflow_venv/lib/python3.9/site-packages/airflow/example_dags/example_complex.py for tasks to queue
[2024-05-16 13:33:40,045] {logging_mixin.py:109} INFO - [2024-05-16 13:33:40,045] {dagbag.py:500} INFO - Filling up the DagBag from /Users/nikhilanand/airflow_venv/lib/python3.9/site-packages/airflow/example_dags/example_complex.py
[2024-05-16 13:33:40,063] {processor.py:654} INFO - DAG(s) dict_keys(['example_complex']) retrieved from /Users/nikhilanand/airflow_venv/lib/python3.9/site-packages/airflow/example_dags/example_complex.py
[2024-05-16 13:33:40,074] {logging_mixin.py:109} INFO - [2024-05-16 13:33:40,074] {dag.py:2396} INFO - Sync 1 DAGs
[2024-05-16 13:33:40,078] {logging_mixin.py:109} INFO - [2024-05-16 13:33:40,078] {dag.py:2935} INFO - Setting next_dagrun for example_complex to None
[2024-05-16 13:33:40,082] {processor.py:171} INFO - Processing /Users/nikhilanand/airflow_venv/lib/python3.9/site-packages/airflow/example_dags/example_complex.py took 0.038 seconds
[2024-05-16 13:34:49,246] {processor.py:163} INFO - Started process (PID=18315) to work on /Users/nikhilanand/airflow_venv/lib/python3.9/site-packages/airflow/example_dags/example_complex.py
[2024-05-16 13:34:49,247] {processor.py:642} INFO - Processing file /Users/nikhilanand/airflow_venv/lib/python3.9/site-packages/airflow/example_dags/example_complex.py for tasks to queue
[2024-05-16 13:34:49,247] {logging_mixin.py:109} INFO - [2024-05-16 13:34:49,247] {dagbag.py:500} INFO - Filling up the DagBag from /Users/nikhilanand/airflow_venv/lib/python3.9/site-packages/airflow/example_dags/example_complex.py
[2024-05-16 13:34:49,265] {processor.py:654} INFO - DAG(s) dict_keys(['example_complex']) retrieved from /Users/nikhilanand/airflow_venv/lib/python3.9/site-packages/airflow/example_dags/example_complex.py
[2024-05-16 13:34:49,276] {logging_mixin.py:109} INFO - [2024-05-16 13:34:49,276] {dag.py:2396} INFO - Sync 1 DAGs
[2024-05-16 13:34:49,280] {logging_mixin.py:109} INFO - [2024-05-16 13:34:49,280] {dag.py:2935} INFO - Setting next_dagrun for example_complex to None
[2024-05-16 13:34:49,284] {processor.py:171} INFO - Processing /Users/nikhilanand/airflow_venv/lib/python3.9/site-packages/airflow/example_dags/example_complex.py took 0.038 seconds
