[2024-05-16 12:54:14,212] {processor.py:163} INFO - Started process (PID=87393) to work on /Users/nikhilanand/airflow_venv/lib/python3.9/site-packages/airflow/example_dags/example_skip_dag.py
[2024-05-16 12:54:14,212] {processor.py:642} INFO - Processing file /Users/nikhilanand/airflow_venv/lib/python3.9/site-packages/airflow/example_dags/example_skip_dag.py for tasks to queue
[2024-05-16 12:54:14,213] {logging_mixin.py:109} INFO - [2024-05-16 12:54:14,213] {dagbag.py:500} INFO - Filling up the DagBag from /Users/nikhilanand/airflow_venv/lib/python3.9/site-packages/airflow/example_dags/example_skip_dag.py
[2024-05-16 12:54:14,229] {processor.py:654} INFO - DAG(s) dict_keys(['example_skip_dag']) retrieved from /Users/nikhilanand/airflow_venv/lib/python3.9/site-packages/airflow/example_dags/example_skip_dag.py
[2024-05-16 12:54:14,237] {logging_mixin.py:109} INFO - [2024-05-16 12:54:14,237] {dag.py:2396} INFO - Sync 1 DAGs
[2024-05-16 12:54:14,242] {logging_mixin.py:109} INFO - [2024-05-16 12:54:14,242] {dag.py:2935} INFO - Setting next_dagrun for example_skip_dag to 2024-05-15T07:24:14.242157+00:00
[2024-05-16 12:54:14,245] {processor.py:171} INFO - Processing /Users/nikhilanand/airflow_venv/lib/python3.9/site-packages/airflow/example_dags/example_skip_dag.py took 0.033 seconds
[2024-05-16 12:55:20,450] {processor.py:163} INFO - Started process (PID=88196) to work on /Users/nikhilanand/airflow_venv/lib/python3.9/site-packages/airflow/example_dags/example_skip_dag.py
[2024-05-16 12:55:20,452] {processor.py:642} INFO - Processing file /Users/nikhilanand/airflow_venv/lib/python3.9/site-packages/airflow/example_dags/example_skip_dag.py for tasks to queue
[2024-05-16 12:55:20,452] {logging_mixin.py:109} INFO - [2024-05-16 12:55:20,452] {dagbag.py:500} INFO - Filling up the DagBag from /Users/nikhilanand/airflow_venv/lib/python3.9/site-packages/airflow/example_dags/example_skip_dag.py
[2024-05-16 12:55:20,467] {processor.py:654} INFO - DAG(s) dict_keys(['example_skip_dag']) retrieved from /Users/nikhilanand/airflow_venv/lib/python3.9/site-packages/airflow/example_dags/example_skip_dag.py
[2024-05-16 12:55:20,476] {logging_mixin.py:109} INFO - [2024-05-16 12:55:20,476] {dag.py:2396} INFO - Sync 1 DAGs
[2024-05-16 12:55:20,480] {logging_mixin.py:109} INFO - [2024-05-16 12:55:20,480] {dag.py:2935} INFO - Setting next_dagrun for example_skip_dag to 2024-05-15T07:25:20.480761+00:00
[2024-05-16 12:55:20,484] {processor.py:171} INFO - Processing /Users/nikhilanand/airflow_venv/lib/python3.9/site-packages/airflow/example_dags/example_skip_dag.py took 0.034 seconds
[2024-05-16 12:56:26,822] {processor.py:163} INFO - Started process (PID=88986) to work on /Users/nikhilanand/airflow_venv/lib/python3.9/site-packages/airflow/example_dags/example_skip_dag.py
[2024-05-16 12:56:26,823] {processor.py:642} INFO - Processing file /Users/nikhilanand/airflow_venv/lib/python3.9/site-packages/airflow/example_dags/example_skip_dag.py for tasks to queue
[2024-05-16 12:56:26,823] {logging_mixin.py:109} INFO - [2024-05-16 12:56:26,823] {dagbag.py:500} INFO - Filling up the DagBag from /Users/nikhilanand/airflow_venv/lib/python3.9/site-packages/airflow/example_dags/example_skip_dag.py
[2024-05-16 12:56:26,838] {processor.py:654} INFO - DAG(s) dict_keys(['example_skip_dag']) retrieved from /Users/nikhilanand/airflow_venv/lib/python3.9/site-packages/airflow/example_dags/example_skip_dag.py
[2024-05-16 12:56:26,847] {logging_mixin.py:109} INFO - [2024-05-16 12:56:26,847] {dag.py:2396} INFO - Sync 1 DAGs
[2024-05-16 12:56:26,851] {logging_mixin.py:109} INFO - [2024-05-16 12:56:26,851] {dag.py:2935} INFO - Setting next_dagrun for example_skip_dag to 2024-05-15T07:26:26.851849+00:00
[2024-05-16 12:56:26,855] {processor.py:171} INFO - Processing /Users/nikhilanand/airflow_venv/lib/python3.9/site-packages/airflow/example_dags/example_skip_dag.py took 0.033 seconds
[2024-05-16 12:57:34,239] {processor.py:163} INFO - Started process (PID=89769) to work on /Users/nikhilanand/airflow_venv/lib/python3.9/site-packages/airflow/example_dags/example_skip_dag.py
[2024-05-16 12:57:34,239] {processor.py:642} INFO - Processing file /Users/nikhilanand/airflow_venv/lib/python3.9/site-packages/airflow/example_dags/example_skip_dag.py for tasks to queue
[2024-05-16 12:57:34,239] {logging_mixin.py:109} INFO - [2024-05-16 12:57:34,239] {dagbag.py:500} INFO - Filling up the DagBag from /Users/nikhilanand/airflow_venv/lib/python3.9/site-packages/airflow/example_dags/example_skip_dag.py
[2024-05-16 12:57:34,254] {processor.py:654} INFO - DAG(s) dict_keys(['example_skip_dag']) retrieved from /Users/nikhilanand/airflow_venv/lib/python3.9/site-packages/airflow/example_dags/example_skip_dag.py
[2024-05-16 12:57:34,263] {logging_mixin.py:109} INFO - [2024-05-16 12:57:34,263] {dag.py:2396} INFO - Sync 1 DAGs
[2024-05-16 12:57:34,267] {logging_mixin.py:109} INFO - [2024-05-16 12:57:34,267] {dag.py:2935} INFO - Setting next_dagrun for example_skip_dag to 2024-05-15T07:27:34.267706+00:00
[2024-05-16 12:57:34,271] {processor.py:171} INFO - Processing /Users/nikhilanand/airflow_venv/lib/python3.9/site-packages/airflow/example_dags/example_skip_dag.py took 0.033 seconds
[2024-05-16 12:58:45,334] {processor.py:163} INFO - Started process (PID=90548) to work on /Users/nikhilanand/airflow_venv/lib/python3.9/site-packages/airflow/example_dags/example_skip_dag.py
[2024-05-16 12:58:45,334] {processor.py:642} INFO - Processing file /Users/nikhilanand/airflow_venv/lib/python3.9/site-packages/airflow/example_dags/example_skip_dag.py for tasks to queue
[2024-05-16 12:58:45,334] {logging_mixin.py:109} INFO - [2024-05-16 12:58:45,334] {dagbag.py:500} INFO - Filling up the DagBag from /Users/nikhilanand/airflow_venv/lib/python3.9/site-packages/airflow/example_dags/example_skip_dag.py
[2024-05-16 12:58:45,350] {processor.py:654} INFO - DAG(s) dict_keys(['example_skip_dag']) retrieved from /Users/nikhilanand/airflow_venv/lib/python3.9/site-packages/airflow/example_dags/example_skip_dag.py
[2024-05-16 12:58:45,359] {logging_mixin.py:109} INFO - [2024-05-16 12:58:45,358] {dag.py:2396} INFO - Sync 1 DAGs
[2024-05-16 12:58:45,363] {logging_mixin.py:109} INFO - [2024-05-16 12:58:45,363] {dag.py:2935} INFO - Setting next_dagrun for example_skip_dag to 2024-05-15T07:28:45.363291+00:00
[2024-05-16 12:58:45,367] {processor.py:171} INFO - Processing /Users/nikhilanand/airflow_venv/lib/python3.9/site-packages/airflow/example_dags/example_skip_dag.py took 0.033 seconds
[2024-05-16 12:59:58,985] {processor.py:163} INFO - Started process (PID=91431) to work on /Users/nikhilanand/airflow_venv/lib/python3.9/site-packages/airflow/example_dags/example_skip_dag.py
[2024-05-16 12:59:58,986] {processor.py:642} INFO - Processing file /Users/nikhilanand/airflow_venv/lib/python3.9/site-packages/airflow/example_dags/example_skip_dag.py for tasks to queue
[2024-05-16 12:59:58,986] {logging_mixin.py:109} INFO - [2024-05-16 12:59:58,986] {dagbag.py:500} INFO - Filling up the DagBag from /Users/nikhilanand/airflow_venv/lib/python3.9/site-packages/airflow/example_dags/example_skip_dag.py
[2024-05-16 12:59:59,002] {processor.py:654} INFO - DAG(s) dict_keys(['example_skip_dag']) retrieved from /Users/nikhilanand/airflow_venv/lib/python3.9/site-packages/airflow/example_dags/example_skip_dag.py
[2024-05-16 12:59:59,012] {logging_mixin.py:109} INFO - [2024-05-16 12:59:59,012] {dag.py:2396} INFO - Sync 1 DAGs
[2024-05-16 12:59:59,016] {logging_mixin.py:109} INFO - [2024-05-16 12:59:59,016] {dag.py:2935} INFO - Setting next_dagrun for example_skip_dag to 2024-05-15T07:29:59.016570+00:00
[2024-05-16 12:59:59,020] {processor.py:171} INFO - Processing /Users/nikhilanand/airflow_venv/lib/python3.9/site-packages/airflow/example_dags/example_skip_dag.py took 0.035 seconds
[2024-05-16 13:01:10,589] {processor.py:163} INFO - Started process (PID=92268) to work on /Users/nikhilanand/airflow_venv/lib/python3.9/site-packages/airflow/example_dags/example_skip_dag.py
[2024-05-16 13:01:10,590] {processor.py:642} INFO - Processing file /Users/nikhilanand/airflow_venv/lib/python3.9/site-packages/airflow/example_dags/example_skip_dag.py for tasks to queue
[2024-05-16 13:01:10,590] {logging_mixin.py:109} INFO - [2024-05-16 13:01:10,590] {dagbag.py:500} INFO - Filling up the DagBag from /Users/nikhilanand/airflow_venv/lib/python3.9/site-packages/airflow/example_dags/example_skip_dag.py
[2024-05-16 13:01:10,608] {processor.py:654} INFO - DAG(s) dict_keys(['example_skip_dag']) retrieved from /Users/nikhilanand/airflow_venv/lib/python3.9/site-packages/airflow/example_dags/example_skip_dag.py
[2024-05-16 13:01:10,618] {logging_mixin.py:109} INFO - [2024-05-16 13:01:10,618] {dag.py:2396} INFO - Sync 1 DAGs
[2024-05-16 13:01:10,623] {logging_mixin.py:109} INFO - [2024-05-16 13:01:10,623] {dag.py:2935} INFO - Setting next_dagrun for example_skip_dag to 2024-05-15T07:31:10.623561+00:00
[2024-05-16 13:01:10,628] {processor.py:171} INFO - Processing /Users/nikhilanand/airflow_venv/lib/python3.9/site-packages/airflow/example_dags/example_skip_dag.py took 0.039 seconds
[2024-05-16 13:02:20,292] {processor.py:163} INFO - Started process (PID=93072) to work on /Users/nikhilanand/airflow_venv/lib/python3.9/site-packages/airflow/example_dags/example_skip_dag.py
[2024-05-16 13:02:20,293] {processor.py:642} INFO - Processing file /Users/nikhilanand/airflow_venv/lib/python3.9/site-packages/airflow/example_dags/example_skip_dag.py for tasks to queue
[2024-05-16 13:02:20,293] {logging_mixin.py:109} INFO - [2024-05-16 13:02:20,293] {dagbag.py:500} INFO - Filling up the DagBag from /Users/nikhilanand/airflow_venv/lib/python3.9/site-packages/airflow/example_dags/example_skip_dag.py
[2024-05-16 13:02:20,310] {processor.py:654} INFO - DAG(s) dict_keys(['example_skip_dag']) retrieved from /Users/nikhilanand/airflow_venv/lib/python3.9/site-packages/airflow/example_dags/example_skip_dag.py
[2024-05-16 13:02:20,321] {logging_mixin.py:109} INFO - [2024-05-16 13:02:20,321] {dag.py:2396} INFO - Sync 1 DAGs
[2024-05-16 13:02:20,325] {logging_mixin.py:109} INFO - [2024-05-16 13:02:20,325] {dag.py:2935} INFO - Setting next_dagrun for example_skip_dag to 2024-05-15T07:32:20.325653+00:00
[2024-05-16 13:02:20,329] {processor.py:171} INFO - Processing /Users/nikhilanand/airflow_venv/lib/python3.9/site-packages/airflow/example_dags/example_skip_dag.py took 0.037 seconds
[2024-05-16 13:03:30,195] {processor.py:163} INFO - Started process (PID=94226) to work on /Users/nikhilanand/airflow_venv/lib/python3.9/site-packages/airflow/example_dags/example_skip_dag.py
[2024-05-16 13:03:30,196] {processor.py:642} INFO - Processing file /Users/nikhilanand/airflow_venv/lib/python3.9/site-packages/airflow/example_dags/example_skip_dag.py for tasks to queue
[2024-05-16 13:03:30,196] {logging_mixin.py:109} INFO - [2024-05-16 13:03:30,196] {dagbag.py:500} INFO - Filling up the DagBag from /Users/nikhilanand/airflow_venv/lib/python3.9/site-packages/airflow/example_dags/example_skip_dag.py
[2024-05-16 13:03:30,212] {processor.py:654} INFO - DAG(s) dict_keys(['example_skip_dag']) retrieved from /Users/nikhilanand/airflow_venv/lib/python3.9/site-packages/airflow/example_dags/example_skip_dag.py
[2024-05-16 13:03:30,222] {logging_mixin.py:109} INFO - [2024-05-16 13:03:30,222] {dag.py:2396} INFO - Sync 1 DAGs
[2024-05-16 13:03:30,226] {logging_mixin.py:109} INFO - [2024-05-16 13:03:30,226] {dag.py:2935} INFO - Setting next_dagrun for example_skip_dag to 2024-05-15T07:33:30.226676+00:00
[2024-05-16 13:03:30,230] {processor.py:171} INFO - Processing /Users/nikhilanand/airflow_venv/lib/python3.9/site-packages/airflow/example_dags/example_skip_dag.py took 0.036 seconds
[2024-05-16 13:04:43,213] {processor.py:163} INFO - Started process (PID=95067) to work on /Users/nikhilanand/airflow_venv/lib/python3.9/site-packages/airflow/example_dags/example_skip_dag.py
[2024-05-16 13:04:43,214] {processor.py:642} INFO - Processing file /Users/nikhilanand/airflow_venv/lib/python3.9/site-packages/airflow/example_dags/example_skip_dag.py for tasks to queue
[2024-05-16 13:04:43,214] {logging_mixin.py:109} INFO - [2024-05-16 13:04:43,214] {dagbag.py:500} INFO - Filling up the DagBag from /Users/nikhilanand/airflow_venv/lib/python3.9/site-packages/airflow/example_dags/example_skip_dag.py
[2024-05-16 13:04:43,230] {processor.py:654} INFO - DAG(s) dict_keys(['example_skip_dag']) retrieved from /Users/nikhilanand/airflow_venv/lib/python3.9/site-packages/airflow/example_dags/example_skip_dag.py
[2024-05-16 13:04:43,239] {logging_mixin.py:109} INFO - [2024-05-16 13:04:43,239] {dag.py:2396} INFO - Sync 1 DAGs
[2024-05-16 13:04:43,243] {logging_mixin.py:109} INFO - [2024-05-16 13:04:43,243] {dag.py:2935} INFO - Setting next_dagrun for example_skip_dag to 2024-05-15T07:34:43.243381+00:00
[2024-05-16 13:04:43,247] {processor.py:171} INFO - Processing /Users/nikhilanand/airflow_venv/lib/python3.9/site-packages/airflow/example_dags/example_skip_dag.py took 0.034 seconds
[2024-05-16 13:06:00,345] {processor.py:163} INFO - Started process (PID=96004) to work on /Users/nikhilanand/airflow_venv/lib/python3.9/site-packages/airflow/example_dags/example_skip_dag.py
[2024-05-16 13:06:00,346] {processor.py:642} INFO - Processing file /Users/nikhilanand/airflow_venv/lib/python3.9/site-packages/airflow/example_dags/example_skip_dag.py for tasks to queue
[2024-05-16 13:06:00,346] {logging_mixin.py:109} INFO - [2024-05-16 13:06:00,346] {dagbag.py:500} INFO - Filling up the DagBag from /Users/nikhilanand/airflow_venv/lib/python3.9/site-packages/airflow/example_dags/example_skip_dag.py
[2024-05-16 13:06:00,363] {processor.py:654} INFO - DAG(s) dict_keys(['example_skip_dag']) retrieved from /Users/nikhilanand/airflow_venv/lib/python3.9/site-packages/airflow/example_dags/example_skip_dag.py
[2024-05-16 13:06:00,373] {logging_mixin.py:109} INFO - [2024-05-16 13:06:00,373] {dag.py:2396} INFO - Sync 1 DAGs
[2024-05-16 13:06:00,378] {logging_mixin.py:109} INFO - [2024-05-16 13:06:00,378] {dag.py:2935} INFO - Setting next_dagrun for example_skip_dag to 2024-05-15T07:36:00.378564+00:00
[2024-05-16 13:06:00,383] {processor.py:171} INFO - Processing /Users/nikhilanand/airflow_venv/lib/python3.9/site-packages/airflow/example_dags/example_skip_dag.py took 0.038 seconds
[2024-05-16 13:07:07,550] {processor.py:163} INFO - Started process (PID=96792) to work on /Users/nikhilanand/airflow_venv/lib/python3.9/site-packages/airflow/example_dags/example_skip_dag.py
[2024-05-16 13:07:07,551] {processor.py:642} INFO - Processing file /Users/nikhilanand/airflow_venv/lib/python3.9/site-packages/airflow/example_dags/example_skip_dag.py for tasks to queue
[2024-05-16 13:07:07,552] {logging_mixin.py:109} INFO - [2024-05-16 13:07:07,552] {dagbag.py:500} INFO - Filling up the DagBag from /Users/nikhilanand/airflow_venv/lib/python3.9/site-packages/airflow/example_dags/example_skip_dag.py
[2024-05-16 13:07:07,567] {processor.py:654} INFO - DAG(s) dict_keys(['example_skip_dag']) retrieved from /Users/nikhilanand/airflow_venv/lib/python3.9/site-packages/airflow/example_dags/example_skip_dag.py
[2024-05-16 13:07:07,576] {logging_mixin.py:109} INFO - [2024-05-16 13:07:07,576] {dag.py:2396} INFO - Sync 1 DAGs
[2024-05-16 13:07:07,580] {logging_mixin.py:109} INFO - [2024-05-16 13:07:07,580] {dag.py:2935} INFO - Setting next_dagrun for example_skip_dag to 2024-05-15T07:37:07.580444+00:00
[2024-05-16 13:07:07,584] {processor.py:171} INFO - Processing /Users/nikhilanand/airflow_venv/lib/python3.9/site-packages/airflow/example_dags/example_skip_dag.py took 0.034 seconds
[2024-05-16 13:08:26,003] {processor.py:163} INFO - Started process (PID=97670) to work on /Users/nikhilanand/airflow_venv/lib/python3.9/site-packages/airflow/example_dags/example_skip_dag.py
[2024-05-16 13:08:26,004] {processor.py:642} INFO - Processing file /Users/nikhilanand/airflow_venv/lib/python3.9/site-packages/airflow/example_dags/example_skip_dag.py for tasks to queue
[2024-05-16 13:08:26,004] {logging_mixin.py:109} INFO - [2024-05-16 13:08:26,004] {dagbag.py:500} INFO - Filling up the DagBag from /Users/nikhilanand/airflow_venv/lib/python3.9/site-packages/airflow/example_dags/example_skip_dag.py
[2024-05-16 13:08:26,020] {processor.py:654} INFO - DAG(s) dict_keys(['example_skip_dag']) retrieved from /Users/nikhilanand/airflow_venv/lib/python3.9/site-packages/airflow/example_dags/example_skip_dag.py
[2024-05-16 13:08:26,029] {logging_mixin.py:109} INFO - [2024-05-16 13:08:26,029] {dag.py:2396} INFO - Sync 1 DAGs
[2024-05-16 13:08:26,033] {logging_mixin.py:109} INFO - [2024-05-16 13:08:26,033] {dag.py:2935} INFO - Setting next_dagrun for example_skip_dag to 2024-05-15T07:38:26.033329+00:00
[2024-05-16 13:08:26,036] {processor.py:171} INFO - Processing /Users/nikhilanand/airflow_venv/lib/python3.9/site-packages/airflow/example_dags/example_skip_dag.py took 0.034 seconds
[2024-05-16 13:09:34,185] {processor.py:163} INFO - Started process (PID=98410) to work on /Users/nikhilanand/airflow_venv/lib/python3.9/site-packages/airflow/example_dags/example_skip_dag.py
[2024-05-16 13:09:34,186] {processor.py:642} INFO - Processing file /Users/nikhilanand/airflow_venv/lib/python3.9/site-packages/airflow/example_dags/example_skip_dag.py for tasks to queue
[2024-05-16 13:09:34,187] {logging_mixin.py:109} INFO - [2024-05-16 13:09:34,187] {dagbag.py:500} INFO - Filling up the DagBag from /Users/nikhilanand/airflow_venv/lib/python3.9/site-packages/airflow/example_dags/example_skip_dag.py
[2024-05-16 13:09:34,202] {processor.py:654} INFO - DAG(s) dict_keys(['example_skip_dag']) retrieved from /Users/nikhilanand/airflow_venv/lib/python3.9/site-packages/airflow/example_dags/example_skip_dag.py
[2024-05-16 13:09:34,211] {logging_mixin.py:109} INFO - [2024-05-16 13:09:34,211] {dag.py:2396} INFO - Sync 1 DAGs
[2024-05-16 13:09:34,215] {logging_mixin.py:109} INFO - [2024-05-16 13:09:34,215] {dag.py:2935} INFO - Setting next_dagrun for example_skip_dag to 2024-05-15T07:39:34.215690+00:00
[2024-05-16 13:09:34,219] {processor.py:171} INFO - Processing /Users/nikhilanand/airflow_venv/lib/python3.9/site-packages/airflow/example_dags/example_skip_dag.py took 0.034 seconds
[2024-05-16 13:10:44,572] {processor.py:163} INFO - Started process (PID=99197) to work on /Users/nikhilanand/airflow_venv/lib/python3.9/site-packages/airflow/example_dags/example_skip_dag.py
[2024-05-16 13:10:44,573] {processor.py:642} INFO - Processing file /Users/nikhilanand/airflow_venv/lib/python3.9/site-packages/airflow/example_dags/example_skip_dag.py for tasks to queue
[2024-05-16 13:10:44,573] {logging_mixin.py:109} INFO - [2024-05-16 13:10:44,573] {dagbag.py:500} INFO - Filling up the DagBag from /Users/nikhilanand/airflow_venv/lib/python3.9/site-packages/airflow/example_dags/example_skip_dag.py
[2024-05-16 13:10:44,589] {processor.py:654} INFO - DAG(s) dict_keys(['example_skip_dag']) retrieved from /Users/nikhilanand/airflow_venv/lib/python3.9/site-packages/airflow/example_dags/example_skip_dag.py
[2024-05-16 13:10:44,598] {logging_mixin.py:109} INFO - [2024-05-16 13:10:44,598] {dag.py:2396} INFO - Sync 1 DAGs
[2024-05-16 13:10:44,603] {logging_mixin.py:109} INFO - [2024-05-16 13:10:44,603] {dag.py:2935} INFO - Setting next_dagrun for example_skip_dag to 2024-05-15T07:40:44.603401+00:00
[2024-05-16 13:10:44,607] {processor.py:171} INFO - Processing /Users/nikhilanand/airflow_venv/lib/python3.9/site-packages/airflow/example_dags/example_skip_dag.py took 0.035 seconds
[2024-05-16 13:11:54,240] {processor.py:163} INFO - Started process (PID=99987) to work on /Users/nikhilanand/airflow_venv/lib/python3.9/site-packages/airflow/example_dags/example_skip_dag.py
[2024-05-16 13:11:54,241] {processor.py:642} INFO - Processing file /Users/nikhilanand/airflow_venv/lib/python3.9/site-packages/airflow/example_dags/example_skip_dag.py for tasks to queue
[2024-05-16 13:11:54,241] {logging_mixin.py:109} INFO - [2024-05-16 13:11:54,241] {dagbag.py:500} INFO - Filling up the DagBag from /Users/nikhilanand/airflow_venv/lib/python3.9/site-packages/airflow/example_dags/example_skip_dag.py
[2024-05-16 13:11:54,258] {processor.py:654} INFO - DAG(s) dict_keys(['example_skip_dag']) retrieved from /Users/nikhilanand/airflow_venv/lib/python3.9/site-packages/airflow/example_dags/example_skip_dag.py
[2024-05-16 13:11:54,268] {logging_mixin.py:109} INFO - [2024-05-16 13:11:54,268] {dag.py:2396} INFO - Sync 1 DAGs
[2024-05-16 13:11:54,273] {logging_mixin.py:109} INFO - [2024-05-16 13:11:54,273] {dag.py:2935} INFO - Setting next_dagrun for example_skip_dag to 2024-05-15T07:41:54.273143+00:00
[2024-05-16 13:11:54,277] {processor.py:171} INFO - Processing /Users/nikhilanand/airflow_venv/lib/python3.9/site-packages/airflow/example_dags/example_skip_dag.py took 0.037 seconds
[2024-05-16 13:13:09,404] {processor.py:163} INFO - Started process (PID=1203) to work on /Users/nikhilanand/airflow_venv/lib/python3.9/site-packages/airflow/example_dags/example_skip_dag.py
[2024-05-16 13:13:09,405] {processor.py:642} INFO - Processing file /Users/nikhilanand/airflow_venv/lib/python3.9/site-packages/airflow/example_dags/example_skip_dag.py for tasks to queue
[2024-05-16 13:13:09,405] {logging_mixin.py:109} INFO - [2024-05-16 13:13:09,405] {dagbag.py:500} INFO - Filling up the DagBag from /Users/nikhilanand/airflow_venv/lib/python3.9/site-packages/airflow/example_dags/example_skip_dag.py
[2024-05-16 13:13:09,421] {processor.py:654} INFO - DAG(s) dict_keys(['example_skip_dag']) retrieved from /Users/nikhilanand/airflow_venv/lib/python3.9/site-packages/airflow/example_dags/example_skip_dag.py
[2024-05-16 13:13:09,430] {logging_mixin.py:109} INFO - [2024-05-16 13:13:09,430] {dag.py:2396} INFO - Sync 1 DAGs
[2024-05-16 13:13:09,435] {logging_mixin.py:109} INFO - [2024-05-16 13:13:09,435] {dag.py:2935} INFO - Setting next_dagrun for example_skip_dag to 2024-05-15T07:43:09.435339+00:00
[2024-05-16 13:13:09,439] {processor.py:171} INFO - Processing /Users/nikhilanand/airflow_venv/lib/python3.9/site-packages/airflow/example_dags/example_skip_dag.py took 0.035 seconds
[2024-05-16 13:14:23,801] {processor.py:163} INFO - Started process (PID=2080) to work on /Users/nikhilanand/airflow_venv/lib/python3.9/site-packages/airflow/example_dags/example_skip_dag.py
[2024-05-16 13:14:23,802] {processor.py:642} INFO - Processing file /Users/nikhilanand/airflow_venv/lib/python3.9/site-packages/airflow/example_dags/example_skip_dag.py for tasks to queue
[2024-05-16 13:14:23,803] {logging_mixin.py:109} INFO - [2024-05-16 13:14:23,803] {dagbag.py:500} INFO - Filling up the DagBag from /Users/nikhilanand/airflow_venv/lib/python3.9/site-packages/airflow/example_dags/example_skip_dag.py
[2024-05-16 13:14:23,818] {processor.py:654} INFO - DAG(s) dict_keys(['example_skip_dag']) retrieved from /Users/nikhilanand/airflow_venv/lib/python3.9/site-packages/airflow/example_dags/example_skip_dag.py
[2024-05-16 13:14:23,827] {logging_mixin.py:109} INFO - [2024-05-16 13:14:23,827] {dag.py:2396} INFO - Sync 1 DAGs
[2024-05-16 13:14:23,832] {logging_mixin.py:109} INFO - [2024-05-16 13:14:23,832] {dag.py:2935} INFO - Setting next_dagrun for example_skip_dag to 2024-05-15T07:44:23.832011+00:00
[2024-05-16 13:14:23,835] {processor.py:171} INFO - Processing /Users/nikhilanand/airflow_venv/lib/python3.9/site-packages/airflow/example_dags/example_skip_dag.py took 0.034 seconds
[2024-05-16 13:15:32,694] {processor.py:163} INFO - Started process (PID=3327) to work on /Users/nikhilanand/airflow_venv/lib/python3.9/site-packages/airflow/example_dags/example_skip_dag.py
[2024-05-16 13:15:32,695] {processor.py:642} INFO - Processing file /Users/nikhilanand/airflow_venv/lib/python3.9/site-packages/airflow/example_dags/example_skip_dag.py for tasks to queue
[2024-05-16 13:15:32,695] {logging_mixin.py:109} INFO - [2024-05-16 13:15:32,695] {dagbag.py:500} INFO - Filling up the DagBag from /Users/nikhilanand/airflow_venv/lib/python3.9/site-packages/airflow/example_dags/example_skip_dag.py
[2024-05-16 13:15:32,712] {processor.py:654} INFO - DAG(s) dict_keys(['example_skip_dag']) retrieved from /Users/nikhilanand/airflow_venv/lib/python3.9/site-packages/airflow/example_dags/example_skip_dag.py
[2024-05-16 13:15:32,723] {logging_mixin.py:109} INFO - [2024-05-16 13:15:32,723] {dag.py:2396} INFO - Sync 1 DAGs
[2024-05-16 13:15:32,727] {logging_mixin.py:109} INFO - [2024-05-16 13:15:32,727] {dag.py:2935} INFO - Setting next_dagrun for example_skip_dag to 2024-05-15T07:45:32.727756+00:00
[2024-05-16 13:15:32,731] {processor.py:171} INFO - Processing /Users/nikhilanand/airflow_venv/lib/python3.9/site-packages/airflow/example_dags/example_skip_dag.py took 0.037 seconds
[2024-05-16 13:16:41,578] {processor.py:163} INFO - Started process (PID=4167) to work on /Users/nikhilanand/airflow_venv/lib/python3.9/site-packages/airflow/example_dags/example_skip_dag.py
[2024-05-16 13:16:41,579] {processor.py:642} INFO - Processing file /Users/nikhilanand/airflow_venv/lib/python3.9/site-packages/airflow/example_dags/example_skip_dag.py for tasks to queue
[2024-05-16 13:16:41,579] {logging_mixin.py:109} INFO - [2024-05-16 13:16:41,579] {dagbag.py:500} INFO - Filling up the DagBag from /Users/nikhilanand/airflow_venv/lib/python3.9/site-packages/airflow/example_dags/example_skip_dag.py
[2024-05-16 13:16:41,597] {processor.py:654} INFO - DAG(s) dict_keys(['example_skip_dag']) retrieved from /Users/nikhilanand/airflow_venv/lib/python3.9/site-packages/airflow/example_dags/example_skip_dag.py
[2024-05-16 13:16:41,607] {logging_mixin.py:109} INFO - [2024-05-16 13:16:41,607] {dag.py:2396} INFO - Sync 1 DAGs
[2024-05-16 13:16:41,612] {logging_mixin.py:109} INFO - [2024-05-16 13:16:41,612] {dag.py:2935} INFO - Setting next_dagrun for example_skip_dag to 2024-05-15T07:46:41.612587+00:00
[2024-05-16 13:16:41,617] {processor.py:171} INFO - Processing /Users/nikhilanand/airflow_venv/lib/python3.9/site-packages/airflow/example_dags/example_skip_dag.py took 0.039 seconds
[2024-05-16 13:17:58,159] {processor.py:163} INFO - Started process (PID=5049) to work on /Users/nikhilanand/airflow_venv/lib/python3.9/site-packages/airflow/example_dags/example_skip_dag.py
[2024-05-16 13:17:58,160] {processor.py:642} INFO - Processing file /Users/nikhilanand/airflow_venv/lib/python3.9/site-packages/airflow/example_dags/example_skip_dag.py for tasks to queue
[2024-05-16 13:17:58,160] {logging_mixin.py:109} INFO - [2024-05-16 13:17:58,160] {dagbag.py:500} INFO - Filling up the DagBag from /Users/nikhilanand/airflow_venv/lib/python3.9/site-packages/airflow/example_dags/example_skip_dag.py
[2024-05-16 13:17:58,177] {processor.py:654} INFO - DAG(s) dict_keys(['example_skip_dag']) retrieved from /Users/nikhilanand/airflow_venv/lib/python3.9/site-packages/airflow/example_dags/example_skip_dag.py
[2024-05-16 13:17:58,188] {logging_mixin.py:109} INFO - [2024-05-16 13:17:58,188] {dag.py:2396} INFO - Sync 1 DAGs
[2024-05-16 13:17:58,193] {logging_mixin.py:109} INFO - [2024-05-16 13:17:58,193] {dag.py:2935} INFO - Setting next_dagrun for example_skip_dag to 2024-05-15T07:47:58.193379+00:00
[2024-05-16 13:17:58,197] {processor.py:171} INFO - Processing /Users/nikhilanand/airflow_venv/lib/python3.9/site-packages/airflow/example_dags/example_skip_dag.py took 0.038 seconds
[2024-05-16 13:19:05,107] {processor.py:163} INFO - Started process (PID=5857) to work on /Users/nikhilanand/airflow_venv/lib/python3.9/site-packages/airflow/example_dags/example_skip_dag.py
[2024-05-16 13:19:05,107] {processor.py:642} INFO - Processing file /Users/nikhilanand/airflow_venv/lib/python3.9/site-packages/airflow/example_dags/example_skip_dag.py for tasks to queue
[2024-05-16 13:19:05,107] {logging_mixin.py:109} INFO - [2024-05-16 13:19:05,107] {dagbag.py:500} INFO - Filling up the DagBag from /Users/nikhilanand/airflow_venv/lib/python3.9/site-packages/airflow/example_dags/example_skip_dag.py
[2024-05-16 13:19:05,124] {processor.py:654} INFO - DAG(s) dict_keys(['example_skip_dag']) retrieved from /Users/nikhilanand/airflow_venv/lib/python3.9/site-packages/airflow/example_dags/example_skip_dag.py
[2024-05-16 13:19:05,133] {logging_mixin.py:109} INFO - [2024-05-16 13:19:05,133] {dag.py:2396} INFO - Sync 1 DAGs
[2024-05-16 13:19:05,137] {logging_mixin.py:109} INFO - [2024-05-16 13:19:05,137] {dag.py:2935} INFO - Setting next_dagrun for example_skip_dag to 2024-05-15T07:49:05.137811+00:00
[2024-05-16 13:19:05,141] {processor.py:171} INFO - Processing /Users/nikhilanand/airflow_venv/lib/python3.9/site-packages/airflow/example_dags/example_skip_dag.py took 0.035 seconds
[2024-05-16 13:20:13,611] {processor.py:163} INFO - Started process (PID=6663) to work on /Users/nikhilanand/airflow_venv/lib/python3.9/site-packages/airflow/example_dags/example_skip_dag.py
[2024-05-16 13:20:13,611] {processor.py:642} INFO - Processing file /Users/nikhilanand/airflow_venv/lib/python3.9/site-packages/airflow/example_dags/example_skip_dag.py for tasks to queue
[2024-05-16 13:20:13,611] {logging_mixin.py:109} INFO - [2024-05-16 13:20:13,611] {dagbag.py:500} INFO - Filling up the DagBag from /Users/nikhilanand/airflow_venv/lib/python3.9/site-packages/airflow/example_dags/example_skip_dag.py
[2024-05-16 13:20:13,628] {processor.py:654} INFO - DAG(s) dict_keys(['example_skip_dag']) retrieved from /Users/nikhilanand/airflow_venv/lib/python3.9/site-packages/airflow/example_dags/example_skip_dag.py
[2024-05-16 13:20:13,638] {logging_mixin.py:109} INFO - [2024-05-16 13:20:13,638] {dag.py:2396} INFO - Sync 1 DAGs
[2024-05-16 13:20:13,642] {logging_mixin.py:109} INFO - [2024-05-16 13:20:13,642] {dag.py:2935} INFO - Setting next_dagrun for example_skip_dag to 2024-05-15T07:50:13.642673+00:00
[2024-05-16 13:20:13,646] {processor.py:171} INFO - Processing /Users/nikhilanand/airflow_venv/lib/python3.9/site-packages/airflow/example_dags/example_skip_dag.py took 0.036 seconds
[2024-05-16 13:21:20,648] {processor.py:163} INFO - Started process (PID=7466) to work on /Users/nikhilanand/airflow_venv/lib/python3.9/site-packages/airflow/example_dags/example_skip_dag.py
[2024-05-16 13:21:20,649] {processor.py:642} INFO - Processing file /Users/nikhilanand/airflow_venv/lib/python3.9/site-packages/airflow/example_dags/example_skip_dag.py for tasks to queue
[2024-05-16 13:21:20,649] {logging_mixin.py:109} INFO - [2024-05-16 13:21:20,649] {dagbag.py:500} INFO - Filling up the DagBag from /Users/nikhilanand/airflow_venv/lib/python3.9/site-packages/airflow/example_dags/example_skip_dag.py
[2024-05-16 13:21:20,665] {processor.py:654} INFO - DAG(s) dict_keys(['example_skip_dag']) retrieved from /Users/nikhilanand/airflow_venv/lib/python3.9/site-packages/airflow/example_dags/example_skip_dag.py
[2024-05-16 13:21:20,674] {logging_mixin.py:109} INFO - [2024-05-16 13:21:20,674] {dag.py:2396} INFO - Sync 1 DAGs
[2024-05-16 13:21:20,679] {logging_mixin.py:109} INFO - [2024-05-16 13:21:20,679] {dag.py:2935} INFO - Setting next_dagrun for example_skip_dag to 2024-05-15T07:51:20.678975+00:00
[2024-05-16 13:21:20,682] {processor.py:171} INFO - Processing /Users/nikhilanand/airflow_venv/lib/python3.9/site-packages/airflow/example_dags/example_skip_dag.py took 0.034 seconds
[2024-05-16 13:22:31,364] {processor.py:163} INFO - Started process (PID=8292) to work on /Users/nikhilanand/airflow_venv/lib/python3.9/site-packages/airflow/example_dags/example_skip_dag.py
[2024-05-16 13:22:31,366] {processor.py:642} INFO - Processing file /Users/nikhilanand/airflow_venv/lib/python3.9/site-packages/airflow/example_dags/example_skip_dag.py for tasks to queue
[2024-05-16 13:22:31,366] {logging_mixin.py:109} INFO - [2024-05-16 13:22:31,366] {dagbag.py:500} INFO - Filling up the DagBag from /Users/nikhilanand/airflow_venv/lib/python3.9/site-packages/airflow/example_dags/example_skip_dag.py
[2024-05-16 13:22:31,382] {processor.py:654} INFO - DAG(s) dict_keys(['example_skip_dag']) retrieved from /Users/nikhilanand/airflow_venv/lib/python3.9/site-packages/airflow/example_dags/example_skip_dag.py
[2024-05-16 13:22:31,391] {logging_mixin.py:109} INFO - [2024-05-16 13:22:31,390] {dag.py:2396} INFO - Sync 1 DAGs
[2024-05-16 13:22:31,395] {logging_mixin.py:109} INFO - [2024-05-16 13:22:31,395] {dag.py:2935} INFO - Setting next_dagrun for example_skip_dag to 2024-05-15T07:52:31.395243+00:00
[2024-05-16 13:22:31,398] {processor.py:171} INFO - Processing /Users/nikhilanand/airflow_venv/lib/python3.9/site-packages/airflow/example_dags/example_skip_dag.py took 0.034 seconds
[2024-05-16 13:23:37,269] {processor.py:163} INFO - Started process (PID=9069) to work on /Users/nikhilanand/airflow_venv/lib/python3.9/site-packages/airflow/example_dags/example_skip_dag.py
[2024-05-16 13:23:37,269] {processor.py:642} INFO - Processing file /Users/nikhilanand/airflow_venv/lib/python3.9/site-packages/airflow/example_dags/example_skip_dag.py for tasks to queue
[2024-05-16 13:23:37,269] {logging_mixin.py:109} INFO - [2024-05-16 13:23:37,269] {dagbag.py:500} INFO - Filling up the DagBag from /Users/nikhilanand/airflow_venv/lib/python3.9/site-packages/airflow/example_dags/example_skip_dag.py
[2024-05-16 13:23:37,286] {processor.py:654} INFO - DAG(s) dict_keys(['example_skip_dag']) retrieved from /Users/nikhilanand/airflow_venv/lib/python3.9/site-packages/airflow/example_dags/example_skip_dag.py
[2024-05-16 13:23:37,295] {logging_mixin.py:109} INFO - [2024-05-16 13:23:37,295] {dag.py:2396} INFO - Sync 1 DAGs
[2024-05-16 13:23:37,300] {logging_mixin.py:109} INFO - [2024-05-16 13:23:37,300] {dag.py:2935} INFO - Setting next_dagrun for example_skip_dag to 2024-05-15T07:53:37.300112+00:00
[2024-05-16 13:23:37,304] {processor.py:171} INFO - Processing /Users/nikhilanand/airflow_venv/lib/python3.9/site-packages/airflow/example_dags/example_skip_dag.py took 0.035 seconds
[2024-05-16 13:24:46,055] {processor.py:163} INFO - Started process (PID=9876) to work on /Users/nikhilanand/airflow_venv/lib/python3.9/site-packages/airflow/example_dags/example_skip_dag.py
[2024-05-16 13:24:46,056] {processor.py:642} INFO - Processing file /Users/nikhilanand/airflow_venv/lib/python3.9/site-packages/airflow/example_dags/example_skip_dag.py for tasks to queue
[2024-05-16 13:24:46,056] {logging_mixin.py:109} INFO - [2024-05-16 13:24:46,056] {dagbag.py:500} INFO - Filling up the DagBag from /Users/nikhilanand/airflow_venv/lib/python3.9/site-packages/airflow/example_dags/example_skip_dag.py
[2024-05-16 13:24:46,073] {processor.py:654} INFO - DAG(s) dict_keys(['example_skip_dag']) retrieved from /Users/nikhilanand/airflow_venv/lib/python3.9/site-packages/airflow/example_dags/example_skip_dag.py
[2024-05-16 13:24:46,083] {logging_mixin.py:109} INFO - [2024-05-16 13:24:46,082] {dag.py:2396} INFO - Sync 1 DAGs
[2024-05-16 13:24:46,087] {logging_mixin.py:109} INFO - [2024-05-16 13:24:46,087] {dag.py:2935} INFO - Setting next_dagrun for example_skip_dag to 2024-05-15T07:54:46.087495+00:00
[2024-05-16 13:24:46,091] {processor.py:171} INFO - Processing /Users/nikhilanand/airflow_venv/lib/python3.9/site-packages/airflow/example_dags/example_skip_dag.py took 0.036 seconds
[2024-05-16 13:25:55,125] {processor.py:163} INFO - Started process (PID=11047) to work on /Users/nikhilanand/airflow_venv/lib/python3.9/site-packages/airflow/example_dags/example_skip_dag.py
[2024-05-16 13:25:55,126] {processor.py:642} INFO - Processing file /Users/nikhilanand/airflow_venv/lib/python3.9/site-packages/airflow/example_dags/example_skip_dag.py for tasks to queue
[2024-05-16 13:25:55,126] {logging_mixin.py:109} INFO - [2024-05-16 13:25:55,126] {dagbag.py:500} INFO - Filling up the DagBag from /Users/nikhilanand/airflow_venv/lib/python3.9/site-packages/airflow/example_dags/example_skip_dag.py
[2024-05-16 13:25:55,141] {processor.py:654} INFO - DAG(s) dict_keys(['example_skip_dag']) retrieved from /Users/nikhilanand/airflow_venv/lib/python3.9/site-packages/airflow/example_dags/example_skip_dag.py
[2024-05-16 13:25:55,150] {logging_mixin.py:109} INFO - [2024-05-16 13:25:55,150] {dag.py:2396} INFO - Sync 1 DAGs
[2024-05-16 13:25:55,154] {logging_mixin.py:109} INFO - [2024-05-16 13:25:55,154] {dag.py:2935} INFO - Setting next_dagrun for example_skip_dag to 2024-05-15T07:55:55.154706+00:00
[2024-05-16 13:25:55,158] {processor.py:171} INFO - Processing /Users/nikhilanand/airflow_venv/lib/python3.9/site-packages/airflow/example_dags/example_skip_dag.py took 0.033 seconds
[2024-05-16 13:27:01,661] {processor.py:163} INFO - Started process (PID=11839) to work on /Users/nikhilanand/airflow_venv/lib/python3.9/site-packages/airflow/example_dags/example_skip_dag.py
[2024-05-16 13:27:01,662] {processor.py:642} INFO - Processing file /Users/nikhilanand/airflow_venv/lib/python3.9/site-packages/airflow/example_dags/example_skip_dag.py for tasks to queue
[2024-05-16 13:27:01,662] {logging_mixin.py:109} INFO - [2024-05-16 13:27:01,662] {dagbag.py:500} INFO - Filling up the DagBag from /Users/nikhilanand/airflow_venv/lib/python3.9/site-packages/airflow/example_dags/example_skip_dag.py
[2024-05-16 13:27:01,679] {processor.py:654} INFO - DAG(s) dict_keys(['example_skip_dag']) retrieved from /Users/nikhilanand/airflow_venv/lib/python3.9/site-packages/airflow/example_dags/example_skip_dag.py
[2024-05-16 13:27:01,688] {logging_mixin.py:109} INFO - [2024-05-16 13:27:01,688] {dag.py:2396} INFO - Sync 1 DAGs
[2024-05-16 13:27:01,692] {logging_mixin.py:109} INFO - [2024-05-16 13:27:01,692] {dag.py:2935} INFO - Setting next_dagrun for example_skip_dag to 2024-05-15T07:57:01.692842+00:00
[2024-05-16 13:27:01,696] {processor.py:171} INFO - Processing /Users/nikhilanand/airflow_venv/lib/python3.9/site-packages/airflow/example_dags/example_skip_dag.py took 0.035 seconds
[2024-05-16 13:28:29,198] {processor.py:163} INFO - Started process (PID=12891) to work on /Users/nikhilanand/airflow_venv/lib/python3.9/site-packages/airflow/example_dags/example_skip_dag.py
[2024-05-16 13:28:29,199] {processor.py:642} INFO - Processing file /Users/nikhilanand/airflow_venv/lib/python3.9/site-packages/airflow/example_dags/example_skip_dag.py for tasks to queue
[2024-05-16 13:28:29,199] {logging_mixin.py:109} INFO - [2024-05-16 13:28:29,199] {dagbag.py:500} INFO - Filling up the DagBag from /Users/nikhilanand/airflow_venv/lib/python3.9/site-packages/airflow/example_dags/example_skip_dag.py
[2024-05-16 13:28:29,215] {processor.py:654} INFO - DAG(s) dict_keys(['example_skip_dag']) retrieved from /Users/nikhilanand/airflow_venv/lib/python3.9/site-packages/airflow/example_dags/example_skip_dag.py
[2024-05-16 13:28:29,225] {logging_mixin.py:109} INFO - [2024-05-16 13:28:29,225] {dag.py:2396} INFO - Sync 1 DAGs
[2024-05-16 13:28:29,229] {logging_mixin.py:109} INFO - [2024-05-16 13:28:29,229] {dag.py:2935} INFO - Setting next_dagrun for example_skip_dag to 2024-05-15T07:58:29.229514+00:00
[2024-05-16 13:28:29,233] {processor.py:171} INFO - Processing /Users/nikhilanand/airflow_venv/lib/python3.9/site-packages/airflow/example_dags/example_skip_dag.py took 0.035 seconds
[2024-05-16 13:29:43,463] {processor.py:163} INFO - Started process (PID=13736) to work on /Users/nikhilanand/airflow_venv/lib/python3.9/site-packages/airflow/example_dags/example_skip_dag.py
[2024-05-16 13:29:43,464] {processor.py:642} INFO - Processing file /Users/nikhilanand/airflow_venv/lib/python3.9/site-packages/airflow/example_dags/example_skip_dag.py for tasks to queue
[2024-05-16 13:29:43,464] {logging_mixin.py:109} INFO - [2024-05-16 13:29:43,464] {dagbag.py:500} INFO - Filling up the DagBag from /Users/nikhilanand/airflow_venv/lib/python3.9/site-packages/airflow/example_dags/example_skip_dag.py
[2024-05-16 13:29:43,480] {processor.py:654} INFO - DAG(s) dict_keys(['example_skip_dag']) retrieved from /Users/nikhilanand/airflow_venv/lib/python3.9/site-packages/airflow/example_dags/example_skip_dag.py
[2024-05-16 13:29:43,490] {logging_mixin.py:109} INFO - [2024-05-16 13:29:43,490] {dag.py:2396} INFO - Sync 1 DAGs
[2024-05-16 13:29:43,494] {logging_mixin.py:109} INFO - [2024-05-16 13:29:43,494] {dag.py:2935} INFO - Setting next_dagrun for example_skip_dag to 2024-05-15T07:59:43.494520+00:00
[2024-05-16 13:29:43,498] {processor.py:171} INFO - Processing /Users/nikhilanand/airflow_venv/lib/python3.9/site-packages/airflow/example_dags/example_skip_dag.py took 0.035 seconds
[2024-05-16 13:30:52,043] {processor.py:163} INFO - Started process (PID=14594) to work on /Users/nikhilanand/airflow_venv/lib/python3.9/site-packages/airflow/example_dags/example_skip_dag.py
[2024-05-16 13:30:52,044] {processor.py:642} INFO - Processing file /Users/nikhilanand/airflow_venv/lib/python3.9/site-packages/airflow/example_dags/example_skip_dag.py for tasks to queue
[2024-05-16 13:30:52,044] {logging_mixin.py:109} INFO - [2024-05-16 13:30:52,044] {dagbag.py:500} INFO - Filling up the DagBag from /Users/nikhilanand/airflow_venv/lib/python3.9/site-packages/airflow/example_dags/example_skip_dag.py
[2024-05-16 13:30:52,059] {processor.py:654} INFO - DAG(s) dict_keys(['example_skip_dag']) retrieved from /Users/nikhilanand/airflow_venv/lib/python3.9/site-packages/airflow/example_dags/example_skip_dag.py
[2024-05-16 13:30:52,068] {logging_mixin.py:109} INFO - [2024-05-16 13:30:52,068] {dag.py:2396} INFO - Sync 1 DAGs
[2024-05-16 13:30:52,072] {logging_mixin.py:109} INFO - [2024-05-16 13:30:52,072] {dag.py:2935} INFO - Setting next_dagrun for example_skip_dag to 2024-05-15T08:00:52.072863+00:00
[2024-05-16 13:30:52,076] {processor.py:171} INFO - Processing /Users/nikhilanand/airflow_venv/lib/python3.9/site-packages/airflow/example_dags/example_skip_dag.py took 0.034 seconds
[2024-05-16 13:32:02,915] {processor.py:163} INFO - Started process (PID=15457) to work on /Users/nikhilanand/airflow_venv/lib/python3.9/site-packages/airflow/example_dags/example_skip_dag.py
[2024-05-16 13:32:02,915] {processor.py:642} INFO - Processing file /Users/nikhilanand/airflow_venv/lib/python3.9/site-packages/airflow/example_dags/example_skip_dag.py for tasks to queue
[2024-05-16 13:32:02,916] {logging_mixin.py:109} INFO - [2024-05-16 13:32:02,916] {dagbag.py:500} INFO - Filling up the DagBag from /Users/nikhilanand/airflow_venv/lib/python3.9/site-packages/airflow/example_dags/example_skip_dag.py
[2024-05-16 13:32:02,931] {processor.py:654} INFO - DAG(s) dict_keys(['example_skip_dag']) retrieved from /Users/nikhilanand/airflow_venv/lib/python3.9/site-packages/airflow/example_dags/example_skip_dag.py
[2024-05-16 13:32:02,939] {logging_mixin.py:109} INFO - [2024-05-16 13:32:02,939] {dag.py:2396} INFO - Sync 1 DAGs
[2024-05-16 13:32:02,943] {logging_mixin.py:109} INFO - [2024-05-16 13:32:02,943] {dag.py:2935} INFO - Setting next_dagrun for example_skip_dag to 2024-05-15T08:02:02.943758+00:00
[2024-05-16 13:32:02,947] {processor.py:171} INFO - Processing /Users/nikhilanand/airflow_venv/lib/python3.9/site-packages/airflow/example_dags/example_skip_dag.py took 0.032 seconds
[2024-05-16 13:33:11,429] {processor.py:163} INFO - Started process (PID=16642) to work on /Users/nikhilanand/airflow_venv/lib/python3.9/site-packages/airflow/example_dags/example_skip_dag.py
[2024-05-16 13:33:11,429] {processor.py:642} INFO - Processing file /Users/nikhilanand/airflow_venv/lib/python3.9/site-packages/airflow/example_dags/example_skip_dag.py for tasks to queue
[2024-05-16 13:33:11,429] {logging_mixin.py:109} INFO - [2024-05-16 13:33:11,429] {dagbag.py:500} INFO - Filling up the DagBag from /Users/nikhilanand/airflow_venv/lib/python3.9/site-packages/airflow/example_dags/example_skip_dag.py
[2024-05-16 13:33:11,447] {processor.py:654} INFO - DAG(s) dict_keys(['example_skip_dag']) retrieved from /Users/nikhilanand/airflow_venv/lib/python3.9/site-packages/airflow/example_dags/example_skip_dag.py
[2024-05-16 13:33:11,457] {logging_mixin.py:109} INFO - [2024-05-16 13:33:11,457] {dag.py:2396} INFO - Sync 1 DAGs
[2024-05-16 13:33:11,463] {logging_mixin.py:109} INFO - [2024-05-16 13:33:11,463] {dag.py:2935} INFO - Setting next_dagrun for example_skip_dag to 2024-05-15T08:03:11.463577+00:00
[2024-05-16 13:33:11,468] {processor.py:171} INFO - Processing /Users/nikhilanand/airflow_venv/lib/python3.9/site-packages/airflow/example_dags/example_skip_dag.py took 0.039 seconds
[2024-05-16 13:34:20,404] {processor.py:163} INFO - Started process (PID=17628) to work on /Users/nikhilanand/airflow_venv/lib/python3.9/site-packages/airflow/example_dags/example_skip_dag.py
[2024-05-16 13:34:20,404] {processor.py:642} INFO - Processing file /Users/nikhilanand/airflow_venv/lib/python3.9/site-packages/airflow/example_dags/example_skip_dag.py for tasks to queue
[2024-05-16 13:34:20,404] {logging_mixin.py:109} INFO - [2024-05-16 13:34:20,404] {dagbag.py:500} INFO - Filling up the DagBag from /Users/nikhilanand/airflow_venv/lib/python3.9/site-packages/airflow/example_dags/example_skip_dag.py
[2024-05-16 13:34:20,420] {processor.py:654} INFO - DAG(s) dict_keys(['example_skip_dag']) retrieved from /Users/nikhilanand/airflow_venv/lib/python3.9/site-packages/airflow/example_dags/example_skip_dag.py
[2024-05-16 13:34:20,428] {logging_mixin.py:109} INFO - [2024-05-16 13:34:20,428] {dag.py:2396} INFO - Sync 1 DAGs
[2024-05-16 13:34:20,433] {logging_mixin.py:109} INFO - [2024-05-16 13:34:20,433] {dag.py:2935} INFO - Setting next_dagrun for example_skip_dag to 2024-05-15T08:04:20.433165+00:00
[2024-05-16 13:34:20,437] {processor.py:171} INFO - Processing /Users/nikhilanand/airflow_venv/lib/python3.9/site-packages/airflow/example_dags/example_skip_dag.py took 0.033 seconds
