[2024-05-16 12:54:31,398] {processor.py:163} INFO - Started process (PID=87592) to work on /Users/nikhilanand/airflow_venv/lib/python3.9/site-packages/airflow/example_dags/example_dag_decorator.py
[2024-05-16 12:54:31,399] {processor.py:642} INFO - Processing file /Users/nikhilanand/airflow_venv/lib/python3.9/site-packages/airflow/example_dags/example_dag_decorator.py for tasks to queue
[2024-05-16 12:54:31,399] {logging_mixin.py:109} INFO - [2024-05-16 12:54:31,399] {dagbag.py:500} INFO - Filling up the DagBag from /Users/nikhilanand/airflow_venv/lib/python3.9/site-packages/airflow/example_dags/example_dag_decorator.py
[2024-05-16 12:54:31,433] {processor.py:654} INFO - DAG(s) dict_keys(['example_dag_decorator']) retrieved from /Users/nikhilanand/airflow_venv/lib/python3.9/site-packages/airflow/example_dags/example_dag_decorator.py
[2024-05-16 12:54:31,620] {logging_mixin.py:109} INFO - [2024-05-16 12:54:31,620] {dag.py:2396} INFO - Sync 1 DAGs
[2024-05-16 12:54:31,626] {logging_mixin.py:109} INFO - [2024-05-16 12:54:31,625] {dag.py:2935} INFO - Setting next_dagrun for example_dag_decorator to None
[2024-05-16 12:54:31,631] {processor.py:171} INFO - Processing /Users/nikhilanand/airflow_venv/lib/python3.9/site-packages/airflow/example_dags/example_dag_decorator.py took 0.233 seconds
[2024-05-16 12:55:44,164] {processor.py:163} INFO - Started process (PID=88461) to work on /Users/nikhilanand/airflow_venv/lib/python3.9/site-packages/airflow/example_dags/example_dag_decorator.py
[2024-05-16 12:55:44,165] {processor.py:642} INFO - Processing file /Users/nikhilanand/airflow_venv/lib/python3.9/site-packages/airflow/example_dags/example_dag_decorator.py for tasks to queue
[2024-05-16 12:55:44,166] {logging_mixin.py:109} INFO - [2024-05-16 12:55:44,166] {dagbag.py:500} INFO - Filling up the DagBag from /Users/nikhilanand/airflow_venv/lib/python3.9/site-packages/airflow/example_dags/example_dag_decorator.py
[2024-05-16 12:55:44,192] {processor.py:654} INFO - DAG(s) dict_keys(['example_dag_decorator']) retrieved from /Users/nikhilanand/airflow_venv/lib/python3.9/site-packages/airflow/example_dags/example_dag_decorator.py
[2024-05-16 12:55:44,314] {logging_mixin.py:109} INFO - [2024-05-16 12:55:44,314] {dag.py:2396} INFO - Sync 1 DAGs
[2024-05-16 12:55:44,319] {logging_mixin.py:109} INFO - [2024-05-16 12:55:44,319] {dag.py:2935} INFO - Setting next_dagrun for example_dag_decorator to None
[2024-05-16 12:55:44,325] {processor.py:171} INFO - Processing /Users/nikhilanand/airflow_venv/lib/python3.9/site-packages/airflow/example_dags/example_dag_decorator.py took 0.160 seconds
[2024-05-16 12:56:49,794] {processor.py:163} INFO - Started process (PID=89296) to work on /Users/nikhilanand/airflow_venv/lib/python3.9/site-packages/airflow/example_dags/example_dag_decorator.py
[2024-05-16 12:56:49,795] {processor.py:642} INFO - Processing file /Users/nikhilanand/airflow_venv/lib/python3.9/site-packages/airflow/example_dags/example_dag_decorator.py for tasks to queue
[2024-05-16 12:56:49,795] {logging_mixin.py:109} INFO - [2024-05-16 12:56:49,795] {dagbag.py:500} INFO - Filling up the DagBag from /Users/nikhilanand/airflow_venv/lib/python3.9/site-packages/airflow/example_dags/example_dag_decorator.py
[2024-05-16 12:56:49,821] {processor.py:654} INFO - DAG(s) dict_keys(['example_dag_decorator']) retrieved from /Users/nikhilanand/airflow_venv/lib/python3.9/site-packages/airflow/example_dags/example_dag_decorator.py
[2024-05-16 12:56:49,942] {logging_mixin.py:109} INFO - [2024-05-16 12:56:49,942] {dag.py:2396} INFO - Sync 1 DAGs
[2024-05-16 12:56:49,946] {logging_mixin.py:109} INFO - [2024-05-16 12:56:49,946] {dag.py:2935} INFO - Setting next_dagrun for example_dag_decorator to None
[2024-05-16 12:56:49,951] {processor.py:171} INFO - Processing /Users/nikhilanand/airflow_venv/lib/python3.9/site-packages/airflow/example_dags/example_dag_decorator.py took 0.157 seconds
[2024-05-16 12:57:59,239] {processor.py:163} INFO - Started process (PID=90040) to work on /Users/nikhilanand/airflow_venv/lib/python3.9/site-packages/airflow/example_dags/example_dag_decorator.py
[2024-05-16 12:57:59,239] {processor.py:642} INFO - Processing file /Users/nikhilanand/airflow_venv/lib/python3.9/site-packages/airflow/example_dags/example_dag_decorator.py for tasks to queue
[2024-05-16 12:57:59,239] {logging_mixin.py:109} INFO - [2024-05-16 12:57:59,239] {dagbag.py:500} INFO - Filling up the DagBag from /Users/nikhilanand/airflow_venv/lib/python3.9/site-packages/airflow/example_dags/example_dag_decorator.py
[2024-05-16 12:57:59,266] {processor.py:654} INFO - DAG(s) dict_keys(['example_dag_decorator']) retrieved from /Users/nikhilanand/airflow_venv/lib/python3.9/site-packages/airflow/example_dags/example_dag_decorator.py
[2024-05-16 12:57:59,393] {logging_mixin.py:109} INFO - [2024-05-16 12:57:59,393] {dag.py:2396} INFO - Sync 1 DAGs
[2024-05-16 12:57:59,397] {logging_mixin.py:109} INFO - [2024-05-16 12:57:59,397] {dag.py:2935} INFO - Setting next_dagrun for example_dag_decorator to None
[2024-05-16 12:57:59,402] {processor.py:171} INFO - Processing /Users/nikhilanand/airflow_venv/lib/python3.9/site-packages/airflow/example_dags/example_dag_decorator.py took 0.163 seconds
[2024-05-16 12:59:08,637] {processor.py:163} INFO - Started process (PID=90836) to work on /Users/nikhilanand/airflow_venv/lib/python3.9/site-packages/airflow/example_dags/example_dag_decorator.py
[2024-05-16 12:59:08,638] {processor.py:642} INFO - Processing file /Users/nikhilanand/airflow_venv/lib/python3.9/site-packages/airflow/example_dags/example_dag_decorator.py for tasks to queue
[2024-05-16 12:59:08,638] {logging_mixin.py:109} INFO - [2024-05-16 12:59:08,638] {dagbag.py:500} INFO - Filling up the DagBag from /Users/nikhilanand/airflow_venv/lib/python3.9/site-packages/airflow/example_dags/example_dag_decorator.py
[2024-05-16 12:59:08,666] {processor.py:654} INFO - DAG(s) dict_keys(['example_dag_decorator']) retrieved from /Users/nikhilanand/airflow_venv/lib/python3.9/site-packages/airflow/example_dags/example_dag_decorator.py
[2024-05-16 12:59:08,810] {logging_mixin.py:109} INFO - [2024-05-16 12:59:08,809] {dag.py:2396} INFO - Sync 1 DAGs
[2024-05-16 12:59:08,814] {logging_mixin.py:109} INFO - [2024-05-16 12:59:08,814] {dag.py:2935} INFO - Setting next_dagrun for example_dag_decorator to None
[2024-05-16 12:59:08,819] {processor.py:171} INFO - Processing /Users/nikhilanand/airflow_venv/lib/python3.9/site-packages/airflow/example_dags/example_dag_decorator.py took 0.183 seconds
[2024-05-16 13:00:23,779] {processor.py:163} INFO - Started process (PID=91726) to work on /Users/nikhilanand/airflow_venv/lib/python3.9/site-packages/airflow/example_dags/example_dag_decorator.py
[2024-05-16 13:00:23,780] {processor.py:642} INFO - Processing file /Users/nikhilanand/airflow_venv/lib/python3.9/site-packages/airflow/example_dags/example_dag_decorator.py for tasks to queue
[2024-05-16 13:00:23,780] {logging_mixin.py:109} INFO - [2024-05-16 13:00:23,780] {dagbag.py:500} INFO - Filling up the DagBag from /Users/nikhilanand/airflow_venv/lib/python3.9/site-packages/airflow/example_dags/example_dag_decorator.py
[2024-05-16 13:00:23,832] {processor.py:654} INFO - DAG(s) dict_keys(['example_dag_decorator']) retrieved from /Users/nikhilanand/airflow_venv/lib/python3.9/site-packages/airflow/example_dags/example_dag_decorator.py
[2024-05-16 13:00:23,997] {logging_mixin.py:109} INFO - [2024-05-16 13:00:23,997] {dag.py:2396} INFO - Sync 1 DAGs
[2024-05-16 13:00:24,001] {logging_mixin.py:109} INFO - [2024-05-16 13:00:24,001] {dag.py:2935} INFO - Setting next_dagrun for example_dag_decorator to None
[2024-05-16 13:00:24,006] {processor.py:171} INFO - Processing /Users/nikhilanand/airflow_venv/lib/python3.9/site-packages/airflow/example_dags/example_dag_decorator.py took 0.227 seconds
[2024-05-16 13:01:33,954] {processor.py:163} INFO - Started process (PID=92542) to work on /Users/nikhilanand/airflow_venv/lib/python3.9/site-packages/airflow/example_dags/example_dag_decorator.py
[2024-05-16 13:01:33,954] {processor.py:642} INFO - Processing file /Users/nikhilanand/airflow_venv/lib/python3.9/site-packages/airflow/example_dags/example_dag_decorator.py for tasks to queue
[2024-05-16 13:01:33,955] {logging_mixin.py:109} INFO - [2024-05-16 13:01:33,955] {dagbag.py:500} INFO - Filling up the DagBag from /Users/nikhilanand/airflow_venv/lib/python3.9/site-packages/airflow/example_dags/example_dag_decorator.py
[2024-05-16 13:01:33,980] {processor.py:654} INFO - DAG(s) dict_keys(['example_dag_decorator']) retrieved from /Users/nikhilanand/airflow_venv/lib/python3.9/site-packages/airflow/example_dags/example_dag_decorator.py
[2024-05-16 13:01:34,096] {logging_mixin.py:109} INFO - [2024-05-16 13:01:34,096] {dag.py:2396} INFO - Sync 1 DAGs
[2024-05-16 13:01:34,101] {logging_mixin.py:109} INFO - [2024-05-16 13:01:34,101] {dag.py:2935} INFO - Setting next_dagrun for example_dag_decorator to None
[2024-05-16 13:01:34,105] {processor.py:171} INFO - Processing /Users/nikhilanand/airflow_venv/lib/python3.9/site-packages/airflow/example_dags/example_dag_decorator.py took 0.151 seconds
[2024-05-16 13:02:44,168] {processor.py:163} INFO - Started process (PID=93369) to work on /Users/nikhilanand/airflow_venv/lib/python3.9/site-packages/airflow/example_dags/example_dag_decorator.py
[2024-05-16 13:02:44,168] {processor.py:642} INFO - Processing file /Users/nikhilanand/airflow_venv/lib/python3.9/site-packages/airflow/example_dags/example_dag_decorator.py for tasks to queue
[2024-05-16 13:02:44,169] {logging_mixin.py:109} INFO - [2024-05-16 13:02:44,169] {dagbag.py:500} INFO - Filling up the DagBag from /Users/nikhilanand/airflow_venv/lib/python3.9/site-packages/airflow/example_dags/example_dag_decorator.py
[2024-05-16 13:02:44,194] {processor.py:654} INFO - DAG(s) dict_keys(['example_dag_decorator']) retrieved from /Users/nikhilanand/airflow_venv/lib/python3.9/site-packages/airflow/example_dags/example_dag_decorator.py
[2024-05-16 13:02:44,333] {logging_mixin.py:109} INFO - [2024-05-16 13:02:44,333] {dag.py:2396} INFO - Sync 1 DAGs
[2024-05-16 13:02:44,337] {logging_mixin.py:109} INFO - [2024-05-16 13:02:44,337] {dag.py:2935} INFO - Setting next_dagrun for example_dag_decorator to None
[2024-05-16 13:02:44,342] {processor.py:171} INFO - Processing /Users/nikhilanand/airflow_venv/lib/python3.9/site-packages/airflow/example_dags/example_dag_decorator.py took 0.174 seconds
[2024-05-16 13:03:53,717] {processor.py:163} INFO - Started process (PID=94500) to work on /Users/nikhilanand/airflow_venv/lib/python3.9/site-packages/airflow/example_dags/example_dag_decorator.py
[2024-05-16 13:03:53,718] {processor.py:642} INFO - Processing file /Users/nikhilanand/airflow_venv/lib/python3.9/site-packages/airflow/example_dags/example_dag_decorator.py for tasks to queue
[2024-05-16 13:03:53,719] {logging_mixin.py:109} INFO - [2024-05-16 13:03:53,719] {dagbag.py:500} INFO - Filling up the DagBag from /Users/nikhilanand/airflow_venv/lib/python3.9/site-packages/airflow/example_dags/example_dag_decorator.py
[2024-05-16 13:03:53,745] {processor.py:654} INFO - DAG(s) dict_keys(['example_dag_decorator']) retrieved from /Users/nikhilanand/airflow_venv/lib/python3.9/site-packages/airflow/example_dags/example_dag_decorator.py
[2024-05-16 13:03:53,897] {logging_mixin.py:109} INFO - [2024-05-16 13:03:53,896] {dag.py:2396} INFO - Sync 1 DAGs
[2024-05-16 13:03:53,901] {logging_mixin.py:109} INFO - [2024-05-16 13:03:53,901] {dag.py:2935} INFO - Setting next_dagrun for example_dag_decorator to None
[2024-05-16 13:03:53,905] {processor.py:171} INFO - Processing /Users/nikhilanand/airflow_venv/lib/python3.9/site-packages/airflow/example_dags/example_dag_decorator.py took 0.188 seconds
[2024-05-16 13:05:14,256] {processor.py:163} INFO - Started process (PID=95467) to work on /Users/nikhilanand/airflow_venv/lib/python3.9/site-packages/airflow/example_dags/example_dag_decorator.py
[2024-05-16 13:05:14,256] {processor.py:642} INFO - Processing file /Users/nikhilanand/airflow_venv/lib/python3.9/site-packages/airflow/example_dags/example_dag_decorator.py for tasks to queue
[2024-05-16 13:05:14,257] {logging_mixin.py:109} INFO - [2024-05-16 13:05:14,257] {dagbag.py:500} INFO - Filling up the DagBag from /Users/nikhilanand/airflow_venv/lib/python3.9/site-packages/airflow/example_dags/example_dag_decorator.py
[2024-05-16 13:05:14,282] {processor.py:654} INFO - DAG(s) dict_keys(['example_dag_decorator']) retrieved from /Users/nikhilanand/airflow_venv/lib/python3.9/site-packages/airflow/example_dags/example_dag_decorator.py
[2024-05-16 13:05:14,446] {logging_mixin.py:109} INFO - [2024-05-16 13:05:14,445] {dag.py:2396} INFO - Sync 1 DAGs
[2024-05-16 13:05:14,450] {logging_mixin.py:109} INFO - [2024-05-16 13:05:14,450] {dag.py:2935} INFO - Setting next_dagrun for example_dag_decorator to None
[2024-05-16 13:05:14,454] {processor.py:171} INFO - Processing /Users/nikhilanand/airflow_venv/lib/python3.9/site-packages/airflow/example_dags/example_dag_decorator.py took 0.199 seconds
[2024-05-16 13:06:25,367] {processor.py:163} INFO - Started process (PID=96291) to work on /Users/nikhilanand/airflow_venv/lib/python3.9/site-packages/airflow/example_dags/example_dag_decorator.py
[2024-05-16 13:06:25,369] {processor.py:642} INFO - Processing file /Users/nikhilanand/airflow_venv/lib/python3.9/site-packages/airflow/example_dags/example_dag_decorator.py for tasks to queue
[2024-05-16 13:06:25,369] {logging_mixin.py:109} INFO - [2024-05-16 13:06:25,369] {dagbag.py:500} INFO - Filling up the DagBag from /Users/nikhilanand/airflow_venv/lib/python3.9/site-packages/airflow/example_dags/example_dag_decorator.py
[2024-05-16 13:06:25,396] {processor.py:654} INFO - DAG(s) dict_keys(['example_dag_decorator']) retrieved from /Users/nikhilanand/airflow_venv/lib/python3.9/site-packages/airflow/example_dags/example_dag_decorator.py
[2024-05-16 13:06:25,528] {logging_mixin.py:109} INFO - [2024-05-16 13:06:25,528] {dag.py:2396} INFO - Sync 1 DAGs
[2024-05-16 13:06:25,532] {logging_mixin.py:109} INFO - [2024-05-16 13:06:25,532] {dag.py:2935} INFO - Setting next_dagrun for example_dag_decorator to None
[2024-05-16 13:06:25,537] {processor.py:171} INFO - Processing /Users/nikhilanand/airflow_venv/lib/python3.9/site-packages/airflow/example_dags/example_dag_decorator.py took 0.170 seconds
[2024-05-16 13:07:40,377] {processor.py:163} INFO - Started process (PID=97173) to work on /Users/nikhilanand/airflow_venv/lib/python3.9/site-packages/airflow/example_dags/example_dag_decorator.py
[2024-05-16 13:07:40,378] {processor.py:642} INFO - Processing file /Users/nikhilanand/airflow_venv/lib/python3.9/site-packages/airflow/example_dags/example_dag_decorator.py for tasks to queue
[2024-05-16 13:07:40,378] {logging_mixin.py:109} INFO - [2024-05-16 13:07:40,378] {dagbag.py:500} INFO - Filling up the DagBag from /Users/nikhilanand/airflow_venv/lib/python3.9/site-packages/airflow/example_dags/example_dag_decorator.py
[2024-05-16 13:07:40,404] {processor.py:654} INFO - DAG(s) dict_keys(['example_dag_decorator']) retrieved from /Users/nikhilanand/airflow_venv/lib/python3.9/site-packages/airflow/example_dags/example_dag_decorator.py
[2024-05-16 13:07:40,551] {logging_mixin.py:109} INFO - [2024-05-16 13:07:40,551] {dag.py:2396} INFO - Sync 1 DAGs
[2024-05-16 13:07:40,555] {logging_mixin.py:109} INFO - [2024-05-16 13:07:40,555] {dag.py:2935} INFO - Setting next_dagrun for example_dag_decorator to None
[2024-05-16 13:07:40,559] {processor.py:171} INFO - Processing /Users/nikhilanand/airflow_venv/lib/python3.9/site-packages/airflow/example_dags/example_dag_decorator.py took 0.183 seconds
[2024-05-16 13:08:51,485] {processor.py:163} INFO - Started process (PID=97957) to work on /Users/nikhilanand/airflow_venv/lib/python3.9/site-packages/airflow/example_dags/example_dag_decorator.py
[2024-05-16 13:08:51,485] {processor.py:642} INFO - Processing file /Users/nikhilanand/airflow_venv/lib/python3.9/site-packages/airflow/example_dags/example_dag_decorator.py for tasks to queue
[2024-05-16 13:08:51,486] {logging_mixin.py:109} INFO - [2024-05-16 13:08:51,486] {dagbag.py:500} INFO - Filling up the DagBag from /Users/nikhilanand/airflow_venv/lib/python3.9/site-packages/airflow/example_dags/example_dag_decorator.py
[2024-05-16 13:08:51,511] {processor.py:654} INFO - DAG(s) dict_keys(['example_dag_decorator']) retrieved from /Users/nikhilanand/airflow_venv/lib/python3.9/site-packages/airflow/example_dags/example_dag_decorator.py
[2024-05-16 13:08:51,626] {logging_mixin.py:109} INFO - [2024-05-16 13:08:51,626] {dag.py:2396} INFO - Sync 1 DAGs
[2024-05-16 13:08:51,631] {logging_mixin.py:109} INFO - [2024-05-16 13:08:51,631] {dag.py:2935} INFO - Setting next_dagrun for example_dag_decorator to None
[2024-05-16 13:08:51,635] {processor.py:171} INFO - Processing /Users/nikhilanand/airflow_venv/lib/python3.9/site-packages/airflow/example_dags/example_dag_decorator.py took 0.151 seconds
[2024-05-16 13:10:02,735] {processor.py:163} INFO - Started process (PID=98738) to work on /Users/nikhilanand/airflow_venv/lib/python3.9/site-packages/airflow/example_dags/example_dag_decorator.py
[2024-05-16 13:10:02,736] {processor.py:642} INFO - Processing file /Users/nikhilanand/airflow_venv/lib/python3.9/site-packages/airflow/example_dags/example_dag_decorator.py for tasks to queue
[2024-05-16 13:10:02,737] {logging_mixin.py:109} INFO - [2024-05-16 13:10:02,737] {dagbag.py:500} INFO - Filling up the DagBag from /Users/nikhilanand/airflow_venv/lib/python3.9/site-packages/airflow/example_dags/example_dag_decorator.py
[2024-05-16 13:10:02,762] {processor.py:654} INFO - DAG(s) dict_keys(['example_dag_decorator']) retrieved from /Users/nikhilanand/airflow_venv/lib/python3.9/site-packages/airflow/example_dags/example_dag_decorator.py
[2024-05-16 13:10:02,912] {logging_mixin.py:109} INFO - [2024-05-16 13:10:02,911] {dag.py:2396} INFO - Sync 1 DAGs
[2024-05-16 13:10:02,916] {logging_mixin.py:109} INFO - [2024-05-16 13:10:02,916] {dag.py:2935} INFO - Setting next_dagrun for example_dag_decorator to None
[2024-05-16 13:10:02,920] {processor.py:171} INFO - Processing /Users/nikhilanand/airflow_venv/lib/python3.9/site-packages/airflow/example_dags/example_dag_decorator.py took 0.185 seconds
[2024-05-16 13:11:11,508] {processor.py:163} INFO - Started process (PID=99506) to work on /Users/nikhilanand/airflow_venv/lib/python3.9/site-packages/airflow/example_dags/example_dag_decorator.py
[2024-05-16 13:11:11,509] {processor.py:642} INFO - Processing file /Users/nikhilanand/airflow_venv/lib/python3.9/site-packages/airflow/example_dags/example_dag_decorator.py for tasks to queue
[2024-05-16 13:11:11,509] {logging_mixin.py:109} INFO - [2024-05-16 13:11:11,509] {dagbag.py:500} INFO - Filling up the DagBag from /Users/nikhilanand/airflow_venv/lib/python3.9/site-packages/airflow/example_dags/example_dag_decorator.py
[2024-05-16 13:11:11,534] {processor.py:654} INFO - DAG(s) dict_keys(['example_dag_decorator']) retrieved from /Users/nikhilanand/airflow_venv/lib/python3.9/site-packages/airflow/example_dags/example_dag_decorator.py
[2024-05-16 13:11:11,650] {logging_mixin.py:109} INFO - [2024-05-16 13:11:11,650] {dag.py:2396} INFO - Sync 1 DAGs
[2024-05-16 13:11:11,654] {logging_mixin.py:109} INFO - [2024-05-16 13:11:11,654] {dag.py:2935} INFO - Setting next_dagrun for example_dag_decorator to None
[2024-05-16 13:11:11,658] {processor.py:171} INFO - Processing /Users/nikhilanand/airflow_venv/lib/python3.9/site-packages/airflow/example_dags/example_dag_decorator.py took 0.151 seconds
[2024-05-16 13:12:21,149] {processor.py:163} INFO - Started process (PID=461) to work on /Users/nikhilanand/airflow_venv/lib/python3.9/site-packages/airflow/example_dags/example_dag_decorator.py
[2024-05-16 13:12:21,150] {processor.py:642} INFO - Processing file /Users/nikhilanand/airflow_venv/lib/python3.9/site-packages/airflow/example_dags/example_dag_decorator.py for tasks to queue
[2024-05-16 13:12:21,151] {logging_mixin.py:109} INFO - [2024-05-16 13:12:21,151] {dagbag.py:500} INFO - Filling up the DagBag from /Users/nikhilanand/airflow_venv/lib/python3.9/site-packages/airflow/example_dags/example_dag_decorator.py
[2024-05-16 13:12:21,177] {processor.py:654} INFO - DAG(s) dict_keys(['example_dag_decorator']) retrieved from /Users/nikhilanand/airflow_venv/lib/python3.9/site-packages/airflow/example_dags/example_dag_decorator.py
[2024-05-16 13:12:21,305] {logging_mixin.py:109} INFO - [2024-05-16 13:12:21,305] {dag.py:2396} INFO - Sync 1 DAGs
[2024-05-16 13:12:21,310] {logging_mixin.py:109} INFO - [2024-05-16 13:12:21,310] {dag.py:2935} INFO - Setting next_dagrun for example_dag_decorator to None
[2024-05-16 13:12:21,315] {processor.py:171} INFO - Processing /Users/nikhilanand/airflow_venv/lib/python3.9/site-packages/airflow/example_dags/example_dag_decorator.py took 0.166 seconds
[2024-05-16 13:13:41,693] {processor.py:163} INFO - Started process (PID=1588) to work on /Users/nikhilanand/airflow_venv/lib/python3.9/site-packages/airflow/example_dags/example_dag_decorator.py
[2024-05-16 13:13:41,694] {processor.py:642} INFO - Processing file /Users/nikhilanand/airflow_venv/lib/python3.9/site-packages/airflow/example_dags/example_dag_decorator.py for tasks to queue
[2024-05-16 13:13:41,694] {logging_mixin.py:109} INFO - [2024-05-16 13:13:41,694] {dagbag.py:500} INFO - Filling up the DagBag from /Users/nikhilanand/airflow_venv/lib/python3.9/site-packages/airflow/example_dags/example_dag_decorator.py
[2024-05-16 13:13:41,721] {processor.py:654} INFO - DAG(s) dict_keys(['example_dag_decorator']) retrieved from /Users/nikhilanand/airflow_venv/lib/python3.9/site-packages/airflow/example_dags/example_dag_decorator.py
[2024-05-16 13:13:41,876] {logging_mixin.py:109} INFO - [2024-05-16 13:13:41,876] {dag.py:2396} INFO - Sync 1 DAGs
[2024-05-16 13:13:41,880] {logging_mixin.py:109} INFO - [2024-05-16 13:13:41,880] {dag.py:2935} INFO - Setting next_dagrun for example_dag_decorator to None
[2024-05-16 13:13:41,884] {processor.py:171} INFO - Processing /Users/nikhilanand/airflow_venv/lib/python3.9/site-packages/airflow/example_dags/example_dag_decorator.py took 0.191 seconds
[2024-05-16 13:14:50,591] {processor.py:163} INFO - Started process (PID=2428) to work on /Users/nikhilanand/airflow_venv/lib/python3.9/site-packages/airflow/example_dags/example_dag_decorator.py
[2024-05-16 13:14:50,592] {processor.py:642} INFO - Processing file /Users/nikhilanand/airflow_venv/lib/python3.9/site-packages/airflow/example_dags/example_dag_decorator.py for tasks to queue
[2024-05-16 13:14:50,592] {logging_mixin.py:109} INFO - [2024-05-16 13:14:50,592] {dagbag.py:500} INFO - Filling up the DagBag from /Users/nikhilanand/airflow_venv/lib/python3.9/site-packages/airflow/example_dags/example_dag_decorator.py
[2024-05-16 13:14:50,620] {processor.py:654} INFO - DAG(s) dict_keys(['example_dag_decorator']) retrieved from /Users/nikhilanand/airflow_venv/lib/python3.9/site-packages/airflow/example_dags/example_dag_decorator.py
[2024-05-16 13:14:50,743] {logging_mixin.py:109} INFO - [2024-05-16 13:14:50,743] {dag.py:2396} INFO - Sync 1 DAGs
[2024-05-16 13:14:50,748] {logging_mixin.py:109} INFO - [2024-05-16 13:14:50,748] {dag.py:2935} INFO - Setting next_dagrun for example_dag_decorator to None
[2024-05-16 13:14:50,752] {processor.py:171} INFO - Processing /Users/nikhilanand/airflow_venv/lib/python3.9/site-packages/airflow/example_dags/example_dag_decorator.py took 0.161 seconds
[2024-05-16 13:15:59,439] {processor.py:163} INFO - Started process (PID=3652) to work on /Users/nikhilanand/airflow_venv/lib/python3.9/site-packages/airflow/example_dags/example_dag_decorator.py
[2024-05-16 13:15:59,440] {processor.py:642} INFO - Processing file /Users/nikhilanand/airflow_venv/lib/python3.9/site-packages/airflow/example_dags/example_dag_decorator.py for tasks to queue
[2024-05-16 13:15:59,440] {logging_mixin.py:109} INFO - [2024-05-16 13:15:59,440] {dagbag.py:500} INFO - Filling up the DagBag from /Users/nikhilanand/airflow_venv/lib/python3.9/site-packages/airflow/example_dags/example_dag_decorator.py
[2024-05-16 13:15:59,465] {processor.py:654} INFO - DAG(s) dict_keys(['example_dag_decorator']) retrieved from /Users/nikhilanand/airflow_venv/lib/python3.9/site-packages/airflow/example_dags/example_dag_decorator.py
[2024-05-16 13:15:59,583] {logging_mixin.py:109} INFO - [2024-05-16 13:15:59,583] {dag.py:2396} INFO - Sync 1 DAGs
[2024-05-16 13:15:59,588] {logging_mixin.py:109} INFO - [2024-05-16 13:15:59,588] {dag.py:2935} INFO - Setting next_dagrun for example_dag_decorator to None
[2024-05-16 13:15:59,592] {processor.py:171} INFO - Processing /Users/nikhilanand/airflow_venv/lib/python3.9/site-packages/airflow/example_dags/example_dag_decorator.py took 0.154 seconds
[2024-05-16 13:17:14,126] {processor.py:163} INFO - Started process (PID=4532) to work on /Users/nikhilanand/airflow_venv/lib/python3.9/site-packages/airflow/example_dags/example_dag_decorator.py
[2024-05-16 13:17:14,127] {processor.py:642} INFO - Processing file /Users/nikhilanand/airflow_venv/lib/python3.9/site-packages/airflow/example_dags/example_dag_decorator.py for tasks to queue
[2024-05-16 13:17:14,127] {logging_mixin.py:109} INFO - [2024-05-16 13:17:14,127] {dagbag.py:500} INFO - Filling up the DagBag from /Users/nikhilanand/airflow_venv/lib/python3.9/site-packages/airflow/example_dags/example_dag_decorator.py
[2024-05-16 13:17:14,156] {processor.py:654} INFO - DAG(s) dict_keys(['example_dag_decorator']) retrieved from /Users/nikhilanand/airflow_venv/lib/python3.9/site-packages/airflow/example_dags/example_dag_decorator.py
[2024-05-16 13:17:14,301] {logging_mixin.py:109} INFO - [2024-05-16 13:17:14,301] {dag.py:2396} INFO - Sync 1 DAGs
[2024-05-16 13:17:14,311] {logging_mixin.py:109} INFO - [2024-05-16 13:17:14,311] {dag.py:2935} INFO - Setting next_dagrun for example_dag_decorator to None
[2024-05-16 13:17:14,317] {processor.py:171} INFO - Processing /Users/nikhilanand/airflow_venv/lib/python3.9/site-packages/airflow/example_dags/example_dag_decorator.py took 0.191 seconds
[2024-05-16 13:18:23,346] {processor.py:163} INFO - Started process (PID=5353) to work on /Users/nikhilanand/airflow_venv/lib/python3.9/site-packages/airflow/example_dags/example_dag_decorator.py
[2024-05-16 13:18:23,348] {processor.py:642} INFO - Processing file /Users/nikhilanand/airflow_venv/lib/python3.9/site-packages/airflow/example_dags/example_dag_decorator.py for tasks to queue
[2024-05-16 13:18:23,348] {logging_mixin.py:109} INFO - [2024-05-16 13:18:23,348] {dagbag.py:500} INFO - Filling up the DagBag from /Users/nikhilanand/airflow_venv/lib/python3.9/site-packages/airflow/example_dags/example_dag_decorator.py
[2024-05-16 13:18:23,375] {processor.py:654} INFO - DAG(s) dict_keys(['example_dag_decorator']) retrieved from /Users/nikhilanand/airflow_venv/lib/python3.9/site-packages/airflow/example_dags/example_dag_decorator.py
[2024-05-16 13:18:23,510] {logging_mixin.py:109} INFO - [2024-05-16 13:18:23,510] {dag.py:2396} INFO - Sync 1 DAGs
[2024-05-16 13:18:23,516] {logging_mixin.py:109} INFO - [2024-05-16 13:18:23,516] {dag.py:2935} INFO - Setting next_dagrun for example_dag_decorator to None
[2024-05-16 13:18:23,540] {processor.py:171} INFO - Processing /Users/nikhilanand/airflow_venv/lib/python3.9/site-packages/airflow/example_dags/example_dag_decorator.py took 0.195 seconds
[2024-05-16 13:19:31,463] {processor.py:163} INFO - Started process (PID=6169) to work on /Users/nikhilanand/airflow_venv/lib/python3.9/site-packages/airflow/example_dags/example_dag_decorator.py
[2024-05-16 13:19:31,463] {processor.py:642} INFO - Processing file /Users/nikhilanand/airflow_venv/lib/python3.9/site-packages/airflow/example_dags/example_dag_decorator.py for tasks to queue
[2024-05-16 13:19:31,463] {logging_mixin.py:109} INFO - [2024-05-16 13:19:31,463] {dagbag.py:500} INFO - Filling up the DagBag from /Users/nikhilanand/airflow_venv/lib/python3.9/site-packages/airflow/example_dags/example_dag_decorator.py
[2024-05-16 13:19:31,489] {processor.py:654} INFO - DAG(s) dict_keys(['example_dag_decorator']) retrieved from /Users/nikhilanand/airflow_venv/lib/python3.9/site-packages/airflow/example_dags/example_dag_decorator.py
[2024-05-16 13:19:31,606] {logging_mixin.py:109} INFO - [2024-05-16 13:19:31,605] {dag.py:2396} INFO - Sync 1 DAGs
[2024-05-16 13:19:31,610] {logging_mixin.py:109} INFO - [2024-05-16 13:19:31,610] {dag.py:2935} INFO - Setting next_dagrun for example_dag_decorator to None
[2024-05-16 13:19:31,614] {processor.py:171} INFO - Processing /Users/nikhilanand/airflow_venv/lib/python3.9/site-packages/airflow/example_dags/example_dag_decorator.py took 0.152 seconds
[2024-05-16 13:20:39,978] {processor.py:163} INFO - Started process (PID=6975) to work on /Users/nikhilanand/airflow_venv/lib/python3.9/site-packages/airflow/example_dags/example_dag_decorator.py
[2024-05-16 13:20:39,978] {processor.py:642} INFO - Processing file /Users/nikhilanand/airflow_venv/lib/python3.9/site-packages/airflow/example_dags/example_dag_decorator.py for tasks to queue
[2024-05-16 13:20:39,979] {logging_mixin.py:109} INFO - [2024-05-16 13:20:39,979] {dagbag.py:500} INFO - Filling up the DagBag from /Users/nikhilanand/airflow_venv/lib/python3.9/site-packages/airflow/example_dags/example_dag_decorator.py
[2024-05-16 13:20:40,004] {processor.py:654} INFO - DAG(s) dict_keys(['example_dag_decorator']) retrieved from /Users/nikhilanand/airflow_venv/lib/python3.9/site-packages/airflow/example_dags/example_dag_decorator.py
[2024-05-16 13:20:40,122] {logging_mixin.py:109} INFO - [2024-05-16 13:20:40,122] {dag.py:2396} INFO - Sync 1 DAGs
[2024-05-16 13:20:40,126] {logging_mixin.py:109} INFO - [2024-05-16 13:20:40,126] {dag.py:2935} INFO - Setting next_dagrun for example_dag_decorator to None
[2024-05-16 13:20:40,131] {processor.py:171} INFO - Processing /Users/nikhilanand/airflow_venv/lib/python3.9/site-packages/airflow/example_dags/example_dag_decorator.py took 0.153 seconds
[2024-05-16 13:21:48,861] {processor.py:163} INFO - Started process (PID=7781) to work on /Users/nikhilanand/airflow_venv/lib/python3.9/site-packages/airflow/example_dags/example_dag_decorator.py
[2024-05-16 13:21:48,862] {processor.py:642} INFO - Processing file /Users/nikhilanand/airflow_venv/lib/python3.9/site-packages/airflow/example_dags/example_dag_decorator.py for tasks to queue
[2024-05-16 13:21:48,862] {logging_mixin.py:109} INFO - [2024-05-16 13:21:48,862] {dagbag.py:500} INFO - Filling up the DagBag from /Users/nikhilanand/airflow_venv/lib/python3.9/site-packages/airflow/example_dags/example_dag_decorator.py
[2024-05-16 13:21:48,888] {processor.py:654} INFO - DAG(s) dict_keys(['example_dag_decorator']) retrieved from /Users/nikhilanand/airflow_venv/lib/python3.9/site-packages/airflow/example_dags/example_dag_decorator.py
[2024-05-16 13:21:49,060] {logging_mixin.py:109} INFO - [2024-05-16 13:21:49,060] {dag.py:2396} INFO - Sync 1 DAGs
[2024-05-16 13:21:49,065] {logging_mixin.py:109} INFO - [2024-05-16 13:21:49,065] {dag.py:2935} INFO - Setting next_dagrun for example_dag_decorator to None
[2024-05-16 13:21:49,070] {processor.py:171} INFO - Processing /Users/nikhilanand/airflow_venv/lib/python3.9/site-packages/airflow/example_dags/example_dag_decorator.py took 0.209 seconds
[2024-05-16 13:22:55,776] {processor.py:163} INFO - Started process (PID=8569) to work on /Users/nikhilanand/airflow_venv/lib/python3.9/site-packages/airflow/example_dags/example_dag_decorator.py
[2024-05-16 13:22:55,776] {processor.py:642} INFO - Processing file /Users/nikhilanand/airflow_venv/lib/python3.9/site-packages/airflow/example_dags/example_dag_decorator.py for tasks to queue
[2024-05-16 13:22:55,776] {logging_mixin.py:109} INFO - [2024-05-16 13:22:55,776] {dagbag.py:500} INFO - Filling up the DagBag from /Users/nikhilanand/airflow_venv/lib/python3.9/site-packages/airflow/example_dags/example_dag_decorator.py
[2024-05-16 13:22:55,801] {processor.py:654} INFO - DAG(s) dict_keys(['example_dag_decorator']) retrieved from /Users/nikhilanand/airflow_venv/lib/python3.9/site-packages/airflow/example_dags/example_dag_decorator.py
[2024-05-16 13:22:55,920] {logging_mixin.py:109} INFO - [2024-05-16 13:22:55,919] {dag.py:2396} INFO - Sync 1 DAGs
[2024-05-16 13:22:55,924] {logging_mixin.py:109} INFO - [2024-05-16 13:22:55,924] {dag.py:2935} INFO - Setting next_dagrun for example_dag_decorator to None
[2024-05-16 13:22:55,928] {processor.py:171} INFO - Processing /Users/nikhilanand/airflow_venv/lib/python3.9/site-packages/airflow/example_dags/example_dag_decorator.py took 0.153 seconds
[2024-05-16 13:24:03,669] {processor.py:163} INFO - Started process (PID=9377) to work on /Users/nikhilanand/airflow_venv/lib/python3.9/site-packages/airflow/example_dags/example_dag_decorator.py
[2024-05-16 13:24:03,669] {processor.py:642} INFO - Processing file /Users/nikhilanand/airflow_venv/lib/python3.9/site-packages/airflow/example_dags/example_dag_decorator.py for tasks to queue
[2024-05-16 13:24:03,669] {logging_mixin.py:109} INFO - [2024-05-16 13:24:03,669] {dagbag.py:500} INFO - Filling up the DagBag from /Users/nikhilanand/airflow_venv/lib/python3.9/site-packages/airflow/example_dags/example_dag_decorator.py
[2024-05-16 13:24:03,694] {processor.py:654} INFO - DAG(s) dict_keys(['example_dag_decorator']) retrieved from /Users/nikhilanand/airflow_venv/lib/python3.9/site-packages/airflow/example_dags/example_dag_decorator.py
[2024-05-16 13:24:03,808] {logging_mixin.py:109} INFO - [2024-05-16 13:24:03,808] {dag.py:2396} INFO - Sync 1 DAGs
[2024-05-16 13:24:03,813] {logging_mixin.py:109} INFO - [2024-05-16 13:24:03,813] {dag.py:2935} INFO - Setting next_dagrun for example_dag_decorator to None
[2024-05-16 13:24:03,817] {processor.py:171} INFO - Processing /Users/nikhilanand/airflow_venv/lib/python3.9/site-packages/airflow/example_dags/example_dag_decorator.py took 0.149 seconds
[2024-05-16 13:25:12,968] {processor.py:163} INFO - Started process (PID=10562) to work on /Users/nikhilanand/airflow_venv/lib/python3.9/site-packages/airflow/example_dags/example_dag_decorator.py
[2024-05-16 13:25:12,968] {processor.py:642} INFO - Processing file /Users/nikhilanand/airflow_venv/lib/python3.9/site-packages/airflow/example_dags/example_dag_decorator.py for tasks to queue
[2024-05-16 13:25:12,969] {logging_mixin.py:109} INFO - [2024-05-16 13:25:12,969] {dagbag.py:500} INFO - Filling up the DagBag from /Users/nikhilanand/airflow_venv/lib/python3.9/site-packages/airflow/example_dags/example_dag_decorator.py
[2024-05-16 13:25:12,997] {processor.py:654} INFO - DAG(s) dict_keys(['example_dag_decorator']) retrieved from /Users/nikhilanand/airflow_venv/lib/python3.9/site-packages/airflow/example_dags/example_dag_decorator.py
[2024-05-16 13:25:13,176] {logging_mixin.py:109} INFO - [2024-05-16 13:25:13,176] {dag.py:2396} INFO - Sync 1 DAGs
[2024-05-16 13:25:13,181] {logging_mixin.py:109} INFO - [2024-05-16 13:25:13,181] {dag.py:2935} INFO - Setting next_dagrun for example_dag_decorator to None
[2024-05-16 13:25:13,186] {processor.py:171} INFO - Processing /Users/nikhilanand/airflow_venv/lib/python3.9/site-packages/airflow/example_dags/example_dag_decorator.py took 0.218 seconds
[2024-05-16 13:26:21,453] {processor.py:163} INFO - Started process (PID=11359) to work on /Users/nikhilanand/airflow_venv/lib/python3.9/site-packages/airflow/example_dags/example_dag_decorator.py
[2024-05-16 13:26:21,453] {processor.py:642} INFO - Processing file /Users/nikhilanand/airflow_venv/lib/python3.9/site-packages/airflow/example_dags/example_dag_decorator.py for tasks to queue
[2024-05-16 13:26:21,454] {logging_mixin.py:109} INFO - [2024-05-16 13:26:21,454] {dagbag.py:500} INFO - Filling up the DagBag from /Users/nikhilanand/airflow_venv/lib/python3.9/site-packages/airflow/example_dags/example_dag_decorator.py
[2024-05-16 13:26:21,480] {processor.py:654} INFO - DAG(s) dict_keys(['example_dag_decorator']) retrieved from /Users/nikhilanand/airflow_venv/lib/python3.9/site-packages/airflow/example_dags/example_dag_decorator.py
[2024-05-16 13:26:21,608] {logging_mixin.py:109} INFO - [2024-05-16 13:26:21,608] {dag.py:2396} INFO - Sync 1 DAGs
[2024-05-16 13:26:21,612] {logging_mixin.py:109} INFO - [2024-05-16 13:26:21,612] {dag.py:2935} INFO - Setting next_dagrun for example_dag_decorator to None
[2024-05-16 13:26:21,617] {processor.py:171} INFO - Processing /Users/nikhilanand/airflow_venv/lib/python3.9/site-packages/airflow/example_dags/example_dag_decorator.py took 0.164 seconds
[2024-05-16 13:27:28,825] {processor.py:163} INFO - Started process (PID=12166) to work on /Users/nikhilanand/airflow_venv/lib/python3.9/site-packages/airflow/example_dags/example_dag_decorator.py
[2024-05-16 13:27:28,826] {processor.py:642} INFO - Processing file /Users/nikhilanand/airflow_venv/lib/python3.9/site-packages/airflow/example_dags/example_dag_decorator.py for tasks to queue
[2024-05-16 13:27:28,826] {logging_mixin.py:109} INFO - [2024-05-16 13:27:28,826] {dagbag.py:500} INFO - Filling up the DagBag from /Users/nikhilanand/airflow_venv/lib/python3.9/site-packages/airflow/example_dags/example_dag_decorator.py
[2024-05-16 13:27:28,851] {processor.py:654} INFO - DAG(s) dict_keys(['example_dag_decorator']) retrieved from /Users/nikhilanand/airflow_venv/lib/python3.9/site-packages/airflow/example_dags/example_dag_decorator.py
[2024-05-16 13:27:28,998] {logging_mixin.py:109} INFO - [2024-05-16 13:27:28,998] {dag.py:2396} INFO - Sync 1 DAGs
[2024-05-16 13:27:29,002] {logging_mixin.py:109} INFO - [2024-05-16 13:27:29,002] {dag.py:2935} INFO - Setting next_dagrun for example_dag_decorator to None
[2024-05-16 13:27:29,006] {processor.py:171} INFO - Processing /Users/nikhilanand/airflow_venv/lib/python3.9/site-packages/airflow/example_dags/example_dag_decorator.py took 0.182 seconds
[2024-05-16 13:29:00,675] {processor.py:163} INFO - Started process (PID=13263) to work on /Users/nikhilanand/airflow_venv/lib/python3.9/site-packages/airflow/example_dags/example_dag_decorator.py
[2024-05-16 13:29:00,676] {processor.py:642} INFO - Processing file /Users/nikhilanand/airflow_venv/lib/python3.9/site-packages/airflow/example_dags/example_dag_decorator.py for tasks to queue
[2024-05-16 13:29:00,676] {logging_mixin.py:109} INFO - [2024-05-16 13:29:00,676] {dagbag.py:500} INFO - Filling up the DagBag from /Users/nikhilanand/airflow_venv/lib/python3.9/site-packages/airflow/example_dags/example_dag_decorator.py
[2024-05-16 13:29:00,706] {processor.py:654} INFO - DAG(s) dict_keys(['example_dag_decorator']) retrieved from /Users/nikhilanand/airflow_venv/lib/python3.9/site-packages/airflow/example_dags/example_dag_decorator.py
[2024-05-16 13:29:00,833] {logging_mixin.py:109} INFO - [2024-05-16 13:29:00,833] {dag.py:2396} INFO - Sync 1 DAGs
[2024-05-16 13:29:00,837] {logging_mixin.py:109} INFO - [2024-05-16 13:29:00,837] {dag.py:2935} INFO - Setting next_dagrun for example_dag_decorator to None
[2024-05-16 13:29:00,842] {processor.py:171} INFO - Processing /Users/nikhilanand/airflow_venv/lib/python3.9/site-packages/airflow/example_dags/example_dag_decorator.py took 0.167 seconds
[2024-05-16 13:30:09,220] {processor.py:163} INFO - Started process (PID=14087) to work on /Users/nikhilanand/airflow_venv/lib/python3.9/site-packages/airflow/example_dags/example_dag_decorator.py
[2024-05-16 13:30:09,221] {processor.py:642} INFO - Processing file /Users/nikhilanand/airflow_venv/lib/python3.9/site-packages/airflow/example_dags/example_dag_decorator.py for tasks to queue
[2024-05-16 13:30:09,221] {logging_mixin.py:109} INFO - [2024-05-16 13:30:09,221] {dagbag.py:500} INFO - Filling up the DagBag from /Users/nikhilanand/airflow_venv/lib/python3.9/site-packages/airflow/example_dags/example_dag_decorator.py
[2024-05-16 13:30:09,247] {processor.py:654} INFO - DAG(s) dict_keys(['example_dag_decorator']) retrieved from /Users/nikhilanand/airflow_venv/lib/python3.9/site-packages/airflow/example_dags/example_dag_decorator.py
[2024-05-16 13:30:09,365] {logging_mixin.py:109} INFO - [2024-05-16 13:30:09,365] {dag.py:2396} INFO - Sync 1 DAGs
[2024-05-16 13:30:09,369] {logging_mixin.py:109} INFO - [2024-05-16 13:30:09,369] {dag.py:2935} INFO - Setting next_dagrun for example_dag_decorator to None
[2024-05-16 13:30:09,373] {processor.py:171} INFO - Processing /Users/nikhilanand/airflow_venv/lib/python3.9/site-packages/airflow/example_dags/example_dag_decorator.py took 0.153 seconds
[2024-05-16 13:31:20,724] {processor.py:163} INFO - Started process (PID=14943) to work on /Users/nikhilanand/airflow_venv/lib/python3.9/site-packages/airflow/example_dags/example_dag_decorator.py
[2024-05-16 13:31:20,725] {processor.py:642} INFO - Processing file /Users/nikhilanand/airflow_venv/lib/python3.9/site-packages/airflow/example_dags/example_dag_decorator.py for tasks to queue
[2024-05-16 13:31:20,726] {logging_mixin.py:109} INFO - [2024-05-16 13:31:20,726] {dagbag.py:500} INFO - Filling up the DagBag from /Users/nikhilanand/airflow_venv/lib/python3.9/site-packages/airflow/example_dags/example_dag_decorator.py
[2024-05-16 13:31:20,751] {processor.py:654} INFO - DAG(s) dict_keys(['example_dag_decorator']) retrieved from /Users/nikhilanand/airflow_venv/lib/python3.9/site-packages/airflow/example_dags/example_dag_decorator.py
[2024-05-16 13:31:20,870] {logging_mixin.py:109} INFO - [2024-05-16 13:31:20,870] {dag.py:2396} INFO - Sync 1 DAGs
[2024-05-16 13:31:20,875] {logging_mixin.py:109} INFO - [2024-05-16 13:31:20,875] {dag.py:2935} INFO - Setting next_dagrun for example_dag_decorator to None
[2024-05-16 13:31:20,879] {processor.py:171} INFO - Processing /Users/nikhilanand/airflow_venv/lib/python3.9/site-packages/airflow/example_dags/example_dag_decorator.py took 0.155 seconds
[2024-05-16 13:32:29,504] {processor.py:163} INFO - Started process (PID=15774) to work on /Users/nikhilanand/airflow_venv/lib/python3.9/site-packages/airflow/example_dags/example_dag_decorator.py
[2024-05-16 13:32:29,505] {processor.py:642} INFO - Processing file /Users/nikhilanand/airflow_venv/lib/python3.9/site-packages/airflow/example_dags/example_dag_decorator.py for tasks to queue
[2024-05-16 13:32:29,505] {logging_mixin.py:109} INFO - [2024-05-16 13:32:29,505] {dagbag.py:500} INFO - Filling up the DagBag from /Users/nikhilanand/airflow_venv/lib/python3.9/site-packages/airflow/example_dags/example_dag_decorator.py
[2024-05-16 13:32:29,529] {processor.py:654} INFO - DAG(s) dict_keys(['example_dag_decorator']) retrieved from /Users/nikhilanand/airflow_venv/lib/python3.9/site-packages/airflow/example_dags/example_dag_decorator.py
[2024-05-16 13:32:29,648] {logging_mixin.py:109} INFO - [2024-05-16 13:32:29,648] {dag.py:2396} INFO - Sync 1 DAGs
[2024-05-16 13:32:29,652] {logging_mixin.py:109} INFO - [2024-05-16 13:32:29,652] {dag.py:2935} INFO - Setting next_dagrun for example_dag_decorator to None
[2024-05-16 13:32:29,657] {processor.py:171} INFO - Processing /Users/nikhilanand/airflow_venv/lib/python3.9/site-packages/airflow/example_dags/example_dag_decorator.py took 0.152 seconds
