[2024-05-16 12:54:35,507] {processor.py:163} INFO - Started process (PID=87653) to work on /Users/nikhilanand/airflow_venv/lib/python3.9/site-packages/airflow/example_dags/example_branch_python_dop_operator_3.py
[2024-05-16 12:54:35,507] {processor.py:642} INFO - Processing file /Users/nikhilanand/airflow_venv/lib/python3.9/site-packages/airflow/example_dags/example_branch_python_dop_operator_3.py for tasks to queue
[2024-05-16 12:54:35,507] {logging_mixin.py:109} INFO - [2024-05-16 12:54:35,507] {dagbag.py:500} INFO - Filling up the DagBag from /Users/nikhilanand/airflow_venv/lib/python3.9/site-packages/airflow/example_dags/example_branch_python_dop_operator_3.py
[2024-05-16 12:54:35,535] {processor.py:654} INFO - DAG(s) dict_keys(['example_branch_dop_operator_v3']) retrieved from /Users/nikhilanand/airflow_venv/lib/python3.9/site-packages/airflow/example_dags/example_branch_python_dop_operator_3.py
[2024-05-16 12:54:35,546] {logging_mixin.py:109} INFO - [2024-05-16 12:54:35,546] {dag.py:2396} INFO - Sync 1 DAGs
[2024-05-16 12:54:35,554] {logging_mixin.py:109} INFO - [2024-05-16 12:54:35,554] {dag.py:2935} INFO - Setting next_dagrun for example_branch_dop_operator_v3 to 2024-05-16T07:23:00+00:00
[2024-05-16 12:54:35,558] {processor.py:171} INFO - Processing /Users/nikhilanand/airflow_venv/lib/python3.9/site-packages/airflow/example_dags/example_branch_python_dop_operator_3.py took 0.051 seconds
[2024-05-16 12:55:47,170] {processor.py:163} INFO - Started process (PID=88510) to work on /Users/nikhilanand/airflow_venv/lib/python3.9/site-packages/airflow/example_dags/example_branch_python_dop_operator_3.py
[2024-05-16 12:55:47,172] {processor.py:642} INFO - Processing file /Users/nikhilanand/airflow_venv/lib/python3.9/site-packages/airflow/example_dags/example_branch_python_dop_operator_3.py for tasks to queue
[2024-05-16 12:55:47,172] {logging_mixin.py:109} INFO - [2024-05-16 12:55:47,172] {dagbag.py:500} INFO - Filling up the DagBag from /Users/nikhilanand/airflow_venv/lib/python3.9/site-packages/airflow/example_dags/example_branch_python_dop_operator_3.py
[2024-05-16 12:55:47,194] {processor.py:654} INFO - DAG(s) dict_keys(['example_branch_dop_operator_v3']) retrieved from /Users/nikhilanand/airflow_venv/lib/python3.9/site-packages/airflow/example_dags/example_branch_python_dop_operator_3.py
[2024-05-16 12:55:47,203] {logging_mixin.py:109} INFO - [2024-05-16 12:55:47,203] {dag.py:2396} INFO - Sync 1 DAGs
[2024-05-16 12:55:47,210] {logging_mixin.py:109} INFO - [2024-05-16 12:55:47,210] {dag.py:2935} INFO - Setting next_dagrun for example_branch_dop_operator_v3 to 2024-05-16T07:24:00+00:00
[2024-05-16 12:55:47,215] {processor.py:171} INFO - Processing /Users/nikhilanand/airflow_venv/lib/python3.9/site-packages/airflow/example_dags/example_branch_python_dop_operator_3.py took 0.044 seconds
[2024-05-16 12:56:53,810] {processor.py:163} INFO - Started process (PID=89320) to work on /Users/nikhilanand/airflow_venv/lib/python3.9/site-packages/airflow/example_dags/example_branch_python_dop_operator_3.py
[2024-05-16 12:56:53,810] {processor.py:642} INFO - Processing file /Users/nikhilanand/airflow_venv/lib/python3.9/site-packages/airflow/example_dags/example_branch_python_dop_operator_3.py for tasks to queue
[2024-05-16 12:56:53,810] {logging_mixin.py:109} INFO - [2024-05-16 12:56:53,810] {dagbag.py:500} INFO - Filling up the DagBag from /Users/nikhilanand/airflow_venv/lib/python3.9/site-packages/airflow/example_dags/example_branch_python_dop_operator_3.py
[2024-05-16 12:56:53,834] {processor.py:654} INFO - DAG(s) dict_keys(['example_branch_dop_operator_v3']) retrieved from /Users/nikhilanand/airflow_venv/lib/python3.9/site-packages/airflow/example_dags/example_branch_python_dop_operator_3.py
[2024-05-16 12:56:53,843] {logging_mixin.py:109} INFO - [2024-05-16 12:56:53,842] {dag.py:2396} INFO - Sync 1 DAGs
[2024-05-16 12:56:53,850] {logging_mixin.py:109} INFO - [2024-05-16 12:56:53,850] {dag.py:2935} INFO - Setting next_dagrun for example_branch_dop_operator_v3 to 2024-05-16T07:25:00+00:00
[2024-05-16 12:56:53,854] {processor.py:171} INFO - Processing /Users/nikhilanand/airflow_venv/lib/python3.9/site-packages/airflow/example_dags/example_branch_python_dop_operator_3.py took 0.044 seconds
[2024-05-16 12:58:03,187] {processor.py:163} INFO - Started process (PID=90087) to work on /Users/nikhilanand/airflow_venv/lib/python3.9/site-packages/airflow/example_dags/example_branch_python_dop_operator_3.py
[2024-05-16 12:58:03,188] {processor.py:642} INFO - Processing file /Users/nikhilanand/airflow_venv/lib/python3.9/site-packages/airflow/example_dags/example_branch_python_dop_operator_3.py for tasks to queue
[2024-05-16 12:58:03,188] {logging_mixin.py:109} INFO - [2024-05-16 12:58:03,188] {dagbag.py:500} INFO - Filling up the DagBag from /Users/nikhilanand/airflow_venv/lib/python3.9/site-packages/airflow/example_dags/example_branch_python_dop_operator_3.py
[2024-05-16 12:58:03,211] {processor.py:654} INFO - DAG(s) dict_keys(['example_branch_dop_operator_v3']) retrieved from /Users/nikhilanand/airflow_venv/lib/python3.9/site-packages/airflow/example_dags/example_branch_python_dop_operator_3.py
[2024-05-16 12:58:03,221] {logging_mixin.py:109} INFO - [2024-05-16 12:58:03,221] {dag.py:2396} INFO - Sync 1 DAGs
[2024-05-16 12:58:03,228] {logging_mixin.py:109} INFO - [2024-05-16 12:58:03,228] {dag.py:2935} INFO - Setting next_dagrun for example_branch_dop_operator_v3 to 2024-05-16T07:27:00+00:00
[2024-05-16 12:58:03,232] {processor.py:171} INFO - Processing /Users/nikhilanand/airflow_venv/lib/python3.9/site-packages/airflow/example_dags/example_branch_python_dop_operator_3.py took 0.045 seconds
[2024-05-16 12:59:12,586] {processor.py:163} INFO - Started process (PID=90889) to work on /Users/nikhilanand/airflow_venv/lib/python3.9/site-packages/airflow/example_dags/example_branch_python_dop_operator_3.py
[2024-05-16 12:59:12,587] {processor.py:642} INFO - Processing file /Users/nikhilanand/airflow_venv/lib/python3.9/site-packages/airflow/example_dags/example_branch_python_dop_operator_3.py for tasks to queue
[2024-05-16 12:59:12,587] {logging_mixin.py:109} INFO - [2024-05-16 12:59:12,587] {dagbag.py:500} INFO - Filling up the DagBag from /Users/nikhilanand/airflow_venv/lib/python3.9/site-packages/airflow/example_dags/example_branch_python_dop_operator_3.py
[2024-05-16 12:59:12,610] {processor.py:654} INFO - DAG(s) dict_keys(['example_branch_dop_operator_v3']) retrieved from /Users/nikhilanand/airflow_venv/lib/python3.9/site-packages/airflow/example_dags/example_branch_python_dop_operator_3.py
[2024-05-16 12:59:12,619] {logging_mixin.py:109} INFO - [2024-05-16 12:59:12,619] {dag.py:2396} INFO - Sync 1 DAGs
[2024-05-16 12:59:12,626] {logging_mixin.py:109} INFO - [2024-05-16 12:59:12,626] {dag.py:2935} INFO - Setting next_dagrun for example_branch_dop_operator_v3 to 2024-05-16T07:28:00+00:00
[2024-05-16 12:59:12,630] {processor.py:171} INFO - Processing /Users/nikhilanand/airflow_venv/lib/python3.9/site-packages/airflow/example_dags/example_branch_python_dop_operator_3.py took 0.044 seconds
[2024-05-16 13:00:27,834] {processor.py:163} INFO - Started process (PID=91778) to work on /Users/nikhilanand/airflow_venv/lib/python3.9/site-packages/airflow/example_dags/example_branch_python_dop_operator_3.py
[2024-05-16 13:00:27,835] {processor.py:642} INFO - Processing file /Users/nikhilanand/airflow_venv/lib/python3.9/site-packages/airflow/example_dags/example_branch_python_dop_operator_3.py for tasks to queue
[2024-05-16 13:00:27,835] {logging_mixin.py:109} INFO - [2024-05-16 13:00:27,835] {dagbag.py:500} INFO - Filling up the DagBag from /Users/nikhilanand/airflow_venv/lib/python3.9/site-packages/airflow/example_dags/example_branch_python_dop_operator_3.py
[2024-05-16 13:00:27,858] {processor.py:654} INFO - DAG(s) dict_keys(['example_branch_dop_operator_v3']) retrieved from /Users/nikhilanand/airflow_venv/lib/python3.9/site-packages/airflow/example_dags/example_branch_python_dop_operator_3.py
[2024-05-16 13:00:27,867] {logging_mixin.py:109} INFO - [2024-05-16 13:00:27,867] {dag.py:2396} INFO - Sync 1 DAGs
[2024-05-16 13:00:27,874] {logging_mixin.py:109} INFO - [2024-05-16 13:00:27,874] {dag.py:2935} INFO - Setting next_dagrun for example_branch_dop_operator_v3 to 2024-05-16T07:29:00+00:00
[2024-05-16 13:00:27,878] {processor.py:171} INFO - Processing /Users/nikhilanand/airflow_venv/lib/python3.9/site-packages/airflow/example_dags/example_branch_python_dop_operator_3.py took 0.044 seconds
[2024-05-16 13:01:37,924] {processor.py:163} INFO - Started process (PID=92591) to work on /Users/nikhilanand/airflow_venv/lib/python3.9/site-packages/airflow/example_dags/example_branch_python_dop_operator_3.py
[2024-05-16 13:01:37,926] {processor.py:642} INFO - Processing file /Users/nikhilanand/airflow_venv/lib/python3.9/site-packages/airflow/example_dags/example_branch_python_dop_operator_3.py for tasks to queue
[2024-05-16 13:01:37,926] {logging_mixin.py:109} INFO - [2024-05-16 13:01:37,926] {dagbag.py:500} INFO - Filling up the DagBag from /Users/nikhilanand/airflow_venv/lib/python3.9/site-packages/airflow/example_dags/example_branch_python_dop_operator_3.py
[2024-05-16 13:01:37,949] {processor.py:654} INFO - DAG(s) dict_keys(['example_branch_dop_operator_v3']) retrieved from /Users/nikhilanand/airflow_venv/lib/python3.9/site-packages/airflow/example_dags/example_branch_python_dop_operator_3.py
[2024-05-16 13:01:37,957] {logging_mixin.py:109} INFO - [2024-05-16 13:01:37,957] {dag.py:2396} INFO - Sync 1 DAGs
[2024-05-16 13:01:37,964] {logging_mixin.py:109} INFO - [2024-05-16 13:01:37,964] {dag.py:2935} INFO - Setting next_dagrun for example_branch_dop_operator_v3 to 2024-05-16T07:30:00+00:00
[2024-05-16 13:01:37,967] {processor.py:171} INFO - Processing /Users/nikhilanand/airflow_venv/lib/python3.9/site-packages/airflow/example_dags/example_branch_python_dop_operator_3.py took 0.043 seconds
[2024-05-16 13:02:48,007] {processor.py:163} INFO - Started process (PID=93417) to work on /Users/nikhilanand/airflow_venv/lib/python3.9/site-packages/airflow/example_dags/example_branch_python_dop_operator_3.py
[2024-05-16 13:02:48,007] {processor.py:642} INFO - Processing file /Users/nikhilanand/airflow_venv/lib/python3.9/site-packages/airflow/example_dags/example_branch_python_dop_operator_3.py for tasks to queue
[2024-05-16 13:02:48,007] {logging_mixin.py:109} INFO - [2024-05-16 13:02:48,007] {dagbag.py:500} INFO - Filling up the DagBag from /Users/nikhilanand/airflow_venv/lib/python3.9/site-packages/airflow/example_dags/example_branch_python_dop_operator_3.py
[2024-05-16 13:02:48,030] {processor.py:654} INFO - DAG(s) dict_keys(['example_branch_dop_operator_v3']) retrieved from /Users/nikhilanand/airflow_venv/lib/python3.9/site-packages/airflow/example_dags/example_branch_python_dop_operator_3.py
[2024-05-16 13:02:48,040] {logging_mixin.py:109} INFO - [2024-05-16 13:02:48,040] {dag.py:2396} INFO - Sync 1 DAGs
[2024-05-16 13:02:48,049] {logging_mixin.py:109} INFO - [2024-05-16 13:02:48,049] {dag.py:2935} INFO - Setting next_dagrun for example_branch_dop_operator_v3 to 2024-05-16T07:31:00+00:00
[2024-05-16 13:02:48,053] {processor.py:171} INFO - Processing /Users/nikhilanand/airflow_venv/lib/python3.9/site-packages/airflow/example_dags/example_branch_python_dop_operator_3.py took 0.047 seconds
[2024-05-16 13:03:57,649] {processor.py:163} INFO - Started process (PID=94536) to work on /Users/nikhilanand/airflow_venv/lib/python3.9/site-packages/airflow/example_dags/example_branch_python_dop_operator_3.py
[2024-05-16 13:03:57,650] {processor.py:642} INFO - Processing file /Users/nikhilanand/airflow_venv/lib/python3.9/site-packages/airflow/example_dags/example_branch_python_dop_operator_3.py for tasks to queue
[2024-05-16 13:03:57,650] {logging_mixin.py:109} INFO - [2024-05-16 13:03:57,650] {dagbag.py:500} INFO - Filling up the DagBag from /Users/nikhilanand/airflow_venv/lib/python3.9/site-packages/airflow/example_dags/example_branch_python_dop_operator_3.py
[2024-05-16 13:03:57,673] {processor.py:654} INFO - DAG(s) dict_keys(['example_branch_dop_operator_v3']) retrieved from /Users/nikhilanand/airflow_venv/lib/python3.9/site-packages/airflow/example_dags/example_branch_python_dop_operator_3.py
[2024-05-16 13:03:57,681] {logging_mixin.py:109} INFO - [2024-05-16 13:03:57,681] {dag.py:2396} INFO - Sync 1 DAGs
[2024-05-16 13:03:57,688] {logging_mixin.py:109} INFO - [2024-05-16 13:03:57,688] {dag.py:2935} INFO - Setting next_dagrun for example_branch_dop_operator_v3 to 2024-05-16T07:32:00+00:00
[2024-05-16 13:03:57,692] {processor.py:171} INFO - Processing /Users/nikhilanand/airflow_venv/lib/python3.9/site-packages/airflow/example_dags/example_branch_python_dop_operator_3.py took 0.044 seconds
[2024-05-16 13:05:18,249] {processor.py:163} INFO - Started process (PID=95503) to work on /Users/nikhilanand/airflow_venv/lib/python3.9/site-packages/airflow/example_dags/example_branch_python_dop_operator_3.py
[2024-05-16 13:05:18,250] {processor.py:642} INFO - Processing file /Users/nikhilanand/airflow_venv/lib/python3.9/site-packages/airflow/example_dags/example_branch_python_dop_operator_3.py for tasks to queue
[2024-05-16 13:05:18,250] {logging_mixin.py:109} INFO - [2024-05-16 13:05:18,250] {dagbag.py:500} INFO - Filling up the DagBag from /Users/nikhilanand/airflow_venv/lib/python3.9/site-packages/airflow/example_dags/example_branch_python_dop_operator_3.py
[2024-05-16 13:05:18,273] {processor.py:654} INFO - DAG(s) dict_keys(['example_branch_dop_operator_v3']) retrieved from /Users/nikhilanand/airflow_venv/lib/python3.9/site-packages/airflow/example_dags/example_branch_python_dop_operator_3.py
[2024-05-16 13:05:18,282] {logging_mixin.py:109} INFO - [2024-05-16 13:05:18,282] {dag.py:2396} INFO - Sync 1 DAGs
[2024-05-16 13:05:18,289] {logging_mixin.py:109} INFO - [2024-05-16 13:05:18,289] {dag.py:2935} INFO - Setting next_dagrun for example_branch_dop_operator_v3 to 2024-05-16T07:34:00+00:00
[2024-05-16 13:05:18,292] {processor.py:171} INFO - Processing /Users/nikhilanand/airflow_venv/lib/python3.9/site-packages/airflow/example_dags/example_branch_python_dop_operator_3.py took 0.043 seconds
[2024-05-16 13:06:29,296] {processor.py:163} INFO - Started process (PID=96345) to work on /Users/nikhilanand/airflow_venv/lib/python3.9/site-packages/airflow/example_dags/example_branch_python_dop_operator_3.py
[2024-05-16 13:06:29,296] {processor.py:642} INFO - Processing file /Users/nikhilanand/airflow_venv/lib/python3.9/site-packages/airflow/example_dags/example_branch_python_dop_operator_3.py for tasks to queue
[2024-05-16 13:06:29,297] {logging_mixin.py:109} INFO - [2024-05-16 13:06:29,297] {dagbag.py:500} INFO - Filling up the DagBag from /Users/nikhilanand/airflow_venv/lib/python3.9/site-packages/airflow/example_dags/example_branch_python_dop_operator_3.py
[2024-05-16 13:06:29,320] {processor.py:654} INFO - DAG(s) dict_keys(['example_branch_dop_operator_v3']) retrieved from /Users/nikhilanand/airflow_venv/lib/python3.9/site-packages/airflow/example_dags/example_branch_python_dop_operator_3.py
[2024-05-16 13:06:29,329] {logging_mixin.py:109} INFO - [2024-05-16 13:06:29,329] {dag.py:2396} INFO - Sync 1 DAGs
[2024-05-16 13:06:29,335] {logging_mixin.py:109} INFO - [2024-05-16 13:06:29,335] {dag.py:2935} INFO - Setting next_dagrun for example_branch_dop_operator_v3 to 2024-05-16T07:35:00+00:00
[2024-05-16 13:06:29,340] {processor.py:171} INFO - Processing /Users/nikhilanand/airflow_venv/lib/python3.9/site-packages/airflow/example_dags/example_branch_python_dop_operator_3.py took 0.044 seconds
[2024-05-16 13:07:44,287] {processor.py:163} INFO - Started process (PID=97221) to work on /Users/nikhilanand/airflow_venv/lib/python3.9/site-packages/airflow/example_dags/example_branch_python_dop_operator_3.py
[2024-05-16 13:07:44,289] {processor.py:642} INFO - Processing file /Users/nikhilanand/airflow_venv/lib/python3.9/site-packages/airflow/example_dags/example_branch_python_dop_operator_3.py for tasks to queue
[2024-05-16 13:07:44,289] {logging_mixin.py:109} INFO - [2024-05-16 13:07:44,289] {dagbag.py:500} INFO - Filling up the DagBag from /Users/nikhilanand/airflow_venv/lib/python3.9/site-packages/airflow/example_dags/example_branch_python_dop_operator_3.py
[2024-05-16 13:07:44,312] {processor.py:654} INFO - DAG(s) dict_keys(['example_branch_dop_operator_v3']) retrieved from /Users/nikhilanand/airflow_venv/lib/python3.9/site-packages/airflow/example_dags/example_branch_python_dop_operator_3.py
[2024-05-16 13:07:44,320] {logging_mixin.py:109} INFO - [2024-05-16 13:07:44,320] {dag.py:2396} INFO - Sync 1 DAGs
[2024-05-16 13:07:44,327] {logging_mixin.py:109} INFO - [2024-05-16 13:07:44,327] {dag.py:2935} INFO - Setting next_dagrun for example_branch_dop_operator_v3 to 2024-05-16T07:36:00+00:00
[2024-05-16 13:07:44,331] {processor.py:171} INFO - Processing /Users/nikhilanand/airflow_venv/lib/python3.9/site-packages/airflow/example_dags/example_branch_python_dop_operator_3.py took 0.044 seconds
[2024-05-16 13:08:55,390] {processor.py:163} INFO - Started process (PID=97991) to work on /Users/nikhilanand/airflow_venv/lib/python3.9/site-packages/airflow/example_dags/example_branch_python_dop_operator_3.py
[2024-05-16 13:08:55,391] {processor.py:642} INFO - Processing file /Users/nikhilanand/airflow_venv/lib/python3.9/site-packages/airflow/example_dags/example_branch_python_dop_operator_3.py for tasks to queue
[2024-05-16 13:08:55,391] {logging_mixin.py:109} INFO - [2024-05-16 13:08:55,391] {dagbag.py:500} INFO - Filling up the DagBag from /Users/nikhilanand/airflow_venv/lib/python3.9/site-packages/airflow/example_dags/example_branch_python_dop_operator_3.py
[2024-05-16 13:08:55,414] {processor.py:654} INFO - DAG(s) dict_keys(['example_branch_dop_operator_v3']) retrieved from /Users/nikhilanand/airflow_venv/lib/python3.9/site-packages/airflow/example_dags/example_branch_python_dop_operator_3.py
[2024-05-16 13:08:55,423] {logging_mixin.py:109} INFO - [2024-05-16 13:08:55,423] {dag.py:2396} INFO - Sync 1 DAGs
[2024-05-16 13:08:55,429] {logging_mixin.py:109} INFO - [2024-05-16 13:08:55,429] {dag.py:2935} INFO - Setting next_dagrun for example_branch_dop_operator_v3 to 2024-05-16T07:37:00+00:00
[2024-05-16 13:08:55,433] {processor.py:171} INFO - Processing /Users/nikhilanand/airflow_venv/lib/python3.9/site-packages/airflow/example_dags/example_branch_python_dop_operator_3.py took 0.043 seconds
[2024-05-16 13:10:06,618] {processor.py:163} INFO - Started process (PID=98784) to work on /Users/nikhilanand/airflow_venv/lib/python3.9/site-packages/airflow/example_dags/example_branch_python_dop_operator_3.py
[2024-05-16 13:10:06,619] {processor.py:642} INFO - Processing file /Users/nikhilanand/airflow_venv/lib/python3.9/site-packages/airflow/example_dags/example_branch_python_dop_operator_3.py for tasks to queue
[2024-05-16 13:10:06,619] {logging_mixin.py:109} INFO - [2024-05-16 13:10:06,619] {dagbag.py:500} INFO - Filling up the DagBag from /Users/nikhilanand/airflow_venv/lib/python3.9/site-packages/airflow/example_dags/example_branch_python_dop_operator_3.py
[2024-05-16 13:10:06,642] {processor.py:654} INFO - DAG(s) dict_keys(['example_branch_dop_operator_v3']) retrieved from /Users/nikhilanand/airflow_venv/lib/python3.9/site-packages/airflow/example_dags/example_branch_python_dop_operator_3.py
[2024-05-16 13:10:06,651] {logging_mixin.py:109} INFO - [2024-05-16 13:10:06,651] {dag.py:2396} INFO - Sync 1 DAGs
[2024-05-16 13:10:06,658] {logging_mixin.py:109} INFO - [2024-05-16 13:10:06,658] {dag.py:2935} INFO - Setting next_dagrun for example_branch_dop_operator_v3 to 2024-05-16T07:39:00+00:00
[2024-05-16 13:10:06,661] {processor.py:171} INFO - Processing /Users/nikhilanand/airflow_venv/lib/python3.9/site-packages/airflow/example_dags/example_branch_python_dop_operator_3.py took 0.044 seconds
[2024-05-16 13:11:15,435] {processor.py:163} INFO - Started process (PID=99544) to work on /Users/nikhilanand/airflow_venv/lib/python3.9/site-packages/airflow/example_dags/example_branch_python_dop_operator_3.py
[2024-05-16 13:11:15,436] {processor.py:642} INFO - Processing file /Users/nikhilanand/airflow_venv/lib/python3.9/site-packages/airflow/example_dags/example_branch_python_dop_operator_3.py for tasks to queue
[2024-05-16 13:11:15,436] {logging_mixin.py:109} INFO - [2024-05-16 13:11:15,436] {dagbag.py:500} INFO - Filling up the DagBag from /Users/nikhilanand/airflow_venv/lib/python3.9/site-packages/airflow/example_dags/example_branch_python_dop_operator_3.py
[2024-05-16 13:11:15,460] {processor.py:654} INFO - DAG(s) dict_keys(['example_branch_dop_operator_v3']) retrieved from /Users/nikhilanand/airflow_venv/lib/python3.9/site-packages/airflow/example_dags/example_branch_python_dop_operator_3.py
[2024-05-16 13:11:15,469] {logging_mixin.py:109} INFO - [2024-05-16 13:11:15,469] {dag.py:2396} INFO - Sync 1 DAGs
[2024-05-16 13:11:15,476] {logging_mixin.py:109} INFO - [2024-05-16 13:11:15,476] {dag.py:2935} INFO - Setting next_dagrun for example_branch_dop_operator_v3 to 2024-05-16T07:40:00+00:00
[2024-05-16 13:11:15,480] {processor.py:171} INFO - Processing /Users/nikhilanand/airflow_venv/lib/python3.9/site-packages/airflow/example_dags/example_branch_python_dop_operator_3.py took 0.045 seconds
[2024-05-16 13:12:25,022] {processor.py:163} INFO - Started process (PID=523) to work on /Users/nikhilanand/airflow_venv/lib/python3.9/site-packages/airflow/example_dags/example_branch_python_dop_operator_3.py
[2024-05-16 13:12:25,023] {processor.py:642} INFO - Processing file /Users/nikhilanand/airflow_venv/lib/python3.9/site-packages/airflow/example_dags/example_branch_python_dop_operator_3.py for tasks to queue
[2024-05-16 13:12:25,023] {logging_mixin.py:109} INFO - [2024-05-16 13:12:25,023] {dagbag.py:500} INFO - Filling up the DagBag from /Users/nikhilanand/airflow_venv/lib/python3.9/site-packages/airflow/example_dags/example_branch_python_dop_operator_3.py
[2024-05-16 13:12:25,046] {processor.py:654} INFO - DAG(s) dict_keys(['example_branch_dop_operator_v3']) retrieved from /Users/nikhilanand/airflow_venv/lib/python3.9/site-packages/airflow/example_dags/example_branch_python_dop_operator_3.py
[2024-05-16 13:12:25,055] {logging_mixin.py:109} INFO - [2024-05-16 13:12:25,055] {dag.py:2396} INFO - Sync 1 DAGs
[2024-05-16 13:12:25,062] {logging_mixin.py:109} INFO - [2024-05-16 13:12:25,062] {dag.py:2935} INFO - Setting next_dagrun for example_branch_dop_operator_v3 to 2024-05-16T07:41:00+00:00
[2024-05-16 13:12:25,066] {processor.py:171} INFO - Processing /Users/nikhilanand/airflow_venv/lib/python3.9/site-packages/airflow/example_dags/example_branch_python_dop_operator_3.py took 0.045 seconds
[2024-05-16 13:13:45,634] {processor.py:163} INFO - Started process (PID=1638) to work on /Users/nikhilanand/airflow_venv/lib/python3.9/site-packages/airflow/example_dags/example_branch_python_dop_operator_3.py
[2024-05-16 13:13:45,635] {processor.py:642} INFO - Processing file /Users/nikhilanand/airflow_venv/lib/python3.9/site-packages/airflow/example_dags/example_branch_python_dop_operator_3.py for tasks to queue
[2024-05-16 13:13:45,635] {logging_mixin.py:109} INFO - [2024-05-16 13:13:45,635] {dagbag.py:500} INFO - Filling up the DagBag from /Users/nikhilanand/airflow_venv/lib/python3.9/site-packages/airflow/example_dags/example_branch_python_dop_operator_3.py
[2024-05-16 13:13:45,658] {processor.py:654} INFO - DAG(s) dict_keys(['example_branch_dop_operator_v3']) retrieved from /Users/nikhilanand/airflow_venv/lib/python3.9/site-packages/airflow/example_dags/example_branch_python_dop_operator_3.py
[2024-05-16 13:13:45,666] {logging_mixin.py:109} INFO - [2024-05-16 13:13:45,666] {dag.py:2396} INFO - Sync 1 DAGs
[2024-05-16 13:13:45,673] {logging_mixin.py:109} INFO - [2024-05-16 13:13:45,673] {dag.py:2935} INFO - Setting next_dagrun for example_branch_dop_operator_v3 to 2024-05-16T07:42:00+00:00
[2024-05-16 13:13:45,677] {processor.py:171} INFO - Processing /Users/nikhilanand/airflow_venv/lib/python3.9/site-packages/airflow/example_dags/example_branch_python_dop_operator_3.py took 0.043 seconds
[2024-05-16 13:14:54,513] {processor.py:163} INFO - Started process (PID=2478) to work on /Users/nikhilanand/airflow_venv/lib/python3.9/site-packages/airflow/example_dags/example_branch_python_dop_operator_3.py
[2024-05-16 13:14:54,514] {processor.py:642} INFO - Processing file /Users/nikhilanand/airflow_venv/lib/python3.9/site-packages/airflow/example_dags/example_branch_python_dop_operator_3.py for tasks to queue
[2024-05-16 13:14:54,514] {logging_mixin.py:109} INFO - [2024-05-16 13:14:54,514] {dagbag.py:500} INFO - Filling up the DagBag from /Users/nikhilanand/airflow_venv/lib/python3.9/site-packages/airflow/example_dags/example_branch_python_dop_operator_3.py
[2024-05-16 13:14:54,538] {processor.py:654} INFO - DAG(s) dict_keys(['example_branch_dop_operator_v3']) retrieved from /Users/nikhilanand/airflow_venv/lib/python3.9/site-packages/airflow/example_dags/example_branch_python_dop_operator_3.py
[2024-05-16 13:14:54,547] {logging_mixin.py:109} INFO - [2024-05-16 13:14:54,547] {dag.py:2396} INFO - Sync 1 DAGs
[2024-05-16 13:14:54,555] {logging_mixin.py:109} INFO - [2024-05-16 13:14:54,554] {dag.py:2935} INFO - Setting next_dagrun for example_branch_dop_operator_v3 to 2024-05-16T07:43:00+00:00
[2024-05-16 13:14:54,558] {processor.py:171} INFO - Processing /Users/nikhilanand/airflow_venv/lib/python3.9/site-packages/airflow/example_dags/example_branch_python_dop_operator_3.py took 0.046 seconds
[2024-05-16 13:16:03,300] {processor.py:163} INFO - Started process (PID=3704) to work on /Users/nikhilanand/airflow_venv/lib/python3.9/site-packages/airflow/example_dags/example_branch_python_dop_operator_3.py
[2024-05-16 13:16:03,301] {processor.py:642} INFO - Processing file /Users/nikhilanand/airflow_venv/lib/python3.9/site-packages/airflow/example_dags/example_branch_python_dop_operator_3.py for tasks to queue
[2024-05-16 13:16:03,301] {logging_mixin.py:109} INFO - [2024-05-16 13:16:03,301] {dagbag.py:500} INFO - Filling up the DagBag from /Users/nikhilanand/airflow_venv/lib/python3.9/site-packages/airflow/example_dags/example_branch_python_dop_operator_3.py
[2024-05-16 13:16:03,324] {processor.py:654} INFO - DAG(s) dict_keys(['example_branch_dop_operator_v3']) retrieved from /Users/nikhilanand/airflow_venv/lib/python3.9/site-packages/airflow/example_dags/example_branch_python_dop_operator_3.py
[2024-05-16 13:16:03,333] {logging_mixin.py:109} INFO - [2024-05-16 13:16:03,332] {dag.py:2396} INFO - Sync 1 DAGs
[2024-05-16 13:16:03,340] {logging_mixin.py:109} INFO - [2024-05-16 13:16:03,339] {dag.py:2935} INFO - Setting next_dagrun for example_branch_dop_operator_v3 to 2024-05-16T07:45:00+00:00
[2024-05-16 13:16:03,343] {processor.py:171} INFO - Processing /Users/nikhilanand/airflow_venv/lib/python3.9/site-packages/airflow/example_dags/example_branch_python_dop_operator_3.py took 0.044 seconds
[2024-05-16 13:17:18,021] {processor.py:163} INFO - Started process (PID=4568) to work on /Users/nikhilanand/airflow_venv/lib/python3.9/site-packages/airflow/example_dags/example_branch_python_dop_operator_3.py
[2024-05-16 13:17:18,022] {processor.py:642} INFO - Processing file /Users/nikhilanand/airflow_venv/lib/python3.9/site-packages/airflow/example_dags/example_branch_python_dop_operator_3.py for tasks to queue
[2024-05-16 13:17:18,022] {logging_mixin.py:109} INFO - [2024-05-16 13:17:18,022] {dagbag.py:500} INFO - Filling up the DagBag from /Users/nikhilanand/airflow_venv/lib/python3.9/site-packages/airflow/example_dags/example_branch_python_dop_operator_3.py
[2024-05-16 13:17:18,045] {processor.py:654} INFO - DAG(s) dict_keys(['example_branch_dop_operator_v3']) retrieved from /Users/nikhilanand/airflow_venv/lib/python3.9/site-packages/airflow/example_dags/example_branch_python_dop_operator_3.py
[2024-05-16 13:17:18,054] {logging_mixin.py:109} INFO - [2024-05-16 13:17:18,053] {dag.py:2396} INFO - Sync 1 DAGs
[2024-05-16 13:17:18,060] {logging_mixin.py:109} INFO - [2024-05-16 13:17:18,060] {dag.py:2935} INFO - Setting next_dagrun for example_branch_dop_operator_v3 to 2024-05-16T07:46:00+00:00
[2024-05-16 13:17:18,064] {processor.py:171} INFO - Processing /Users/nikhilanand/airflow_venv/lib/python3.9/site-packages/airflow/example_dags/example_branch_python_dop_operator_3.py took 0.043 seconds
[2024-05-16 13:18:27,265] {processor.py:163} INFO - Started process (PID=5406) to work on /Users/nikhilanand/airflow_venv/lib/python3.9/site-packages/airflow/example_dags/example_branch_python_dop_operator_3.py
[2024-05-16 13:18:27,266] {processor.py:642} INFO - Processing file /Users/nikhilanand/airflow_venv/lib/python3.9/site-packages/airflow/example_dags/example_branch_python_dop_operator_3.py for tasks to queue
[2024-05-16 13:18:27,267] {logging_mixin.py:109} INFO - [2024-05-16 13:18:27,267] {dagbag.py:500} INFO - Filling up the DagBag from /Users/nikhilanand/airflow_venv/lib/python3.9/site-packages/airflow/example_dags/example_branch_python_dop_operator_3.py
[2024-05-16 13:18:27,290] {processor.py:654} INFO - DAG(s) dict_keys(['example_branch_dop_operator_v3']) retrieved from /Users/nikhilanand/airflow_venv/lib/python3.9/site-packages/airflow/example_dags/example_branch_python_dop_operator_3.py
[2024-05-16 13:18:27,298] {logging_mixin.py:109} INFO - [2024-05-16 13:18:27,298] {dag.py:2396} INFO - Sync 1 DAGs
[2024-05-16 13:18:27,305] {logging_mixin.py:109} INFO - [2024-05-16 13:18:27,305] {dag.py:2935} INFO - Setting next_dagrun for example_branch_dop_operator_v3 to 2024-05-16T07:47:00+00:00
[2024-05-16 13:18:27,308] {processor.py:171} INFO - Processing /Users/nikhilanand/airflow_venv/lib/python3.9/site-packages/airflow/example_dags/example_branch_python_dop_operator_3.py took 0.044 seconds
[2024-05-16 13:19:35,348] {processor.py:163} INFO - Started process (PID=6215) to work on /Users/nikhilanand/airflow_venv/lib/python3.9/site-packages/airflow/example_dags/example_branch_python_dop_operator_3.py
[2024-05-16 13:19:35,348] {processor.py:642} INFO - Processing file /Users/nikhilanand/airflow_venv/lib/python3.9/site-packages/airflow/example_dags/example_branch_python_dop_operator_3.py for tasks to queue
[2024-05-16 13:19:35,348] {logging_mixin.py:109} INFO - [2024-05-16 13:19:35,348] {dagbag.py:500} INFO - Filling up the DagBag from /Users/nikhilanand/airflow_venv/lib/python3.9/site-packages/airflow/example_dags/example_branch_python_dop_operator_3.py
[2024-05-16 13:19:35,371] {processor.py:654} INFO - DAG(s) dict_keys(['example_branch_dop_operator_v3']) retrieved from /Users/nikhilanand/airflow_venv/lib/python3.9/site-packages/airflow/example_dags/example_branch_python_dop_operator_3.py
[2024-05-16 13:19:35,380] {logging_mixin.py:109} INFO - [2024-05-16 13:19:35,380] {dag.py:2396} INFO - Sync 1 DAGs
[2024-05-16 13:19:35,387] {logging_mixin.py:109} INFO - [2024-05-16 13:19:35,387] {dag.py:2935} INFO - Setting next_dagrun for example_branch_dop_operator_v3 to 2024-05-16T07:48:00+00:00
[2024-05-16 13:19:35,391] {processor.py:171} INFO - Processing /Users/nikhilanand/airflow_venv/lib/python3.9/site-packages/airflow/example_dags/example_branch_python_dop_operator_3.py took 0.043 seconds
[2024-05-16 13:20:42,774] {processor.py:163} INFO - Started process (PID=7013) to work on /Users/nikhilanand/airflow_venv/lib/python3.9/site-packages/airflow/example_dags/example_branch_python_dop_operator_3.py
[2024-05-16 13:20:42,774] {processor.py:642} INFO - Processing file /Users/nikhilanand/airflow_venv/lib/python3.9/site-packages/airflow/example_dags/example_branch_python_dop_operator_3.py for tasks to queue
[2024-05-16 13:20:42,774] {logging_mixin.py:109} INFO - [2024-05-16 13:20:42,774] {dagbag.py:500} INFO - Filling up the DagBag from /Users/nikhilanand/airflow_venv/lib/python3.9/site-packages/airflow/example_dags/example_branch_python_dop_operator_3.py
[2024-05-16 13:20:42,797] {processor.py:654} INFO - DAG(s) dict_keys(['example_branch_dop_operator_v3']) retrieved from /Users/nikhilanand/airflow_venv/lib/python3.9/site-packages/airflow/example_dags/example_branch_python_dop_operator_3.py
[2024-05-16 13:20:42,805] {logging_mixin.py:109} INFO - [2024-05-16 13:20:42,805] {dag.py:2396} INFO - Sync 1 DAGs
[2024-05-16 13:20:42,812] {logging_mixin.py:109} INFO - [2024-05-16 13:20:42,812] {dag.py:2935} INFO - Setting next_dagrun for example_branch_dop_operator_v3 to 2024-05-16T07:49:00+00:00
[2024-05-16 13:20:42,816] {processor.py:171} INFO - Processing /Users/nikhilanand/airflow_venv/lib/python3.9/site-packages/airflow/example_dags/example_branch_python_dop_operator_3.py took 0.042 seconds
[2024-05-16 13:21:52,781] {processor.py:163} INFO - Started process (PID=7832) to work on /Users/nikhilanand/airflow_venv/lib/python3.9/site-packages/airflow/example_dags/example_branch_python_dop_operator_3.py
[2024-05-16 13:21:52,782] {processor.py:642} INFO - Processing file /Users/nikhilanand/airflow_venv/lib/python3.9/site-packages/airflow/example_dags/example_branch_python_dop_operator_3.py for tasks to queue
[2024-05-16 13:21:52,783] {logging_mixin.py:109} INFO - [2024-05-16 13:21:52,783] {dagbag.py:500} INFO - Filling up the DagBag from /Users/nikhilanand/airflow_venv/lib/python3.9/site-packages/airflow/example_dags/example_branch_python_dop_operator_3.py
[2024-05-16 13:21:52,806] {processor.py:654} INFO - DAG(s) dict_keys(['example_branch_dop_operator_v3']) retrieved from /Users/nikhilanand/airflow_venv/lib/python3.9/site-packages/airflow/example_dags/example_branch_python_dop_operator_3.py
[2024-05-16 13:21:52,814] {logging_mixin.py:109} INFO - [2024-05-16 13:21:52,814] {dag.py:2396} INFO - Sync 1 DAGs
[2024-05-16 13:21:52,821] {logging_mixin.py:109} INFO - [2024-05-16 13:21:52,821] {dag.py:2935} INFO - Setting next_dagrun for example_branch_dop_operator_v3 to 2024-05-16T07:50:00+00:00
[2024-05-16 13:21:52,825] {processor.py:171} INFO - Processing /Users/nikhilanand/airflow_venv/lib/python3.9/site-packages/airflow/example_dags/example_branch_python_dop_operator_3.py took 0.044 seconds
[2024-05-16 13:22:59,634] {processor.py:163} INFO - Started process (PID=8619) to work on /Users/nikhilanand/airflow_venv/lib/python3.9/site-packages/airflow/example_dags/example_branch_python_dop_operator_3.py
[2024-05-16 13:22:59,634] {processor.py:642} INFO - Processing file /Users/nikhilanand/airflow_venv/lib/python3.9/site-packages/airflow/example_dags/example_branch_python_dop_operator_3.py for tasks to queue
[2024-05-16 13:22:59,634] {logging_mixin.py:109} INFO - [2024-05-16 13:22:59,634] {dagbag.py:500} INFO - Filling up the DagBag from /Users/nikhilanand/airflow_venv/lib/python3.9/site-packages/airflow/example_dags/example_branch_python_dop_operator_3.py
[2024-05-16 13:22:59,657] {processor.py:654} INFO - DAG(s) dict_keys(['example_branch_dop_operator_v3']) retrieved from /Users/nikhilanand/airflow_venv/lib/python3.9/site-packages/airflow/example_dags/example_branch_python_dop_operator_3.py
[2024-05-16 13:22:59,667] {logging_mixin.py:109} INFO - [2024-05-16 13:22:59,667] {dag.py:2396} INFO - Sync 1 DAGs
[2024-05-16 13:22:59,675] {logging_mixin.py:109} INFO - [2024-05-16 13:22:59,675] {dag.py:2935} INFO - Setting next_dagrun for example_branch_dop_operator_v3 to 2024-05-16T07:51:00+00:00
[2024-05-16 13:22:59,679] {processor.py:171} INFO - Processing /Users/nikhilanand/airflow_venv/lib/python3.9/site-packages/airflow/example_dags/example_branch_python_dop_operator_3.py took 0.045 seconds
[2024-05-16 13:24:07,552] {processor.py:163} INFO - Started process (PID=9426) to work on /Users/nikhilanand/airflow_venv/lib/python3.9/site-packages/airflow/example_dags/example_branch_python_dop_operator_3.py
[2024-05-16 13:24:07,553] {processor.py:642} INFO - Processing file /Users/nikhilanand/airflow_venv/lib/python3.9/site-packages/airflow/example_dags/example_branch_python_dop_operator_3.py for tasks to queue
[2024-05-16 13:24:07,553] {logging_mixin.py:109} INFO - [2024-05-16 13:24:07,553] {dagbag.py:500} INFO - Filling up the DagBag from /Users/nikhilanand/airflow_venv/lib/python3.9/site-packages/airflow/example_dags/example_branch_python_dop_operator_3.py
[2024-05-16 13:24:07,575] {processor.py:654} INFO - DAG(s) dict_keys(['example_branch_dop_operator_v3']) retrieved from /Users/nikhilanand/airflow_venv/lib/python3.9/site-packages/airflow/example_dags/example_branch_python_dop_operator_3.py
[2024-05-16 13:24:07,583] {logging_mixin.py:109} INFO - [2024-05-16 13:24:07,583] {dag.py:2396} INFO - Sync 1 DAGs
[2024-05-16 13:24:07,590] {logging_mixin.py:109} INFO - [2024-05-16 13:24:07,590] {dag.py:2935} INFO - Setting next_dagrun for example_branch_dop_operator_v3 to 2024-05-16T07:53:00+00:00
[2024-05-16 13:24:07,594] {processor.py:171} INFO - Processing /Users/nikhilanand/airflow_venv/lib/python3.9/site-packages/airflow/example_dags/example_branch_python_dop_operator_3.py took 0.042 seconds
[2024-05-16 13:25:16,999] {processor.py:163} INFO - Started process (PID=10616) to work on /Users/nikhilanand/airflow_venv/lib/python3.9/site-packages/airflow/example_dags/example_branch_python_dop_operator_3.py
[2024-05-16 13:25:17,000] {processor.py:642} INFO - Processing file /Users/nikhilanand/airflow_venv/lib/python3.9/site-packages/airflow/example_dags/example_branch_python_dop_operator_3.py for tasks to queue
[2024-05-16 13:25:17,000] {logging_mixin.py:109} INFO - [2024-05-16 13:25:17,000] {dagbag.py:500} INFO - Filling up the DagBag from /Users/nikhilanand/airflow_venv/lib/python3.9/site-packages/airflow/example_dags/example_branch_python_dop_operator_3.py
[2024-05-16 13:25:17,023] {processor.py:654} INFO - DAG(s) dict_keys(['example_branch_dop_operator_v3']) retrieved from /Users/nikhilanand/airflow_venv/lib/python3.9/site-packages/airflow/example_dags/example_branch_python_dop_operator_3.py
[2024-05-16 13:25:17,032] {logging_mixin.py:109} INFO - [2024-05-16 13:25:17,032] {dag.py:2396} INFO - Sync 1 DAGs
[2024-05-16 13:25:17,039] {logging_mixin.py:109} INFO - [2024-05-16 13:25:17,039] {dag.py:2935} INFO - Setting next_dagrun for example_branch_dop_operator_v3 to 2024-05-16T07:54:00+00:00
[2024-05-16 13:25:17,042] {processor.py:171} INFO - Processing /Users/nikhilanand/airflow_venv/lib/python3.9/site-packages/airflow/example_dags/example_branch_python_dop_operator_3.py took 0.044 seconds
[2024-05-16 13:26:23,606] {processor.py:163} INFO - Started process (PID=11390) to work on /Users/nikhilanand/airflow_venv/lib/python3.9/site-packages/airflow/example_dags/example_branch_python_dop_operator_3.py
[2024-05-16 13:26:23,606] {processor.py:642} INFO - Processing file /Users/nikhilanand/airflow_venv/lib/python3.9/site-packages/airflow/example_dags/example_branch_python_dop_operator_3.py for tasks to queue
[2024-05-16 13:26:23,606] {logging_mixin.py:109} INFO - [2024-05-16 13:26:23,606] {dagbag.py:500} INFO - Filling up the DagBag from /Users/nikhilanand/airflow_venv/lib/python3.9/site-packages/airflow/example_dags/example_branch_python_dop_operator_3.py
[2024-05-16 13:26:23,629] {processor.py:654} INFO - DAG(s) dict_keys(['example_branch_dop_operator_v3']) retrieved from /Users/nikhilanand/airflow_venv/lib/python3.9/site-packages/airflow/example_dags/example_branch_python_dop_operator_3.py
[2024-05-16 13:26:23,638] {logging_mixin.py:109} INFO - [2024-05-16 13:26:23,638] {dag.py:2396} INFO - Sync 1 DAGs
[2024-05-16 13:26:23,645] {logging_mixin.py:109} INFO - [2024-05-16 13:26:23,645] {dag.py:2935} INFO - Setting next_dagrun for example_branch_dop_operator_v3 to 2024-05-16T07:55:00+00:00
[2024-05-16 13:26:23,649] {processor.py:171} INFO - Processing /Users/nikhilanand/airflow_venv/lib/python3.9/site-packages/airflow/example_dags/example_branch_python_dop_operator_3.py took 0.044 seconds
[2024-05-16 13:27:32,882] {processor.py:163} INFO - Started process (PID=12221) to work on /Users/nikhilanand/airflow_venv/lib/python3.9/site-packages/airflow/example_dags/example_branch_python_dop_operator_3.py
[2024-05-16 13:27:32,883] {processor.py:642} INFO - Processing file /Users/nikhilanand/airflow_venv/lib/python3.9/site-packages/airflow/example_dags/example_branch_python_dop_operator_3.py for tasks to queue
[2024-05-16 13:27:32,883] {logging_mixin.py:109} INFO - [2024-05-16 13:27:32,883] {dagbag.py:500} INFO - Filling up the DagBag from /Users/nikhilanand/airflow_venv/lib/python3.9/site-packages/airflow/example_dags/example_branch_python_dop_operator_3.py
[2024-05-16 13:27:32,907] {processor.py:654} INFO - DAG(s) dict_keys(['example_branch_dop_operator_v3']) retrieved from /Users/nikhilanand/airflow_venv/lib/python3.9/site-packages/airflow/example_dags/example_branch_python_dop_operator_3.py
[2024-05-16 13:27:32,915] {logging_mixin.py:109} INFO - [2024-05-16 13:27:32,915] {dag.py:2396} INFO - Sync 1 DAGs
[2024-05-16 13:27:32,922] {logging_mixin.py:109} INFO - [2024-05-16 13:27:32,922] {dag.py:2935} INFO - Setting next_dagrun for example_branch_dop_operator_v3 to 2024-05-16T07:56:00+00:00
[2024-05-16 13:27:32,926] {processor.py:171} INFO - Processing /Users/nikhilanand/airflow_venv/lib/python3.9/site-packages/airflow/example_dags/example_branch_python_dop_operator_3.py took 0.045 seconds
[2024-05-16 13:29:04,646] {processor.py:163} INFO - Started process (PID=13312) to work on /Users/nikhilanand/airflow_venv/lib/python3.9/site-packages/airflow/example_dags/example_branch_python_dop_operator_3.py
[2024-05-16 13:29:04,648] {processor.py:642} INFO - Processing file /Users/nikhilanand/airflow_venv/lib/python3.9/site-packages/airflow/example_dags/example_branch_python_dop_operator_3.py for tasks to queue
[2024-05-16 13:29:04,648] {logging_mixin.py:109} INFO - [2024-05-16 13:29:04,648] {dagbag.py:500} INFO - Filling up the DagBag from /Users/nikhilanand/airflow_venv/lib/python3.9/site-packages/airflow/example_dags/example_branch_python_dop_operator_3.py
[2024-05-16 13:29:04,671] {processor.py:654} INFO - DAG(s) dict_keys(['example_branch_dop_operator_v3']) retrieved from /Users/nikhilanand/airflow_venv/lib/python3.9/site-packages/airflow/example_dags/example_branch_python_dop_operator_3.py
[2024-05-16 13:29:04,680] {logging_mixin.py:109} INFO - [2024-05-16 13:29:04,680] {dag.py:2396} INFO - Sync 1 DAGs
[2024-05-16 13:29:04,687] {logging_mixin.py:109} INFO - [2024-05-16 13:29:04,687] {dag.py:2935} INFO - Setting next_dagrun for example_branch_dop_operator_v3 to 2024-05-16T07:58:00+00:00
[2024-05-16 13:29:04,691] {processor.py:171} INFO - Processing /Users/nikhilanand/airflow_venv/lib/python3.9/site-packages/airflow/example_dags/example_branch_python_dop_operator_3.py took 0.045 seconds
[2024-05-16 13:30:13,072] {processor.py:163} INFO - Started process (PID=14128) to work on /Users/nikhilanand/airflow_venv/lib/python3.9/site-packages/airflow/example_dags/example_branch_python_dop_operator_3.py
[2024-05-16 13:30:13,073] {processor.py:642} INFO - Processing file /Users/nikhilanand/airflow_venv/lib/python3.9/site-packages/airflow/example_dags/example_branch_python_dop_operator_3.py for tasks to queue
[2024-05-16 13:30:13,073] {logging_mixin.py:109} INFO - [2024-05-16 13:30:13,073] {dagbag.py:500} INFO - Filling up the DagBag from /Users/nikhilanand/airflow_venv/lib/python3.9/site-packages/airflow/example_dags/example_branch_python_dop_operator_3.py
[2024-05-16 13:30:13,095] {processor.py:654} INFO - DAG(s) dict_keys(['example_branch_dop_operator_v3']) retrieved from /Users/nikhilanand/airflow_venv/lib/python3.9/site-packages/airflow/example_dags/example_branch_python_dop_operator_3.py
[2024-05-16 13:30:13,104] {logging_mixin.py:109} INFO - [2024-05-16 13:30:13,104] {dag.py:2396} INFO - Sync 1 DAGs
[2024-05-16 13:30:13,111] {logging_mixin.py:109} INFO - [2024-05-16 13:30:13,111] {dag.py:2935} INFO - Setting next_dagrun for example_branch_dop_operator_v3 to 2024-05-16T07:59:00+00:00
[2024-05-16 13:30:13,115] {processor.py:171} INFO - Processing /Users/nikhilanand/airflow_venv/lib/python3.9/site-packages/airflow/example_dags/example_branch_python_dop_operator_3.py took 0.043 seconds
[2024-05-16 13:31:24,586] {processor.py:163} INFO - Started process (PID=14995) to work on /Users/nikhilanand/airflow_venv/lib/python3.9/site-packages/airflow/example_dags/example_branch_python_dop_operator_3.py
[2024-05-16 13:31:24,588] {processor.py:642} INFO - Processing file /Users/nikhilanand/airflow_venv/lib/python3.9/site-packages/airflow/example_dags/example_branch_python_dop_operator_3.py for tasks to queue
[2024-05-16 13:31:24,588] {logging_mixin.py:109} INFO - [2024-05-16 13:31:24,588] {dagbag.py:500} INFO - Filling up the DagBag from /Users/nikhilanand/airflow_venv/lib/python3.9/site-packages/airflow/example_dags/example_branch_python_dop_operator_3.py
[2024-05-16 13:31:24,611] {processor.py:654} INFO - DAG(s) dict_keys(['example_branch_dop_operator_v3']) retrieved from /Users/nikhilanand/airflow_venv/lib/python3.9/site-packages/airflow/example_dags/example_branch_python_dop_operator_3.py
[2024-05-16 13:31:24,619] {logging_mixin.py:109} INFO - [2024-05-16 13:31:24,619] {dag.py:2396} INFO - Sync 1 DAGs
[2024-05-16 13:31:24,626] {logging_mixin.py:109} INFO - [2024-05-16 13:31:24,626] {dag.py:2935} INFO - Setting next_dagrun for example_branch_dop_operator_v3 to 2024-05-16T08:00:00+00:00
[2024-05-16 13:31:24,629] {processor.py:171} INFO - Processing /Users/nikhilanand/airflow_venv/lib/python3.9/site-packages/airflow/example_dags/example_branch_python_dop_operator_3.py took 0.043 seconds
[2024-05-16 13:32:33,380] {processor.py:163} INFO - Started process (PID=15819) to work on /Users/nikhilanand/airflow_venv/lib/python3.9/site-packages/airflow/example_dags/example_branch_python_dop_operator_3.py
[2024-05-16 13:32:33,380] {processor.py:642} INFO - Processing file /Users/nikhilanand/airflow_venv/lib/python3.9/site-packages/airflow/example_dags/example_branch_python_dop_operator_3.py for tasks to queue
[2024-05-16 13:32:33,380] {logging_mixin.py:109} INFO - [2024-05-16 13:32:33,380] {dagbag.py:500} INFO - Filling up the DagBag from /Users/nikhilanand/airflow_venv/lib/python3.9/site-packages/airflow/example_dags/example_branch_python_dop_operator_3.py
[2024-05-16 13:32:33,403] {processor.py:654} INFO - DAG(s) dict_keys(['example_branch_dop_operator_v3']) retrieved from /Users/nikhilanand/airflow_venv/lib/python3.9/site-packages/airflow/example_dags/example_branch_python_dop_operator_3.py
[2024-05-16 13:32:33,412] {logging_mixin.py:109} INFO - [2024-05-16 13:32:33,412] {dag.py:2396} INFO - Sync 1 DAGs
[2024-05-16 13:32:33,419] {logging_mixin.py:109} INFO - [2024-05-16 13:32:33,419] {dag.py:2935} INFO - Setting next_dagrun for example_branch_dop_operator_v3 to 2024-05-16T08:01:00+00:00
[2024-05-16 13:32:33,423] {processor.py:171} INFO - Processing /Users/nikhilanand/airflow_venv/lib/python3.9/site-packages/airflow/example_dags/example_branch_python_dop_operator_3.py took 0.044 seconds
[2024-05-16 13:33:41,936] {processor.py:163} INFO - Started process (PID=17133) to work on /Users/nikhilanand/airflow_venv/lib/python3.9/site-packages/airflow/example_dags/example_branch_python_dop_operator_3.py
[2024-05-16 13:33:41,936] {processor.py:642} INFO - Processing file /Users/nikhilanand/airflow_venv/lib/python3.9/site-packages/airflow/example_dags/example_branch_python_dop_operator_3.py for tasks to queue
[2024-05-16 13:33:41,936] {logging_mixin.py:109} INFO - [2024-05-16 13:33:41,936] {dagbag.py:500} INFO - Filling up the DagBag from /Users/nikhilanand/airflow_venv/lib/python3.9/site-packages/airflow/example_dags/example_branch_python_dop_operator_3.py
[2024-05-16 13:33:41,959] {processor.py:654} INFO - DAG(s) dict_keys(['example_branch_dop_operator_v3']) retrieved from /Users/nikhilanand/airflow_venv/lib/python3.9/site-packages/airflow/example_dags/example_branch_python_dop_operator_3.py
[2024-05-16 13:33:41,968] {logging_mixin.py:109} INFO - [2024-05-16 13:33:41,968] {dag.py:2396} INFO - Sync 1 DAGs
[2024-05-16 13:33:41,976] {logging_mixin.py:109} INFO - [2024-05-16 13:33:41,976] {dag.py:2935} INFO - Setting next_dagrun for example_branch_dop_operator_v3 to 2024-05-16T08:02:00+00:00
[2024-05-16 13:33:41,981] {processor.py:171} INFO - Processing /Users/nikhilanand/airflow_venv/lib/python3.9/site-packages/airflow/example_dags/example_branch_python_dop_operator_3.py took 0.045 seconds
[2024-05-16 13:34:51,131] {processor.py:163} INFO - Started process (PID=18352) to work on /Users/nikhilanand/airflow_venv/lib/python3.9/site-packages/airflow/example_dags/example_branch_python_dop_operator_3.py
[2024-05-16 13:34:51,132] {processor.py:642} INFO - Processing file /Users/nikhilanand/airflow_venv/lib/python3.9/site-packages/airflow/example_dags/example_branch_python_dop_operator_3.py for tasks to queue
[2024-05-16 13:34:51,132] {logging_mixin.py:109} INFO - [2024-05-16 13:34:51,132] {dagbag.py:500} INFO - Filling up the DagBag from /Users/nikhilanand/airflow_venv/lib/python3.9/site-packages/airflow/example_dags/example_branch_python_dop_operator_3.py
[2024-05-16 13:34:51,155] {processor.py:654} INFO - DAG(s) dict_keys(['example_branch_dop_operator_v3']) retrieved from /Users/nikhilanand/airflow_venv/lib/python3.9/site-packages/airflow/example_dags/example_branch_python_dop_operator_3.py
[2024-05-16 13:34:51,164] {logging_mixin.py:109} INFO - [2024-05-16 13:34:51,164] {dag.py:2396} INFO - Sync 1 DAGs
[2024-05-16 13:34:51,171] {logging_mixin.py:109} INFO - [2024-05-16 13:34:51,171] {dag.py:2935} INFO - Setting next_dagrun for example_branch_dop_operator_v3 to 2024-05-16T08:03:00+00:00
[2024-05-16 13:34:51,176] {processor.py:171} INFO - Processing /Users/nikhilanand/airflow_venv/lib/python3.9/site-packages/airflow/example_dags/example_branch_python_dop_operator_3.py took 0.045 seconds
