[2024-05-16 12:53:58,860] {processor.py:163} INFO - Started process (PID=87188) to work on /Users/nikhilanand/airflow_venv/lib/python3.9/site-packages/airflow/example_dags/example_xcom.py
[2024-05-16 12:53:58,860] {processor.py:642} INFO - Processing file /Users/nikhilanand/airflow_venv/lib/python3.9/site-packages/airflow/example_dags/example_xcom.py for tasks to queue
[2024-05-16 12:53:58,860] {logging_mixin.py:109} INFO - [2024-05-16 12:53:58,860] {dagbag.py:500} INFO - Filling up the DagBag from /Users/nikhilanand/airflow_venv/lib/python3.9/site-packages/airflow/example_dags/example_xcom.py
[2024-05-16 12:53:58,885] {processor.py:654} INFO - DAG(s) dict_keys(['example_xcom']) retrieved from /Users/nikhilanand/airflow_venv/lib/python3.9/site-packages/airflow/example_dags/example_xcom.py
[2024-05-16 12:53:59,003] {logging_mixin.py:109} INFO - [2024-05-16 12:53:59,003] {dag.py:2396} INFO - Sync 1 DAGs
[2024-05-16 12:53:59,007] {logging_mixin.py:109} INFO - [2024-05-16 12:53:59,007] {dag.py:2935} INFO - Setting next_dagrun for example_xcom to 2021-01-01T00:00:00+00:00
[2024-05-16 12:53:59,012] {processor.py:171} INFO - Processing /Users/nikhilanand/airflow_venv/lib/python3.9/site-packages/airflow/example_dags/example_xcom.py took 0.152 seconds
[2024-05-16 12:55:05,095] {processor.py:163} INFO - Started process (PID=88010) to work on /Users/nikhilanand/airflow_venv/lib/python3.9/site-packages/airflow/example_dags/example_xcom.py
[2024-05-16 12:55:05,095] {processor.py:642} INFO - Processing file /Users/nikhilanand/airflow_venv/lib/python3.9/site-packages/airflow/example_dags/example_xcom.py for tasks to queue
[2024-05-16 12:55:05,095] {logging_mixin.py:109} INFO - [2024-05-16 12:55:05,095] {dagbag.py:500} INFO - Filling up the DagBag from /Users/nikhilanand/airflow_venv/lib/python3.9/site-packages/airflow/example_dags/example_xcom.py
[2024-05-16 12:55:05,120] {processor.py:654} INFO - DAG(s) dict_keys(['example_xcom']) retrieved from /Users/nikhilanand/airflow_venv/lib/python3.9/site-packages/airflow/example_dags/example_xcom.py
[2024-05-16 12:55:05,236] {logging_mixin.py:109} INFO - [2024-05-16 12:55:05,236] {dag.py:2396} INFO - Sync 1 DAGs
[2024-05-16 12:55:05,240] {logging_mixin.py:109} INFO - [2024-05-16 12:55:05,240] {dag.py:2935} INFO - Setting next_dagrun for example_xcom to 2021-01-01T00:00:00+00:00
[2024-05-16 12:55:05,245] {processor.py:171} INFO - Processing /Users/nikhilanand/airflow_venv/lib/python3.9/site-packages/airflow/example_dags/example_xcom.py took 0.151 seconds
[2024-05-16 12:56:11,629] {processor.py:163} INFO - Started process (PID=88804) to work on /Users/nikhilanand/airflow_venv/lib/python3.9/site-packages/airflow/example_dags/example_xcom.py
[2024-05-16 12:56:11,630] {processor.py:642} INFO - Processing file /Users/nikhilanand/airflow_venv/lib/python3.9/site-packages/airflow/example_dags/example_xcom.py for tasks to queue
[2024-05-16 12:56:11,630] {logging_mixin.py:109} INFO - [2024-05-16 12:56:11,630] {dagbag.py:500} INFO - Filling up the DagBag from /Users/nikhilanand/airflow_venv/lib/python3.9/site-packages/airflow/example_dags/example_xcom.py
[2024-05-16 12:56:11,656] {processor.py:654} INFO - DAG(s) dict_keys(['example_xcom']) retrieved from /Users/nikhilanand/airflow_venv/lib/python3.9/site-packages/airflow/example_dags/example_xcom.py
[2024-05-16 12:56:11,774] {logging_mixin.py:109} INFO - [2024-05-16 12:56:11,774] {dag.py:2396} INFO - Sync 1 DAGs
[2024-05-16 12:56:11,779] {logging_mixin.py:109} INFO - [2024-05-16 12:56:11,779] {dag.py:2935} INFO - Setting next_dagrun for example_xcom to 2021-01-01T00:00:00+00:00
[2024-05-16 12:56:11,784] {processor.py:171} INFO - Processing /Users/nikhilanand/airflow_venv/lib/python3.9/site-packages/airflow/example_dags/example_xcom.py took 0.155 seconds
[2024-05-16 12:57:18,628] {processor.py:163} INFO - Started process (PID=89603) to work on /Users/nikhilanand/airflow_venv/lib/python3.9/site-packages/airflow/example_dags/example_xcom.py
[2024-05-16 12:57:18,628] {processor.py:642} INFO - Processing file /Users/nikhilanand/airflow_venv/lib/python3.9/site-packages/airflow/example_dags/example_xcom.py for tasks to queue
[2024-05-16 12:57:18,628] {logging_mixin.py:109} INFO - [2024-05-16 12:57:18,628] {dagbag.py:500} INFO - Filling up the DagBag from /Users/nikhilanand/airflow_venv/lib/python3.9/site-packages/airflow/example_dags/example_xcom.py
[2024-05-16 12:57:18,653] {processor.py:654} INFO - DAG(s) dict_keys(['example_xcom']) retrieved from /Users/nikhilanand/airflow_venv/lib/python3.9/site-packages/airflow/example_dags/example_xcom.py
[2024-05-16 12:57:18,770] {logging_mixin.py:109} INFO - [2024-05-16 12:57:18,770] {dag.py:2396} INFO - Sync 1 DAGs
[2024-05-16 12:57:18,776] {logging_mixin.py:109} INFO - [2024-05-16 12:57:18,775] {dag.py:2935} INFO - Setting next_dagrun for example_xcom to 2021-01-01T00:00:00+00:00
[2024-05-16 12:57:18,780] {processor.py:171} INFO - Processing /Users/nikhilanand/airflow_venv/lib/python3.9/site-packages/airflow/example_dags/example_xcom.py took 0.153 seconds
[2024-05-16 12:58:29,946] {processor.py:163} INFO - Started process (PID=90378) to work on /Users/nikhilanand/airflow_venv/lib/python3.9/site-packages/airflow/example_dags/example_xcom.py
[2024-05-16 12:58:29,946] {processor.py:642} INFO - Processing file /Users/nikhilanand/airflow_venv/lib/python3.9/site-packages/airflow/example_dags/example_xcom.py for tasks to queue
[2024-05-16 12:58:29,946] {logging_mixin.py:109} INFO - [2024-05-16 12:58:29,946] {dagbag.py:500} INFO - Filling up the DagBag from /Users/nikhilanand/airflow_venv/lib/python3.9/site-packages/airflow/example_dags/example_xcom.py
[2024-05-16 12:58:29,974] {processor.py:654} INFO - DAG(s) dict_keys(['example_xcom']) retrieved from /Users/nikhilanand/airflow_venv/lib/python3.9/site-packages/airflow/example_dags/example_xcom.py
[2024-05-16 12:58:30,091] {logging_mixin.py:109} INFO - [2024-05-16 12:58:30,091] {dag.py:2396} INFO - Sync 1 DAGs
[2024-05-16 12:58:30,096] {logging_mixin.py:109} INFO - [2024-05-16 12:58:30,096] {dag.py:2935} INFO - Setting next_dagrun for example_xcom to 2021-01-01T00:00:00+00:00
[2024-05-16 12:58:30,100] {processor.py:171} INFO - Processing /Users/nikhilanand/airflow_venv/lib/python3.9/site-packages/airflow/example_dags/example_xcom.py took 0.154 seconds
[2024-05-16 12:59:43,547] {processor.py:163} INFO - Started process (PID=91250) to work on /Users/nikhilanand/airflow_venv/lib/python3.9/site-packages/airflow/example_dags/example_xcom.py
[2024-05-16 12:59:43,548] {processor.py:642} INFO - Processing file /Users/nikhilanand/airflow_venv/lib/python3.9/site-packages/airflow/example_dags/example_xcom.py for tasks to queue
[2024-05-16 12:59:43,548] {logging_mixin.py:109} INFO - [2024-05-16 12:59:43,548] {dagbag.py:500} INFO - Filling up the DagBag from /Users/nikhilanand/airflow_venv/lib/python3.9/site-packages/airflow/example_dags/example_xcom.py
[2024-05-16 12:59:43,573] {processor.py:654} INFO - DAG(s) dict_keys(['example_xcom']) retrieved from /Users/nikhilanand/airflow_venv/lib/python3.9/site-packages/airflow/example_dags/example_xcom.py
[2024-05-16 12:59:43,692] {logging_mixin.py:109} INFO - [2024-05-16 12:59:43,692] {dag.py:2396} INFO - Sync 1 DAGs
[2024-05-16 12:59:43,697] {logging_mixin.py:109} INFO - [2024-05-16 12:59:43,697] {dag.py:2935} INFO - Setting next_dagrun for example_xcom to 2021-01-01T00:00:00+00:00
[2024-05-16 12:59:43,702] {processor.py:171} INFO - Processing /Users/nikhilanand/airflow_venv/lib/python3.9/site-packages/airflow/example_dags/example_xcom.py took 0.155 seconds
[2024-05-16 13:00:55,173] {processor.py:163} INFO - Started process (PID=92081) to work on /Users/nikhilanand/airflow_venv/lib/python3.9/site-packages/airflow/example_dags/example_xcom.py
[2024-05-16 13:00:55,173] {processor.py:642} INFO - Processing file /Users/nikhilanand/airflow_venv/lib/python3.9/site-packages/airflow/example_dags/example_xcom.py for tasks to queue
[2024-05-16 13:00:55,173] {logging_mixin.py:109} INFO - [2024-05-16 13:00:55,173] {dagbag.py:500} INFO - Filling up the DagBag from /Users/nikhilanand/airflow_venv/lib/python3.9/site-packages/airflow/example_dags/example_xcom.py
[2024-05-16 13:00:55,199] {processor.py:654} INFO - DAG(s) dict_keys(['example_xcom']) retrieved from /Users/nikhilanand/airflow_venv/lib/python3.9/site-packages/airflow/example_dags/example_xcom.py
[2024-05-16 13:00:55,351] {logging_mixin.py:109} INFO - [2024-05-16 13:00:55,351] {dag.py:2396} INFO - Sync 1 DAGs
[2024-05-16 13:00:55,358] {logging_mixin.py:109} INFO - [2024-05-16 13:00:55,358] {dag.py:2935} INFO - Setting next_dagrun for example_xcom to 2021-01-01T00:00:00+00:00
[2024-05-16 13:00:55,368] {processor.py:171} INFO - Processing /Users/nikhilanand/airflow_venv/lib/python3.9/site-packages/airflow/example_dags/example_xcom.py took 0.195 seconds
[2024-05-16 13:02:04,913] {processor.py:163} INFO - Started process (PID=92889) to work on /Users/nikhilanand/airflow_venv/lib/python3.9/site-packages/airflow/example_dags/example_xcom.py
[2024-05-16 13:02:04,915] {processor.py:642} INFO - Processing file /Users/nikhilanand/airflow_venv/lib/python3.9/site-packages/airflow/example_dags/example_xcom.py for tasks to queue
[2024-05-16 13:02:04,915] {logging_mixin.py:109} INFO - [2024-05-16 13:02:04,915] {dagbag.py:500} INFO - Filling up the DagBag from /Users/nikhilanand/airflow_venv/lib/python3.9/site-packages/airflow/example_dags/example_xcom.py
[2024-05-16 13:02:04,939] {processor.py:654} INFO - DAG(s) dict_keys(['example_xcom']) retrieved from /Users/nikhilanand/airflow_venv/lib/python3.9/site-packages/airflow/example_dags/example_xcom.py
[2024-05-16 13:02:05,053] {logging_mixin.py:109} INFO - [2024-05-16 13:02:05,053] {dag.py:2396} INFO - Sync 1 DAGs
[2024-05-16 13:02:05,057] {logging_mixin.py:109} INFO - [2024-05-16 13:02:05,057] {dag.py:2935} INFO - Setting next_dagrun for example_xcom to 2021-01-01T00:00:00+00:00
[2024-05-16 13:02:05,062] {processor.py:171} INFO - Processing /Users/nikhilanand/airflow_venv/lib/python3.9/site-packages/airflow/example_dags/example_xcom.py took 0.148 seconds
[2024-05-16 13:03:14,825] {processor.py:163} INFO - Started process (PID=93705) to work on /Users/nikhilanand/airflow_venv/lib/python3.9/site-packages/airflow/example_dags/example_xcom.py
[2024-05-16 13:03:14,826] {processor.py:642} INFO - Processing file /Users/nikhilanand/airflow_venv/lib/python3.9/site-packages/airflow/example_dags/example_xcom.py for tasks to queue
[2024-05-16 13:03:14,826] {logging_mixin.py:109} INFO - [2024-05-16 13:03:14,826] {dagbag.py:500} INFO - Filling up the DagBag from /Users/nikhilanand/airflow_venv/lib/python3.9/site-packages/airflow/example_dags/example_xcom.py
[2024-05-16 13:03:14,851] {processor.py:654} INFO - DAG(s) dict_keys(['example_xcom']) retrieved from /Users/nikhilanand/airflow_venv/lib/python3.9/site-packages/airflow/example_dags/example_xcom.py
[2024-05-16 13:03:14,974] {logging_mixin.py:109} INFO - [2024-05-16 13:03:14,974] {dag.py:2396} INFO - Sync 1 DAGs
[2024-05-16 13:03:14,979] {logging_mixin.py:109} INFO - [2024-05-16 13:03:14,979] {dag.py:2935} INFO - Setting next_dagrun for example_xcom to 2021-01-01T00:00:00+00:00
[2024-05-16 13:03:14,983] {processor.py:171} INFO - Processing /Users/nikhilanand/airflow_venv/lib/python3.9/site-packages/airflow/example_dags/example_xcom.py took 0.159 seconds
[2024-05-16 13:04:27,467] {processor.py:163} INFO - Started process (PID=94879) to work on /Users/nikhilanand/airflow_venv/lib/python3.9/site-packages/airflow/example_dags/example_xcom.py
[2024-05-16 13:04:27,468] {processor.py:642} INFO - Processing file /Users/nikhilanand/airflow_venv/lib/python3.9/site-packages/airflow/example_dags/example_xcom.py for tasks to queue
[2024-05-16 13:04:27,469] {logging_mixin.py:109} INFO - [2024-05-16 13:04:27,469] {dagbag.py:500} INFO - Filling up the DagBag from /Users/nikhilanand/airflow_venv/lib/python3.9/site-packages/airflow/example_dags/example_xcom.py
[2024-05-16 13:04:27,494] {processor.py:654} INFO - DAG(s) dict_keys(['example_xcom']) retrieved from /Users/nikhilanand/airflow_venv/lib/python3.9/site-packages/airflow/example_dags/example_xcom.py
[2024-05-16 13:04:27,617] {logging_mixin.py:109} INFO - [2024-05-16 13:04:27,617] {dag.py:2396} INFO - Sync 1 DAGs
[2024-05-16 13:04:27,623] {logging_mixin.py:109} INFO - [2024-05-16 13:04:27,623] {dag.py:2935} INFO - Setting next_dagrun for example_xcom to 2021-01-01T00:00:00+00:00
[2024-05-16 13:04:27,627] {processor.py:171} INFO - Processing /Users/nikhilanand/airflow_venv/lib/python3.9/site-packages/airflow/example_dags/example_xcom.py took 0.160 seconds
[2024-05-16 13:05:44,959] {processor.py:163} INFO - Started process (PID=95827) to work on /Users/nikhilanand/airflow_venv/lib/python3.9/site-packages/airflow/example_dags/example_xcom.py
[2024-05-16 13:05:44,960] {processor.py:642} INFO - Processing file /Users/nikhilanand/airflow_venv/lib/python3.9/site-packages/airflow/example_dags/example_xcom.py for tasks to queue
[2024-05-16 13:05:44,960] {logging_mixin.py:109} INFO - [2024-05-16 13:05:44,960] {dagbag.py:500} INFO - Filling up the DagBag from /Users/nikhilanand/airflow_venv/lib/python3.9/site-packages/airflow/example_dags/example_xcom.py
[2024-05-16 13:05:44,986] {processor.py:654} INFO - DAG(s) dict_keys(['example_xcom']) retrieved from /Users/nikhilanand/airflow_venv/lib/python3.9/site-packages/airflow/example_dags/example_xcom.py
[2024-05-16 13:05:45,135] {logging_mixin.py:109} INFO - [2024-05-16 13:05:45,135] {dag.py:2396} INFO - Sync 1 DAGs
[2024-05-16 13:05:45,139] {logging_mixin.py:109} INFO - [2024-05-16 13:05:45,139] {dag.py:2935} INFO - Setting next_dagrun for example_xcom to 2021-01-01T00:00:00+00:00
[2024-05-16 13:05:45,144] {processor.py:171} INFO - Processing /Users/nikhilanand/airflow_venv/lib/python3.9/site-packages/airflow/example_dags/example_xcom.py took 0.185 seconds
[2024-05-16 13:06:51,970] {processor.py:163} INFO - Started process (PID=96607) to work on /Users/nikhilanand/airflow_venv/lib/python3.9/site-packages/airflow/example_dags/example_xcom.py
[2024-05-16 13:06:51,970] {processor.py:642} INFO - Processing file /Users/nikhilanand/airflow_venv/lib/python3.9/site-packages/airflow/example_dags/example_xcom.py for tasks to queue
[2024-05-16 13:06:51,970] {logging_mixin.py:109} INFO - [2024-05-16 13:06:51,970] {dagbag.py:500} INFO - Filling up the DagBag from /Users/nikhilanand/airflow_venv/lib/python3.9/site-packages/airflow/example_dags/example_xcom.py
[2024-05-16 13:06:51,996] {processor.py:654} INFO - DAG(s) dict_keys(['example_xcom']) retrieved from /Users/nikhilanand/airflow_venv/lib/python3.9/site-packages/airflow/example_dags/example_xcom.py
[2024-05-16 13:06:52,114] {logging_mixin.py:109} INFO - [2024-05-16 13:06:52,114] {dag.py:2396} INFO - Sync 1 DAGs
[2024-05-16 13:06:52,118] {logging_mixin.py:109} INFO - [2024-05-16 13:06:52,118] {dag.py:2935} INFO - Setting next_dagrun for example_xcom to 2021-01-01T00:00:00+00:00
[2024-05-16 13:06:52,124] {processor.py:171} INFO - Processing /Users/nikhilanand/airflow_venv/lib/python3.9/site-packages/airflow/example_dags/example_xcom.py took 0.154 seconds
[2024-05-16 13:08:10,741] {processor.py:163} INFO - Started process (PID=97510) to work on /Users/nikhilanand/airflow_venv/lib/python3.9/site-packages/airflow/example_dags/example_xcom.py
[2024-05-16 13:08:10,742] {processor.py:642} INFO - Processing file /Users/nikhilanand/airflow_venv/lib/python3.9/site-packages/airflow/example_dags/example_xcom.py for tasks to queue
[2024-05-16 13:08:10,742] {logging_mixin.py:109} INFO - [2024-05-16 13:08:10,742] {dagbag.py:500} INFO - Filling up the DagBag from /Users/nikhilanand/airflow_venv/lib/python3.9/site-packages/airflow/example_dags/example_xcom.py
[2024-05-16 13:08:10,766] {processor.py:654} INFO - DAG(s) dict_keys(['example_xcom']) retrieved from /Users/nikhilanand/airflow_venv/lib/python3.9/site-packages/airflow/example_dags/example_xcom.py
[2024-05-16 13:08:10,881] {logging_mixin.py:109} INFO - [2024-05-16 13:08:10,881] {dag.py:2396} INFO - Sync 1 DAGs
[2024-05-16 13:08:10,885] {logging_mixin.py:109} INFO - [2024-05-16 13:08:10,885] {dag.py:2935} INFO - Setting next_dagrun for example_xcom to 2021-01-01T00:00:00+00:00
[2024-05-16 13:08:10,890] {processor.py:171} INFO - Processing /Users/nikhilanand/airflow_venv/lib/python3.9/site-packages/airflow/example_dags/example_xcom.py took 0.149 seconds
[2024-05-16 13:09:18,806] {processor.py:163} INFO - Started process (PID=98250) to work on /Users/nikhilanand/airflow_venv/lib/python3.9/site-packages/airflow/example_dags/example_xcom.py
[2024-05-16 13:09:18,807] {processor.py:642} INFO - Processing file /Users/nikhilanand/airflow_venv/lib/python3.9/site-packages/airflow/example_dags/example_xcom.py for tasks to queue
[2024-05-16 13:09:18,808] {logging_mixin.py:109} INFO - [2024-05-16 13:09:18,808] {dagbag.py:500} INFO - Filling up the DagBag from /Users/nikhilanand/airflow_venv/lib/python3.9/site-packages/airflow/example_dags/example_xcom.py
[2024-05-16 13:09:18,833] {processor.py:654} INFO - DAG(s) dict_keys(['example_xcom']) retrieved from /Users/nikhilanand/airflow_venv/lib/python3.9/site-packages/airflow/example_dags/example_xcom.py
[2024-05-16 13:09:18,950] {logging_mixin.py:109} INFO - [2024-05-16 13:09:18,950] {dag.py:2396} INFO - Sync 1 DAGs
[2024-05-16 13:09:18,955] {logging_mixin.py:109} INFO - [2024-05-16 13:09:18,955] {dag.py:2935} INFO - Setting next_dagrun for example_xcom to 2021-01-01T00:00:00+00:00
[2024-05-16 13:09:18,959] {processor.py:171} INFO - Processing /Users/nikhilanand/airflow_venv/lib/python3.9/site-packages/airflow/example_dags/example_xcom.py took 0.153 seconds
[2024-05-16 13:10:29,294] {processor.py:163} INFO - Started process (PID=99024) to work on /Users/nikhilanand/airflow_venv/lib/python3.9/site-packages/airflow/example_dags/example_xcom.py
[2024-05-16 13:10:29,295] {processor.py:642} INFO - Processing file /Users/nikhilanand/airflow_venv/lib/python3.9/site-packages/airflow/example_dags/example_xcom.py for tasks to queue
[2024-05-16 13:10:29,295] {logging_mixin.py:109} INFO - [2024-05-16 13:10:29,295] {dagbag.py:500} INFO - Filling up the DagBag from /Users/nikhilanand/airflow_venv/lib/python3.9/site-packages/airflow/example_dags/example_xcom.py
[2024-05-16 13:10:29,320] {processor.py:654} INFO - DAG(s) dict_keys(['example_xcom']) retrieved from /Users/nikhilanand/airflow_venv/lib/python3.9/site-packages/airflow/example_dags/example_xcom.py
[2024-05-16 13:10:29,436] {logging_mixin.py:109} INFO - [2024-05-16 13:10:29,436] {dag.py:2396} INFO - Sync 1 DAGs
[2024-05-16 13:10:29,440] {logging_mixin.py:109} INFO - [2024-05-16 13:10:29,440] {dag.py:2935} INFO - Setting next_dagrun for example_xcom to 2021-01-01T00:00:00+00:00
[2024-05-16 13:10:29,445] {processor.py:171} INFO - Processing /Users/nikhilanand/airflow_venv/lib/python3.9/site-packages/airflow/example_dags/example_xcom.py took 0.151 seconds
[2024-05-16 13:11:39,229] {processor.py:163} INFO - Started process (PID=99812) to work on /Users/nikhilanand/airflow_venv/lib/python3.9/site-packages/airflow/example_dags/example_xcom.py
[2024-05-16 13:11:39,229] {processor.py:642} INFO - Processing file /Users/nikhilanand/airflow_venv/lib/python3.9/site-packages/airflow/example_dags/example_xcom.py for tasks to queue
[2024-05-16 13:11:39,229] {logging_mixin.py:109} INFO - [2024-05-16 13:11:39,229] {dagbag.py:500} INFO - Filling up the DagBag from /Users/nikhilanand/airflow_venv/lib/python3.9/site-packages/airflow/example_dags/example_xcom.py
[2024-05-16 13:11:39,254] {processor.py:654} INFO - DAG(s) dict_keys(['example_xcom']) retrieved from /Users/nikhilanand/airflow_venv/lib/python3.9/site-packages/airflow/example_dags/example_xcom.py
[2024-05-16 13:11:39,370] {logging_mixin.py:109} INFO - [2024-05-16 13:11:39,370] {dag.py:2396} INFO - Sync 1 DAGs
[2024-05-16 13:11:39,374] {logging_mixin.py:109} INFO - [2024-05-16 13:11:39,374] {dag.py:2935} INFO - Setting next_dagrun for example_xcom to 2021-01-01T00:00:00+00:00
[2024-05-16 13:11:39,379] {processor.py:171} INFO - Processing /Users/nikhilanand/airflow_venv/lib/python3.9/site-packages/airflow/example_dags/example_xcom.py took 0.151 seconds
[2024-05-16 13:12:51,402] {processor.py:163} INFO - Started process (PID=981) to work on /Users/nikhilanand/airflow_venv/lib/python3.9/site-packages/airflow/example_dags/example_xcom.py
[2024-05-16 13:12:51,403] {processor.py:642} INFO - Processing file /Users/nikhilanand/airflow_venv/lib/python3.9/site-packages/airflow/example_dags/example_xcom.py for tasks to queue
[2024-05-16 13:12:51,403] {logging_mixin.py:109} INFO - [2024-05-16 13:12:51,403] {dagbag.py:500} INFO - Filling up the DagBag from /Users/nikhilanand/airflow_venv/lib/python3.9/site-packages/airflow/example_dags/example_xcom.py
[2024-05-16 13:12:51,430] {processor.py:654} INFO - DAG(s) dict_keys(['example_xcom']) retrieved from /Users/nikhilanand/airflow_venv/lib/python3.9/site-packages/airflow/example_dags/example_xcom.py
[2024-05-16 13:12:51,594] {logging_mixin.py:109} INFO - [2024-05-16 13:12:51,594] {dag.py:2396} INFO - Sync 1 DAGs
[2024-05-16 13:12:51,606] {logging_mixin.py:109} INFO - [2024-05-16 13:12:51,606] {dag.py:2935} INFO - Setting next_dagrun for example_xcom to 2021-01-01T00:00:00+00:00
[2024-05-16 13:12:51,611] {processor.py:171} INFO - Processing /Users/nikhilanand/airflow_venv/lib/python3.9/site-packages/airflow/example_dags/example_xcom.py took 0.210 seconds
[2024-05-16 13:14:08,413] {processor.py:163} INFO - Started process (PID=1909) to work on /Users/nikhilanand/airflow_venv/lib/python3.9/site-packages/airflow/example_dags/example_xcom.py
[2024-05-16 13:14:08,414] {processor.py:642} INFO - Processing file /Users/nikhilanand/airflow_venv/lib/python3.9/site-packages/airflow/example_dags/example_xcom.py for tasks to queue
[2024-05-16 13:14:08,414] {logging_mixin.py:109} INFO - [2024-05-16 13:14:08,414] {dagbag.py:500} INFO - Filling up the DagBag from /Users/nikhilanand/airflow_venv/lib/python3.9/site-packages/airflow/example_dags/example_xcom.py
[2024-05-16 13:14:08,439] {processor.py:654} INFO - DAG(s) dict_keys(['example_xcom']) retrieved from /Users/nikhilanand/airflow_venv/lib/python3.9/site-packages/airflow/example_dags/example_xcom.py
[2024-05-16 13:14:08,616] {logging_mixin.py:109} INFO - [2024-05-16 13:14:08,616] {dag.py:2396} INFO - Sync 1 DAGs
[2024-05-16 13:14:08,621] {logging_mixin.py:109} INFO - [2024-05-16 13:14:08,621] {dag.py:2935} INFO - Setting next_dagrun for example_xcom to 2021-01-01T00:00:00+00:00
[2024-05-16 13:14:08,625] {processor.py:171} INFO - Processing /Users/nikhilanand/airflow_venv/lib/python3.9/site-packages/airflow/example_dags/example_xcom.py took 0.161 seconds
[2024-05-16 13:15:17,393] {processor.py:163} INFO - Started process (PID=3150) to work on /Users/nikhilanand/airflow_venv/lib/python3.9/site-packages/airflow/example_dags/example_xcom.py
[2024-05-16 13:15:17,394] {processor.py:642} INFO - Processing file /Users/nikhilanand/airflow_venv/lib/python3.9/site-packages/airflow/example_dags/example_xcom.py for tasks to queue
[2024-05-16 13:15:17,394] {logging_mixin.py:109} INFO - [2024-05-16 13:15:17,394] {dagbag.py:500} INFO - Filling up the DagBag from /Users/nikhilanand/airflow_venv/lib/python3.9/site-packages/airflow/example_dags/example_xcom.py
[2024-05-16 13:15:17,419] {processor.py:654} INFO - DAG(s) dict_keys(['example_xcom']) retrieved from /Users/nikhilanand/airflow_venv/lib/python3.9/site-packages/airflow/example_dags/example_xcom.py
[2024-05-16 13:15:17,541] {logging_mixin.py:109} INFO - [2024-05-16 13:15:17,541] {dag.py:2396} INFO - Sync 1 DAGs
[2024-05-16 13:15:17,547] {logging_mixin.py:109} INFO - [2024-05-16 13:15:17,547] {dag.py:2935} INFO - Setting next_dagrun for example_xcom to 2021-01-01T00:00:00+00:00
[2024-05-16 13:15:17,551] {processor.py:171} INFO - Processing /Users/nikhilanand/airflow_venv/lib/python3.9/site-packages/airflow/example_dags/example_xcom.py took 0.159 seconds
[2024-05-16 13:16:26,178] {processor.py:163} INFO - Started process (PID=3981) to work on /Users/nikhilanand/airflow_venv/lib/python3.9/site-packages/airflow/example_dags/example_xcom.py
[2024-05-16 13:16:26,178] {processor.py:642} INFO - Processing file /Users/nikhilanand/airflow_venv/lib/python3.9/site-packages/airflow/example_dags/example_xcom.py for tasks to queue
[2024-05-16 13:16:26,178] {logging_mixin.py:109} INFO - [2024-05-16 13:16:26,178] {dagbag.py:500} INFO - Filling up the DagBag from /Users/nikhilanand/airflow_venv/lib/python3.9/site-packages/airflow/example_dags/example_xcom.py
[2024-05-16 13:16:26,202] {processor.py:654} INFO - DAG(s) dict_keys(['example_xcom']) retrieved from /Users/nikhilanand/airflow_venv/lib/python3.9/site-packages/airflow/example_dags/example_xcom.py
[2024-05-16 13:16:26,323] {logging_mixin.py:109} INFO - [2024-05-16 13:16:26,323] {dag.py:2396} INFO - Sync 1 DAGs
[2024-05-16 13:16:26,327] {logging_mixin.py:109} INFO - [2024-05-16 13:16:26,327] {dag.py:2935} INFO - Setting next_dagrun for example_xcom to 2021-01-01T00:00:00+00:00
[2024-05-16 13:16:26,332] {processor.py:171} INFO - Processing /Users/nikhilanand/airflow_venv/lib/python3.9/site-packages/airflow/example_dags/example_xcom.py took 0.154 seconds
[2024-05-16 13:17:42,778] {processor.py:163} INFO - Started process (PID=4863) to work on /Users/nikhilanand/airflow_venv/lib/python3.9/site-packages/airflow/example_dags/example_xcom.py
[2024-05-16 13:17:42,779] {processor.py:642} INFO - Processing file /Users/nikhilanand/airflow_venv/lib/python3.9/site-packages/airflow/example_dags/example_xcom.py for tasks to queue
[2024-05-16 13:17:42,780] {logging_mixin.py:109} INFO - [2024-05-16 13:17:42,780] {dagbag.py:500} INFO - Filling up the DagBag from /Users/nikhilanand/airflow_venv/lib/python3.9/site-packages/airflow/example_dags/example_xcom.py
[2024-05-16 13:17:42,819] {processor.py:654} INFO - DAG(s) dict_keys(['example_xcom']) retrieved from /Users/nikhilanand/airflow_venv/lib/python3.9/site-packages/airflow/example_dags/example_xcom.py
[2024-05-16 13:17:42,949] {logging_mixin.py:109} INFO - [2024-05-16 13:17:42,949] {dag.py:2396} INFO - Sync 1 DAGs
[2024-05-16 13:17:42,954] {logging_mixin.py:109} INFO - [2024-05-16 13:17:42,954] {dag.py:2935} INFO - Setting next_dagrun for example_xcom to 2021-01-01T00:00:00+00:00
[2024-05-16 13:17:42,958] {processor.py:171} INFO - Processing /Users/nikhilanand/airflow_venv/lib/python3.9/site-packages/airflow/example_dags/example_xcom.py took 0.180 seconds
[2024-05-16 13:18:49,894] {processor.py:163} INFO - Started process (PID=5673) to work on /Users/nikhilanand/airflow_venv/lib/python3.9/site-packages/airflow/example_dags/example_xcom.py
[2024-05-16 13:18:49,894] {processor.py:642} INFO - Processing file /Users/nikhilanand/airflow_venv/lib/python3.9/site-packages/airflow/example_dags/example_xcom.py for tasks to queue
[2024-05-16 13:18:49,895] {logging_mixin.py:109} INFO - [2024-05-16 13:18:49,894] {dagbag.py:500} INFO - Filling up the DagBag from /Users/nikhilanand/airflow_venv/lib/python3.9/site-packages/airflow/example_dags/example_xcom.py
[2024-05-16 13:18:49,920] {processor.py:654} INFO - DAG(s) dict_keys(['example_xcom']) retrieved from /Users/nikhilanand/airflow_venv/lib/python3.9/site-packages/airflow/example_dags/example_xcom.py
[2024-05-16 13:18:50,048] {logging_mixin.py:109} INFO - [2024-05-16 13:18:50,048] {dag.py:2396} INFO - Sync 1 DAGs
[2024-05-16 13:18:50,054] {logging_mixin.py:109} INFO - [2024-05-16 13:18:50,053] {dag.py:2935} INFO - Setting next_dagrun for example_xcom to 2021-01-01T00:00:00+00:00
[2024-05-16 13:18:50,059] {processor.py:171} INFO - Processing /Users/nikhilanand/airflow_venv/lib/python3.9/site-packages/airflow/example_dags/example_xcom.py took 0.165 seconds
[2024-05-16 13:19:58,344] {processor.py:163} INFO - Started process (PID=6477) to work on /Users/nikhilanand/airflow_venv/lib/python3.9/site-packages/airflow/example_dags/example_xcom.py
[2024-05-16 13:19:58,344] {processor.py:642} INFO - Processing file /Users/nikhilanand/airflow_venv/lib/python3.9/site-packages/airflow/example_dags/example_xcom.py for tasks to queue
[2024-05-16 13:19:58,345] {logging_mixin.py:109} INFO - [2024-05-16 13:19:58,345] {dagbag.py:500} INFO - Filling up the DagBag from /Users/nikhilanand/airflow_venv/lib/python3.9/site-packages/airflow/example_dags/example_xcom.py
[2024-05-16 13:19:58,373] {processor.py:654} INFO - DAG(s) dict_keys(['example_xcom']) retrieved from /Users/nikhilanand/airflow_venv/lib/python3.9/site-packages/airflow/example_dags/example_xcom.py
[2024-05-16 13:19:58,491] {logging_mixin.py:109} INFO - [2024-05-16 13:19:58,491] {dag.py:2396} INFO - Sync 1 DAGs
[2024-05-16 13:19:58,496] {logging_mixin.py:109} INFO - [2024-05-16 13:19:58,496] {dag.py:2935} INFO - Setting next_dagrun for example_xcom to 2021-01-01T00:00:00+00:00
[2024-05-16 13:19:58,500] {processor.py:171} INFO - Processing /Users/nikhilanand/airflow_venv/lib/python3.9/site-packages/airflow/example_dags/example_xcom.py took 0.157 seconds
[2024-05-16 13:21:04,891] {processor.py:163} INFO - Started process (PID=7271) to work on /Users/nikhilanand/airflow_venv/lib/python3.9/site-packages/airflow/example_dags/example_xcom.py
[2024-05-16 13:21:04,892] {processor.py:642} INFO - Processing file /Users/nikhilanand/airflow_venv/lib/python3.9/site-packages/airflow/example_dags/example_xcom.py for tasks to queue
[2024-05-16 13:21:04,893] {logging_mixin.py:109} INFO - [2024-05-16 13:21:04,893] {dagbag.py:500} INFO - Filling up the DagBag from /Users/nikhilanand/airflow_venv/lib/python3.9/site-packages/airflow/example_dags/example_xcom.py
[2024-05-16 13:21:04,921] {processor.py:654} INFO - DAG(s) dict_keys(['example_xcom']) retrieved from /Users/nikhilanand/airflow_venv/lib/python3.9/site-packages/airflow/example_dags/example_xcom.py
[2024-05-16 13:21:05,061] {logging_mixin.py:109} INFO - [2024-05-16 13:21:05,061] {dag.py:2396} INFO - Sync 1 DAGs
[2024-05-16 13:21:05,067] {logging_mixin.py:109} INFO - [2024-05-16 13:21:05,067] {dag.py:2935} INFO - Setting next_dagrun for example_xcom to 2021-01-01T00:00:00+00:00
[2024-05-16 13:21:05,071] {processor.py:171} INFO - Processing /Users/nikhilanand/airflow_venv/lib/python3.9/site-packages/airflow/example_dags/example_xcom.py took 0.181 seconds
[2024-05-16 13:22:16,126] {processor.py:163} INFO - Started process (PID=8107) to work on /Users/nikhilanand/airflow_venv/lib/python3.9/site-packages/airflow/example_dags/example_xcom.py
[2024-05-16 13:22:16,128] {processor.py:642} INFO - Processing file /Users/nikhilanand/airflow_venv/lib/python3.9/site-packages/airflow/example_dags/example_xcom.py for tasks to queue
[2024-05-16 13:22:16,128] {logging_mixin.py:109} INFO - [2024-05-16 13:22:16,128] {dagbag.py:500} INFO - Filling up the DagBag from /Users/nikhilanand/airflow_venv/lib/python3.9/site-packages/airflow/example_dags/example_xcom.py
[2024-05-16 13:22:16,152] {processor.py:654} INFO - DAG(s) dict_keys(['example_xcom']) retrieved from /Users/nikhilanand/airflow_venv/lib/python3.9/site-packages/airflow/example_dags/example_xcom.py
[2024-05-16 13:22:16,271] {logging_mixin.py:109} INFO - [2024-05-16 13:22:16,271] {dag.py:2396} INFO - Sync 1 DAGs
[2024-05-16 13:22:16,276] {logging_mixin.py:109} INFO - [2024-05-16 13:22:16,276] {dag.py:2935} INFO - Setting next_dagrun for example_xcom to 2021-01-01T00:00:00+00:00
[2024-05-16 13:22:16,281] {processor.py:171} INFO - Processing /Users/nikhilanand/airflow_venv/lib/python3.9/site-packages/airflow/example_dags/example_xcom.py took 0.155 seconds
[2024-05-16 13:23:22,097] {processor.py:163} INFO - Started process (PID=8897) to work on /Users/nikhilanand/airflow_venv/lib/python3.9/site-packages/airflow/example_dags/example_xcom.py
[2024-05-16 13:23:22,098] {processor.py:642} INFO - Processing file /Users/nikhilanand/airflow_venv/lib/python3.9/site-packages/airflow/example_dags/example_xcom.py for tasks to queue
[2024-05-16 13:23:22,098] {logging_mixin.py:109} INFO - [2024-05-16 13:23:22,098] {dagbag.py:500} INFO - Filling up the DagBag from /Users/nikhilanand/airflow_venv/lib/python3.9/site-packages/airflow/example_dags/example_xcom.py
[2024-05-16 13:23:22,122] {processor.py:654} INFO - DAG(s) dict_keys(['example_xcom']) retrieved from /Users/nikhilanand/airflow_venv/lib/python3.9/site-packages/airflow/example_dags/example_xcom.py
[2024-05-16 13:23:22,239] {logging_mixin.py:109} INFO - [2024-05-16 13:23:22,239] {dag.py:2396} INFO - Sync 1 DAGs
[2024-05-16 13:23:22,243] {logging_mixin.py:109} INFO - [2024-05-16 13:23:22,243] {dag.py:2935} INFO - Setting next_dagrun for example_xcom to 2021-01-01T00:00:00+00:00
[2024-05-16 13:23:22,248] {processor.py:171} INFO - Processing /Users/nikhilanand/airflow_venv/lib/python3.9/site-packages/airflow/example_dags/example_xcom.py took 0.151 seconds
[2024-05-16 13:24:30,659] {processor.py:163} INFO - Started process (PID=9685) to work on /Users/nikhilanand/airflow_venv/lib/python3.9/site-packages/airflow/example_dags/example_xcom.py
[2024-05-16 13:24:30,659] {processor.py:642} INFO - Processing file /Users/nikhilanand/airflow_venv/lib/python3.9/site-packages/airflow/example_dags/example_xcom.py for tasks to queue
[2024-05-16 13:24:30,659] {logging_mixin.py:109} INFO - [2024-05-16 13:24:30,659] {dagbag.py:500} INFO - Filling up the DagBag from /Users/nikhilanand/airflow_venv/lib/python3.9/site-packages/airflow/example_dags/example_xcom.py
[2024-05-16 13:24:30,684] {processor.py:654} INFO - DAG(s) dict_keys(['example_xcom']) retrieved from /Users/nikhilanand/airflow_venv/lib/python3.9/site-packages/airflow/example_dags/example_xcom.py
[2024-05-16 13:24:30,805] {logging_mixin.py:109} INFO - [2024-05-16 13:24:30,805] {dag.py:2396} INFO - Sync 1 DAGs
[2024-05-16 13:24:30,809] {logging_mixin.py:109} INFO - [2024-05-16 13:24:30,809] {dag.py:2935} INFO - Setting next_dagrun for example_xcom to 2021-01-01T00:00:00+00:00
[2024-05-16 13:24:30,814] {processor.py:171} INFO - Processing /Users/nikhilanand/airflow_venv/lib/python3.9/site-packages/airflow/example_dags/example_xcom.py took 0.155 seconds
[2024-05-16 13:25:39,967] {processor.py:163} INFO - Started process (PID=10873) to work on /Users/nikhilanand/airflow_venv/lib/python3.9/site-packages/airflow/example_dags/example_xcom.py
[2024-05-16 13:25:39,968] {processor.py:642} INFO - Processing file /Users/nikhilanand/airflow_venv/lib/python3.9/site-packages/airflow/example_dags/example_xcom.py for tasks to queue
[2024-05-16 13:25:39,968] {logging_mixin.py:109} INFO - [2024-05-16 13:25:39,968] {dagbag.py:500} INFO - Filling up the DagBag from /Users/nikhilanand/airflow_venv/lib/python3.9/site-packages/airflow/example_dags/example_xcom.py
[2024-05-16 13:25:39,993] {processor.py:654} INFO - DAG(s) dict_keys(['example_xcom']) retrieved from /Users/nikhilanand/airflow_venv/lib/python3.9/site-packages/airflow/example_dags/example_xcom.py
[2024-05-16 13:25:40,110] {logging_mixin.py:109} INFO - [2024-05-16 13:25:40,110] {dag.py:2396} INFO - Sync 1 DAGs
[2024-05-16 13:25:40,114] {logging_mixin.py:109} INFO - [2024-05-16 13:25:40,114] {dag.py:2935} INFO - Setting next_dagrun for example_xcom to 2021-01-01T00:00:00+00:00
[2024-05-16 13:25:40,119] {processor.py:171} INFO - Processing /Users/nikhilanand/airflow_venv/lib/python3.9/site-packages/airflow/example_dags/example_xcom.py took 0.152 seconds
[2024-05-16 13:26:46,247] {processor.py:163} INFO - Started process (PID=11650) to work on /Users/nikhilanand/airflow_venv/lib/python3.9/site-packages/airflow/example_dags/example_xcom.py
[2024-05-16 13:26:46,247] {processor.py:642} INFO - Processing file /Users/nikhilanand/airflow_venv/lib/python3.9/site-packages/airflow/example_dags/example_xcom.py for tasks to queue
[2024-05-16 13:26:46,247] {logging_mixin.py:109} INFO - [2024-05-16 13:26:46,247] {dagbag.py:500} INFO - Filling up the DagBag from /Users/nikhilanand/airflow_venv/lib/python3.9/site-packages/airflow/example_dags/example_xcom.py
[2024-05-16 13:26:46,272] {processor.py:654} INFO - DAG(s) dict_keys(['example_xcom']) retrieved from /Users/nikhilanand/airflow_venv/lib/python3.9/site-packages/airflow/example_dags/example_xcom.py
[2024-05-16 13:26:46,388] {logging_mixin.py:109} INFO - [2024-05-16 13:26:46,387] {dag.py:2396} INFO - Sync 1 DAGs
[2024-05-16 13:26:46,392] {logging_mixin.py:109} INFO - [2024-05-16 13:26:46,392] {dag.py:2935} INFO - Setting next_dagrun for example_xcom to 2021-01-01T00:00:00+00:00
[2024-05-16 13:26:46,396] {processor.py:171} INFO - Processing /Users/nikhilanand/airflow_venv/lib/python3.9/site-packages/airflow/example_dags/example_xcom.py took 0.150 seconds
[2024-05-16 13:28:14,102] {processor.py:163} INFO - Started process (PID=12710) to work on /Users/nikhilanand/airflow_venv/lib/python3.9/site-packages/airflow/example_dags/example_xcom.py
[2024-05-16 13:28:14,103] {processor.py:642} INFO - Processing file /Users/nikhilanand/airflow_venv/lib/python3.9/site-packages/airflow/example_dags/example_xcom.py for tasks to queue
[2024-05-16 13:28:14,103] {logging_mixin.py:109} INFO - [2024-05-16 13:28:14,103] {dagbag.py:500} INFO - Filling up the DagBag from /Users/nikhilanand/airflow_venv/lib/python3.9/site-packages/airflow/example_dags/example_xcom.py
[2024-05-16 13:28:14,127] {processor.py:654} INFO - DAG(s) dict_keys(['example_xcom']) retrieved from /Users/nikhilanand/airflow_venv/lib/python3.9/site-packages/airflow/example_dags/example_xcom.py
[2024-05-16 13:28:14,241] {logging_mixin.py:109} INFO - [2024-05-16 13:28:14,241] {dag.py:2396} INFO - Sync 1 DAGs
[2024-05-16 13:28:14,245] {logging_mixin.py:109} INFO - [2024-05-16 13:28:14,245] {dag.py:2935} INFO - Setting next_dagrun for example_xcom to 2021-01-01T00:00:00+00:00
[2024-05-16 13:28:14,250] {processor.py:171} INFO - Processing /Users/nikhilanand/airflow_venv/lib/python3.9/site-packages/airflow/example_dags/example_xcom.py took 0.148 seconds
[2024-05-16 13:29:28,010] {processor.py:163} INFO - Started process (PID=13554) to work on /Users/nikhilanand/airflow_venv/lib/python3.9/site-packages/airflow/example_dags/example_xcom.py
[2024-05-16 13:29:28,014] {processor.py:642} INFO - Processing file /Users/nikhilanand/airflow_venv/lib/python3.9/site-packages/airflow/example_dags/example_xcom.py for tasks to queue
[2024-05-16 13:29:28,015] {logging_mixin.py:109} INFO - [2024-05-16 13:29:28,015] {dagbag.py:500} INFO - Filling up the DagBag from /Users/nikhilanand/airflow_venv/lib/python3.9/site-packages/airflow/example_dags/example_xcom.py
[2024-05-16 13:29:28,043] {processor.py:654} INFO - DAG(s) dict_keys(['example_xcom']) retrieved from /Users/nikhilanand/airflow_venv/lib/python3.9/site-packages/airflow/example_dags/example_xcom.py
[2024-05-16 13:29:28,163] {logging_mixin.py:109} INFO - [2024-05-16 13:29:28,162] {dag.py:2396} INFO - Sync 1 DAGs
[2024-05-16 13:29:28,167] {logging_mixin.py:109} INFO - [2024-05-16 13:29:28,167] {dag.py:2935} INFO - Setting next_dagrun for example_xcom to 2021-01-01T00:00:00+00:00
[2024-05-16 13:29:28,171] {processor.py:171} INFO - Processing /Users/nikhilanand/airflow_venv/lib/python3.9/site-packages/airflow/example_dags/example_xcom.py took 0.162 seconds
[2024-05-16 13:30:36,559] {processor.py:163} INFO - Started process (PID=14404) to work on /Users/nikhilanand/airflow_venv/lib/python3.9/site-packages/airflow/example_dags/example_xcom.py
[2024-05-16 13:30:36,559] {processor.py:642} INFO - Processing file /Users/nikhilanand/airflow_venv/lib/python3.9/site-packages/airflow/example_dags/example_xcom.py for tasks to queue
[2024-05-16 13:30:36,559] {logging_mixin.py:109} INFO - [2024-05-16 13:30:36,559] {dagbag.py:500} INFO - Filling up the DagBag from /Users/nikhilanand/airflow_venv/lib/python3.9/site-packages/airflow/example_dags/example_xcom.py
[2024-05-16 13:30:36,591] {processor.py:654} INFO - DAG(s) dict_keys(['example_xcom']) retrieved from /Users/nikhilanand/airflow_venv/lib/python3.9/site-packages/airflow/example_dags/example_xcom.py
[2024-05-16 13:30:36,728] {logging_mixin.py:109} INFO - [2024-05-16 13:30:36,728] {dag.py:2396} INFO - Sync 1 DAGs
[2024-05-16 13:30:36,734] {logging_mixin.py:109} INFO - [2024-05-16 13:30:36,734] {dag.py:2935} INFO - Setting next_dagrun for example_xcom to 2021-01-01T00:00:00+00:00
[2024-05-16 13:30:36,739] {processor.py:171} INFO - Processing /Users/nikhilanand/airflow_venv/lib/python3.9/site-packages/airflow/example_dags/example_xcom.py took 0.181 seconds
[2024-05-16 13:31:47,603] {processor.py:163} INFO - Started process (PID=15272) to work on /Users/nikhilanand/airflow_venv/lib/python3.9/site-packages/airflow/example_dags/example_xcom.py
[2024-05-16 13:31:47,604] {processor.py:642} INFO - Processing file /Users/nikhilanand/airflow_venv/lib/python3.9/site-packages/airflow/example_dags/example_xcom.py for tasks to queue
[2024-05-16 13:31:47,604] {logging_mixin.py:109} INFO - [2024-05-16 13:31:47,604] {dagbag.py:500} INFO - Filling up the DagBag from /Users/nikhilanand/airflow_venv/lib/python3.9/site-packages/airflow/example_dags/example_xcom.py
[2024-05-16 13:31:47,628] {processor.py:654} INFO - DAG(s) dict_keys(['example_xcom']) retrieved from /Users/nikhilanand/airflow_venv/lib/python3.9/site-packages/airflow/example_dags/example_xcom.py
[2024-05-16 13:31:47,748] {logging_mixin.py:109} INFO - [2024-05-16 13:31:47,748] {dag.py:2396} INFO - Sync 1 DAGs
[2024-05-16 13:31:47,752] {logging_mixin.py:109} INFO - [2024-05-16 13:31:47,752] {dag.py:2935} INFO - Setting next_dagrun for example_xcom to 2021-01-01T00:00:00+00:00
[2024-05-16 13:31:47,757] {processor.py:171} INFO - Processing /Users/nikhilanand/airflow_venv/lib/python3.9/site-packages/airflow/example_dags/example_xcom.py took 0.154 seconds
[2024-05-16 13:32:56,087] {processor.py:163} INFO - Started process (PID=16381) to work on /Users/nikhilanand/airflow_venv/lib/python3.9/site-packages/airflow/example_dags/example_xcom.py
[2024-05-16 13:32:56,087] {processor.py:642} INFO - Processing file /Users/nikhilanand/airflow_venv/lib/python3.9/site-packages/airflow/example_dags/example_xcom.py for tasks to queue
[2024-05-16 13:32:56,087] {logging_mixin.py:109} INFO - [2024-05-16 13:32:56,087] {dagbag.py:500} INFO - Filling up the DagBag from /Users/nikhilanand/airflow_venv/lib/python3.9/site-packages/airflow/example_dags/example_xcom.py
[2024-05-16 13:32:56,112] {processor.py:654} INFO - DAG(s) dict_keys(['example_xcom']) retrieved from /Users/nikhilanand/airflow_venv/lib/python3.9/site-packages/airflow/example_dags/example_xcom.py
[2024-05-16 13:32:56,231] {logging_mixin.py:109} INFO - [2024-05-16 13:32:56,231] {dag.py:2396} INFO - Sync 1 DAGs
[2024-05-16 13:32:56,235] {logging_mixin.py:109} INFO - [2024-05-16 13:32:56,235] {dag.py:2935} INFO - Setting next_dagrun for example_xcom to 2021-01-01T00:00:00+00:00
[2024-05-16 13:32:56,240] {processor.py:171} INFO - Processing /Users/nikhilanand/airflow_venv/lib/python3.9/site-packages/airflow/example_dags/example_xcom.py took 0.154 seconds
