[2024-05-16 12:54:29,429] {processor.py:163} INFO - Started process (PID=87571) to work on /Users/nikhilanand/airflow_venv/lib/python3.9/site-packages/airflow/example_dags/example_external_task_marker_dag.py
[2024-05-16 12:54:29,430] {processor.py:642} INFO - Processing file /Users/nikhilanand/airflow_venv/lib/python3.9/site-packages/airflow/example_dags/example_external_task_marker_dag.py for tasks to queue
[2024-05-16 12:54:29,430] {logging_mixin.py:109} INFO - [2024-05-16 12:54:29,430] {dagbag.py:500} INFO - Filling up the DagBag from /Users/nikhilanand/airflow_venv/lib/python3.9/site-packages/airflow/example_dags/example_external_task_marker_dag.py
[2024-05-16 12:54:29,448] {processor.py:654} INFO - DAG(s) dict_keys(['example_external_task_marker_parent', 'example_external_task_marker_child']) retrieved from /Users/nikhilanand/airflow_venv/lib/python3.9/site-packages/airflow/example_dags/example_external_task_marker_dag.py
[2024-05-16 12:54:29,459] {logging_mixin.py:109} INFO - [2024-05-16 12:54:29,459] {dag.py:2396} INFO - Sync 2 DAGs
[2024-05-16 12:54:29,464] {logging_mixin.py:109} INFO - [2024-05-16 12:54:29,464] {dag.py:2935} INFO - Setting next_dagrun for example_external_task_marker_child to None
[2024-05-16 12:54:29,464] {logging_mixin.py:109} INFO - [2024-05-16 12:54:29,464] {dag.py:2935} INFO - Setting next_dagrun for example_external_task_marker_parent to None
[2024-05-16 12:54:29,472] {processor.py:171} INFO - Processing /Users/nikhilanand/airflow_venv/lib/python3.9/site-packages/airflow/example_dags/example_external_task_marker_dag.py took 0.043 seconds
[2024-05-16 12:55:43,211] {processor.py:163} INFO - Started process (PID=88457) to work on /Users/nikhilanand/airflow_venv/lib/python3.9/site-packages/airflow/example_dags/example_external_task_marker_dag.py
[2024-05-16 12:55:43,212] {processor.py:642} INFO - Processing file /Users/nikhilanand/airflow_venv/lib/python3.9/site-packages/airflow/example_dags/example_external_task_marker_dag.py for tasks to queue
[2024-05-16 12:55:43,213] {logging_mixin.py:109} INFO - [2024-05-16 12:55:43,213] {dagbag.py:500} INFO - Filling up the DagBag from /Users/nikhilanand/airflow_venv/lib/python3.9/site-packages/airflow/example_dags/example_external_task_marker_dag.py
[2024-05-16 12:55:43,229] {processor.py:654} INFO - DAG(s) dict_keys(['example_external_task_marker_parent', 'example_external_task_marker_child']) retrieved from /Users/nikhilanand/airflow_venv/lib/python3.9/site-packages/airflow/example_dags/example_external_task_marker_dag.py
[2024-05-16 12:55:43,239] {logging_mixin.py:109} INFO - [2024-05-16 12:55:43,239] {dag.py:2396} INFO - Sync 2 DAGs
[2024-05-16 12:55:43,243] {logging_mixin.py:109} INFO - [2024-05-16 12:55:43,243] {dag.py:2935} INFO - Setting next_dagrun for example_external_task_marker_child to None
[2024-05-16 12:55:43,243] {logging_mixin.py:109} INFO - [2024-05-16 12:55:43,243] {dag.py:2935} INFO - Setting next_dagrun for example_external_task_marker_parent to None
[2024-05-16 12:55:43,247] {processor.py:171} INFO - Processing /Users/nikhilanand/airflow_venv/lib/python3.9/site-packages/airflow/example_dags/example_external_task_marker_dag.py took 0.036 seconds
[2024-05-16 12:56:48,729] {processor.py:163} INFO - Started process (PID=89269) to work on /Users/nikhilanand/airflow_venv/lib/python3.9/site-packages/airflow/example_dags/example_external_task_marker_dag.py
[2024-05-16 12:56:48,730] {processor.py:642} INFO - Processing file /Users/nikhilanand/airflow_venv/lib/python3.9/site-packages/airflow/example_dags/example_external_task_marker_dag.py for tasks to queue
[2024-05-16 12:56:48,730] {logging_mixin.py:109} INFO - [2024-05-16 12:56:48,730] {dagbag.py:500} INFO - Filling up the DagBag from /Users/nikhilanand/airflow_venv/lib/python3.9/site-packages/airflow/example_dags/example_external_task_marker_dag.py
[2024-05-16 12:56:48,746] {processor.py:654} INFO - DAG(s) dict_keys(['example_external_task_marker_parent', 'example_external_task_marker_child']) retrieved from /Users/nikhilanand/airflow_venv/lib/python3.9/site-packages/airflow/example_dags/example_external_task_marker_dag.py
[2024-05-16 12:56:48,755] {logging_mixin.py:109} INFO - [2024-05-16 12:56:48,755] {dag.py:2396} INFO - Sync 2 DAGs
[2024-05-16 12:56:48,760] {logging_mixin.py:109} INFO - [2024-05-16 12:56:48,760] {dag.py:2935} INFO - Setting next_dagrun for example_external_task_marker_child to None
[2024-05-16 12:56:48,760] {logging_mixin.py:109} INFO - [2024-05-16 12:56:48,760] {dag.py:2935} INFO - Setting next_dagrun for example_external_task_marker_parent to None
[2024-05-16 12:56:48,764] {processor.py:171} INFO - Processing /Users/nikhilanand/airflow_venv/lib/python3.9/site-packages/airflow/example_dags/example_external_task_marker_dag.py took 0.035 seconds
[2024-05-16 12:57:57,361] {processor.py:163} INFO - Started process (PID=90035) to work on /Users/nikhilanand/airflow_venv/lib/python3.9/site-packages/airflow/example_dags/example_external_task_marker_dag.py
[2024-05-16 12:57:57,361] {processor.py:642} INFO - Processing file /Users/nikhilanand/airflow_venv/lib/python3.9/site-packages/airflow/example_dags/example_external_task_marker_dag.py for tasks to queue
[2024-05-16 12:57:57,361] {logging_mixin.py:109} INFO - [2024-05-16 12:57:57,361] {dagbag.py:500} INFO - Filling up the DagBag from /Users/nikhilanand/airflow_venv/lib/python3.9/site-packages/airflow/example_dags/example_external_task_marker_dag.py
[2024-05-16 12:57:57,377] {processor.py:654} INFO - DAG(s) dict_keys(['example_external_task_marker_parent', 'example_external_task_marker_child']) retrieved from /Users/nikhilanand/airflow_venv/lib/python3.9/site-packages/airflow/example_dags/example_external_task_marker_dag.py
[2024-05-16 12:57:57,387] {logging_mixin.py:109} INFO - [2024-05-16 12:57:57,387] {dag.py:2396} INFO - Sync 2 DAGs
[2024-05-16 12:57:57,392] {logging_mixin.py:109} INFO - [2024-05-16 12:57:57,392] {dag.py:2935} INFO - Setting next_dagrun for example_external_task_marker_child to None
[2024-05-16 12:57:57,392] {logging_mixin.py:109} INFO - [2024-05-16 12:57:57,392] {dag.py:2935} INFO - Setting next_dagrun for example_external_task_marker_parent to None
[2024-05-16 12:57:57,396] {processor.py:171} INFO - Processing /Users/nikhilanand/airflow_venv/lib/python3.9/site-packages/airflow/example_dags/example_external_task_marker_dag.py took 0.035 seconds
[2024-05-16 12:59:06,592] {processor.py:163} INFO - Started process (PID=90818) to work on /Users/nikhilanand/airflow_venv/lib/python3.9/site-packages/airflow/example_dags/example_external_task_marker_dag.py
[2024-05-16 12:59:06,593] {processor.py:642} INFO - Processing file /Users/nikhilanand/airflow_venv/lib/python3.9/site-packages/airflow/example_dags/example_external_task_marker_dag.py for tasks to queue
[2024-05-16 12:59:06,594] {logging_mixin.py:109} INFO - [2024-05-16 12:59:06,594] {dagbag.py:500} INFO - Filling up the DagBag from /Users/nikhilanand/airflow_venv/lib/python3.9/site-packages/airflow/example_dags/example_external_task_marker_dag.py
[2024-05-16 12:59:06,610] {processor.py:654} INFO - DAG(s) dict_keys(['example_external_task_marker_parent', 'example_external_task_marker_child']) retrieved from /Users/nikhilanand/airflow_venv/lib/python3.9/site-packages/airflow/example_dags/example_external_task_marker_dag.py
[2024-05-16 12:59:06,619] {logging_mixin.py:109} INFO - [2024-05-16 12:59:06,619] {dag.py:2396} INFO - Sync 2 DAGs
[2024-05-16 12:59:06,623] {logging_mixin.py:109} INFO - [2024-05-16 12:59:06,623] {dag.py:2935} INFO - Setting next_dagrun for example_external_task_marker_child to None
[2024-05-16 12:59:06,623] {logging_mixin.py:109} INFO - [2024-05-16 12:59:06,623] {dag.py:2935} INFO - Setting next_dagrun for example_external_task_marker_parent to None
[2024-05-16 12:59:06,628] {processor.py:171} INFO - Processing /Users/nikhilanand/airflow_venv/lib/python3.9/site-packages/airflow/example_dags/example_external_task_marker_dag.py took 0.036 seconds
[2024-05-16 13:00:21,888] {processor.py:163} INFO - Started process (PID=91709) to work on /Users/nikhilanand/airflow_venv/lib/python3.9/site-packages/airflow/example_dags/example_external_task_marker_dag.py
[2024-05-16 13:00:21,889] {processor.py:642} INFO - Processing file /Users/nikhilanand/airflow_venv/lib/python3.9/site-packages/airflow/example_dags/example_external_task_marker_dag.py for tasks to queue
[2024-05-16 13:00:21,889] {logging_mixin.py:109} INFO - [2024-05-16 13:00:21,889] {dagbag.py:500} INFO - Filling up the DagBag from /Users/nikhilanand/airflow_venv/lib/python3.9/site-packages/airflow/example_dags/example_external_task_marker_dag.py
[2024-05-16 13:00:21,905] {processor.py:654} INFO - DAG(s) dict_keys(['example_external_task_marker_parent', 'example_external_task_marker_child']) retrieved from /Users/nikhilanand/airflow_venv/lib/python3.9/site-packages/airflow/example_dags/example_external_task_marker_dag.py
[2024-05-16 13:00:21,915] {logging_mixin.py:109} INFO - [2024-05-16 13:00:21,915] {dag.py:2396} INFO - Sync 2 DAGs
[2024-05-16 13:00:21,919] {logging_mixin.py:109} INFO - [2024-05-16 13:00:21,919] {dag.py:2935} INFO - Setting next_dagrun for example_external_task_marker_child to None
[2024-05-16 13:00:21,919] {logging_mixin.py:109} INFO - [2024-05-16 13:00:21,919] {dag.py:2935} INFO - Setting next_dagrun for example_external_task_marker_parent to None
[2024-05-16 13:00:21,923] {processor.py:171} INFO - Processing /Users/nikhilanand/airflow_venv/lib/python3.9/site-packages/airflow/example_dags/example_external_task_marker_dag.py took 0.035 seconds
[2024-05-16 13:01:32,057] {processor.py:163} INFO - Started process (PID=92525) to work on /Users/nikhilanand/airflow_venv/lib/python3.9/site-packages/airflow/example_dags/example_external_task_marker_dag.py
[2024-05-16 13:01:32,058] {processor.py:642} INFO - Processing file /Users/nikhilanand/airflow_venv/lib/python3.9/site-packages/airflow/example_dags/example_external_task_marker_dag.py for tasks to queue
[2024-05-16 13:01:32,058] {logging_mixin.py:109} INFO - [2024-05-16 13:01:32,058] {dagbag.py:500} INFO - Filling up the DagBag from /Users/nikhilanand/airflow_venv/lib/python3.9/site-packages/airflow/example_dags/example_external_task_marker_dag.py
[2024-05-16 13:01:32,074] {processor.py:654} INFO - DAG(s) dict_keys(['example_external_task_marker_parent', 'example_external_task_marker_child']) retrieved from /Users/nikhilanand/airflow_venv/lib/python3.9/site-packages/airflow/example_dags/example_external_task_marker_dag.py
[2024-05-16 13:01:32,083] {logging_mixin.py:109} INFO - [2024-05-16 13:01:32,083] {dag.py:2396} INFO - Sync 2 DAGs
[2024-05-16 13:01:32,088] {logging_mixin.py:109} INFO - [2024-05-16 13:01:32,088] {dag.py:2935} INFO - Setting next_dagrun for example_external_task_marker_child to None
[2024-05-16 13:01:32,088] {logging_mixin.py:109} INFO - [2024-05-16 13:01:32,088] {dag.py:2935} INFO - Setting next_dagrun for example_external_task_marker_parent to None
[2024-05-16 13:01:32,091] {processor.py:171} INFO - Processing /Users/nikhilanand/airflow_venv/lib/python3.9/site-packages/airflow/example_dags/example_external_task_marker_dag.py took 0.035 seconds
[2024-05-16 13:02:42,298] {processor.py:163} INFO - Started process (PID=93348) to work on /Users/nikhilanand/airflow_venv/lib/python3.9/site-packages/airflow/example_dags/example_external_task_marker_dag.py
[2024-05-16 13:02:42,299] {processor.py:642} INFO - Processing file /Users/nikhilanand/airflow_venv/lib/python3.9/site-packages/airflow/example_dags/example_external_task_marker_dag.py for tasks to queue
[2024-05-16 13:02:42,300] {logging_mixin.py:109} INFO - [2024-05-16 13:02:42,300] {dagbag.py:500} INFO - Filling up the DagBag from /Users/nikhilanand/airflow_venv/lib/python3.9/site-packages/airflow/example_dags/example_external_task_marker_dag.py
[2024-05-16 13:02:42,316] {processor.py:654} INFO - DAG(s) dict_keys(['example_external_task_marker_parent', 'example_external_task_marker_child']) retrieved from /Users/nikhilanand/airflow_venv/lib/python3.9/site-packages/airflow/example_dags/example_external_task_marker_dag.py
[2024-05-16 13:02:42,325] {logging_mixin.py:109} INFO - [2024-05-16 13:02:42,325] {dag.py:2396} INFO - Sync 2 DAGs
[2024-05-16 13:02:42,329] {logging_mixin.py:109} INFO - [2024-05-16 13:02:42,329] {dag.py:2935} INFO - Setting next_dagrun for example_external_task_marker_child to None
[2024-05-16 13:02:42,330] {logging_mixin.py:109} INFO - [2024-05-16 13:02:42,330] {dag.py:2935} INFO - Setting next_dagrun for example_external_task_marker_parent to None
[2024-05-16 13:02:42,333] {processor.py:171} INFO - Processing /Users/nikhilanand/airflow_venv/lib/python3.9/site-packages/airflow/example_dags/example_external_task_marker_dag.py took 0.035 seconds
[2024-05-16 13:03:51,677] {processor.py:163} INFO - Started process (PID=94470) to work on /Users/nikhilanand/airflow_venv/lib/python3.9/site-packages/airflow/example_dags/example_external_task_marker_dag.py
[2024-05-16 13:03:51,678] {processor.py:642} INFO - Processing file /Users/nikhilanand/airflow_venv/lib/python3.9/site-packages/airflow/example_dags/example_external_task_marker_dag.py for tasks to queue
[2024-05-16 13:03:51,678] {logging_mixin.py:109} INFO - [2024-05-16 13:03:51,678] {dagbag.py:500} INFO - Filling up the DagBag from /Users/nikhilanand/airflow_venv/lib/python3.9/site-packages/airflow/example_dags/example_external_task_marker_dag.py
[2024-05-16 13:03:51,700] {processor.py:654} INFO - DAG(s) dict_keys(['example_external_task_marker_parent', 'example_external_task_marker_child']) retrieved from /Users/nikhilanand/airflow_venv/lib/python3.9/site-packages/airflow/example_dags/example_external_task_marker_dag.py
[2024-05-16 13:03:51,714] {logging_mixin.py:109} INFO - [2024-05-16 13:03:51,714] {dag.py:2396} INFO - Sync 2 DAGs
[2024-05-16 13:03:51,721] {logging_mixin.py:109} INFO - [2024-05-16 13:03:51,720] {dag.py:2935} INFO - Setting next_dagrun for example_external_task_marker_child to None
[2024-05-16 13:03:51,721] {logging_mixin.py:109} INFO - [2024-05-16 13:03:51,721] {dag.py:2935} INFO - Setting next_dagrun for example_external_task_marker_parent to None
[2024-05-16 13:03:51,725] {processor.py:171} INFO - Processing /Users/nikhilanand/airflow_venv/lib/python3.9/site-packages/airflow/example_dags/example_external_task_marker_dag.py took 0.048 seconds
[2024-05-16 13:05:12,369] {processor.py:163} INFO - Started process (PID=95438) to work on /Users/nikhilanand/airflow_venv/lib/python3.9/site-packages/airflow/example_dags/example_external_task_marker_dag.py
[2024-05-16 13:05:12,370] {processor.py:642} INFO - Processing file /Users/nikhilanand/airflow_venv/lib/python3.9/site-packages/airflow/example_dags/example_external_task_marker_dag.py for tasks to queue
[2024-05-16 13:05:12,370] {logging_mixin.py:109} INFO - [2024-05-16 13:05:12,370] {dagbag.py:500} INFO - Filling up the DagBag from /Users/nikhilanand/airflow_venv/lib/python3.9/site-packages/airflow/example_dags/example_external_task_marker_dag.py
[2024-05-16 13:05:12,388] {processor.py:654} INFO - DAG(s) dict_keys(['example_external_task_marker_parent', 'example_external_task_marker_child']) retrieved from /Users/nikhilanand/airflow_venv/lib/python3.9/site-packages/airflow/example_dags/example_external_task_marker_dag.py
[2024-05-16 13:05:12,399] {logging_mixin.py:109} INFO - [2024-05-16 13:05:12,399] {dag.py:2396} INFO - Sync 2 DAGs
[2024-05-16 13:05:12,403] {logging_mixin.py:109} INFO - [2024-05-16 13:05:12,403] {dag.py:2935} INFO - Setting next_dagrun for example_external_task_marker_child to None
[2024-05-16 13:05:12,403] {logging_mixin.py:109} INFO - [2024-05-16 13:05:12,403] {dag.py:2935} INFO - Setting next_dagrun for example_external_task_marker_parent to None
[2024-05-16 13:05:12,407] {processor.py:171} INFO - Processing /Users/nikhilanand/airflow_venv/lib/python3.9/site-packages/airflow/example_dags/example_external_task_marker_dag.py took 0.039 seconds
[2024-05-16 13:06:24,172] {processor.py:163} INFO - Started process (PID=96287) to work on /Users/nikhilanand/airflow_venv/lib/python3.9/site-packages/airflow/example_dags/example_external_task_marker_dag.py
[2024-05-16 13:06:24,173] {processor.py:642} INFO - Processing file /Users/nikhilanand/airflow_venv/lib/python3.9/site-packages/airflow/example_dags/example_external_task_marker_dag.py for tasks to queue
[2024-05-16 13:06:24,173] {logging_mixin.py:109} INFO - [2024-05-16 13:06:24,173] {dagbag.py:500} INFO - Filling up the DagBag from /Users/nikhilanand/airflow_venv/lib/python3.9/site-packages/airflow/example_dags/example_external_task_marker_dag.py
[2024-05-16 13:06:24,190] {processor.py:654} INFO - DAG(s) dict_keys(['example_external_task_marker_parent', 'example_external_task_marker_child']) retrieved from /Users/nikhilanand/airflow_venv/lib/python3.9/site-packages/airflow/example_dags/example_external_task_marker_dag.py
[2024-05-16 13:06:24,200] {logging_mixin.py:109} INFO - [2024-05-16 13:06:24,200] {dag.py:2396} INFO - Sync 2 DAGs
[2024-05-16 13:06:24,205] {logging_mixin.py:109} INFO - [2024-05-16 13:06:24,205] {dag.py:2935} INFO - Setting next_dagrun for example_external_task_marker_child to None
[2024-05-16 13:06:24,205] {logging_mixin.py:109} INFO - [2024-05-16 13:06:24,205] {dag.py:2935} INFO - Setting next_dagrun for example_external_task_marker_parent to None
[2024-05-16 13:06:24,209] {processor.py:171} INFO - Processing /Users/nikhilanand/airflow_venv/lib/python3.9/site-packages/airflow/example_dags/example_external_task_marker_dag.py took 0.037 seconds
[2024-05-16 13:07:38,509] {processor.py:163} INFO - Started process (PID=97143) to work on /Users/nikhilanand/airflow_venv/lib/python3.9/site-packages/airflow/example_dags/example_external_task_marker_dag.py
[2024-05-16 13:07:38,510] {processor.py:642} INFO - Processing file /Users/nikhilanand/airflow_venv/lib/python3.9/site-packages/airflow/example_dags/example_external_task_marker_dag.py for tasks to queue
[2024-05-16 13:07:38,510] {logging_mixin.py:109} INFO - [2024-05-16 13:07:38,510] {dagbag.py:500} INFO - Filling up the DagBag from /Users/nikhilanand/airflow_venv/lib/python3.9/site-packages/airflow/example_dags/example_external_task_marker_dag.py
[2024-05-16 13:07:38,527] {processor.py:654} INFO - DAG(s) dict_keys(['example_external_task_marker_parent', 'example_external_task_marker_child']) retrieved from /Users/nikhilanand/airflow_venv/lib/python3.9/site-packages/airflow/example_dags/example_external_task_marker_dag.py
[2024-05-16 13:07:38,536] {logging_mixin.py:109} INFO - [2024-05-16 13:07:38,536] {dag.py:2396} INFO - Sync 2 DAGs
[2024-05-16 13:07:38,541] {logging_mixin.py:109} INFO - [2024-05-16 13:07:38,541] {dag.py:2935} INFO - Setting next_dagrun for example_external_task_marker_child to None
[2024-05-16 13:07:38,541] {logging_mixin.py:109} INFO - [2024-05-16 13:07:38,541] {dag.py:2935} INFO - Setting next_dagrun for example_external_task_marker_parent to None
[2024-05-16 13:07:38,544] {processor.py:171} INFO - Processing /Users/nikhilanand/airflow_venv/lib/python3.9/site-packages/airflow/example_dags/example_external_task_marker_dag.py took 0.035 seconds
[2024-05-16 13:08:50,205] {processor.py:163} INFO - Started process (PID=97942) to work on /Users/nikhilanand/airflow_venv/lib/python3.9/site-packages/airflow/example_dags/example_external_task_marker_dag.py
[2024-05-16 13:08:50,206] {processor.py:642} INFO - Processing file /Users/nikhilanand/airflow_venv/lib/python3.9/site-packages/airflow/example_dags/example_external_task_marker_dag.py for tasks to queue
[2024-05-16 13:08:50,206] {logging_mixin.py:109} INFO - [2024-05-16 13:08:50,206] {dagbag.py:500} INFO - Filling up the DagBag from /Users/nikhilanand/airflow_venv/lib/python3.9/site-packages/airflow/example_dags/example_external_task_marker_dag.py
[2024-05-16 13:08:50,222] {processor.py:654} INFO - DAG(s) dict_keys(['example_external_task_marker_parent', 'example_external_task_marker_child']) retrieved from /Users/nikhilanand/airflow_venv/lib/python3.9/site-packages/airflow/example_dags/example_external_task_marker_dag.py
[2024-05-16 13:08:50,231] {logging_mixin.py:109} INFO - [2024-05-16 13:08:50,231] {dag.py:2396} INFO - Sync 2 DAGs
[2024-05-16 13:08:50,236] {logging_mixin.py:109} INFO - [2024-05-16 13:08:50,236] {dag.py:2935} INFO - Setting next_dagrun for example_external_task_marker_child to None
[2024-05-16 13:08:50,236] {logging_mixin.py:109} INFO - [2024-05-16 13:08:50,236] {dag.py:2935} INFO - Setting next_dagrun for example_external_task_marker_parent to None
[2024-05-16 13:08:50,239] {processor.py:171} INFO - Processing /Users/nikhilanand/airflow_venv/lib/python3.9/site-packages/airflow/example_dags/example_external_task_marker_dag.py took 0.035 seconds
[2024-05-16 13:10:00,857] {processor.py:163} INFO - Started process (PID=98721) to work on /Users/nikhilanand/airflow_venv/lib/python3.9/site-packages/airflow/example_dags/example_external_task_marker_dag.py
[2024-05-16 13:10:00,858] {processor.py:642} INFO - Processing file /Users/nikhilanand/airflow_venv/lib/python3.9/site-packages/airflow/example_dags/example_external_task_marker_dag.py for tasks to queue
[2024-05-16 13:10:00,858] {logging_mixin.py:109} INFO - [2024-05-16 13:10:00,858] {dagbag.py:500} INFO - Filling up the DagBag from /Users/nikhilanand/airflow_venv/lib/python3.9/site-packages/airflow/example_dags/example_external_task_marker_dag.py
[2024-05-16 13:10:00,874] {processor.py:654} INFO - DAG(s) dict_keys(['example_external_task_marker_parent', 'example_external_task_marker_child']) retrieved from /Users/nikhilanand/airflow_venv/lib/python3.9/site-packages/airflow/example_dags/example_external_task_marker_dag.py
[2024-05-16 13:10:00,883] {logging_mixin.py:109} INFO - [2024-05-16 13:10:00,883] {dag.py:2396} INFO - Sync 2 DAGs
[2024-05-16 13:10:00,887] {logging_mixin.py:109} INFO - [2024-05-16 13:10:00,887] {dag.py:2935} INFO - Setting next_dagrun for example_external_task_marker_child to None
[2024-05-16 13:10:00,888] {logging_mixin.py:109} INFO - [2024-05-16 13:10:00,888] {dag.py:2935} INFO - Setting next_dagrun for example_external_task_marker_parent to None
[2024-05-16 13:10:00,891] {processor.py:171} INFO - Processing /Users/nikhilanand/airflow_venv/lib/python3.9/site-packages/airflow/example_dags/example_external_task_marker_dag.py took 0.035 seconds
[2024-05-16 13:11:09,645] {processor.py:163} INFO - Started process (PID=99477) to work on /Users/nikhilanand/airflow_venv/lib/python3.9/site-packages/airflow/example_dags/example_external_task_marker_dag.py
[2024-05-16 13:11:09,646] {processor.py:642} INFO - Processing file /Users/nikhilanand/airflow_venv/lib/python3.9/site-packages/airflow/example_dags/example_external_task_marker_dag.py for tasks to queue
[2024-05-16 13:11:09,646] {logging_mixin.py:109} INFO - [2024-05-16 13:11:09,646] {dagbag.py:500} INFO - Filling up the DagBag from /Users/nikhilanand/airflow_venv/lib/python3.9/site-packages/airflow/example_dags/example_external_task_marker_dag.py
[2024-05-16 13:11:09,662] {processor.py:654} INFO - DAG(s) dict_keys(['example_external_task_marker_parent', 'example_external_task_marker_child']) retrieved from /Users/nikhilanand/airflow_venv/lib/python3.9/site-packages/airflow/example_dags/example_external_task_marker_dag.py
[2024-05-16 13:11:09,671] {logging_mixin.py:109} INFO - [2024-05-16 13:11:09,671] {dag.py:2396} INFO - Sync 2 DAGs
[2024-05-16 13:11:09,676] {logging_mixin.py:109} INFO - [2024-05-16 13:11:09,676] {dag.py:2935} INFO - Setting next_dagrun for example_external_task_marker_child to None
[2024-05-16 13:11:09,676] {logging_mixin.py:109} INFO - [2024-05-16 13:11:09,676] {dag.py:2935} INFO - Setting next_dagrun for example_external_task_marker_parent to None
[2024-05-16 13:11:09,679] {processor.py:171} INFO - Processing /Users/nikhilanand/airflow_venv/lib/python3.9/site-packages/airflow/example_dags/example_external_task_marker_dag.py took 0.035 seconds
[2024-05-16 13:12:19,250] {processor.py:163} INFO - Started process (PID=435) to work on /Users/nikhilanand/airflow_venv/lib/python3.9/site-packages/airflow/example_dags/example_external_task_marker_dag.py
[2024-05-16 13:12:19,251] {processor.py:642} INFO - Processing file /Users/nikhilanand/airflow_venv/lib/python3.9/site-packages/airflow/example_dags/example_external_task_marker_dag.py for tasks to queue
[2024-05-16 13:12:19,251] {logging_mixin.py:109} INFO - [2024-05-16 13:12:19,251] {dagbag.py:500} INFO - Filling up the DagBag from /Users/nikhilanand/airflow_venv/lib/python3.9/site-packages/airflow/example_dags/example_external_task_marker_dag.py
[2024-05-16 13:12:19,268] {processor.py:654} INFO - DAG(s) dict_keys(['example_external_task_marker_parent', 'example_external_task_marker_child']) retrieved from /Users/nikhilanand/airflow_venv/lib/python3.9/site-packages/airflow/example_dags/example_external_task_marker_dag.py
[2024-05-16 13:12:19,280] {logging_mixin.py:109} INFO - [2024-05-16 13:12:19,280] {dag.py:2396} INFO - Sync 2 DAGs
[2024-05-16 13:12:19,285] {logging_mixin.py:109} INFO - [2024-05-16 13:12:19,285] {dag.py:2935} INFO - Setting next_dagrun for example_external_task_marker_child to None
[2024-05-16 13:12:19,285] {logging_mixin.py:109} INFO - [2024-05-16 13:12:19,285] {dag.py:2935} INFO - Setting next_dagrun for example_external_task_marker_parent to None
[2024-05-16 13:12:19,289] {processor.py:171} INFO - Processing /Users/nikhilanand/airflow_venv/lib/python3.9/site-packages/airflow/example_dags/example_external_task_marker_dag.py took 0.039 seconds
[2024-05-16 13:13:40,003] {processor.py:163} INFO - Started process (PID=1573) to work on /Users/nikhilanand/airflow_venv/lib/python3.9/site-packages/airflow/example_dags/example_external_task_marker_dag.py
[2024-05-16 13:13:40,004] {processor.py:642} INFO - Processing file /Users/nikhilanand/airflow_venv/lib/python3.9/site-packages/airflow/example_dags/example_external_task_marker_dag.py for tasks to queue
[2024-05-16 13:13:40,004] {logging_mixin.py:109} INFO - [2024-05-16 13:13:40,004] {dagbag.py:500} INFO - Filling up the DagBag from /Users/nikhilanand/airflow_venv/lib/python3.9/site-packages/airflow/example_dags/example_external_task_marker_dag.py
[2024-05-16 13:13:40,021] {processor.py:654} INFO - DAG(s) dict_keys(['example_external_task_marker_parent', 'example_external_task_marker_child']) retrieved from /Users/nikhilanand/airflow_venv/lib/python3.9/site-packages/airflow/example_dags/example_external_task_marker_dag.py
[2024-05-16 13:13:40,031] {logging_mixin.py:109} INFO - [2024-05-16 13:13:40,031] {dag.py:2396} INFO - Sync 2 DAGs
[2024-05-16 13:13:40,035] {logging_mixin.py:109} INFO - [2024-05-16 13:13:40,035] {dag.py:2935} INFO - Setting next_dagrun for example_external_task_marker_child to None
[2024-05-16 13:13:40,035] {logging_mixin.py:109} INFO - [2024-05-16 13:13:40,035] {dag.py:2935} INFO - Setting next_dagrun for example_external_task_marker_parent to None
[2024-05-16 13:13:40,039] {processor.py:171} INFO - Processing /Users/nikhilanand/airflow_venv/lib/python3.9/site-packages/airflow/example_dags/example_external_task_marker_dag.py took 0.036 seconds
[2024-05-16 13:14:48,657] {processor.py:163} INFO - Started process (PID=2399) to work on /Users/nikhilanand/airflow_venv/lib/python3.9/site-packages/airflow/example_dags/example_external_task_marker_dag.py
[2024-05-16 13:14:48,659] {processor.py:642} INFO - Processing file /Users/nikhilanand/airflow_venv/lib/python3.9/site-packages/airflow/example_dags/example_external_task_marker_dag.py for tasks to queue
[2024-05-16 13:14:48,659] {logging_mixin.py:109} INFO - [2024-05-16 13:14:48,659] {dagbag.py:500} INFO - Filling up the DagBag from /Users/nikhilanand/airflow_venv/lib/python3.9/site-packages/airflow/example_dags/example_external_task_marker_dag.py
[2024-05-16 13:14:48,675] {processor.py:654} INFO - DAG(s) dict_keys(['example_external_task_marker_parent', 'example_external_task_marker_child']) retrieved from /Users/nikhilanand/airflow_venv/lib/python3.9/site-packages/airflow/example_dags/example_external_task_marker_dag.py
[2024-05-16 13:14:48,685] {logging_mixin.py:109} INFO - [2024-05-16 13:14:48,685] {dag.py:2396} INFO - Sync 2 DAGs
[2024-05-16 13:14:48,689] {logging_mixin.py:109} INFO - [2024-05-16 13:14:48,689] {dag.py:2935} INFO - Setting next_dagrun for example_external_task_marker_child to None
[2024-05-16 13:14:48,689] {logging_mixin.py:109} INFO - [2024-05-16 13:14:48,689] {dag.py:2935} INFO - Setting next_dagrun for example_external_task_marker_parent to None
[2024-05-16 13:14:48,693] {processor.py:171} INFO - Processing /Users/nikhilanand/airflow_venv/lib/python3.9/site-packages/airflow/example_dags/example_external_task_marker_dag.py took 0.036 seconds
[2024-05-16 13:15:57,609] {processor.py:163} INFO - Started process (PID=3635) to work on /Users/nikhilanand/airflow_venv/lib/python3.9/site-packages/airflow/example_dags/example_external_task_marker_dag.py
[2024-05-16 13:15:57,610] {processor.py:642} INFO - Processing file /Users/nikhilanand/airflow_venv/lib/python3.9/site-packages/airflow/example_dags/example_external_task_marker_dag.py for tasks to queue
[2024-05-16 13:15:57,611] {logging_mixin.py:109} INFO - [2024-05-16 13:15:57,611] {dagbag.py:500} INFO - Filling up the DagBag from /Users/nikhilanand/airflow_venv/lib/python3.9/site-packages/airflow/example_dags/example_external_task_marker_dag.py
[2024-05-16 13:15:57,627] {processor.py:654} INFO - DAG(s) dict_keys(['example_external_task_marker_parent', 'example_external_task_marker_child']) retrieved from /Users/nikhilanand/airflow_venv/lib/python3.9/site-packages/airflow/example_dags/example_external_task_marker_dag.py
[2024-05-16 13:15:57,637] {logging_mixin.py:109} INFO - [2024-05-16 13:15:57,637] {dag.py:2396} INFO - Sync 2 DAGs
[2024-05-16 13:15:57,641] {logging_mixin.py:109} INFO - [2024-05-16 13:15:57,641] {dag.py:2935} INFO - Setting next_dagrun for example_external_task_marker_child to None
[2024-05-16 13:15:57,641] {logging_mixin.py:109} INFO - [2024-05-16 13:15:57,641] {dag.py:2935} INFO - Setting next_dagrun for example_external_task_marker_parent to None
[2024-05-16 13:15:57,645] {processor.py:171} INFO - Processing /Users/nikhilanand/airflow_venv/lib/python3.9/site-packages/airflow/example_dags/example_external_task_marker_dag.py took 0.036 seconds
[2024-05-16 13:17:12,391] {processor.py:163} INFO - Started process (PID=4502) to work on /Users/nikhilanand/airflow_venv/lib/python3.9/site-packages/airflow/example_dags/example_external_task_marker_dag.py
[2024-05-16 13:17:12,392] {processor.py:642} INFO - Processing file /Users/nikhilanand/airflow_venv/lib/python3.9/site-packages/airflow/example_dags/example_external_task_marker_dag.py for tasks to queue
[2024-05-16 13:17:12,392] {logging_mixin.py:109} INFO - [2024-05-16 13:17:12,392] {dagbag.py:500} INFO - Filling up the DagBag from /Users/nikhilanand/airflow_venv/lib/python3.9/site-packages/airflow/example_dags/example_external_task_marker_dag.py
[2024-05-16 13:17:12,408] {processor.py:654} INFO - DAG(s) dict_keys(['example_external_task_marker_parent', 'example_external_task_marker_child']) retrieved from /Users/nikhilanand/airflow_venv/lib/python3.9/site-packages/airflow/example_dags/example_external_task_marker_dag.py
[2024-05-16 13:17:12,420] {logging_mixin.py:109} INFO - [2024-05-16 13:17:12,420] {dag.py:2396} INFO - Sync 2 DAGs
[2024-05-16 13:17:12,426] {logging_mixin.py:109} INFO - [2024-05-16 13:17:12,426] {dag.py:2935} INFO - Setting next_dagrun for example_external_task_marker_child to None
[2024-05-16 13:17:12,426] {logging_mixin.py:109} INFO - [2024-05-16 13:17:12,426] {dag.py:2935} INFO - Setting next_dagrun for example_external_task_marker_parent to None
[2024-05-16 13:17:12,429] {processor.py:171} INFO - Processing /Users/nikhilanand/airflow_venv/lib/python3.9/site-packages/airflow/example_dags/example_external_task_marker_dag.py took 0.039 seconds
[2024-05-16 13:18:22,161] {processor.py:163} INFO - Started process (PID=5338) to work on /Users/nikhilanand/airflow_venv/lib/python3.9/site-packages/airflow/example_dags/example_external_task_marker_dag.py
[2024-05-16 13:18:22,162] {processor.py:642} INFO - Processing file /Users/nikhilanand/airflow_venv/lib/python3.9/site-packages/airflow/example_dags/example_external_task_marker_dag.py for tasks to queue
[2024-05-16 13:18:22,162] {logging_mixin.py:109} INFO - [2024-05-16 13:18:22,162] {dagbag.py:500} INFO - Filling up the DagBag from /Users/nikhilanand/airflow_venv/lib/python3.9/site-packages/airflow/example_dags/example_external_task_marker_dag.py
[2024-05-16 13:18:22,179] {processor.py:654} INFO - DAG(s) dict_keys(['example_external_task_marker_parent', 'example_external_task_marker_child']) retrieved from /Users/nikhilanand/airflow_venv/lib/python3.9/site-packages/airflow/example_dags/example_external_task_marker_dag.py
[2024-05-16 13:18:22,190] {logging_mixin.py:109} INFO - [2024-05-16 13:18:22,190] {dag.py:2396} INFO - Sync 2 DAGs
[2024-05-16 13:18:22,194] {logging_mixin.py:109} INFO - [2024-05-16 13:18:22,194] {dag.py:2935} INFO - Setting next_dagrun for example_external_task_marker_child to None
[2024-05-16 13:18:22,195] {logging_mixin.py:109} INFO - [2024-05-16 13:18:22,195] {dag.py:2935} INFO - Setting next_dagrun for example_external_task_marker_parent to None
[2024-05-16 13:18:22,198] {processor.py:171} INFO - Processing /Users/nikhilanand/airflow_venv/lib/python3.9/site-packages/airflow/example_dags/example_external_task_marker_dag.py took 0.038 seconds
[2024-05-16 13:19:29,604] {processor.py:163} INFO - Started process (PID=6149) to work on /Users/nikhilanand/airflow_venv/lib/python3.9/site-packages/airflow/example_dags/example_external_task_marker_dag.py
[2024-05-16 13:19:29,604] {processor.py:642} INFO - Processing file /Users/nikhilanand/airflow_venv/lib/python3.9/site-packages/airflow/example_dags/example_external_task_marker_dag.py for tasks to queue
[2024-05-16 13:19:29,604] {logging_mixin.py:109} INFO - [2024-05-16 13:19:29,604] {dagbag.py:500} INFO - Filling up the DagBag from /Users/nikhilanand/airflow_venv/lib/python3.9/site-packages/airflow/example_dags/example_external_task_marker_dag.py
[2024-05-16 13:19:29,621] {processor.py:654} INFO - DAG(s) dict_keys(['example_external_task_marker_parent', 'example_external_task_marker_child']) retrieved from /Users/nikhilanand/airflow_venv/lib/python3.9/site-packages/airflow/example_dags/example_external_task_marker_dag.py
[2024-05-16 13:19:29,630] {logging_mixin.py:109} INFO - [2024-05-16 13:19:29,630] {dag.py:2396} INFO - Sync 2 DAGs
[2024-05-16 13:19:29,635] {logging_mixin.py:109} INFO - [2024-05-16 13:19:29,635] {dag.py:2935} INFO - Setting next_dagrun for example_external_task_marker_child to None
[2024-05-16 13:19:29,635] {logging_mixin.py:109} INFO - [2024-05-16 13:19:29,635] {dag.py:2935} INFO - Setting next_dagrun for example_external_task_marker_parent to None
[2024-05-16 13:19:29,639] {processor.py:171} INFO - Processing /Users/nikhilanand/airflow_venv/lib/python3.9/site-packages/airflow/example_dags/example_external_task_marker_dag.py took 0.035 seconds
[2024-05-16 13:20:38,120] {processor.py:163} INFO - Started process (PID=6956) to work on /Users/nikhilanand/airflow_venv/lib/python3.9/site-packages/airflow/example_dags/example_external_task_marker_dag.py
[2024-05-16 13:20:38,120] {processor.py:642} INFO - Processing file /Users/nikhilanand/airflow_venv/lib/python3.9/site-packages/airflow/example_dags/example_external_task_marker_dag.py for tasks to queue
[2024-05-16 13:20:38,120] {logging_mixin.py:109} INFO - [2024-05-16 13:20:38,120] {dagbag.py:500} INFO - Filling up the DagBag from /Users/nikhilanand/airflow_venv/lib/python3.9/site-packages/airflow/example_dags/example_external_task_marker_dag.py
[2024-05-16 13:20:38,137] {processor.py:654} INFO - DAG(s) dict_keys(['example_external_task_marker_parent', 'example_external_task_marker_child']) retrieved from /Users/nikhilanand/airflow_venv/lib/python3.9/site-packages/airflow/example_dags/example_external_task_marker_dag.py
[2024-05-16 13:20:38,146] {logging_mixin.py:109} INFO - [2024-05-16 13:20:38,146] {dag.py:2396} INFO - Sync 2 DAGs
[2024-05-16 13:20:38,151] {logging_mixin.py:109} INFO - [2024-05-16 13:20:38,151] {dag.py:2935} INFO - Setting next_dagrun for example_external_task_marker_child to None
[2024-05-16 13:20:38,151] {logging_mixin.py:109} INFO - [2024-05-16 13:20:38,151] {dag.py:2935} INFO - Setting next_dagrun for example_external_task_marker_parent to None
[2024-05-16 13:20:38,155] {processor.py:171} INFO - Processing /Users/nikhilanand/airflow_venv/lib/python3.9/site-packages/airflow/example_dags/example_external_task_marker_dag.py took 0.035 seconds
[2024-05-16 13:21:46,953] {processor.py:163} INFO - Started process (PID=7764) to work on /Users/nikhilanand/airflow_venv/lib/python3.9/site-packages/airflow/example_dags/example_external_task_marker_dag.py
[2024-05-16 13:21:46,954] {processor.py:642} INFO - Processing file /Users/nikhilanand/airflow_venv/lib/python3.9/site-packages/airflow/example_dags/example_external_task_marker_dag.py for tasks to queue
[2024-05-16 13:21:46,955] {logging_mixin.py:109} INFO - [2024-05-16 13:21:46,955] {dagbag.py:500} INFO - Filling up the DagBag from /Users/nikhilanand/airflow_venv/lib/python3.9/site-packages/airflow/example_dags/example_external_task_marker_dag.py
[2024-05-16 13:21:46,971] {processor.py:654} INFO - DAG(s) dict_keys(['example_external_task_marker_parent', 'example_external_task_marker_child']) retrieved from /Users/nikhilanand/airflow_venv/lib/python3.9/site-packages/airflow/example_dags/example_external_task_marker_dag.py
[2024-05-16 13:21:46,980] {logging_mixin.py:109} INFO - [2024-05-16 13:21:46,980] {dag.py:2396} INFO - Sync 2 DAGs
[2024-05-16 13:21:46,984] {logging_mixin.py:109} INFO - [2024-05-16 13:21:46,984] {dag.py:2935} INFO - Setting next_dagrun for example_external_task_marker_child to None
[2024-05-16 13:21:46,985] {logging_mixin.py:109} INFO - [2024-05-16 13:21:46,984] {dag.py:2935} INFO - Setting next_dagrun for example_external_task_marker_parent to None
[2024-05-16 13:21:46,988] {processor.py:171} INFO - Processing /Users/nikhilanand/airflow_venv/lib/python3.9/site-packages/airflow/example_dags/example_external_task_marker_dag.py took 0.035 seconds
[2024-05-16 13:22:53,889] {processor.py:163} INFO - Started process (PID=8552) to work on /Users/nikhilanand/airflow_venv/lib/python3.9/site-packages/airflow/example_dags/example_external_task_marker_dag.py
[2024-05-16 13:22:53,890] {processor.py:642} INFO - Processing file /Users/nikhilanand/airflow_venv/lib/python3.9/site-packages/airflow/example_dags/example_external_task_marker_dag.py for tasks to queue
[2024-05-16 13:22:53,890] {logging_mixin.py:109} INFO - [2024-05-16 13:22:53,890] {dagbag.py:500} INFO - Filling up the DagBag from /Users/nikhilanand/airflow_venv/lib/python3.9/site-packages/airflow/example_dags/example_external_task_marker_dag.py
[2024-05-16 13:22:53,906] {processor.py:654} INFO - DAG(s) dict_keys(['example_external_task_marker_parent', 'example_external_task_marker_child']) retrieved from /Users/nikhilanand/airflow_venv/lib/python3.9/site-packages/airflow/example_dags/example_external_task_marker_dag.py
[2024-05-16 13:22:53,916] {logging_mixin.py:109} INFO - [2024-05-16 13:22:53,916] {dag.py:2396} INFO - Sync 2 DAGs
[2024-05-16 13:22:53,920] {logging_mixin.py:109} INFO - [2024-05-16 13:22:53,920] {dag.py:2935} INFO - Setting next_dagrun for example_external_task_marker_child to None
[2024-05-16 13:22:53,920] {logging_mixin.py:109} INFO - [2024-05-16 13:22:53,920] {dag.py:2935} INFO - Setting next_dagrun for example_external_task_marker_parent to None
[2024-05-16 13:22:53,924] {processor.py:171} INFO - Processing /Users/nikhilanand/airflow_venv/lib/python3.9/site-packages/airflow/example_dags/example_external_task_marker_dag.py took 0.035 seconds
[2024-05-16 13:24:01,775] {processor.py:163} INFO - Started process (PID=9357) to work on /Users/nikhilanand/airflow_venv/lib/python3.9/site-packages/airflow/example_dags/example_external_task_marker_dag.py
[2024-05-16 13:24:01,775] {processor.py:642} INFO - Processing file /Users/nikhilanand/airflow_venv/lib/python3.9/site-packages/airflow/example_dags/example_external_task_marker_dag.py for tasks to queue
[2024-05-16 13:24:01,776] {logging_mixin.py:109} INFO - [2024-05-16 13:24:01,776] {dagbag.py:500} INFO - Filling up the DagBag from /Users/nikhilanand/airflow_venv/lib/python3.9/site-packages/airflow/example_dags/example_external_task_marker_dag.py
[2024-05-16 13:24:01,791] {processor.py:654} INFO - DAG(s) dict_keys(['example_external_task_marker_parent', 'example_external_task_marker_child']) retrieved from /Users/nikhilanand/airflow_venv/lib/python3.9/site-packages/airflow/example_dags/example_external_task_marker_dag.py
[2024-05-16 13:24:01,800] {logging_mixin.py:109} INFO - [2024-05-16 13:24:01,800] {dag.py:2396} INFO - Sync 2 DAGs
[2024-05-16 13:24:01,805] {logging_mixin.py:109} INFO - [2024-05-16 13:24:01,804] {dag.py:2935} INFO - Setting next_dagrun for example_external_task_marker_child to None
[2024-05-16 13:24:01,805] {logging_mixin.py:109} INFO - [2024-05-16 13:24:01,805] {dag.py:2935} INFO - Setting next_dagrun for example_external_task_marker_parent to None
[2024-05-16 13:24:01,809] {processor.py:171} INFO - Processing /Users/nikhilanand/airflow_venv/lib/python3.9/site-packages/airflow/example_dags/example_external_task_marker_dag.py took 0.034 seconds
[2024-05-16 13:25:11,046] {processor.py:163} INFO - Started process (PID=10535) to work on /Users/nikhilanand/airflow_venv/lib/python3.9/site-packages/airflow/example_dags/example_external_task_marker_dag.py
[2024-05-16 13:25:11,048] {processor.py:642} INFO - Processing file /Users/nikhilanand/airflow_venv/lib/python3.9/site-packages/airflow/example_dags/example_external_task_marker_dag.py for tasks to queue
[2024-05-16 13:25:11,048] {logging_mixin.py:109} INFO - [2024-05-16 13:25:11,048] {dagbag.py:500} INFO - Filling up the DagBag from /Users/nikhilanand/airflow_venv/lib/python3.9/site-packages/airflow/example_dags/example_external_task_marker_dag.py
[2024-05-16 13:25:11,064] {processor.py:654} INFO - DAG(s) dict_keys(['example_external_task_marker_parent', 'example_external_task_marker_child']) retrieved from /Users/nikhilanand/airflow_venv/lib/python3.9/site-packages/airflow/example_dags/example_external_task_marker_dag.py
[2024-05-16 13:25:11,074] {logging_mixin.py:109} INFO - [2024-05-16 13:25:11,074] {dag.py:2396} INFO - Sync 2 DAGs
[2024-05-16 13:25:11,078] {logging_mixin.py:109} INFO - [2024-05-16 13:25:11,078] {dag.py:2935} INFO - Setting next_dagrun for example_external_task_marker_child to None
[2024-05-16 13:25:11,078] {logging_mixin.py:109} INFO - [2024-05-16 13:25:11,078] {dag.py:2935} INFO - Setting next_dagrun for example_external_task_marker_parent to None
[2024-05-16 13:25:11,082] {processor.py:171} INFO - Processing /Users/nikhilanand/airflow_venv/lib/python3.9/site-packages/airflow/example_dags/example_external_task_marker_dag.py took 0.035 seconds
[2024-05-16 13:26:19,603] {processor.py:163} INFO - Started process (PID=11336) to work on /Users/nikhilanand/airflow_venv/lib/python3.9/site-packages/airflow/example_dags/example_external_task_marker_dag.py
[2024-05-16 13:26:19,603] {processor.py:642} INFO - Processing file /Users/nikhilanand/airflow_venv/lib/python3.9/site-packages/airflow/example_dags/example_external_task_marker_dag.py for tasks to queue
[2024-05-16 13:26:19,603] {logging_mixin.py:109} INFO - [2024-05-16 13:26:19,603] {dagbag.py:500} INFO - Filling up the DagBag from /Users/nikhilanand/airflow_venv/lib/python3.9/site-packages/airflow/example_dags/example_external_task_marker_dag.py
[2024-05-16 13:26:19,620] {processor.py:654} INFO - DAG(s) dict_keys(['example_external_task_marker_parent', 'example_external_task_marker_child']) retrieved from /Users/nikhilanand/airflow_venv/lib/python3.9/site-packages/airflow/example_dags/example_external_task_marker_dag.py
[2024-05-16 13:26:19,630] {logging_mixin.py:109} INFO - [2024-05-16 13:26:19,630] {dag.py:2396} INFO - Sync 2 DAGs
[2024-05-16 13:26:19,634] {logging_mixin.py:109} INFO - [2024-05-16 13:26:19,634] {dag.py:2935} INFO - Setting next_dagrun for example_external_task_marker_child to None
[2024-05-16 13:26:19,634] {logging_mixin.py:109} INFO - [2024-05-16 13:26:19,634] {dag.py:2935} INFO - Setting next_dagrun for example_external_task_marker_parent to None
[2024-05-16 13:26:19,638] {processor.py:171} INFO - Processing /Users/nikhilanand/airflow_venv/lib/python3.9/site-packages/airflow/example_dags/example_external_task_marker_dag.py took 0.036 seconds
[2024-05-16 13:27:26,913] {processor.py:163} INFO - Started process (PID=12130) to work on /Users/nikhilanand/airflow_venv/lib/python3.9/site-packages/airflow/example_dags/example_external_task_marker_dag.py
[2024-05-16 13:27:26,914] {processor.py:642} INFO - Processing file /Users/nikhilanand/airflow_venv/lib/python3.9/site-packages/airflow/example_dags/example_external_task_marker_dag.py for tasks to queue
[2024-05-16 13:27:26,914] {logging_mixin.py:109} INFO - [2024-05-16 13:27:26,914] {dagbag.py:500} INFO - Filling up the DagBag from /Users/nikhilanand/airflow_venv/lib/python3.9/site-packages/airflow/example_dags/example_external_task_marker_dag.py
[2024-05-16 13:27:26,947] {processor.py:654} INFO - DAG(s) dict_keys(['example_external_task_marker_parent', 'example_external_task_marker_child']) retrieved from /Users/nikhilanand/airflow_venv/lib/python3.9/site-packages/airflow/example_dags/example_external_task_marker_dag.py
[2024-05-16 13:27:26,973] {logging_mixin.py:109} INFO - [2024-05-16 13:27:26,973] {dag.py:2396} INFO - Sync 2 DAGs
[2024-05-16 13:27:26,987] {logging_mixin.py:109} INFO - [2024-05-16 13:27:26,986] {dag.py:2935} INFO - Setting next_dagrun for example_external_task_marker_child to None
[2024-05-16 13:27:26,987] {logging_mixin.py:109} INFO - [2024-05-16 13:27:26,987] {dag.py:2935} INFO - Setting next_dagrun for example_external_task_marker_parent to None
[2024-05-16 13:27:26,992] {processor.py:171} INFO - Processing /Users/nikhilanand/airflow_venv/lib/python3.9/site-packages/airflow/example_dags/example_external_task_marker_dag.py took 0.080 seconds
[2024-05-16 13:28:58,735] {processor.py:163} INFO - Started process (PID=13246) to work on /Users/nikhilanand/airflow_venv/lib/python3.9/site-packages/airflow/example_dags/example_external_task_marker_dag.py
[2024-05-16 13:28:58,736] {processor.py:642} INFO - Processing file /Users/nikhilanand/airflow_venv/lib/python3.9/site-packages/airflow/example_dags/example_external_task_marker_dag.py for tasks to queue
[2024-05-16 13:28:58,736] {logging_mixin.py:109} INFO - [2024-05-16 13:28:58,736] {dagbag.py:500} INFO - Filling up the DagBag from /Users/nikhilanand/airflow_venv/lib/python3.9/site-packages/airflow/example_dags/example_external_task_marker_dag.py
[2024-05-16 13:28:58,752] {processor.py:654} INFO - DAG(s) dict_keys(['example_external_task_marker_parent', 'example_external_task_marker_child']) retrieved from /Users/nikhilanand/airflow_venv/lib/python3.9/site-packages/airflow/example_dags/example_external_task_marker_dag.py
[2024-05-16 13:28:58,762] {logging_mixin.py:109} INFO - [2024-05-16 13:28:58,762] {dag.py:2396} INFO - Sync 2 DAGs
[2024-05-16 13:28:58,770] {logging_mixin.py:109} INFO - [2024-05-16 13:28:58,770] {dag.py:2935} INFO - Setting next_dagrun for example_external_task_marker_child to None
[2024-05-16 13:28:58,770] {logging_mixin.py:109} INFO - [2024-05-16 13:28:58,770] {dag.py:2935} INFO - Setting next_dagrun for example_external_task_marker_parent to None
[2024-05-16 13:28:58,774] {processor.py:171} INFO - Processing /Users/nikhilanand/airflow_venv/lib/python3.9/site-packages/airflow/example_dags/example_external_task_marker_dag.py took 0.039 seconds
[2024-05-16 13:30:07,349] {processor.py:163} INFO - Started process (PID=14059) to work on /Users/nikhilanand/airflow_venv/lib/python3.9/site-packages/airflow/example_dags/example_external_task_marker_dag.py
[2024-05-16 13:30:07,349] {processor.py:642} INFO - Processing file /Users/nikhilanand/airflow_venv/lib/python3.9/site-packages/airflow/example_dags/example_external_task_marker_dag.py for tasks to queue
[2024-05-16 13:30:07,349] {logging_mixin.py:109} INFO - [2024-05-16 13:30:07,349] {dagbag.py:500} INFO - Filling up the DagBag from /Users/nikhilanand/airflow_venv/lib/python3.9/site-packages/airflow/example_dags/example_external_task_marker_dag.py
[2024-05-16 13:30:07,365] {processor.py:654} INFO - DAG(s) dict_keys(['example_external_task_marker_parent', 'example_external_task_marker_child']) retrieved from /Users/nikhilanand/airflow_venv/lib/python3.9/site-packages/airflow/example_dags/example_external_task_marker_dag.py
[2024-05-16 13:30:07,375] {logging_mixin.py:109} INFO - [2024-05-16 13:30:07,375] {dag.py:2396} INFO - Sync 2 DAGs
[2024-05-16 13:30:07,379] {logging_mixin.py:109} INFO - [2024-05-16 13:30:07,379] {dag.py:2935} INFO - Setting next_dagrun for example_external_task_marker_child to None
[2024-05-16 13:30:07,379] {logging_mixin.py:109} INFO - [2024-05-16 13:30:07,379] {dag.py:2935} INFO - Setting next_dagrun for example_external_task_marker_parent to None
[2024-05-16 13:30:07,383] {processor.py:171} INFO - Processing /Users/nikhilanand/airflow_venv/lib/python3.9/site-packages/airflow/example_dags/example_external_task_marker_dag.py took 0.035 seconds
[2024-05-16 13:31:18,873] {processor.py:163} INFO - Started process (PID=14914) to work on /Users/nikhilanand/airflow_venv/lib/python3.9/site-packages/airflow/example_dags/example_external_task_marker_dag.py
[2024-05-16 13:31:18,874] {processor.py:642} INFO - Processing file /Users/nikhilanand/airflow_venv/lib/python3.9/site-packages/airflow/example_dags/example_external_task_marker_dag.py for tasks to queue
[2024-05-16 13:31:18,874] {logging_mixin.py:109} INFO - [2024-05-16 13:31:18,874] {dagbag.py:500} INFO - Filling up the DagBag from /Users/nikhilanand/airflow_venv/lib/python3.9/site-packages/airflow/example_dags/example_external_task_marker_dag.py
[2024-05-16 13:31:18,893] {processor.py:654} INFO - DAG(s) dict_keys(['example_external_task_marker_parent', 'example_external_task_marker_child']) retrieved from /Users/nikhilanand/airflow_venv/lib/python3.9/site-packages/airflow/example_dags/example_external_task_marker_dag.py
[2024-05-16 13:31:18,906] {logging_mixin.py:109} INFO - [2024-05-16 13:31:18,906] {dag.py:2396} INFO - Sync 2 DAGs
[2024-05-16 13:31:18,911] {logging_mixin.py:109} INFO - [2024-05-16 13:31:18,911] {dag.py:2935} INFO - Setting next_dagrun for example_external_task_marker_child to None
[2024-05-16 13:31:18,911] {logging_mixin.py:109} INFO - [2024-05-16 13:31:18,911] {dag.py:2935} INFO - Setting next_dagrun for example_external_task_marker_parent to None
[2024-05-16 13:31:18,916] {processor.py:171} INFO - Processing /Users/nikhilanand/airflow_venv/lib/python3.9/site-packages/airflow/example_dags/example_external_task_marker_dag.py took 0.044 seconds
[2024-05-16 13:32:27,627] {processor.py:163} INFO - Started process (PID=15753) to work on /Users/nikhilanand/airflow_venv/lib/python3.9/site-packages/airflow/example_dags/example_external_task_marker_dag.py
[2024-05-16 13:32:27,628] {processor.py:642} INFO - Processing file /Users/nikhilanand/airflow_venv/lib/python3.9/site-packages/airflow/example_dags/example_external_task_marker_dag.py for tasks to queue
[2024-05-16 13:32:27,628] {logging_mixin.py:109} INFO - [2024-05-16 13:32:27,628] {dagbag.py:500} INFO - Filling up the DagBag from /Users/nikhilanand/airflow_venv/lib/python3.9/site-packages/airflow/example_dags/example_external_task_marker_dag.py
[2024-05-16 13:32:27,643] {processor.py:654} INFO - DAG(s) dict_keys(['example_external_task_marker_parent', 'example_external_task_marker_child']) retrieved from /Users/nikhilanand/airflow_venv/lib/python3.9/site-packages/airflow/example_dags/example_external_task_marker_dag.py
[2024-05-16 13:32:27,653] {logging_mixin.py:109} INFO - [2024-05-16 13:32:27,653] {dag.py:2396} INFO - Sync 2 DAGs
[2024-05-16 13:32:27,657] {logging_mixin.py:109} INFO - [2024-05-16 13:32:27,657] {dag.py:2935} INFO - Setting next_dagrun for example_external_task_marker_child to None
[2024-05-16 13:32:27,657] {logging_mixin.py:109} INFO - [2024-05-16 13:32:27,657] {dag.py:2935} INFO - Setting next_dagrun for example_external_task_marker_parent to None
[2024-05-16 13:32:27,661] {processor.py:171} INFO - Processing /Users/nikhilanand/airflow_venv/lib/python3.9/site-packages/airflow/example_dags/example_external_task_marker_dag.py took 0.034 seconds
