[2024-05-16 12:54:10,498] {processor.py:163} INFO - Started process (PID=87340) to work on /Users/nikhilanand/airflow_venv/lib/python3.9/site-packages/airflow/example_dags/example_subdag_operator.py
[2024-05-16 12:54:10,498] {processor.py:642} INFO - Processing file /Users/nikhilanand/airflow_venv/lib/python3.9/site-packages/airflow/example_dags/example_subdag_operator.py for tasks to queue
[2024-05-16 12:54:10,498] {logging_mixin.py:109} INFO - [2024-05-16 12:54:10,498] {dagbag.py:500} INFO - Filling up the DagBag from /Users/nikhilanand/airflow_venv/lib/python3.9/site-packages/airflow/example_dags/example_subdag_operator.py
[2024-05-16 12:54:10,519] {processor.py:654} INFO - DAG(s) dict_keys(['example_subdag_operator.section-1', 'example_subdag_operator.section-2', 'example_subdag_operator']) retrieved from /Users/nikhilanand/airflow_venv/lib/python3.9/site-packages/airflow/example_dags/example_subdag_operator.py
[2024-05-16 12:54:10,528] {logging_mixin.py:109} INFO - [2024-05-16 12:54:10,528] {dag.py:2396} INFO - Sync 3 DAGs
[2024-05-16 12:54:10,533] {logging_mixin.py:109} INFO - [2024-05-16 12:54:10,533] {dag.py:2935} INFO - Setting next_dagrun for example_subdag_operator to 2024-05-14T00:00:00+00:00
[2024-05-16 12:54:10,533] {logging_mixin.py:109} INFO - [2024-05-16 12:54:10,533] {dag.py:2935} INFO - Setting next_dagrun for example_subdag_operator.section-1 to None
[2024-05-16 12:54:10,533] {logging_mixin.py:109} INFO - [2024-05-16 12:54:10,533] {dag.py:2935} INFO - Setting next_dagrun for example_subdag_operator.section-2 to None
[2024-05-16 12:54:10,535] {logging_mixin.py:109} INFO - [2024-05-16 12:54:10,535] {dag.py:2396} INFO - Sync 2 DAGs
[2024-05-16 12:54:10,538] {logging_mixin.py:109} INFO - [2024-05-16 12:54:10,538] {dag.py:2935} INFO - Setting next_dagrun for example_subdag_operator.section-1 to None
[2024-05-16 12:54:10,538] {logging_mixin.py:109} INFO - [2024-05-16 12:54:10,538] {dag.py:2935} INFO - Setting next_dagrun for example_subdag_operator.section-2 to None
[2024-05-16 12:54:10,540] {processor.py:171} INFO - Processing /Users/nikhilanand/airflow_venv/lib/python3.9/site-packages/airflow/example_dags/example_subdag_operator.py took 0.043 seconds
[2024-05-16 12:55:16,592] {processor.py:163} INFO - Started process (PID=88140) to work on /Users/nikhilanand/airflow_venv/lib/python3.9/site-packages/airflow/example_dags/example_subdag_operator.py
[2024-05-16 12:55:16,593] {processor.py:642} INFO - Processing file /Users/nikhilanand/airflow_venv/lib/python3.9/site-packages/airflow/example_dags/example_subdag_operator.py for tasks to queue
[2024-05-16 12:55:16,593] {logging_mixin.py:109} INFO - [2024-05-16 12:55:16,593] {dagbag.py:500} INFO - Filling up the DagBag from /Users/nikhilanand/airflow_venv/lib/python3.9/site-packages/airflow/example_dags/example_subdag_operator.py
[2024-05-16 12:55:16,614] {processor.py:654} INFO - DAG(s) dict_keys(['example_subdag_operator.section-1', 'example_subdag_operator.section-2', 'example_subdag_operator']) retrieved from /Users/nikhilanand/airflow_venv/lib/python3.9/site-packages/airflow/example_dags/example_subdag_operator.py
[2024-05-16 12:55:16,623] {logging_mixin.py:109} INFO - [2024-05-16 12:55:16,623] {dag.py:2396} INFO - Sync 3 DAGs
[2024-05-16 12:55:16,628] {logging_mixin.py:109} INFO - [2024-05-16 12:55:16,628] {dag.py:2935} INFO - Setting next_dagrun for example_subdag_operator to 2024-05-14T00:00:00+00:00
[2024-05-16 12:55:16,628] {logging_mixin.py:109} INFO - [2024-05-16 12:55:16,628] {dag.py:2935} INFO - Setting next_dagrun for example_subdag_operator.section-1 to None
[2024-05-16 12:55:16,628] {logging_mixin.py:109} INFO - [2024-05-16 12:55:16,628] {dag.py:2935} INFO - Setting next_dagrun for example_subdag_operator.section-2 to None
[2024-05-16 12:55:16,630] {logging_mixin.py:109} INFO - [2024-05-16 12:55:16,629] {dag.py:2396} INFO - Sync 2 DAGs
[2024-05-16 12:55:16,632] {logging_mixin.py:109} INFO - [2024-05-16 12:55:16,632] {dag.py:2935} INFO - Setting next_dagrun for example_subdag_operator.section-1 to None
[2024-05-16 12:55:16,632] {logging_mixin.py:109} INFO - [2024-05-16 12:55:16,632] {dag.py:2935} INFO - Setting next_dagrun for example_subdag_operator.section-2 to None
[2024-05-16 12:55:16,635] {processor.py:171} INFO - Processing /Users/nikhilanand/airflow_venv/lib/python3.9/site-packages/airflow/example_dags/example_subdag_operator.py took 0.043 seconds
[2024-05-16 12:56:23,117] {processor.py:163} INFO - Started process (PID=88948) to work on /Users/nikhilanand/airflow_venv/lib/python3.9/site-packages/airflow/example_dags/example_subdag_operator.py
[2024-05-16 12:56:23,117] {processor.py:642} INFO - Processing file /Users/nikhilanand/airflow_venv/lib/python3.9/site-packages/airflow/example_dags/example_subdag_operator.py for tasks to queue
[2024-05-16 12:56:23,117] {logging_mixin.py:109} INFO - [2024-05-16 12:56:23,117] {dagbag.py:500} INFO - Filling up the DagBag from /Users/nikhilanand/airflow_venv/lib/python3.9/site-packages/airflow/example_dags/example_subdag_operator.py
[2024-05-16 12:56:23,136] {processor.py:654} INFO - DAG(s) dict_keys(['example_subdag_operator.section-1', 'example_subdag_operator.section-2', 'example_subdag_operator']) retrieved from /Users/nikhilanand/airflow_venv/lib/python3.9/site-packages/airflow/example_dags/example_subdag_operator.py
[2024-05-16 12:56:23,146] {logging_mixin.py:109} INFO - [2024-05-16 12:56:23,146] {dag.py:2396} INFO - Sync 3 DAGs
[2024-05-16 12:56:23,150] {logging_mixin.py:109} INFO - [2024-05-16 12:56:23,150] {dag.py:2935} INFO - Setting next_dagrun for example_subdag_operator to 2024-05-14T00:00:00+00:00
[2024-05-16 12:56:23,151] {logging_mixin.py:109} INFO - [2024-05-16 12:56:23,151] {dag.py:2935} INFO - Setting next_dagrun for example_subdag_operator.section-1 to None
[2024-05-16 12:56:23,151] {logging_mixin.py:109} INFO - [2024-05-16 12:56:23,151] {dag.py:2935} INFO - Setting next_dagrun for example_subdag_operator.section-2 to None
[2024-05-16 12:56:23,152] {logging_mixin.py:109} INFO - [2024-05-16 12:56:23,152] {dag.py:2396} INFO - Sync 2 DAGs
[2024-05-16 12:56:23,155] {logging_mixin.py:109} INFO - [2024-05-16 12:56:23,155] {dag.py:2935} INFO - Setting next_dagrun for example_subdag_operator.section-1 to None
[2024-05-16 12:56:23,155] {logging_mixin.py:109} INFO - [2024-05-16 12:56:23,155] {dag.py:2935} INFO - Setting next_dagrun for example_subdag_operator.section-2 to None
[2024-05-16 12:56:23,158] {processor.py:171} INFO - Processing /Users/nikhilanand/airflow_venv/lib/python3.9/site-packages/airflow/example_dags/example_subdag_operator.py took 0.041 seconds
[2024-05-16 12:57:30,392] {processor.py:163} INFO - Started process (PID=89735) to work on /Users/nikhilanand/airflow_venv/lib/python3.9/site-packages/airflow/example_dags/example_subdag_operator.py
[2024-05-16 12:57:30,392] {processor.py:642} INFO - Processing file /Users/nikhilanand/airflow_venv/lib/python3.9/site-packages/airflow/example_dags/example_subdag_operator.py for tasks to queue
[2024-05-16 12:57:30,392] {logging_mixin.py:109} INFO - [2024-05-16 12:57:30,392] {dagbag.py:500} INFO - Filling up the DagBag from /Users/nikhilanand/airflow_venv/lib/python3.9/site-packages/airflow/example_dags/example_subdag_operator.py
[2024-05-16 12:57:30,412] {processor.py:654} INFO - DAG(s) dict_keys(['example_subdag_operator.section-1', 'example_subdag_operator.section-2', 'example_subdag_operator']) retrieved from /Users/nikhilanand/airflow_venv/lib/python3.9/site-packages/airflow/example_dags/example_subdag_operator.py
[2024-05-16 12:57:30,421] {logging_mixin.py:109} INFO - [2024-05-16 12:57:30,421] {dag.py:2396} INFO - Sync 3 DAGs
[2024-05-16 12:57:30,426] {logging_mixin.py:109} INFO - [2024-05-16 12:57:30,426] {dag.py:2935} INFO - Setting next_dagrun for example_subdag_operator to 2024-05-14T00:00:00+00:00
[2024-05-16 12:57:30,426] {logging_mixin.py:109} INFO - [2024-05-16 12:57:30,426] {dag.py:2935} INFO - Setting next_dagrun for example_subdag_operator.section-1 to None
[2024-05-16 12:57:30,426] {logging_mixin.py:109} INFO - [2024-05-16 12:57:30,426] {dag.py:2935} INFO - Setting next_dagrun for example_subdag_operator.section-2 to None
[2024-05-16 12:57:30,428] {logging_mixin.py:109} INFO - [2024-05-16 12:57:30,428] {dag.py:2396} INFO - Sync 2 DAGs
[2024-05-16 12:57:30,430] {logging_mixin.py:109} INFO - [2024-05-16 12:57:30,430] {dag.py:2935} INFO - Setting next_dagrun for example_subdag_operator.section-1 to None
[2024-05-16 12:57:30,430] {logging_mixin.py:109} INFO - [2024-05-16 12:57:30,430] {dag.py:2935} INFO - Setting next_dagrun for example_subdag_operator.section-2 to None
[2024-05-16 12:57:30,433] {processor.py:171} INFO - Processing /Users/nikhilanand/airflow_venv/lib/python3.9/site-packages/airflow/example_dags/example_subdag_operator.py took 0.042 seconds
[2024-05-16 12:58:41,568] {processor.py:163} INFO - Started process (PID=90516) to work on /Users/nikhilanand/airflow_venv/lib/python3.9/site-packages/airflow/example_dags/example_subdag_operator.py
[2024-05-16 12:58:41,569] {processor.py:642} INFO - Processing file /Users/nikhilanand/airflow_venv/lib/python3.9/site-packages/airflow/example_dags/example_subdag_operator.py for tasks to queue
[2024-05-16 12:58:41,569] {logging_mixin.py:109} INFO - [2024-05-16 12:58:41,569] {dagbag.py:500} INFO - Filling up the DagBag from /Users/nikhilanand/airflow_venv/lib/python3.9/site-packages/airflow/example_dags/example_subdag_operator.py
[2024-05-16 12:58:41,587] {processor.py:654} INFO - DAG(s) dict_keys(['example_subdag_operator.section-1', 'example_subdag_operator.section-2', 'example_subdag_operator']) retrieved from /Users/nikhilanand/airflow_venv/lib/python3.9/site-packages/airflow/example_dags/example_subdag_operator.py
[2024-05-16 12:58:41,596] {logging_mixin.py:109} INFO - [2024-05-16 12:58:41,596] {dag.py:2396} INFO - Sync 3 DAGs
[2024-05-16 12:58:41,600] {logging_mixin.py:109} INFO - [2024-05-16 12:58:41,600] {dag.py:2935} INFO - Setting next_dagrun for example_subdag_operator to 2024-05-14T00:00:00+00:00
[2024-05-16 12:58:41,601] {logging_mixin.py:109} INFO - [2024-05-16 12:58:41,601] {dag.py:2935} INFO - Setting next_dagrun for example_subdag_operator.section-1 to None
[2024-05-16 12:58:41,601] {logging_mixin.py:109} INFO - [2024-05-16 12:58:41,601] {dag.py:2935} INFO - Setting next_dagrun for example_subdag_operator.section-2 to None
[2024-05-16 12:58:41,602] {logging_mixin.py:109} INFO - [2024-05-16 12:58:41,602] {dag.py:2396} INFO - Sync 2 DAGs
[2024-05-16 12:58:41,605] {logging_mixin.py:109} INFO - [2024-05-16 12:58:41,605] {dag.py:2935} INFO - Setting next_dagrun for example_subdag_operator.section-1 to None
[2024-05-16 12:58:41,605] {logging_mixin.py:109} INFO - [2024-05-16 12:58:41,605] {dag.py:2935} INFO - Setting next_dagrun for example_subdag_operator.section-2 to None
[2024-05-16 12:58:41,608] {processor.py:171} INFO - Processing /Users/nikhilanand/airflow_venv/lib/python3.9/site-packages/airflow/example_dags/example_subdag_operator.py took 0.040 seconds
[2024-05-16 12:59:55,216] {processor.py:163} INFO - Started process (PID=91385) to work on /Users/nikhilanand/airflow_venv/lib/python3.9/site-packages/airflow/example_dags/example_subdag_operator.py
[2024-05-16 12:59:55,217] {processor.py:642} INFO - Processing file /Users/nikhilanand/airflow_venv/lib/python3.9/site-packages/airflow/example_dags/example_subdag_operator.py for tasks to queue
[2024-05-16 12:59:55,217] {logging_mixin.py:109} INFO - [2024-05-16 12:59:55,217] {dagbag.py:500} INFO - Filling up the DagBag from /Users/nikhilanand/airflow_venv/lib/python3.9/site-packages/airflow/example_dags/example_subdag_operator.py
[2024-05-16 12:59:55,236] {processor.py:654} INFO - DAG(s) dict_keys(['example_subdag_operator.section-1', 'example_subdag_operator.section-2', 'example_subdag_operator']) retrieved from /Users/nikhilanand/airflow_venv/lib/python3.9/site-packages/airflow/example_dags/example_subdag_operator.py
[2024-05-16 12:59:55,245] {logging_mixin.py:109} INFO - [2024-05-16 12:59:55,245] {dag.py:2396} INFO - Sync 3 DAGs
[2024-05-16 12:59:55,249] {logging_mixin.py:109} INFO - [2024-05-16 12:59:55,249] {dag.py:2935} INFO - Setting next_dagrun for example_subdag_operator to 2024-05-14T00:00:00+00:00
[2024-05-16 12:59:55,250] {logging_mixin.py:109} INFO - [2024-05-16 12:59:55,249] {dag.py:2935} INFO - Setting next_dagrun for example_subdag_operator.section-1 to None
[2024-05-16 12:59:55,250] {logging_mixin.py:109} INFO - [2024-05-16 12:59:55,250] {dag.py:2935} INFO - Setting next_dagrun for example_subdag_operator.section-2 to None
[2024-05-16 12:59:55,251] {logging_mixin.py:109} INFO - [2024-05-16 12:59:55,251] {dag.py:2396} INFO - Sync 2 DAGs
[2024-05-16 12:59:55,254] {logging_mixin.py:109} INFO - [2024-05-16 12:59:55,254] {dag.py:2935} INFO - Setting next_dagrun for example_subdag_operator.section-1 to None
[2024-05-16 12:59:55,254] {logging_mixin.py:109} INFO - [2024-05-16 12:59:55,254] {dag.py:2935} INFO - Setting next_dagrun for example_subdag_operator.section-2 to None
[2024-05-16 12:59:55,256] {processor.py:171} INFO - Processing /Users/nikhilanand/airflow_venv/lib/python3.9/site-packages/airflow/example_dags/example_subdag_operator.py took 0.041 seconds
[2024-05-16 13:01:06,703] {processor.py:163} INFO - Started process (PID=92231) to work on /Users/nikhilanand/airflow_venv/lib/python3.9/site-packages/airflow/example_dags/example_subdag_operator.py
[2024-05-16 13:01:06,705] {processor.py:642} INFO - Processing file /Users/nikhilanand/airflow_venv/lib/python3.9/site-packages/airflow/example_dags/example_subdag_operator.py for tasks to queue
[2024-05-16 13:01:06,705] {logging_mixin.py:109} INFO - [2024-05-16 13:01:06,705] {dagbag.py:500} INFO - Filling up the DagBag from /Users/nikhilanand/airflow_venv/lib/python3.9/site-packages/airflow/example_dags/example_subdag_operator.py
[2024-05-16 13:01:06,725] {processor.py:654} INFO - DAG(s) dict_keys(['example_subdag_operator.section-1', 'example_subdag_operator.section-2', 'example_subdag_operator']) retrieved from /Users/nikhilanand/airflow_venv/lib/python3.9/site-packages/airflow/example_dags/example_subdag_operator.py
[2024-05-16 13:01:06,735] {logging_mixin.py:109} INFO - [2024-05-16 13:01:06,735] {dag.py:2396} INFO - Sync 3 DAGs
[2024-05-16 13:01:06,739] {logging_mixin.py:109} INFO - [2024-05-16 13:01:06,739] {dag.py:2935} INFO - Setting next_dagrun for example_subdag_operator to 2024-05-14T00:00:00+00:00
[2024-05-16 13:01:06,740] {logging_mixin.py:109} INFO - [2024-05-16 13:01:06,740] {dag.py:2935} INFO - Setting next_dagrun for example_subdag_operator.section-1 to None
[2024-05-16 13:01:06,740] {logging_mixin.py:109} INFO - [2024-05-16 13:01:06,740] {dag.py:2935} INFO - Setting next_dagrun for example_subdag_operator.section-2 to None
[2024-05-16 13:01:06,741] {logging_mixin.py:109} INFO - [2024-05-16 13:01:06,741] {dag.py:2396} INFO - Sync 2 DAGs
[2024-05-16 13:01:06,744] {logging_mixin.py:109} INFO - [2024-05-16 13:01:06,744] {dag.py:2935} INFO - Setting next_dagrun for example_subdag_operator.section-1 to None
[2024-05-16 13:01:06,744] {logging_mixin.py:109} INFO - [2024-05-16 13:01:06,744] {dag.py:2935} INFO - Setting next_dagrun for example_subdag_operator.section-2 to None
[2024-05-16 13:01:06,747] {processor.py:171} INFO - Processing /Users/nikhilanand/airflow_venv/lib/python3.9/site-packages/airflow/example_dags/example_subdag_operator.py took 0.045 seconds
[2024-05-16 13:02:16,536] {processor.py:163} INFO - Started process (PID=93028) to work on /Users/nikhilanand/airflow_venv/lib/python3.9/site-packages/airflow/example_dags/example_subdag_operator.py
[2024-05-16 13:02:16,537] {processor.py:642} INFO - Processing file /Users/nikhilanand/airflow_venv/lib/python3.9/site-packages/airflow/example_dags/example_subdag_operator.py for tasks to queue
[2024-05-16 13:02:16,538] {logging_mixin.py:109} INFO - [2024-05-16 13:02:16,538] {dagbag.py:500} INFO - Filling up the DagBag from /Users/nikhilanand/airflow_venv/lib/python3.9/site-packages/airflow/example_dags/example_subdag_operator.py
[2024-05-16 13:02:16,558] {processor.py:654} INFO - DAG(s) dict_keys(['example_subdag_operator.section-1', 'example_subdag_operator.section-2', 'example_subdag_operator']) retrieved from /Users/nikhilanand/airflow_venv/lib/python3.9/site-packages/airflow/example_dags/example_subdag_operator.py
[2024-05-16 13:02:16,568] {logging_mixin.py:109} INFO - [2024-05-16 13:02:16,568] {dag.py:2396} INFO - Sync 3 DAGs
[2024-05-16 13:02:16,572] {logging_mixin.py:109} INFO - [2024-05-16 13:02:16,572] {dag.py:2935} INFO - Setting next_dagrun for example_subdag_operator to 2024-05-14T00:00:00+00:00
[2024-05-16 13:02:16,573] {logging_mixin.py:109} INFO - [2024-05-16 13:02:16,573] {dag.py:2935} INFO - Setting next_dagrun for example_subdag_operator.section-1 to None
[2024-05-16 13:02:16,573] {logging_mixin.py:109} INFO - [2024-05-16 13:02:16,573] {dag.py:2935} INFO - Setting next_dagrun for example_subdag_operator.section-2 to None
[2024-05-16 13:02:16,574] {logging_mixin.py:109} INFO - [2024-05-16 13:02:16,574] {dag.py:2396} INFO - Sync 2 DAGs
[2024-05-16 13:02:16,577] {logging_mixin.py:109} INFO - [2024-05-16 13:02:16,577] {dag.py:2935} INFO - Setting next_dagrun for example_subdag_operator.section-1 to None
[2024-05-16 13:02:16,577] {logging_mixin.py:109} INFO - [2024-05-16 13:02:16,577] {dag.py:2935} INFO - Setting next_dagrun for example_subdag_operator.section-2 to None
[2024-05-16 13:02:16,580] {processor.py:171} INFO - Processing /Users/nikhilanand/airflow_venv/lib/python3.9/site-packages/airflow/example_dags/example_subdag_operator.py took 0.045 seconds
[2024-05-16 13:03:26,393] {processor.py:163} INFO - Started process (PID=93837) to work on /Users/nikhilanand/airflow_venv/lib/python3.9/site-packages/airflow/example_dags/example_subdag_operator.py
[2024-05-16 13:03:26,394] {processor.py:642} INFO - Processing file /Users/nikhilanand/airflow_venv/lib/python3.9/site-packages/airflow/example_dags/example_subdag_operator.py for tasks to queue
[2024-05-16 13:03:26,395] {logging_mixin.py:109} INFO - [2024-05-16 13:03:26,395] {dagbag.py:500} INFO - Filling up the DagBag from /Users/nikhilanand/airflow_venv/lib/python3.9/site-packages/airflow/example_dags/example_subdag_operator.py
[2024-05-16 13:03:26,415] {processor.py:654} INFO - DAG(s) dict_keys(['example_subdag_operator.section-1', 'example_subdag_operator.section-2', 'example_subdag_operator']) retrieved from /Users/nikhilanand/airflow_venv/lib/python3.9/site-packages/airflow/example_dags/example_subdag_operator.py
[2024-05-16 13:03:26,424] {logging_mixin.py:109} INFO - [2024-05-16 13:03:26,424] {dag.py:2396} INFO - Sync 3 DAGs
[2024-05-16 13:03:26,429] {logging_mixin.py:109} INFO - [2024-05-16 13:03:26,429] {dag.py:2935} INFO - Setting next_dagrun for example_subdag_operator to 2024-05-14T00:00:00+00:00
[2024-05-16 13:03:26,429] {logging_mixin.py:109} INFO - [2024-05-16 13:03:26,429] {dag.py:2935} INFO - Setting next_dagrun for example_subdag_operator.section-1 to None
[2024-05-16 13:03:26,429] {logging_mixin.py:109} INFO - [2024-05-16 13:03:26,429] {dag.py:2935} INFO - Setting next_dagrun for example_subdag_operator.section-2 to None
[2024-05-16 13:03:26,431] {logging_mixin.py:109} INFO - [2024-05-16 13:03:26,431] {dag.py:2396} INFO - Sync 2 DAGs
[2024-05-16 13:03:26,434] {logging_mixin.py:109} INFO - [2024-05-16 13:03:26,434] {dag.py:2935} INFO - Setting next_dagrun for example_subdag_operator.section-1 to None
[2024-05-16 13:03:26,434] {logging_mixin.py:109} INFO - [2024-05-16 13:03:26,434] {dag.py:2935} INFO - Setting next_dagrun for example_subdag_operator.section-2 to None
[2024-05-16 13:03:26,437] {processor.py:171} INFO - Processing /Users/nikhilanand/airflow_venv/lib/python3.9/site-packages/airflow/example_dags/example_subdag_operator.py took 0.044 seconds
[2024-05-16 13:04:39,140] {processor.py:163} INFO - Started process (PID=95019) to work on /Users/nikhilanand/airflow_venv/lib/python3.9/site-packages/airflow/example_dags/example_subdag_operator.py
[2024-05-16 13:04:39,140] {processor.py:642} INFO - Processing file /Users/nikhilanand/airflow_venv/lib/python3.9/site-packages/airflow/example_dags/example_subdag_operator.py for tasks to queue
[2024-05-16 13:04:39,140] {logging_mixin.py:109} INFO - [2024-05-16 13:04:39,140] {dagbag.py:500} INFO - Filling up the DagBag from /Users/nikhilanand/airflow_venv/lib/python3.9/site-packages/airflow/example_dags/example_subdag_operator.py
[2024-05-16 13:04:39,160] {processor.py:654} INFO - DAG(s) dict_keys(['example_subdag_operator.section-1', 'example_subdag_operator.section-2', 'example_subdag_operator']) retrieved from /Users/nikhilanand/airflow_venv/lib/python3.9/site-packages/airflow/example_dags/example_subdag_operator.py
[2024-05-16 13:04:39,170] {logging_mixin.py:109} INFO - [2024-05-16 13:04:39,170] {dag.py:2396} INFO - Sync 3 DAGs
[2024-05-16 13:04:39,174] {logging_mixin.py:109} INFO - [2024-05-16 13:04:39,174] {dag.py:2935} INFO - Setting next_dagrun for example_subdag_operator to 2024-05-14T00:00:00+00:00
[2024-05-16 13:04:39,174] {logging_mixin.py:109} INFO - [2024-05-16 13:04:39,174] {dag.py:2935} INFO - Setting next_dagrun for example_subdag_operator.section-1 to None
[2024-05-16 13:04:39,174] {logging_mixin.py:109} INFO - [2024-05-16 13:04:39,174] {dag.py:2935} INFO - Setting next_dagrun for example_subdag_operator.section-2 to None
[2024-05-16 13:04:39,176] {logging_mixin.py:109} INFO - [2024-05-16 13:04:39,176] {dag.py:2396} INFO - Sync 2 DAGs
[2024-05-16 13:04:39,179] {logging_mixin.py:109} INFO - [2024-05-16 13:04:39,179] {dag.py:2935} INFO - Setting next_dagrun for example_subdag_operator.section-1 to None
[2024-05-16 13:04:39,179] {logging_mixin.py:109} INFO - [2024-05-16 13:04:39,179] {dag.py:2935} INFO - Setting next_dagrun for example_subdag_operator.section-2 to None
[2024-05-16 13:04:39,182] {processor.py:171} INFO - Processing /Users/nikhilanand/airflow_venv/lib/python3.9/site-packages/airflow/example_dags/example_subdag_operator.py took 0.042 seconds
[2024-05-16 13:05:56,603] {processor.py:163} INFO - Started process (PID=95952) to work on /Users/nikhilanand/airflow_venv/lib/python3.9/site-packages/airflow/example_dags/example_subdag_operator.py
[2024-05-16 13:05:56,604] {processor.py:642} INFO - Processing file /Users/nikhilanand/airflow_venv/lib/python3.9/site-packages/airflow/example_dags/example_subdag_operator.py for tasks to queue
[2024-05-16 13:05:56,604] {logging_mixin.py:109} INFO - [2024-05-16 13:05:56,604] {dagbag.py:500} INFO - Filling up the DagBag from /Users/nikhilanand/airflow_venv/lib/python3.9/site-packages/airflow/example_dags/example_subdag_operator.py
[2024-05-16 13:05:56,624] {processor.py:654} INFO - DAG(s) dict_keys(['example_subdag_operator.section-1', 'example_subdag_operator.section-2', 'example_subdag_operator']) retrieved from /Users/nikhilanand/airflow_venv/lib/python3.9/site-packages/airflow/example_dags/example_subdag_operator.py
[2024-05-16 13:05:56,634] {logging_mixin.py:109} INFO - [2024-05-16 13:05:56,634] {dag.py:2396} INFO - Sync 3 DAGs
[2024-05-16 13:05:56,638] {logging_mixin.py:109} INFO - [2024-05-16 13:05:56,638] {dag.py:2935} INFO - Setting next_dagrun for example_subdag_operator to 2024-05-14T00:00:00+00:00
[2024-05-16 13:05:56,638] {logging_mixin.py:109} INFO - [2024-05-16 13:05:56,638] {dag.py:2935} INFO - Setting next_dagrun for example_subdag_operator.section-1 to None
[2024-05-16 13:05:56,638] {logging_mixin.py:109} INFO - [2024-05-16 13:05:56,638] {dag.py:2935} INFO - Setting next_dagrun for example_subdag_operator.section-2 to None
[2024-05-16 13:05:56,640] {logging_mixin.py:109} INFO - [2024-05-16 13:05:56,640] {dag.py:2396} INFO - Sync 2 DAGs
[2024-05-16 13:05:56,644] {logging_mixin.py:109} INFO - [2024-05-16 13:05:56,643] {dag.py:2935} INFO - Setting next_dagrun for example_subdag_operator.section-1 to None
[2024-05-16 13:05:56,644] {logging_mixin.py:109} INFO - [2024-05-16 13:05:56,644] {dag.py:2935} INFO - Setting next_dagrun for example_subdag_operator.section-2 to None
[2024-05-16 13:05:56,648] {processor.py:171} INFO - Processing /Users/nikhilanand/airflow_venv/lib/python3.9/site-packages/airflow/example_dags/example_subdag_operator.py took 0.045 seconds
[2024-05-16 13:07:03,787] {processor.py:163} INFO - Started process (PID=96745) to work on /Users/nikhilanand/airflow_venv/lib/python3.9/site-packages/airflow/example_dags/example_subdag_operator.py
[2024-05-16 13:07:03,788] {processor.py:642} INFO - Processing file /Users/nikhilanand/airflow_venv/lib/python3.9/site-packages/airflow/example_dags/example_subdag_operator.py for tasks to queue
[2024-05-16 13:07:03,788] {logging_mixin.py:109} INFO - [2024-05-16 13:07:03,788] {dagbag.py:500} INFO - Filling up the DagBag from /Users/nikhilanand/airflow_venv/lib/python3.9/site-packages/airflow/example_dags/example_subdag_operator.py
[2024-05-16 13:07:03,808] {processor.py:654} INFO - DAG(s) dict_keys(['example_subdag_operator.section-1', 'example_subdag_operator.section-2', 'example_subdag_operator']) retrieved from /Users/nikhilanand/airflow_venv/lib/python3.9/site-packages/airflow/example_dags/example_subdag_operator.py
[2024-05-16 13:07:03,818] {logging_mixin.py:109} INFO - [2024-05-16 13:07:03,817] {dag.py:2396} INFO - Sync 3 DAGs
[2024-05-16 13:07:03,822] {logging_mixin.py:109} INFO - [2024-05-16 13:07:03,822] {dag.py:2935} INFO - Setting next_dagrun for example_subdag_operator to 2024-05-14T00:00:00+00:00
[2024-05-16 13:07:03,822] {logging_mixin.py:109} INFO - [2024-05-16 13:07:03,822] {dag.py:2935} INFO - Setting next_dagrun for example_subdag_operator.section-1 to None
[2024-05-16 13:07:03,822] {logging_mixin.py:109} INFO - [2024-05-16 13:07:03,822] {dag.py:2935} INFO - Setting next_dagrun for example_subdag_operator.section-2 to None
[2024-05-16 13:07:03,824] {logging_mixin.py:109} INFO - [2024-05-16 13:07:03,824] {dag.py:2396} INFO - Sync 2 DAGs
[2024-05-16 13:07:03,827] {logging_mixin.py:109} INFO - [2024-05-16 13:07:03,827] {dag.py:2935} INFO - Setting next_dagrun for example_subdag_operator.section-1 to None
[2024-05-16 13:07:03,827] {logging_mixin.py:109} INFO - [2024-05-16 13:07:03,827] {dag.py:2935} INFO - Setting next_dagrun for example_subdag_operator.section-2 to None
[2024-05-16 13:07:03,829] {processor.py:171} INFO - Processing /Users/nikhilanand/airflow_venv/lib/python3.9/site-packages/airflow/example_dags/example_subdag_operator.py took 0.043 seconds
[2024-05-16 13:08:22,265] {processor.py:163} INFO - Started process (PID=97624) to work on /Users/nikhilanand/airflow_venv/lib/python3.9/site-packages/airflow/example_dags/example_subdag_operator.py
[2024-05-16 13:08:22,266] {processor.py:642} INFO - Processing file /Users/nikhilanand/airflow_venv/lib/python3.9/site-packages/airflow/example_dags/example_subdag_operator.py for tasks to queue
[2024-05-16 13:08:22,267] {logging_mixin.py:109} INFO - [2024-05-16 13:08:22,267] {dagbag.py:500} INFO - Filling up the DagBag from /Users/nikhilanand/airflow_venv/lib/python3.9/site-packages/airflow/example_dags/example_subdag_operator.py
[2024-05-16 13:08:22,287] {processor.py:654} INFO - DAG(s) dict_keys(['example_subdag_operator.section-1', 'example_subdag_operator.section-2', 'example_subdag_operator']) retrieved from /Users/nikhilanand/airflow_venv/lib/python3.9/site-packages/airflow/example_dags/example_subdag_operator.py
[2024-05-16 13:08:22,297] {logging_mixin.py:109} INFO - [2024-05-16 13:08:22,297] {dag.py:2396} INFO - Sync 3 DAGs
[2024-05-16 13:08:22,301] {logging_mixin.py:109} INFO - [2024-05-16 13:08:22,301] {dag.py:2935} INFO - Setting next_dagrun for example_subdag_operator to 2024-05-14T00:00:00+00:00
[2024-05-16 13:08:22,301] {logging_mixin.py:109} INFO - [2024-05-16 13:08:22,301] {dag.py:2935} INFO - Setting next_dagrun for example_subdag_operator.section-1 to None
[2024-05-16 13:08:22,301] {logging_mixin.py:109} INFO - [2024-05-16 13:08:22,301] {dag.py:2935} INFO - Setting next_dagrun for example_subdag_operator.section-2 to None
[2024-05-16 13:08:22,303] {logging_mixin.py:109} INFO - [2024-05-16 13:08:22,303] {dag.py:2396} INFO - Sync 2 DAGs
[2024-05-16 13:08:22,306] {logging_mixin.py:109} INFO - [2024-05-16 13:08:22,306] {dag.py:2935} INFO - Setting next_dagrun for example_subdag_operator.section-1 to None
[2024-05-16 13:08:22,306] {logging_mixin.py:109} INFO - [2024-05-16 13:08:22,306] {dag.py:2935} INFO - Setting next_dagrun for example_subdag_operator.section-2 to None
[2024-05-16 13:08:22,309] {processor.py:171} INFO - Processing /Users/nikhilanand/airflow_venv/lib/python3.9/site-packages/airflow/example_dags/example_subdag_operator.py took 0.044 seconds
[2024-05-16 13:09:30,401] {processor.py:163} INFO - Started process (PID=98377) to work on /Users/nikhilanand/airflow_venv/lib/python3.9/site-packages/airflow/example_dags/example_subdag_operator.py
[2024-05-16 13:09:30,402] {processor.py:642} INFO - Processing file /Users/nikhilanand/airflow_venv/lib/python3.9/site-packages/airflow/example_dags/example_subdag_operator.py for tasks to queue
[2024-05-16 13:09:30,402] {logging_mixin.py:109} INFO - [2024-05-16 13:09:30,402] {dagbag.py:500} INFO - Filling up the DagBag from /Users/nikhilanand/airflow_venv/lib/python3.9/site-packages/airflow/example_dags/example_subdag_operator.py
[2024-05-16 13:09:30,422] {processor.py:654} INFO - DAG(s) dict_keys(['example_subdag_operator.section-1', 'example_subdag_operator.section-2', 'example_subdag_operator']) retrieved from /Users/nikhilanand/airflow_venv/lib/python3.9/site-packages/airflow/example_dags/example_subdag_operator.py
[2024-05-16 13:09:30,433] {logging_mixin.py:109} INFO - [2024-05-16 13:09:30,432] {dag.py:2396} INFO - Sync 3 DAGs
[2024-05-16 13:09:30,438] {logging_mixin.py:109} INFO - [2024-05-16 13:09:30,438] {dag.py:2935} INFO - Setting next_dagrun for example_subdag_operator to 2024-05-14T00:00:00+00:00
[2024-05-16 13:09:30,438] {logging_mixin.py:109} INFO - [2024-05-16 13:09:30,438] {dag.py:2935} INFO - Setting next_dagrun for example_subdag_operator.section-1 to None
[2024-05-16 13:09:30,438] {logging_mixin.py:109} INFO - [2024-05-16 13:09:30,438] {dag.py:2935} INFO - Setting next_dagrun for example_subdag_operator.section-2 to None
[2024-05-16 13:09:30,440] {logging_mixin.py:109} INFO - [2024-05-16 13:09:30,440] {dag.py:2396} INFO - Sync 2 DAGs
[2024-05-16 13:09:30,442] {logging_mixin.py:109} INFO - [2024-05-16 13:09:30,442] {dag.py:2935} INFO - Setting next_dagrun for example_subdag_operator.section-1 to None
[2024-05-16 13:09:30,442] {logging_mixin.py:109} INFO - [2024-05-16 13:09:30,442] {dag.py:2935} INFO - Setting next_dagrun for example_subdag_operator.section-2 to None
[2024-05-16 13:09:30,445] {processor.py:171} INFO - Processing /Users/nikhilanand/airflow_venv/lib/python3.9/site-packages/airflow/example_dags/example_subdag_operator.py took 0.045 seconds
[2024-05-16 13:10:40,801] {processor.py:163} INFO - Started process (PID=99164) to work on /Users/nikhilanand/airflow_venv/lib/python3.9/site-packages/airflow/example_dags/example_subdag_operator.py
[2024-05-16 13:10:40,801] {processor.py:642} INFO - Processing file /Users/nikhilanand/airflow_venv/lib/python3.9/site-packages/airflow/example_dags/example_subdag_operator.py for tasks to queue
[2024-05-16 13:10:40,802] {logging_mixin.py:109} INFO - [2024-05-16 13:10:40,802] {dagbag.py:500} INFO - Filling up the DagBag from /Users/nikhilanand/airflow_venv/lib/python3.9/site-packages/airflow/example_dags/example_subdag_operator.py
[2024-05-16 13:10:40,821] {processor.py:654} INFO - DAG(s) dict_keys(['example_subdag_operator.section-1', 'example_subdag_operator.section-2', 'example_subdag_operator']) retrieved from /Users/nikhilanand/airflow_venv/lib/python3.9/site-packages/airflow/example_dags/example_subdag_operator.py
[2024-05-16 13:10:40,830] {logging_mixin.py:109} INFO - [2024-05-16 13:10:40,830] {dag.py:2396} INFO - Sync 3 DAGs
[2024-05-16 13:10:40,835] {logging_mixin.py:109} INFO - [2024-05-16 13:10:40,835] {dag.py:2935} INFO - Setting next_dagrun for example_subdag_operator to 2024-05-14T00:00:00+00:00
[2024-05-16 13:10:40,835] {logging_mixin.py:109} INFO - [2024-05-16 13:10:40,835] {dag.py:2935} INFO - Setting next_dagrun for example_subdag_operator.section-1 to None
[2024-05-16 13:10:40,835] {logging_mixin.py:109} INFO - [2024-05-16 13:10:40,835] {dag.py:2935} INFO - Setting next_dagrun for example_subdag_operator.section-2 to None
[2024-05-16 13:10:40,836] {logging_mixin.py:109} INFO - [2024-05-16 13:10:40,836] {dag.py:2396} INFO - Sync 2 DAGs
[2024-05-16 13:10:40,839] {logging_mixin.py:109} INFO - [2024-05-16 13:10:40,839] {dag.py:2935} INFO - Setting next_dagrun for example_subdag_operator.section-1 to None
[2024-05-16 13:10:40,839] {logging_mixin.py:109} INFO - [2024-05-16 13:10:40,839] {dag.py:2935} INFO - Setting next_dagrun for example_subdag_operator.section-2 to None
[2024-05-16 13:10:40,842] {processor.py:171} INFO - Processing /Users/nikhilanand/airflow_venv/lib/python3.9/site-packages/airflow/example_dags/example_subdag_operator.py took 0.042 seconds
[2024-05-16 13:11:50,445] {processor.py:163} INFO - Started process (PID=99939) to work on /Users/nikhilanand/airflow_venv/lib/python3.9/site-packages/airflow/example_dags/example_subdag_operator.py
[2024-05-16 13:11:50,447] {processor.py:642} INFO - Processing file /Users/nikhilanand/airflow_venv/lib/python3.9/site-packages/airflow/example_dags/example_subdag_operator.py for tasks to queue
[2024-05-16 13:11:50,447] {logging_mixin.py:109} INFO - [2024-05-16 13:11:50,447] {dagbag.py:500} INFO - Filling up the DagBag from /Users/nikhilanand/airflow_venv/lib/python3.9/site-packages/airflow/example_dags/example_subdag_operator.py
[2024-05-16 13:11:50,466] {processor.py:654} INFO - DAG(s) dict_keys(['example_subdag_operator.section-1', 'example_subdag_operator.section-2', 'example_subdag_operator']) retrieved from /Users/nikhilanand/airflow_venv/lib/python3.9/site-packages/airflow/example_dags/example_subdag_operator.py
[2024-05-16 13:11:50,475] {logging_mixin.py:109} INFO - [2024-05-16 13:11:50,475] {dag.py:2396} INFO - Sync 3 DAGs
[2024-05-16 13:11:50,480] {logging_mixin.py:109} INFO - [2024-05-16 13:11:50,480] {dag.py:2935} INFO - Setting next_dagrun for example_subdag_operator to 2024-05-14T00:00:00+00:00
[2024-05-16 13:11:50,480] {logging_mixin.py:109} INFO - [2024-05-16 13:11:50,480] {dag.py:2935} INFO - Setting next_dagrun for example_subdag_operator.section-1 to None
[2024-05-16 13:11:50,480] {logging_mixin.py:109} INFO - [2024-05-16 13:11:50,480] {dag.py:2935} INFO - Setting next_dagrun for example_subdag_operator.section-2 to None
[2024-05-16 13:11:50,482] {logging_mixin.py:109} INFO - [2024-05-16 13:11:50,482] {dag.py:2396} INFO - Sync 2 DAGs
[2024-05-16 13:11:50,484] {logging_mixin.py:109} INFO - [2024-05-16 13:11:50,484] {dag.py:2935} INFO - Setting next_dagrun for example_subdag_operator.section-1 to None
[2024-05-16 13:11:50,484] {logging_mixin.py:109} INFO - [2024-05-16 13:11:50,484] {dag.py:2935} INFO - Setting next_dagrun for example_subdag_operator.section-2 to None
[2024-05-16 13:11:50,487] {processor.py:171} INFO - Processing /Users/nikhilanand/airflow_venv/lib/python3.9/site-packages/airflow/example_dags/example_subdag_operator.py took 0.042 seconds
[2024-05-16 13:13:05,605] {processor.py:163} INFO - Started process (PID=1153) to work on /Users/nikhilanand/airflow_venv/lib/python3.9/site-packages/airflow/example_dags/example_subdag_operator.py
[2024-05-16 13:13:05,606] {processor.py:642} INFO - Processing file /Users/nikhilanand/airflow_venv/lib/python3.9/site-packages/airflow/example_dags/example_subdag_operator.py for tasks to queue
[2024-05-16 13:13:05,606] {logging_mixin.py:109} INFO - [2024-05-16 13:13:05,606] {dagbag.py:500} INFO - Filling up the DagBag from /Users/nikhilanand/airflow_venv/lib/python3.9/site-packages/airflow/example_dags/example_subdag_operator.py
[2024-05-16 13:13:05,627] {processor.py:654} INFO - DAG(s) dict_keys(['example_subdag_operator.section-1', 'example_subdag_operator.section-2', 'example_subdag_operator']) retrieved from /Users/nikhilanand/airflow_venv/lib/python3.9/site-packages/airflow/example_dags/example_subdag_operator.py
[2024-05-16 13:13:05,637] {logging_mixin.py:109} INFO - [2024-05-16 13:13:05,637] {dag.py:2396} INFO - Sync 3 DAGs
[2024-05-16 13:13:05,641] {logging_mixin.py:109} INFO - [2024-05-16 13:13:05,641] {dag.py:2935} INFO - Setting next_dagrun for example_subdag_operator to 2024-05-14T00:00:00+00:00
[2024-05-16 13:13:05,641] {logging_mixin.py:109} INFO - [2024-05-16 13:13:05,641] {dag.py:2935} INFO - Setting next_dagrun for example_subdag_operator.section-1 to None
[2024-05-16 13:13:05,641] {logging_mixin.py:109} INFO - [2024-05-16 13:13:05,641] {dag.py:2935} INFO - Setting next_dagrun for example_subdag_operator.section-2 to None
[2024-05-16 13:13:05,643] {logging_mixin.py:109} INFO - [2024-05-16 13:13:05,643] {dag.py:2396} INFO - Sync 2 DAGs
[2024-05-16 13:13:05,646] {logging_mixin.py:109} INFO - [2024-05-16 13:13:05,646] {dag.py:2935} INFO - Setting next_dagrun for example_subdag_operator.section-1 to None
[2024-05-16 13:13:05,646] {logging_mixin.py:109} INFO - [2024-05-16 13:13:05,646] {dag.py:2935} INFO - Setting next_dagrun for example_subdag_operator.section-2 to None
[2024-05-16 13:13:05,648] {processor.py:171} INFO - Processing /Users/nikhilanand/airflow_venv/lib/python3.9/site-packages/airflow/example_dags/example_subdag_operator.py took 0.044 seconds
[2024-05-16 13:14:19,957] {processor.py:163} INFO - Started process (PID=2046) to work on /Users/nikhilanand/airflow_venv/lib/python3.9/site-packages/airflow/example_dags/example_subdag_operator.py
[2024-05-16 13:14:19,958] {processor.py:642} INFO - Processing file /Users/nikhilanand/airflow_venv/lib/python3.9/site-packages/airflow/example_dags/example_subdag_operator.py for tasks to queue
[2024-05-16 13:14:19,958] {logging_mixin.py:109} INFO - [2024-05-16 13:14:19,958] {dagbag.py:500} INFO - Filling up the DagBag from /Users/nikhilanand/airflow_venv/lib/python3.9/site-packages/airflow/example_dags/example_subdag_operator.py
[2024-05-16 13:14:19,978] {processor.py:654} INFO - DAG(s) dict_keys(['example_subdag_operator.section-1', 'example_subdag_operator.section-2', 'example_subdag_operator']) retrieved from /Users/nikhilanand/airflow_venv/lib/python3.9/site-packages/airflow/example_dags/example_subdag_operator.py
[2024-05-16 13:14:19,987] {logging_mixin.py:109} INFO - [2024-05-16 13:14:19,987] {dag.py:2396} INFO - Sync 3 DAGs
[2024-05-16 13:14:19,992] {logging_mixin.py:109} INFO - [2024-05-16 13:14:19,992] {dag.py:2935} INFO - Setting next_dagrun for example_subdag_operator to 2024-05-14T00:00:00+00:00
[2024-05-16 13:14:19,992] {logging_mixin.py:109} INFO - [2024-05-16 13:14:19,992] {dag.py:2935} INFO - Setting next_dagrun for example_subdag_operator.section-1 to None
[2024-05-16 13:14:19,992] {logging_mixin.py:109} INFO - [2024-05-16 13:14:19,992] {dag.py:2935} INFO - Setting next_dagrun for example_subdag_operator.section-2 to None
[2024-05-16 13:14:19,993] {logging_mixin.py:109} INFO - [2024-05-16 13:14:19,993] {dag.py:2396} INFO - Sync 2 DAGs
[2024-05-16 13:14:19,996] {logging_mixin.py:109} INFO - [2024-05-16 13:14:19,996] {dag.py:2935} INFO - Setting next_dagrun for example_subdag_operator.section-1 to None
[2024-05-16 13:14:19,996] {logging_mixin.py:109} INFO - [2024-05-16 13:14:19,996] {dag.py:2935} INFO - Setting next_dagrun for example_subdag_operator.section-2 to None
[2024-05-16 13:14:19,999] {processor.py:171} INFO - Processing /Users/nikhilanand/airflow_venv/lib/python3.9/site-packages/airflow/example_dags/example_subdag_operator.py took 0.043 seconds
[2024-05-16 13:15:28,944] {processor.py:163} INFO - Started process (PID=3272) to work on /Users/nikhilanand/airflow_venv/lib/python3.9/site-packages/airflow/example_dags/example_subdag_operator.py
[2024-05-16 13:15:28,946] {processor.py:642} INFO - Processing file /Users/nikhilanand/airflow_venv/lib/python3.9/site-packages/airflow/example_dags/example_subdag_operator.py for tasks to queue
[2024-05-16 13:15:28,946] {logging_mixin.py:109} INFO - [2024-05-16 13:15:28,946] {dagbag.py:500} INFO - Filling up the DagBag from /Users/nikhilanand/airflow_venv/lib/python3.9/site-packages/airflow/example_dags/example_subdag_operator.py
[2024-05-16 13:15:28,965] {processor.py:654} INFO - DAG(s) dict_keys(['example_subdag_operator.section-1', 'example_subdag_operator.section-2', 'example_subdag_operator']) retrieved from /Users/nikhilanand/airflow_venv/lib/python3.9/site-packages/airflow/example_dags/example_subdag_operator.py
[2024-05-16 13:15:28,974] {logging_mixin.py:109} INFO - [2024-05-16 13:15:28,974] {dag.py:2396} INFO - Sync 3 DAGs
[2024-05-16 13:15:28,978] {logging_mixin.py:109} INFO - [2024-05-16 13:15:28,978] {dag.py:2935} INFO - Setting next_dagrun for example_subdag_operator to 2024-05-14T00:00:00+00:00
[2024-05-16 13:15:28,978] {logging_mixin.py:109} INFO - [2024-05-16 13:15:28,978] {dag.py:2935} INFO - Setting next_dagrun for example_subdag_operator.section-1 to None
[2024-05-16 13:15:28,978] {logging_mixin.py:109} INFO - [2024-05-16 13:15:28,978] {dag.py:2935} INFO - Setting next_dagrun for example_subdag_operator.section-2 to None
[2024-05-16 13:15:28,980] {logging_mixin.py:109} INFO - [2024-05-16 13:15:28,980] {dag.py:2396} INFO - Sync 2 DAGs
[2024-05-16 13:15:28,983] {logging_mixin.py:109} INFO - [2024-05-16 13:15:28,983] {dag.py:2935} INFO - Setting next_dagrun for example_subdag_operator.section-1 to None
[2024-05-16 13:15:28,983] {logging_mixin.py:109} INFO - [2024-05-16 13:15:28,983] {dag.py:2935} INFO - Setting next_dagrun for example_subdag_operator.section-2 to None
[2024-05-16 13:15:28,985] {processor.py:171} INFO - Processing /Users/nikhilanand/airflow_venv/lib/python3.9/site-packages/airflow/example_dags/example_subdag_operator.py took 0.041 seconds
[2024-05-16 13:16:37,606] {processor.py:163} INFO - Started process (PID=4114) to work on /Users/nikhilanand/airflow_venv/lib/python3.9/site-packages/airflow/example_dags/example_subdag_operator.py
[2024-05-16 13:16:37,608] {processor.py:642} INFO - Processing file /Users/nikhilanand/airflow_venv/lib/python3.9/site-packages/airflow/example_dags/example_subdag_operator.py for tasks to queue
[2024-05-16 13:16:37,608] {logging_mixin.py:109} INFO - [2024-05-16 13:16:37,608] {dagbag.py:500} INFO - Filling up the DagBag from /Users/nikhilanand/airflow_venv/lib/python3.9/site-packages/airflow/example_dags/example_subdag_operator.py
[2024-05-16 13:16:37,628] {processor.py:654} INFO - DAG(s) dict_keys(['example_subdag_operator.section-1', 'example_subdag_operator.section-2', 'example_subdag_operator']) retrieved from /Users/nikhilanand/airflow_venv/lib/python3.9/site-packages/airflow/example_dags/example_subdag_operator.py
[2024-05-16 13:16:37,638] {logging_mixin.py:109} INFO - [2024-05-16 13:16:37,638] {dag.py:2396} INFO - Sync 3 DAGs
[2024-05-16 13:16:37,643] {logging_mixin.py:109} INFO - [2024-05-16 13:16:37,643] {dag.py:2935} INFO - Setting next_dagrun for example_subdag_operator to 2024-05-14T00:00:00+00:00
[2024-05-16 13:16:37,643] {logging_mixin.py:109} INFO - [2024-05-16 13:16:37,643] {dag.py:2935} INFO - Setting next_dagrun for example_subdag_operator.section-1 to None
[2024-05-16 13:16:37,643] {logging_mixin.py:109} INFO - [2024-05-16 13:16:37,643] {dag.py:2935} INFO - Setting next_dagrun for example_subdag_operator.section-2 to None
[2024-05-16 13:16:37,645] {logging_mixin.py:109} INFO - [2024-05-16 13:16:37,645] {dag.py:2396} INFO - Sync 2 DAGs
[2024-05-16 13:16:37,648] {logging_mixin.py:109} INFO - [2024-05-16 13:16:37,648] {dag.py:2935} INFO - Setting next_dagrun for example_subdag_operator.section-1 to None
[2024-05-16 13:16:37,648] {logging_mixin.py:109} INFO - [2024-05-16 13:16:37,648] {dag.py:2935} INFO - Setting next_dagrun for example_subdag_operator.section-2 to None
[2024-05-16 13:16:37,652] {processor.py:171} INFO - Processing /Users/nikhilanand/airflow_venv/lib/python3.9/site-packages/airflow/example_dags/example_subdag_operator.py took 0.046 seconds
[2024-05-16 13:17:54,424] {processor.py:163} INFO - Started process (PID=5022) to work on /Users/nikhilanand/airflow_venv/lib/python3.9/site-packages/airflow/example_dags/example_subdag_operator.py
[2024-05-16 13:17:54,425] {processor.py:642} INFO - Processing file /Users/nikhilanand/airflow_venv/lib/python3.9/site-packages/airflow/example_dags/example_subdag_operator.py for tasks to queue
[2024-05-16 13:17:54,425] {logging_mixin.py:109} INFO - [2024-05-16 13:17:54,425] {dagbag.py:500} INFO - Filling up the DagBag from /Users/nikhilanand/airflow_venv/lib/python3.9/site-packages/airflow/example_dags/example_subdag_operator.py
[2024-05-16 13:17:54,445] {processor.py:654} INFO - DAG(s) dict_keys(['example_subdag_operator.section-1', 'example_subdag_operator.section-2', 'example_subdag_operator']) retrieved from /Users/nikhilanand/airflow_venv/lib/python3.9/site-packages/airflow/example_dags/example_subdag_operator.py
[2024-05-16 13:17:54,455] {logging_mixin.py:109} INFO - [2024-05-16 13:17:54,455] {dag.py:2396} INFO - Sync 3 DAGs
[2024-05-16 13:17:54,459] {logging_mixin.py:109} INFO - [2024-05-16 13:17:54,459] {dag.py:2935} INFO - Setting next_dagrun for example_subdag_operator to 2024-05-14T00:00:00+00:00
[2024-05-16 13:17:54,459] {logging_mixin.py:109} INFO - [2024-05-16 13:17:54,459] {dag.py:2935} INFO - Setting next_dagrun for example_subdag_operator.section-1 to None
[2024-05-16 13:17:54,460] {logging_mixin.py:109} INFO - [2024-05-16 13:17:54,459] {dag.py:2935} INFO - Setting next_dagrun for example_subdag_operator.section-2 to None
[2024-05-16 13:17:54,461] {logging_mixin.py:109} INFO - [2024-05-16 13:17:54,461] {dag.py:2396} INFO - Sync 2 DAGs
[2024-05-16 13:17:54,464] {logging_mixin.py:109} INFO - [2024-05-16 13:17:54,464] {dag.py:2935} INFO - Setting next_dagrun for example_subdag_operator.section-1 to None
[2024-05-16 13:17:54,464] {logging_mixin.py:109} INFO - [2024-05-16 13:17:54,464] {dag.py:2935} INFO - Setting next_dagrun for example_subdag_operator.section-2 to None
[2024-05-16 13:17:54,467] {processor.py:171} INFO - Processing /Users/nikhilanand/airflow_venv/lib/python3.9/site-packages/airflow/example_dags/example_subdag_operator.py took 0.043 seconds
[2024-05-16 13:19:01,315] {processor.py:163} INFO - Started process (PID=5812) to work on /Users/nikhilanand/airflow_venv/lib/python3.9/site-packages/airflow/example_dags/example_subdag_operator.py
[2024-05-16 13:19:01,315] {processor.py:642} INFO - Processing file /Users/nikhilanand/airflow_venv/lib/python3.9/site-packages/airflow/example_dags/example_subdag_operator.py for tasks to queue
[2024-05-16 13:19:01,315] {logging_mixin.py:109} INFO - [2024-05-16 13:19:01,315] {dagbag.py:500} INFO - Filling up the DagBag from /Users/nikhilanand/airflow_venv/lib/python3.9/site-packages/airflow/example_dags/example_subdag_operator.py
[2024-05-16 13:19:01,335] {processor.py:654} INFO - DAG(s) dict_keys(['example_subdag_operator.section-1', 'example_subdag_operator.section-2', 'example_subdag_operator']) retrieved from /Users/nikhilanand/airflow_venv/lib/python3.9/site-packages/airflow/example_dags/example_subdag_operator.py
[2024-05-16 13:19:01,344] {logging_mixin.py:109} INFO - [2024-05-16 13:19:01,344] {dag.py:2396} INFO - Sync 3 DAGs
[2024-05-16 13:19:01,349] {logging_mixin.py:109} INFO - [2024-05-16 13:19:01,349] {dag.py:2935} INFO - Setting next_dagrun for example_subdag_operator to 2024-05-14T00:00:00+00:00
[2024-05-16 13:19:01,349] {logging_mixin.py:109} INFO - [2024-05-16 13:19:01,349] {dag.py:2935} INFO - Setting next_dagrun for example_subdag_operator.section-1 to None
[2024-05-16 13:19:01,349] {logging_mixin.py:109} INFO - [2024-05-16 13:19:01,349] {dag.py:2935} INFO - Setting next_dagrun for example_subdag_operator.section-2 to None
[2024-05-16 13:19:01,351] {logging_mixin.py:109} INFO - [2024-05-16 13:19:01,351] {dag.py:2396} INFO - Sync 2 DAGs
[2024-05-16 13:19:01,354] {logging_mixin.py:109} INFO - [2024-05-16 13:19:01,354] {dag.py:2935} INFO - Setting next_dagrun for example_subdag_operator.section-1 to None
[2024-05-16 13:19:01,354] {logging_mixin.py:109} INFO - [2024-05-16 13:19:01,354] {dag.py:2935} INFO - Setting next_dagrun for example_subdag_operator.section-2 to None
[2024-05-16 13:19:01,357] {processor.py:171} INFO - Processing /Users/nikhilanand/airflow_venv/lib/python3.9/site-packages/airflow/example_dags/example_subdag_operator.py took 0.043 seconds
[2024-05-16 13:20:09,862] {processor.py:163} INFO - Started process (PID=6627) to work on /Users/nikhilanand/airflow_venv/lib/python3.9/site-packages/airflow/example_dags/example_subdag_operator.py
[2024-05-16 13:20:09,863] {processor.py:642} INFO - Processing file /Users/nikhilanand/airflow_venv/lib/python3.9/site-packages/airflow/example_dags/example_subdag_operator.py for tasks to queue
[2024-05-16 13:20:09,863] {logging_mixin.py:109} INFO - [2024-05-16 13:20:09,863] {dagbag.py:500} INFO - Filling up the DagBag from /Users/nikhilanand/airflow_venv/lib/python3.9/site-packages/airflow/example_dags/example_subdag_operator.py
[2024-05-16 13:20:09,882] {processor.py:654} INFO - DAG(s) dict_keys(['example_subdag_operator.section-1', 'example_subdag_operator.section-2', 'example_subdag_operator']) retrieved from /Users/nikhilanand/airflow_venv/lib/python3.9/site-packages/airflow/example_dags/example_subdag_operator.py
[2024-05-16 13:20:09,892] {logging_mixin.py:109} INFO - [2024-05-16 13:20:09,892] {dag.py:2396} INFO - Sync 3 DAGs
[2024-05-16 13:20:09,896] {logging_mixin.py:109} INFO - [2024-05-16 13:20:09,896] {dag.py:2935} INFO - Setting next_dagrun for example_subdag_operator to 2024-05-14T00:00:00+00:00
[2024-05-16 13:20:09,896] {logging_mixin.py:109} INFO - [2024-05-16 13:20:09,896] {dag.py:2935} INFO - Setting next_dagrun for example_subdag_operator.section-1 to None
[2024-05-16 13:20:09,896] {logging_mixin.py:109} INFO - [2024-05-16 13:20:09,896] {dag.py:2935} INFO - Setting next_dagrun for example_subdag_operator.section-2 to None
[2024-05-16 13:20:09,898] {logging_mixin.py:109} INFO - [2024-05-16 13:20:09,898] {dag.py:2396} INFO - Sync 2 DAGs
[2024-05-16 13:20:09,901] {logging_mixin.py:109} INFO - [2024-05-16 13:20:09,901] {dag.py:2935} INFO - Setting next_dagrun for example_subdag_operator.section-1 to None
[2024-05-16 13:20:09,901] {logging_mixin.py:109} INFO - [2024-05-16 13:20:09,901] {dag.py:2935} INFO - Setting next_dagrun for example_subdag_operator.section-2 to None
[2024-05-16 13:20:09,904] {processor.py:171} INFO - Processing /Users/nikhilanand/airflow_venv/lib/python3.9/site-packages/airflow/example_dags/example_subdag_operator.py took 0.042 seconds
[2024-05-16 13:21:16,814] {processor.py:163} INFO - Started process (PID=7420) to work on /Users/nikhilanand/airflow_venv/lib/python3.9/site-packages/airflow/example_dags/example_subdag_operator.py
[2024-05-16 13:21:16,815] {processor.py:642} INFO - Processing file /Users/nikhilanand/airflow_venv/lib/python3.9/site-packages/airflow/example_dags/example_subdag_operator.py for tasks to queue
[2024-05-16 13:21:16,818] {logging_mixin.py:109} INFO - [2024-05-16 13:21:16,818] {dagbag.py:500} INFO - Filling up the DagBag from /Users/nikhilanand/airflow_venv/lib/python3.9/site-packages/airflow/example_dags/example_subdag_operator.py
[2024-05-16 13:21:16,845] {processor.py:654} INFO - DAG(s) dict_keys(['example_subdag_operator.section-1', 'example_subdag_operator.section-2', 'example_subdag_operator']) retrieved from /Users/nikhilanand/airflow_venv/lib/python3.9/site-packages/airflow/example_dags/example_subdag_operator.py
[2024-05-16 13:21:16,859] {logging_mixin.py:109} INFO - [2024-05-16 13:21:16,858] {dag.py:2396} INFO - Sync 3 DAGs
[2024-05-16 13:21:16,864] {logging_mixin.py:109} INFO - [2024-05-16 13:21:16,864] {dag.py:2935} INFO - Setting next_dagrun for example_subdag_operator to 2024-05-14T00:00:00+00:00
[2024-05-16 13:21:16,864] {logging_mixin.py:109} INFO - [2024-05-16 13:21:16,864] {dag.py:2935} INFO - Setting next_dagrun for example_subdag_operator.section-1 to None
[2024-05-16 13:21:16,864] {logging_mixin.py:109} INFO - [2024-05-16 13:21:16,864] {dag.py:2935} INFO - Setting next_dagrun for example_subdag_operator.section-2 to None
[2024-05-16 13:21:16,866] {logging_mixin.py:109} INFO - [2024-05-16 13:21:16,866] {dag.py:2396} INFO - Sync 2 DAGs
[2024-05-16 13:21:16,869] {logging_mixin.py:109} INFO - [2024-05-16 13:21:16,869] {dag.py:2935} INFO - Setting next_dagrun for example_subdag_operator.section-1 to None
[2024-05-16 13:21:16,869] {logging_mixin.py:109} INFO - [2024-05-16 13:21:16,869] {dag.py:2935} INFO - Setting next_dagrun for example_subdag_operator.section-2 to None
[2024-05-16 13:21:16,872] {processor.py:171} INFO - Processing /Users/nikhilanand/airflow_venv/lib/python3.9/site-packages/airflow/example_dags/example_subdag_operator.py took 0.058 seconds
[2024-05-16 13:22:27,602] {processor.py:163} INFO - Started process (PID=8241) to work on /Users/nikhilanand/airflow_venv/lib/python3.9/site-packages/airflow/example_dags/example_subdag_operator.py
[2024-05-16 13:22:27,603] {processor.py:642} INFO - Processing file /Users/nikhilanand/airflow_venv/lib/python3.9/site-packages/airflow/example_dags/example_subdag_operator.py for tasks to queue
[2024-05-16 13:22:27,603] {logging_mixin.py:109} INFO - [2024-05-16 13:22:27,603] {dagbag.py:500} INFO - Filling up the DagBag from /Users/nikhilanand/airflow_venv/lib/python3.9/site-packages/airflow/example_dags/example_subdag_operator.py
[2024-05-16 13:22:27,623] {processor.py:654} INFO - DAG(s) dict_keys(['example_subdag_operator.section-1', 'example_subdag_operator.section-2', 'example_subdag_operator']) retrieved from /Users/nikhilanand/airflow_venv/lib/python3.9/site-packages/airflow/example_dags/example_subdag_operator.py
[2024-05-16 13:22:27,633] {logging_mixin.py:109} INFO - [2024-05-16 13:22:27,633] {dag.py:2396} INFO - Sync 3 DAGs
[2024-05-16 13:22:27,638] {logging_mixin.py:109} INFO - [2024-05-16 13:22:27,638] {dag.py:2935} INFO - Setting next_dagrun for example_subdag_operator to 2024-05-14T00:00:00+00:00
[2024-05-16 13:22:27,638] {logging_mixin.py:109} INFO - [2024-05-16 13:22:27,638] {dag.py:2935} INFO - Setting next_dagrun for example_subdag_operator.section-1 to None
[2024-05-16 13:22:27,638] {logging_mixin.py:109} INFO - [2024-05-16 13:22:27,638] {dag.py:2935} INFO - Setting next_dagrun for example_subdag_operator.section-2 to None
[2024-05-16 13:22:27,640] {logging_mixin.py:109} INFO - [2024-05-16 13:22:27,640] {dag.py:2396} INFO - Sync 2 DAGs
[2024-05-16 13:22:27,642] {logging_mixin.py:109} INFO - [2024-05-16 13:22:27,642] {dag.py:2935} INFO - Setting next_dagrun for example_subdag_operator.section-1 to None
[2024-05-16 13:22:27,642] {logging_mixin.py:109} INFO - [2024-05-16 13:22:27,642] {dag.py:2935} INFO - Setting next_dagrun for example_subdag_operator.section-2 to None
[2024-05-16 13:22:27,645] {processor.py:171} INFO - Processing /Users/nikhilanand/airflow_venv/lib/python3.9/site-packages/airflow/example_dags/example_subdag_operator.py took 0.044 seconds
[2024-05-16 13:23:33,493] {processor.py:163} INFO - Started process (PID=9018) to work on /Users/nikhilanand/airflow_venv/lib/python3.9/site-packages/airflow/example_dags/example_subdag_operator.py
[2024-05-16 13:23:33,493] {processor.py:642} INFO - Processing file /Users/nikhilanand/airflow_venv/lib/python3.9/site-packages/airflow/example_dags/example_subdag_operator.py for tasks to queue
[2024-05-16 13:23:33,493] {logging_mixin.py:109} INFO - [2024-05-16 13:23:33,493] {dagbag.py:500} INFO - Filling up the DagBag from /Users/nikhilanand/airflow_venv/lib/python3.9/site-packages/airflow/example_dags/example_subdag_operator.py
[2024-05-16 13:23:33,512] {processor.py:654} INFO - DAG(s) dict_keys(['example_subdag_operator.section-1', 'example_subdag_operator.section-2', 'example_subdag_operator']) retrieved from /Users/nikhilanand/airflow_venv/lib/python3.9/site-packages/airflow/example_dags/example_subdag_operator.py
[2024-05-16 13:23:33,521] {logging_mixin.py:109} INFO - [2024-05-16 13:23:33,521] {dag.py:2396} INFO - Sync 3 DAGs
[2024-05-16 13:23:33,526] {logging_mixin.py:109} INFO - [2024-05-16 13:23:33,526] {dag.py:2935} INFO - Setting next_dagrun for example_subdag_operator to 2024-05-14T00:00:00+00:00
[2024-05-16 13:23:33,527] {logging_mixin.py:109} INFO - [2024-05-16 13:23:33,527] {dag.py:2935} INFO - Setting next_dagrun for example_subdag_operator.section-1 to None
[2024-05-16 13:23:33,527] {logging_mixin.py:109} INFO - [2024-05-16 13:23:33,527] {dag.py:2935} INFO - Setting next_dagrun for example_subdag_operator.section-2 to None
[2024-05-16 13:23:33,529] {logging_mixin.py:109} INFO - [2024-05-16 13:23:33,529] {dag.py:2396} INFO - Sync 2 DAGs
[2024-05-16 13:23:33,532] {logging_mixin.py:109} INFO - [2024-05-16 13:23:33,532] {dag.py:2935} INFO - Setting next_dagrun for example_subdag_operator.section-1 to None
[2024-05-16 13:23:33,532] {logging_mixin.py:109} INFO - [2024-05-16 13:23:33,532] {dag.py:2935} INFO - Setting next_dagrun for example_subdag_operator.section-2 to None
[2024-05-16 13:23:33,536] {processor.py:171} INFO - Processing /Users/nikhilanand/airflow_venv/lib/python3.9/site-packages/airflow/example_dags/example_subdag_operator.py took 0.043 seconds
[2024-05-16 13:24:42,327] {processor.py:163} INFO - Started process (PID=9836) to work on /Users/nikhilanand/airflow_venv/lib/python3.9/site-packages/airflow/example_dags/example_subdag_operator.py
[2024-05-16 13:24:42,327] {processor.py:642} INFO - Processing file /Users/nikhilanand/airflow_venv/lib/python3.9/site-packages/airflow/example_dags/example_subdag_operator.py for tasks to queue
[2024-05-16 13:24:42,328] {logging_mixin.py:109} INFO - [2024-05-16 13:24:42,327] {dagbag.py:500} INFO - Filling up the DagBag from /Users/nikhilanand/airflow_venv/lib/python3.9/site-packages/airflow/example_dags/example_subdag_operator.py
[2024-05-16 13:24:42,347] {processor.py:654} INFO - DAG(s) dict_keys(['example_subdag_operator.section-1', 'example_subdag_operator.section-2', 'example_subdag_operator']) retrieved from /Users/nikhilanand/airflow_venv/lib/python3.9/site-packages/airflow/example_dags/example_subdag_operator.py
[2024-05-16 13:24:42,356] {logging_mixin.py:109} INFO - [2024-05-16 13:24:42,356] {dag.py:2396} INFO - Sync 3 DAGs
[2024-05-16 13:24:42,360] {logging_mixin.py:109} INFO - [2024-05-16 13:24:42,360] {dag.py:2935} INFO - Setting next_dagrun for example_subdag_operator to 2024-05-14T00:00:00+00:00
[2024-05-16 13:24:42,361] {logging_mixin.py:109} INFO - [2024-05-16 13:24:42,361] {dag.py:2935} INFO - Setting next_dagrun for example_subdag_operator.section-1 to None
[2024-05-16 13:24:42,361] {logging_mixin.py:109} INFO - [2024-05-16 13:24:42,361] {dag.py:2935} INFO - Setting next_dagrun for example_subdag_operator.section-2 to None
[2024-05-16 13:24:42,362] {logging_mixin.py:109} INFO - [2024-05-16 13:24:42,362] {dag.py:2396} INFO - Sync 2 DAGs
[2024-05-16 13:24:42,365] {logging_mixin.py:109} INFO - [2024-05-16 13:24:42,365] {dag.py:2935} INFO - Setting next_dagrun for example_subdag_operator.section-1 to None
[2024-05-16 13:24:42,365] {logging_mixin.py:109} INFO - [2024-05-16 13:24:42,365] {dag.py:2935} INFO - Setting next_dagrun for example_subdag_operator.section-2 to None
[2024-05-16 13:24:42,368] {processor.py:171} INFO - Processing /Users/nikhilanand/airflow_venv/lib/python3.9/site-packages/airflow/example_dags/example_subdag_operator.py took 0.041 seconds
[2024-05-16 13:25:51,439] {processor.py:163} INFO - Started process (PID=11014) to work on /Users/nikhilanand/airflow_venv/lib/python3.9/site-packages/airflow/example_dags/example_subdag_operator.py
[2024-05-16 13:25:51,440] {processor.py:642} INFO - Processing file /Users/nikhilanand/airflow_venv/lib/python3.9/site-packages/airflow/example_dags/example_subdag_operator.py for tasks to queue
[2024-05-16 13:25:51,440] {logging_mixin.py:109} INFO - [2024-05-16 13:25:51,440] {dagbag.py:500} INFO - Filling up the DagBag from /Users/nikhilanand/airflow_venv/lib/python3.9/site-packages/airflow/example_dags/example_subdag_operator.py
[2024-05-16 13:25:51,461] {processor.py:654} INFO - DAG(s) dict_keys(['example_subdag_operator.section-1', 'example_subdag_operator.section-2', 'example_subdag_operator']) retrieved from /Users/nikhilanand/airflow_venv/lib/python3.9/site-packages/airflow/example_dags/example_subdag_operator.py
[2024-05-16 13:25:51,471] {logging_mixin.py:109} INFO - [2024-05-16 13:25:51,471] {dag.py:2396} INFO - Sync 3 DAGs
[2024-05-16 13:25:51,475] {logging_mixin.py:109} INFO - [2024-05-16 13:25:51,475] {dag.py:2935} INFO - Setting next_dagrun for example_subdag_operator to 2024-05-14T00:00:00+00:00
[2024-05-16 13:25:51,476] {logging_mixin.py:109} INFO - [2024-05-16 13:25:51,476] {dag.py:2935} INFO - Setting next_dagrun for example_subdag_operator.section-1 to None
[2024-05-16 13:25:51,476] {logging_mixin.py:109} INFO - [2024-05-16 13:25:51,476] {dag.py:2935} INFO - Setting next_dagrun for example_subdag_operator.section-2 to None
[2024-05-16 13:25:51,477] {logging_mixin.py:109} INFO - [2024-05-16 13:25:51,477] {dag.py:2396} INFO - Sync 2 DAGs
[2024-05-16 13:25:51,480] {logging_mixin.py:109} INFO - [2024-05-16 13:25:51,480] {dag.py:2935} INFO - Setting next_dagrun for example_subdag_operator.section-1 to None
[2024-05-16 13:25:51,480] {logging_mixin.py:109} INFO - [2024-05-16 13:25:51,480] {dag.py:2935} INFO - Setting next_dagrun for example_subdag_operator.section-2 to None
[2024-05-16 13:25:51,483] {processor.py:171} INFO - Processing /Users/nikhilanand/airflow_venv/lib/python3.9/site-packages/airflow/example_dags/example_subdag_operator.py took 0.045 seconds
[2024-05-16 13:26:57,911] {processor.py:163} INFO - Started process (PID=11801) to work on /Users/nikhilanand/airflow_venv/lib/python3.9/site-packages/airflow/example_dags/example_subdag_operator.py
[2024-05-16 13:26:57,912] {processor.py:642} INFO - Processing file /Users/nikhilanand/airflow_venv/lib/python3.9/site-packages/airflow/example_dags/example_subdag_operator.py for tasks to queue
[2024-05-16 13:26:57,912] {logging_mixin.py:109} INFO - [2024-05-16 13:26:57,912] {dagbag.py:500} INFO - Filling up the DagBag from /Users/nikhilanand/airflow_venv/lib/python3.9/site-packages/airflow/example_dags/example_subdag_operator.py
[2024-05-16 13:26:57,932] {processor.py:654} INFO - DAG(s) dict_keys(['example_subdag_operator.section-1', 'example_subdag_operator.section-2', 'example_subdag_operator']) retrieved from /Users/nikhilanand/airflow_venv/lib/python3.9/site-packages/airflow/example_dags/example_subdag_operator.py
[2024-05-16 13:26:57,942] {logging_mixin.py:109} INFO - [2024-05-16 13:26:57,941] {dag.py:2396} INFO - Sync 3 DAGs
[2024-05-16 13:26:57,946] {logging_mixin.py:109} INFO - [2024-05-16 13:26:57,946] {dag.py:2935} INFO - Setting next_dagrun for example_subdag_operator to 2024-05-14T00:00:00+00:00
[2024-05-16 13:26:57,946] {logging_mixin.py:109} INFO - [2024-05-16 13:26:57,946] {dag.py:2935} INFO - Setting next_dagrun for example_subdag_operator.section-1 to None
[2024-05-16 13:26:57,946] {logging_mixin.py:109} INFO - [2024-05-16 13:26:57,946] {dag.py:2935} INFO - Setting next_dagrun for example_subdag_operator.section-2 to None
[2024-05-16 13:26:57,948] {logging_mixin.py:109} INFO - [2024-05-16 13:26:57,948] {dag.py:2396} INFO - Sync 2 DAGs
[2024-05-16 13:26:57,950] {logging_mixin.py:109} INFO - [2024-05-16 13:26:57,950] {dag.py:2935} INFO - Setting next_dagrun for example_subdag_operator.section-1 to None
[2024-05-16 13:26:57,950] {logging_mixin.py:109} INFO - [2024-05-16 13:26:57,950] {dag.py:2935} INFO - Setting next_dagrun for example_subdag_operator.section-2 to None
[2024-05-16 13:26:57,953] {processor.py:171} INFO - Processing /Users/nikhilanand/airflow_venv/lib/python3.9/site-packages/airflow/example_dags/example_subdag_operator.py took 0.043 seconds
[2024-05-16 13:28:25,301] {processor.py:163} INFO - Started process (PID=12849) to work on /Users/nikhilanand/airflow_venv/lib/python3.9/site-packages/airflow/example_dags/example_subdag_operator.py
[2024-05-16 13:28:25,302] {processor.py:642} INFO - Processing file /Users/nikhilanand/airflow_venv/lib/python3.9/site-packages/airflow/example_dags/example_subdag_operator.py for tasks to queue
[2024-05-16 13:28:25,302] {logging_mixin.py:109} INFO - [2024-05-16 13:28:25,302] {dagbag.py:500} INFO - Filling up the DagBag from /Users/nikhilanand/airflow_venv/lib/python3.9/site-packages/airflow/example_dags/example_subdag_operator.py
[2024-05-16 13:28:25,325] {processor.py:654} INFO - DAG(s) dict_keys(['example_subdag_operator.section-1', 'example_subdag_operator.section-2', 'example_subdag_operator']) retrieved from /Users/nikhilanand/airflow_venv/lib/python3.9/site-packages/airflow/example_dags/example_subdag_operator.py
[2024-05-16 13:28:25,335] {logging_mixin.py:109} INFO - [2024-05-16 13:28:25,335] {dag.py:2396} INFO - Sync 3 DAGs
[2024-05-16 13:28:25,340] {logging_mixin.py:109} INFO - [2024-05-16 13:28:25,340] {dag.py:2935} INFO - Setting next_dagrun for example_subdag_operator to 2024-05-14T00:00:00+00:00
[2024-05-16 13:28:25,340] {logging_mixin.py:109} INFO - [2024-05-16 13:28:25,340] {dag.py:2935} INFO - Setting next_dagrun for example_subdag_operator.section-1 to None
[2024-05-16 13:28:25,340] {logging_mixin.py:109} INFO - [2024-05-16 13:28:25,340] {dag.py:2935} INFO - Setting next_dagrun for example_subdag_operator.section-2 to None
[2024-05-16 13:28:25,342] {logging_mixin.py:109} INFO - [2024-05-16 13:28:25,342] {dag.py:2396} INFO - Sync 2 DAGs
[2024-05-16 13:28:25,345] {logging_mixin.py:109} INFO - [2024-05-16 13:28:25,344] {dag.py:2935} INFO - Setting next_dagrun for example_subdag_operator.section-1 to None
[2024-05-16 13:28:25,345] {logging_mixin.py:109} INFO - [2024-05-16 13:28:25,345] {dag.py:2935} INFO - Setting next_dagrun for example_subdag_operator.section-2 to None
[2024-05-16 13:28:25,348] {processor.py:171} INFO - Processing /Users/nikhilanand/airflow_venv/lib/python3.9/site-packages/airflow/example_dags/example_subdag_operator.py took 0.047 seconds
[2024-05-16 13:29:39,720] {processor.py:163} INFO - Started process (PID=13697) to work on /Users/nikhilanand/airflow_venv/lib/python3.9/site-packages/airflow/example_dags/example_subdag_operator.py
[2024-05-16 13:29:39,721] {processor.py:642} INFO - Processing file /Users/nikhilanand/airflow_venv/lib/python3.9/site-packages/airflow/example_dags/example_subdag_operator.py for tasks to queue
[2024-05-16 13:29:39,721] {logging_mixin.py:109} INFO - [2024-05-16 13:29:39,721] {dagbag.py:500} INFO - Filling up the DagBag from /Users/nikhilanand/airflow_venv/lib/python3.9/site-packages/airflow/example_dags/example_subdag_operator.py
[2024-05-16 13:29:39,740] {processor.py:654} INFO - DAG(s) dict_keys(['example_subdag_operator.section-1', 'example_subdag_operator.section-2', 'example_subdag_operator']) retrieved from /Users/nikhilanand/airflow_venv/lib/python3.9/site-packages/airflow/example_dags/example_subdag_operator.py
[2024-05-16 13:29:39,750] {logging_mixin.py:109} INFO - [2024-05-16 13:29:39,750] {dag.py:2396} INFO - Sync 3 DAGs
[2024-05-16 13:29:39,755] {logging_mixin.py:109} INFO - [2024-05-16 13:29:39,755] {dag.py:2935} INFO - Setting next_dagrun for example_subdag_operator to 2024-05-14T00:00:00+00:00
[2024-05-16 13:29:39,755] {logging_mixin.py:109} INFO - [2024-05-16 13:29:39,755] {dag.py:2935} INFO - Setting next_dagrun for example_subdag_operator.section-1 to None
[2024-05-16 13:29:39,755] {logging_mixin.py:109} INFO - [2024-05-16 13:29:39,755] {dag.py:2935} INFO - Setting next_dagrun for example_subdag_operator.section-2 to None
[2024-05-16 13:29:39,757] {logging_mixin.py:109} INFO - [2024-05-16 13:29:39,757] {dag.py:2396} INFO - Sync 2 DAGs
[2024-05-16 13:29:39,759] {logging_mixin.py:109} INFO - [2024-05-16 13:29:39,759] {dag.py:2935} INFO - Setting next_dagrun for example_subdag_operator.section-1 to None
[2024-05-16 13:29:39,760] {logging_mixin.py:109} INFO - [2024-05-16 13:29:39,760] {dag.py:2935} INFO - Setting next_dagrun for example_subdag_operator.section-2 to None
[2024-05-16 13:29:39,762] {processor.py:171} INFO - Processing /Users/nikhilanand/airflow_venv/lib/python3.9/site-packages/airflow/example_dags/example_subdag_operator.py took 0.042 seconds
[2024-05-16 13:30:48,265] {processor.py:163} INFO - Started process (PID=14546) to work on /Users/nikhilanand/airflow_venv/lib/python3.9/site-packages/airflow/example_dags/example_subdag_operator.py
[2024-05-16 13:30:48,265] {processor.py:642} INFO - Processing file /Users/nikhilanand/airflow_venv/lib/python3.9/site-packages/airflow/example_dags/example_subdag_operator.py for tasks to queue
[2024-05-16 13:30:48,265] {logging_mixin.py:109} INFO - [2024-05-16 13:30:48,265] {dagbag.py:500} INFO - Filling up the DagBag from /Users/nikhilanand/airflow_venv/lib/python3.9/site-packages/airflow/example_dags/example_subdag_operator.py
[2024-05-16 13:30:48,285] {processor.py:654} INFO - DAG(s) dict_keys(['example_subdag_operator.section-1', 'example_subdag_operator.section-2', 'example_subdag_operator']) retrieved from /Users/nikhilanand/airflow_venv/lib/python3.9/site-packages/airflow/example_dags/example_subdag_operator.py
[2024-05-16 13:30:48,295] {logging_mixin.py:109} INFO - [2024-05-16 13:30:48,294] {dag.py:2396} INFO - Sync 3 DAGs
[2024-05-16 13:30:48,299] {logging_mixin.py:109} INFO - [2024-05-16 13:30:48,299] {dag.py:2935} INFO - Setting next_dagrun for example_subdag_operator to 2024-05-14T00:00:00+00:00
[2024-05-16 13:30:48,299] {logging_mixin.py:109} INFO - [2024-05-16 13:30:48,299] {dag.py:2935} INFO - Setting next_dagrun for example_subdag_operator.section-1 to None
[2024-05-16 13:30:48,299] {logging_mixin.py:109} INFO - [2024-05-16 13:30:48,299] {dag.py:2935} INFO - Setting next_dagrun for example_subdag_operator.section-2 to None
[2024-05-16 13:30:48,301] {logging_mixin.py:109} INFO - [2024-05-16 13:30:48,301] {dag.py:2396} INFO - Sync 2 DAGs
[2024-05-16 13:30:48,304] {logging_mixin.py:109} INFO - [2024-05-16 13:30:48,304] {dag.py:2935} INFO - Setting next_dagrun for example_subdag_operator.section-1 to None
[2024-05-16 13:30:48,304] {logging_mixin.py:109} INFO - [2024-05-16 13:30:48,304] {dag.py:2935} INFO - Setting next_dagrun for example_subdag_operator.section-2 to None
[2024-05-16 13:30:48,306] {processor.py:171} INFO - Processing /Users/nikhilanand/airflow_venv/lib/python3.9/site-packages/airflow/example_dags/example_subdag_operator.py took 0.042 seconds
[2024-05-16 13:31:59,187] {processor.py:163} INFO - Started process (PID=15411) to work on /Users/nikhilanand/airflow_venv/lib/python3.9/site-packages/airflow/example_dags/example_subdag_operator.py
[2024-05-16 13:31:59,187] {processor.py:642} INFO - Processing file /Users/nikhilanand/airflow_venv/lib/python3.9/site-packages/airflow/example_dags/example_subdag_operator.py for tasks to queue
[2024-05-16 13:31:59,188] {logging_mixin.py:109} INFO - [2024-05-16 13:31:59,187] {dagbag.py:500} INFO - Filling up the DagBag from /Users/nikhilanand/airflow_venv/lib/python3.9/site-packages/airflow/example_dags/example_subdag_operator.py
[2024-05-16 13:31:59,206] {processor.py:654} INFO - DAG(s) dict_keys(['example_subdag_operator.section-1', 'example_subdag_operator.section-2', 'example_subdag_operator']) retrieved from /Users/nikhilanand/airflow_venv/lib/python3.9/site-packages/airflow/example_dags/example_subdag_operator.py
[2024-05-16 13:31:59,215] {logging_mixin.py:109} INFO - [2024-05-16 13:31:59,215] {dag.py:2396} INFO - Sync 3 DAGs
[2024-05-16 13:31:59,220] {logging_mixin.py:109} INFO - [2024-05-16 13:31:59,220] {dag.py:2935} INFO - Setting next_dagrun for example_subdag_operator to 2024-05-14T00:00:00+00:00
[2024-05-16 13:31:59,220] {logging_mixin.py:109} INFO - [2024-05-16 13:31:59,220] {dag.py:2935} INFO - Setting next_dagrun for example_subdag_operator.section-1 to None
[2024-05-16 13:31:59,220] {logging_mixin.py:109} INFO - [2024-05-16 13:31:59,220] {dag.py:2935} INFO - Setting next_dagrun for example_subdag_operator.section-2 to None
[2024-05-16 13:31:59,222] {logging_mixin.py:109} INFO - [2024-05-16 13:31:59,222] {dag.py:2396} INFO - Sync 2 DAGs
[2024-05-16 13:31:59,224] {logging_mixin.py:109} INFO - [2024-05-16 13:31:59,224] {dag.py:2935} INFO - Setting next_dagrun for example_subdag_operator.section-1 to None
[2024-05-16 13:31:59,224] {logging_mixin.py:109} INFO - [2024-05-16 13:31:59,224] {dag.py:2935} INFO - Setting next_dagrun for example_subdag_operator.section-2 to None
[2024-05-16 13:31:59,227] {processor.py:171} INFO - Processing /Users/nikhilanand/airflow_venv/lib/python3.9/site-packages/airflow/example_dags/example_subdag_operator.py took 0.040 seconds
[2024-05-16 13:33:07,618] {processor.py:163} INFO - Started process (PID=16588) to work on /Users/nikhilanand/airflow_venv/lib/python3.9/site-packages/airflow/example_dags/example_subdag_operator.py
[2024-05-16 13:33:07,618] {processor.py:642} INFO - Processing file /Users/nikhilanand/airflow_venv/lib/python3.9/site-packages/airflow/example_dags/example_subdag_operator.py for tasks to queue
[2024-05-16 13:33:07,619] {logging_mixin.py:109} INFO - [2024-05-16 13:33:07,619] {dagbag.py:500} INFO - Filling up the DagBag from /Users/nikhilanand/airflow_venv/lib/python3.9/site-packages/airflow/example_dags/example_subdag_operator.py
[2024-05-16 13:33:07,639] {processor.py:654} INFO - DAG(s) dict_keys(['example_subdag_operator.section-1', 'example_subdag_operator.section-2', 'example_subdag_operator']) retrieved from /Users/nikhilanand/airflow_venv/lib/python3.9/site-packages/airflow/example_dags/example_subdag_operator.py
[2024-05-16 13:33:07,650] {logging_mixin.py:109} INFO - [2024-05-16 13:33:07,650] {dag.py:2396} INFO - Sync 3 DAGs
[2024-05-16 13:33:07,655] {logging_mixin.py:109} INFO - [2024-05-16 13:33:07,655] {dag.py:2935} INFO - Setting next_dagrun for example_subdag_operator to 2024-05-14T00:00:00+00:00
[2024-05-16 13:33:07,655] {logging_mixin.py:109} INFO - [2024-05-16 13:33:07,655] {dag.py:2935} INFO - Setting next_dagrun for example_subdag_operator.section-1 to None
[2024-05-16 13:33:07,655] {logging_mixin.py:109} INFO - [2024-05-16 13:33:07,655] {dag.py:2935} INFO - Setting next_dagrun for example_subdag_operator.section-2 to None
[2024-05-16 13:33:07,657] {logging_mixin.py:109} INFO - [2024-05-16 13:33:07,657] {dag.py:2396} INFO - Sync 2 DAGs
[2024-05-16 13:33:07,659] {logging_mixin.py:109} INFO - [2024-05-16 13:33:07,659] {dag.py:2935} INFO - Setting next_dagrun for example_subdag_operator.section-1 to None
[2024-05-16 13:33:07,659] {logging_mixin.py:109} INFO - [2024-05-16 13:33:07,659] {dag.py:2935} INFO - Setting next_dagrun for example_subdag_operator.section-2 to None
[2024-05-16 13:33:07,669] {processor.py:171} INFO - Processing /Users/nikhilanand/airflow_venv/lib/python3.9/site-packages/airflow/example_dags/example_subdag_operator.py took 0.051 seconds
