[2024-05-16 12:54:17,976] {processor.py:163} INFO - Started process (PID=87417) to work on /Users/nikhilanand/airflow_venv/lib/python3.9/site-packages/airflow/example_dags/example_python_operator.py
[2024-05-16 12:54:17,976] {processor.py:642} INFO - Processing file /Users/nikhilanand/airflow_venv/lib/python3.9/site-packages/airflow/example_dags/example_python_operator.py for tasks to queue
[2024-05-16 12:54:17,977] {logging_mixin.py:109} INFO - [2024-05-16 12:54:17,977] {dagbag.py:500} INFO - Filling up the DagBag from /Users/nikhilanand/airflow_venv/lib/python3.9/site-packages/airflow/example_dags/example_python_operator.py
[2024-05-16 12:54:17,988] {logging_mixin.py:109} INFO - [2024-05-16 12:54:17,988] {example_python_operator.py:67} WARNING - The virtalenv_python example task requires virtualenv, please install it.
[2024-05-16 12:54:18,001] {processor.py:654} INFO - DAG(s) dict_keys(['example_python_operator']) retrieved from /Users/nikhilanand/airflow_venv/lib/python3.9/site-packages/airflow/example_dags/example_python_operator.py
[2024-05-16 12:54:18,010] {logging_mixin.py:109} INFO - [2024-05-16 12:54:18,010] {dag.py:2396} INFO - Sync 1 DAGs
[2024-05-16 12:54:18,014] {logging_mixin.py:109} INFO - [2024-05-16 12:54:18,014] {dag.py:2935} INFO - Setting next_dagrun for example_python_operator to None
[2024-05-16 12:54:18,018] {processor.py:171} INFO - Processing /Users/nikhilanand/airflow_venv/lib/python3.9/site-packages/airflow/example_dags/example_python_operator.py took 0.042 seconds
[2024-05-16 12:55:31,959] {processor.py:163} INFO - Started process (PID=88337) to work on /Users/nikhilanand/airflow_venv/lib/python3.9/site-packages/airflow/example_dags/example_python_operator.py
[2024-05-16 12:55:31,960] {processor.py:642} INFO - Processing file /Users/nikhilanand/airflow_venv/lib/python3.9/site-packages/airflow/example_dags/example_python_operator.py for tasks to queue
[2024-05-16 12:55:31,960] {logging_mixin.py:109} INFO - [2024-05-16 12:55:31,960] {dagbag.py:500} INFO - Filling up the DagBag from /Users/nikhilanand/airflow_venv/lib/python3.9/site-packages/airflow/example_dags/example_python_operator.py
[2024-05-16 12:55:31,972] {logging_mixin.py:109} INFO - [2024-05-16 12:55:31,972] {example_python_operator.py:67} WARNING - The virtalenv_python example task requires virtualenv, please install it.
[2024-05-16 12:55:31,985] {processor.py:654} INFO - DAG(s) dict_keys(['example_python_operator']) retrieved from /Users/nikhilanand/airflow_venv/lib/python3.9/site-packages/airflow/example_dags/example_python_operator.py
[2024-05-16 12:55:31,993] {logging_mixin.py:109} INFO - [2024-05-16 12:55:31,993] {dag.py:2396} INFO - Sync 1 DAGs
[2024-05-16 12:55:31,998] {logging_mixin.py:109} INFO - [2024-05-16 12:55:31,998] {dag.py:2935} INFO - Setting next_dagrun for example_python_operator to None
[2024-05-16 12:55:32,001] {processor.py:171} INFO - Processing /Users/nikhilanand/airflow_venv/lib/python3.9/site-packages/airflow/example_dags/example_python_operator.py took 0.042 seconds
[2024-05-16 12:56:38,382] {processor.py:163} INFO - Started process (PID=89136) to work on /Users/nikhilanand/airflow_venv/lib/python3.9/site-packages/airflow/example_dags/example_python_operator.py
[2024-05-16 12:56:38,383] {processor.py:642} INFO - Processing file /Users/nikhilanand/airflow_venv/lib/python3.9/site-packages/airflow/example_dags/example_python_operator.py for tasks to queue
[2024-05-16 12:56:38,383] {logging_mixin.py:109} INFO - [2024-05-16 12:56:38,383] {dagbag.py:500} INFO - Filling up the DagBag from /Users/nikhilanand/airflow_venv/lib/python3.9/site-packages/airflow/example_dags/example_python_operator.py
[2024-05-16 12:56:38,394] {logging_mixin.py:109} INFO - [2024-05-16 12:56:38,394] {example_python_operator.py:67} WARNING - The virtalenv_python example task requires virtualenv, please install it.
[2024-05-16 12:56:38,407] {processor.py:654} INFO - DAG(s) dict_keys(['example_python_operator']) retrieved from /Users/nikhilanand/airflow_venv/lib/python3.9/site-packages/airflow/example_dags/example_python_operator.py
[2024-05-16 12:56:38,417] {logging_mixin.py:109} INFO - [2024-05-16 12:56:38,417] {dag.py:2396} INFO - Sync 1 DAGs
[2024-05-16 12:56:38,423] {logging_mixin.py:109} INFO - [2024-05-16 12:56:38,423] {dag.py:2935} INFO - Setting next_dagrun for example_python_operator to None
[2024-05-16 12:56:38,427] {processor.py:171} INFO - Processing /Users/nikhilanand/airflow_venv/lib/python3.9/site-packages/airflow/example_dags/example_python_operator.py took 0.045 seconds
[2024-05-16 12:57:45,906] {processor.py:163} INFO - Started process (PID=89906) to work on /Users/nikhilanand/airflow_venv/lib/python3.9/site-packages/airflow/example_dags/example_python_operator.py
[2024-05-16 12:57:45,907] {processor.py:642} INFO - Processing file /Users/nikhilanand/airflow_venv/lib/python3.9/site-packages/airflow/example_dags/example_python_operator.py for tasks to queue
[2024-05-16 12:57:45,907] {logging_mixin.py:109} INFO - [2024-05-16 12:57:45,907] {dagbag.py:500} INFO - Filling up the DagBag from /Users/nikhilanand/airflow_venv/lib/python3.9/site-packages/airflow/example_dags/example_python_operator.py
[2024-05-16 12:57:45,918] {logging_mixin.py:109} INFO - [2024-05-16 12:57:45,918] {example_python_operator.py:67} WARNING - The virtalenv_python example task requires virtualenv, please install it.
[2024-05-16 12:57:45,931] {processor.py:654} INFO - DAG(s) dict_keys(['example_python_operator']) retrieved from /Users/nikhilanand/airflow_venv/lib/python3.9/site-packages/airflow/example_dags/example_python_operator.py
[2024-05-16 12:57:45,939] {logging_mixin.py:109} INFO - [2024-05-16 12:57:45,939] {dag.py:2396} INFO - Sync 1 DAGs
[2024-05-16 12:57:45,944] {logging_mixin.py:109} INFO - [2024-05-16 12:57:45,944] {dag.py:2935} INFO - Setting next_dagrun for example_python_operator to None
[2024-05-16 12:57:45,948] {processor.py:171} INFO - Processing /Users/nikhilanand/airflow_venv/lib/python3.9/site-packages/airflow/example_dags/example_python_operator.py took 0.042 seconds
[2024-05-16 12:58:54,944] {processor.py:163} INFO - Started process (PID=90663) to work on /Users/nikhilanand/airflow_venv/lib/python3.9/site-packages/airflow/example_dags/example_python_operator.py
[2024-05-16 12:58:54,944] {processor.py:642} INFO - Processing file /Users/nikhilanand/airflow_venv/lib/python3.9/site-packages/airflow/example_dags/example_python_operator.py for tasks to queue
[2024-05-16 12:58:54,944] {logging_mixin.py:109} INFO - [2024-05-16 12:58:54,944] {dagbag.py:500} INFO - Filling up the DagBag from /Users/nikhilanand/airflow_venv/lib/python3.9/site-packages/airflow/example_dags/example_python_operator.py
[2024-05-16 12:58:54,956] {logging_mixin.py:109} INFO - [2024-05-16 12:58:54,956] {example_python_operator.py:67} WARNING - The virtalenv_python example task requires virtualenv, please install it.
[2024-05-16 12:58:54,970] {processor.py:654} INFO - DAG(s) dict_keys(['example_python_operator']) retrieved from /Users/nikhilanand/airflow_venv/lib/python3.9/site-packages/airflow/example_dags/example_python_operator.py
[2024-05-16 12:58:54,979] {logging_mixin.py:109} INFO - [2024-05-16 12:58:54,979] {dag.py:2396} INFO - Sync 1 DAGs
[2024-05-16 12:58:54,984] {logging_mixin.py:109} INFO - [2024-05-16 12:58:54,984] {dag.py:2935} INFO - Setting next_dagrun for example_python_operator to None
[2024-05-16 12:58:54,988] {processor.py:171} INFO - Processing /Users/nikhilanand/airflow_venv/lib/python3.9/site-packages/airflow/example_dags/example_python_operator.py took 0.044 seconds
[2024-05-16 13:00:10,484] {processor.py:163} INFO - Started process (PID=91559) to work on /Users/nikhilanand/airflow_venv/lib/python3.9/site-packages/airflow/example_dags/example_python_operator.py
[2024-05-16 13:00:10,485] {processor.py:642} INFO - Processing file /Users/nikhilanand/airflow_venv/lib/python3.9/site-packages/airflow/example_dags/example_python_operator.py for tasks to queue
[2024-05-16 13:00:10,485] {logging_mixin.py:109} INFO - [2024-05-16 13:00:10,485] {dagbag.py:500} INFO - Filling up the DagBag from /Users/nikhilanand/airflow_venv/lib/python3.9/site-packages/airflow/example_dags/example_python_operator.py
[2024-05-16 13:00:10,499] {logging_mixin.py:109} INFO - [2024-05-16 13:00:10,498] {example_python_operator.py:67} WARNING - The virtalenv_python example task requires virtualenv, please install it.
[2024-05-16 13:00:10,514] {processor.py:654} INFO - DAG(s) dict_keys(['example_python_operator']) retrieved from /Users/nikhilanand/airflow_venv/lib/python3.9/site-packages/airflow/example_dags/example_python_operator.py
[2024-05-16 13:00:10,523] {logging_mixin.py:109} INFO - [2024-05-16 13:00:10,523] {dag.py:2396} INFO - Sync 1 DAGs
[2024-05-16 13:00:10,528] {logging_mixin.py:109} INFO - [2024-05-16 13:00:10,528] {dag.py:2935} INFO - Setting next_dagrun for example_python_operator to None
[2024-05-16 13:00:10,532] {processor.py:171} INFO - Processing /Users/nikhilanand/airflow_venv/lib/python3.9/site-packages/airflow/example_dags/example_python_operator.py took 0.048 seconds
[2024-05-16 13:01:20,379] {processor.py:163} INFO - Started process (PID=92388) to work on /Users/nikhilanand/airflow_venv/lib/python3.9/site-packages/airflow/example_dags/example_python_operator.py
[2024-05-16 13:01:20,380] {processor.py:642} INFO - Processing file /Users/nikhilanand/airflow_venv/lib/python3.9/site-packages/airflow/example_dags/example_python_operator.py for tasks to queue
[2024-05-16 13:01:20,380] {logging_mixin.py:109} INFO - [2024-05-16 13:01:20,380] {dagbag.py:500} INFO - Filling up the DagBag from /Users/nikhilanand/airflow_venv/lib/python3.9/site-packages/airflow/example_dags/example_python_operator.py
[2024-05-16 13:01:20,393] {logging_mixin.py:109} INFO - [2024-05-16 13:01:20,393] {example_python_operator.py:67} WARNING - The virtalenv_python example task requires virtualenv, please install it.
[2024-05-16 13:01:20,407] {processor.py:654} INFO - DAG(s) dict_keys(['example_python_operator']) retrieved from /Users/nikhilanand/airflow_venv/lib/python3.9/site-packages/airflow/example_dags/example_python_operator.py
[2024-05-16 13:01:20,416] {logging_mixin.py:109} INFO - [2024-05-16 13:01:20,416] {dag.py:2396} INFO - Sync 1 DAGs
[2024-05-16 13:01:20,421] {logging_mixin.py:109} INFO - [2024-05-16 13:01:20,421] {dag.py:2935} INFO - Setting next_dagrun for example_python_operator to None
[2024-05-16 13:01:20,425] {processor.py:171} INFO - Processing /Users/nikhilanand/airflow_venv/lib/python3.9/site-packages/airflow/example_dags/example_python_operator.py took 0.047 seconds
[2024-05-16 13:02:30,547] {processor.py:163} INFO - Started process (PID=93212) to work on /Users/nikhilanand/airflow_venv/lib/python3.9/site-packages/airflow/example_dags/example_python_operator.py
[2024-05-16 13:02:30,548] {processor.py:642} INFO - Processing file /Users/nikhilanand/airflow_venv/lib/python3.9/site-packages/airflow/example_dags/example_python_operator.py for tasks to queue
[2024-05-16 13:02:30,548] {logging_mixin.py:109} INFO - [2024-05-16 13:02:30,548] {dagbag.py:500} INFO - Filling up the DagBag from /Users/nikhilanand/airflow_venv/lib/python3.9/site-packages/airflow/example_dags/example_python_operator.py
[2024-05-16 13:02:30,560] {logging_mixin.py:109} INFO - [2024-05-16 13:02:30,560] {example_python_operator.py:67} WARNING - The virtalenv_python example task requires virtualenv, please install it.
[2024-05-16 13:02:30,574] {processor.py:654} INFO - DAG(s) dict_keys(['example_python_operator']) retrieved from /Users/nikhilanand/airflow_venv/lib/python3.9/site-packages/airflow/example_dags/example_python_operator.py
[2024-05-16 13:02:30,583] {logging_mixin.py:109} INFO - [2024-05-16 13:02:30,583] {dag.py:2396} INFO - Sync 1 DAGs
[2024-05-16 13:02:30,589] {logging_mixin.py:109} INFO - [2024-05-16 13:02:30,589] {dag.py:2935} INFO - Setting next_dagrun for example_python_operator to None
[2024-05-16 13:02:30,592] {processor.py:171} INFO - Processing /Users/nikhilanand/airflow_venv/lib/python3.9/site-packages/airflow/example_dags/example_python_operator.py took 0.045 seconds
[2024-05-16 13:03:39,945] {processor.py:163} INFO - Started process (PID=94344) to work on /Users/nikhilanand/airflow_venv/lib/python3.9/site-packages/airflow/example_dags/example_python_operator.py
[2024-05-16 13:03:39,946] {processor.py:642} INFO - Processing file /Users/nikhilanand/airflow_venv/lib/python3.9/site-packages/airflow/example_dags/example_python_operator.py for tasks to queue
[2024-05-16 13:03:39,947] {logging_mixin.py:109} INFO - [2024-05-16 13:03:39,946] {dagbag.py:500} INFO - Filling up the DagBag from /Users/nikhilanand/airflow_venv/lib/python3.9/site-packages/airflow/example_dags/example_python_operator.py
[2024-05-16 13:03:39,958] {logging_mixin.py:109} INFO - [2024-05-16 13:03:39,958] {example_python_operator.py:67} WARNING - The virtalenv_python example task requires virtualenv, please install it.
[2024-05-16 13:03:39,971] {processor.py:654} INFO - DAG(s) dict_keys(['example_python_operator']) retrieved from /Users/nikhilanand/airflow_venv/lib/python3.9/site-packages/airflow/example_dags/example_python_operator.py
[2024-05-16 13:03:39,979] {logging_mixin.py:109} INFO - [2024-05-16 13:03:39,979] {dag.py:2396} INFO - Sync 1 DAGs
[2024-05-16 13:03:39,984] {logging_mixin.py:109} INFO - [2024-05-16 13:03:39,984] {dag.py:2935} INFO - Setting next_dagrun for example_python_operator to None
[2024-05-16 13:03:39,988] {processor.py:171} INFO - Processing /Users/nikhilanand/airflow_venv/lib/python3.9/site-packages/airflow/example_dags/example_python_operator.py took 0.043 seconds
[2024-05-16 13:04:54,992] {processor.py:163} INFO - Started process (PID=95222) to work on /Users/nikhilanand/airflow_venv/lib/python3.9/site-packages/airflow/example_dags/example_python_operator.py
[2024-05-16 13:04:54,993] {processor.py:642} INFO - Processing file /Users/nikhilanand/airflow_venv/lib/python3.9/site-packages/airflow/example_dags/example_python_operator.py for tasks to queue
[2024-05-16 13:04:54,993] {logging_mixin.py:109} INFO - [2024-05-16 13:04:54,993] {dagbag.py:500} INFO - Filling up the DagBag from /Users/nikhilanand/airflow_venv/lib/python3.9/site-packages/airflow/example_dags/example_python_operator.py
[2024-05-16 13:04:55,015] {logging_mixin.py:109} INFO - [2024-05-16 13:04:55,015] {example_python_operator.py:67} WARNING - The virtalenv_python example task requires virtualenv, please install it.
[2024-05-16 13:04:55,037] {processor.py:654} INFO - DAG(s) dict_keys(['example_python_operator']) retrieved from /Users/nikhilanand/airflow_venv/lib/python3.9/site-packages/airflow/example_dags/example_python_operator.py
[2024-05-16 13:04:55,048] {logging_mixin.py:109} INFO - [2024-05-16 13:04:55,048] {dag.py:2396} INFO - Sync 1 DAGs
[2024-05-16 13:04:55,055] {logging_mixin.py:109} INFO - [2024-05-16 13:04:55,055] {dag.py:2935} INFO - Setting next_dagrun for example_python_operator to None
[2024-05-16 13:04:55,060] {processor.py:171} INFO - Processing /Users/nikhilanand/airflow_venv/lib/python3.9/site-packages/airflow/example_dags/example_python_operator.py took 0.067 seconds
[2024-05-16 13:06:04,115] {processor.py:163} INFO - Started process (PID=96052) to work on /Users/nikhilanand/airflow_venv/lib/python3.9/site-packages/airflow/example_dags/example_python_operator.py
[2024-05-16 13:06:04,116] {processor.py:642} INFO - Processing file /Users/nikhilanand/airflow_venv/lib/python3.9/site-packages/airflow/example_dags/example_python_operator.py for tasks to queue
[2024-05-16 13:06:04,116] {logging_mixin.py:109} INFO - [2024-05-16 13:06:04,116] {dagbag.py:500} INFO - Filling up the DagBag from /Users/nikhilanand/airflow_venv/lib/python3.9/site-packages/airflow/example_dags/example_python_operator.py
[2024-05-16 13:06:04,127] {logging_mixin.py:109} INFO - [2024-05-16 13:06:04,127] {example_python_operator.py:67} WARNING - The virtalenv_python example task requires virtualenv, please install it.
[2024-05-16 13:06:04,140] {processor.py:654} INFO - DAG(s) dict_keys(['example_python_operator']) retrieved from /Users/nikhilanand/airflow_venv/lib/python3.9/site-packages/airflow/example_dags/example_python_operator.py
[2024-05-16 13:06:04,150] {logging_mixin.py:109} INFO - [2024-05-16 13:06:04,150] {dag.py:2396} INFO - Sync 1 DAGs
[2024-05-16 13:06:04,155] {logging_mixin.py:109} INFO - [2024-05-16 13:06:04,155] {dag.py:2935} INFO - Setting next_dagrun for example_python_operator to None
[2024-05-16 13:06:04,162] {processor.py:171} INFO - Processing /Users/nikhilanand/airflow_venv/lib/python3.9/site-packages/airflow/example_dags/example_python_operator.py took 0.047 seconds
[2024-05-16 13:07:11,282] {processor.py:163} INFO - Started process (PID=96840) to work on /Users/nikhilanand/airflow_venv/lib/python3.9/site-packages/airflow/example_dags/example_python_operator.py
[2024-05-16 13:07:11,283] {processor.py:642} INFO - Processing file /Users/nikhilanand/airflow_venv/lib/python3.9/site-packages/airflow/example_dags/example_python_operator.py for tasks to queue
[2024-05-16 13:07:11,283] {logging_mixin.py:109} INFO - [2024-05-16 13:07:11,283] {dagbag.py:500} INFO - Filling up the DagBag from /Users/nikhilanand/airflow_venv/lib/python3.9/site-packages/airflow/example_dags/example_python_operator.py
[2024-05-16 13:07:11,294] {logging_mixin.py:109} INFO - [2024-05-16 13:07:11,294] {example_python_operator.py:67} WARNING - The virtalenv_python example task requires virtualenv, please install it.
[2024-05-16 13:07:11,309] {processor.py:654} INFO - DAG(s) dict_keys(['example_python_operator']) retrieved from /Users/nikhilanand/airflow_venv/lib/python3.9/site-packages/airflow/example_dags/example_python_operator.py
[2024-05-16 13:07:11,320] {logging_mixin.py:109} INFO - [2024-05-16 13:07:11,320] {dag.py:2396} INFO - Sync 1 DAGs
[2024-05-16 13:07:11,325] {logging_mixin.py:109} INFO - [2024-05-16 13:07:11,325] {dag.py:2935} INFO - Setting next_dagrun for example_python_operator to None
[2024-05-16 13:07:11,329] {processor.py:171} INFO - Processing /Users/nikhilanand/airflow_venv/lib/python3.9/site-packages/airflow/example_dags/example_python_operator.py took 0.048 seconds
[2024-05-16 13:08:29,748] {processor.py:163} INFO - Started process (PID=97714) to work on /Users/nikhilanand/airflow_venv/lib/python3.9/site-packages/airflow/example_dags/example_python_operator.py
[2024-05-16 13:08:29,749] {processor.py:642} INFO - Processing file /Users/nikhilanand/airflow_venv/lib/python3.9/site-packages/airflow/example_dags/example_python_operator.py for tasks to queue
[2024-05-16 13:08:29,750] {logging_mixin.py:109} INFO - [2024-05-16 13:08:29,750] {dagbag.py:500} INFO - Filling up the DagBag from /Users/nikhilanand/airflow_venv/lib/python3.9/site-packages/airflow/example_dags/example_python_operator.py
[2024-05-16 13:08:29,760] {logging_mixin.py:109} INFO - [2024-05-16 13:08:29,760] {example_python_operator.py:67} WARNING - The virtalenv_python example task requires virtualenv, please install it.
[2024-05-16 13:08:29,773] {processor.py:654} INFO - DAG(s) dict_keys(['example_python_operator']) retrieved from /Users/nikhilanand/airflow_venv/lib/python3.9/site-packages/airflow/example_dags/example_python_operator.py
[2024-05-16 13:08:29,782] {logging_mixin.py:109} INFO - [2024-05-16 13:08:29,782] {dag.py:2396} INFO - Sync 1 DAGs
[2024-05-16 13:08:29,786] {logging_mixin.py:109} INFO - [2024-05-16 13:08:29,786] {dag.py:2935} INFO - Setting next_dagrun for example_python_operator to None
[2024-05-16 13:08:29,790] {processor.py:171} INFO - Processing /Users/nikhilanand/airflow_venv/lib/python3.9/site-packages/airflow/example_dags/example_python_operator.py took 0.042 seconds
[2024-05-16 13:09:37,959] {processor.py:163} INFO - Started process (PID=98457) to work on /Users/nikhilanand/airflow_venv/lib/python3.9/site-packages/airflow/example_dags/example_python_operator.py
[2024-05-16 13:09:37,960] {processor.py:642} INFO - Processing file /Users/nikhilanand/airflow_venv/lib/python3.9/site-packages/airflow/example_dags/example_python_operator.py for tasks to queue
[2024-05-16 13:09:37,960] {logging_mixin.py:109} INFO - [2024-05-16 13:09:37,960] {dagbag.py:500} INFO - Filling up the DagBag from /Users/nikhilanand/airflow_venv/lib/python3.9/site-packages/airflow/example_dags/example_python_operator.py
[2024-05-16 13:09:37,982] {logging_mixin.py:109} INFO - [2024-05-16 13:09:37,982] {example_python_operator.py:67} WARNING - The virtalenv_python example task requires virtualenv, please install it.
[2024-05-16 13:09:38,000] {processor.py:654} INFO - DAG(s) dict_keys(['example_python_operator']) retrieved from /Users/nikhilanand/airflow_venv/lib/python3.9/site-packages/airflow/example_dags/example_python_operator.py
[2024-05-16 13:09:38,010] {logging_mixin.py:109} INFO - [2024-05-16 13:09:38,010] {dag.py:2396} INFO - Sync 1 DAGs
[2024-05-16 13:09:38,015] {logging_mixin.py:109} INFO - [2024-05-16 13:09:38,015] {dag.py:2935} INFO - Setting next_dagrun for example_python_operator to None
[2024-05-16 13:09:38,019] {processor.py:171} INFO - Processing /Users/nikhilanand/airflow_venv/lib/python3.9/site-packages/airflow/example_dags/example_python_operator.py took 0.061 seconds
[2024-05-16 13:10:48,337] {processor.py:163} INFO - Started process (PID=99233) to work on /Users/nikhilanand/airflow_venv/lib/python3.9/site-packages/airflow/example_dags/example_python_operator.py
[2024-05-16 13:10:48,338] {processor.py:642} INFO - Processing file /Users/nikhilanand/airflow_venv/lib/python3.9/site-packages/airflow/example_dags/example_python_operator.py for tasks to queue
[2024-05-16 13:10:48,338] {logging_mixin.py:109} INFO - [2024-05-16 13:10:48,338] {dagbag.py:500} INFO - Filling up the DagBag from /Users/nikhilanand/airflow_venv/lib/python3.9/site-packages/airflow/example_dags/example_python_operator.py
[2024-05-16 13:10:48,349] {logging_mixin.py:109} INFO - [2024-05-16 13:10:48,349] {example_python_operator.py:67} WARNING - The virtalenv_python example task requires virtualenv, please install it.
[2024-05-16 13:10:48,362] {processor.py:654} INFO - DAG(s) dict_keys(['example_python_operator']) retrieved from /Users/nikhilanand/airflow_venv/lib/python3.9/site-packages/airflow/example_dags/example_python_operator.py
[2024-05-16 13:10:48,371] {logging_mixin.py:109} INFO - [2024-05-16 13:10:48,371] {dag.py:2396} INFO - Sync 1 DAGs
[2024-05-16 13:10:48,376] {logging_mixin.py:109} INFO - [2024-05-16 13:10:48,376] {dag.py:2935} INFO - Setting next_dagrun for example_python_operator to None
[2024-05-16 13:10:48,379] {processor.py:171} INFO - Processing /Users/nikhilanand/airflow_venv/lib/python3.9/site-packages/airflow/example_dags/example_python_operator.py took 0.043 seconds
[2024-05-16 13:11:58,004] {processor.py:163} INFO - Started process (PID=126) to work on /Users/nikhilanand/airflow_venv/lib/python3.9/site-packages/airflow/example_dags/example_python_operator.py
[2024-05-16 13:11:58,005] {processor.py:642} INFO - Processing file /Users/nikhilanand/airflow_venv/lib/python3.9/site-packages/airflow/example_dags/example_python_operator.py for tasks to queue
[2024-05-16 13:11:58,005] {logging_mixin.py:109} INFO - [2024-05-16 13:11:58,005] {dagbag.py:500} INFO - Filling up the DagBag from /Users/nikhilanand/airflow_venv/lib/python3.9/site-packages/airflow/example_dags/example_python_operator.py
[2024-05-16 13:11:58,017] {logging_mixin.py:109} INFO - [2024-05-16 13:11:58,017] {example_python_operator.py:67} WARNING - The virtalenv_python example task requires virtualenv, please install it.
[2024-05-16 13:11:58,030] {processor.py:654} INFO - DAG(s) dict_keys(['example_python_operator']) retrieved from /Users/nikhilanand/airflow_venv/lib/python3.9/site-packages/airflow/example_dags/example_python_operator.py
[2024-05-16 13:11:58,039] {logging_mixin.py:109} INFO - [2024-05-16 13:11:58,039] {dag.py:2396} INFO - Sync 1 DAGs
[2024-05-16 13:11:58,044] {logging_mixin.py:109} INFO - [2024-05-16 13:11:58,044] {dag.py:2935} INFO - Setting next_dagrun for example_python_operator to None
[2024-05-16 13:11:58,047] {processor.py:171} INFO - Processing /Users/nikhilanand/airflow_venv/lib/python3.9/site-packages/airflow/example_dags/example_python_operator.py took 0.044 seconds
[2024-05-16 13:13:13,226] {processor.py:163} INFO - Started process (PID=1255) to work on /Users/nikhilanand/airflow_venv/lib/python3.9/site-packages/airflow/example_dags/example_python_operator.py
[2024-05-16 13:13:13,227] {processor.py:642} INFO - Processing file /Users/nikhilanand/airflow_venv/lib/python3.9/site-packages/airflow/example_dags/example_python_operator.py for tasks to queue
[2024-05-16 13:13:13,227] {logging_mixin.py:109} INFO - [2024-05-16 13:13:13,227] {dagbag.py:500} INFO - Filling up the DagBag from /Users/nikhilanand/airflow_venv/lib/python3.9/site-packages/airflow/example_dags/example_python_operator.py
[2024-05-16 13:13:13,239] {logging_mixin.py:109} INFO - [2024-05-16 13:13:13,239] {example_python_operator.py:67} WARNING - The virtalenv_python example task requires virtualenv, please install it.
[2024-05-16 13:13:13,253] {processor.py:654} INFO - DAG(s) dict_keys(['example_python_operator']) retrieved from /Users/nikhilanand/airflow_venv/lib/python3.9/site-packages/airflow/example_dags/example_python_operator.py
[2024-05-16 13:13:13,262] {logging_mixin.py:109} INFO - [2024-05-16 13:13:13,262] {dag.py:2396} INFO - Sync 1 DAGs
[2024-05-16 13:13:13,267] {logging_mixin.py:109} INFO - [2024-05-16 13:13:13,267] {dag.py:2935} INFO - Setting next_dagrun for example_python_operator to None
[2024-05-16 13:13:13,271] {processor.py:171} INFO - Processing /Users/nikhilanand/airflow_venv/lib/python3.9/site-packages/airflow/example_dags/example_python_operator.py took 0.045 seconds
[2024-05-16 13:14:27,607] {processor.py:163} INFO - Started process (PID=2130) to work on /Users/nikhilanand/airflow_venv/lib/python3.9/site-packages/airflow/example_dags/example_python_operator.py
[2024-05-16 13:14:27,608] {processor.py:642} INFO - Processing file /Users/nikhilanand/airflow_venv/lib/python3.9/site-packages/airflow/example_dags/example_python_operator.py for tasks to queue
[2024-05-16 13:14:27,609] {logging_mixin.py:109} INFO - [2024-05-16 13:14:27,609] {dagbag.py:500} INFO - Filling up the DagBag from /Users/nikhilanand/airflow_venv/lib/python3.9/site-packages/airflow/example_dags/example_python_operator.py
[2024-05-16 13:14:27,620] {logging_mixin.py:109} INFO - [2024-05-16 13:14:27,620] {example_python_operator.py:67} WARNING - The virtalenv_python example task requires virtualenv, please install it.
[2024-05-16 13:14:27,633] {processor.py:654} INFO - DAG(s) dict_keys(['example_python_operator']) retrieved from /Users/nikhilanand/airflow_venv/lib/python3.9/site-packages/airflow/example_dags/example_python_operator.py
[2024-05-16 13:14:27,642] {logging_mixin.py:109} INFO - [2024-05-16 13:14:27,642] {dag.py:2396} INFO - Sync 1 DAGs
[2024-05-16 13:14:27,647] {logging_mixin.py:109} INFO - [2024-05-16 13:14:27,647] {dag.py:2935} INFO - Setting next_dagrun for example_python_operator to None
[2024-05-16 13:14:27,651] {processor.py:171} INFO - Processing /Users/nikhilanand/airflow_venv/lib/python3.9/site-packages/airflow/example_dags/example_python_operator.py took 0.044 seconds
[2024-05-16 13:15:36,486] {processor.py:163} INFO - Started process (PID=3372) to work on /Users/nikhilanand/airflow_venv/lib/python3.9/site-packages/airflow/example_dags/example_python_operator.py
[2024-05-16 13:15:36,486] {processor.py:642} INFO - Processing file /Users/nikhilanand/airflow_venv/lib/python3.9/site-packages/airflow/example_dags/example_python_operator.py for tasks to queue
[2024-05-16 13:15:36,487] {logging_mixin.py:109} INFO - [2024-05-16 13:15:36,486] {dagbag.py:500} INFO - Filling up the DagBag from /Users/nikhilanand/airflow_venv/lib/python3.9/site-packages/airflow/example_dags/example_python_operator.py
[2024-05-16 13:15:36,498] {logging_mixin.py:109} INFO - [2024-05-16 13:15:36,498] {example_python_operator.py:67} WARNING - The virtalenv_python example task requires virtualenv, please install it.
[2024-05-16 13:15:36,512] {processor.py:654} INFO - DAG(s) dict_keys(['example_python_operator']) retrieved from /Users/nikhilanand/airflow_venv/lib/python3.9/site-packages/airflow/example_dags/example_python_operator.py
[2024-05-16 13:15:36,521] {logging_mixin.py:109} INFO - [2024-05-16 13:15:36,521] {dag.py:2396} INFO - Sync 1 DAGs
[2024-05-16 13:15:36,527] {logging_mixin.py:109} INFO - [2024-05-16 13:15:36,526] {dag.py:2935} INFO - Setting next_dagrun for example_python_operator to None
[2024-05-16 13:15:36,530] {processor.py:171} INFO - Processing /Users/nikhilanand/airflow_venv/lib/python3.9/site-packages/airflow/example_dags/example_python_operator.py took 0.045 seconds
[2024-05-16 13:16:45,387] {processor.py:163} INFO - Started process (PID=4208) to work on /Users/nikhilanand/airflow_venv/lib/python3.9/site-packages/airflow/example_dags/example_python_operator.py
[2024-05-16 13:16:45,389] {processor.py:642} INFO - Processing file /Users/nikhilanand/airflow_venv/lib/python3.9/site-packages/airflow/example_dags/example_python_operator.py for tasks to queue
[2024-05-16 13:16:45,389] {logging_mixin.py:109} INFO - [2024-05-16 13:16:45,389] {dagbag.py:500} INFO - Filling up the DagBag from /Users/nikhilanand/airflow_venv/lib/python3.9/site-packages/airflow/example_dags/example_python_operator.py
[2024-05-16 13:16:45,403] {logging_mixin.py:109} INFO - [2024-05-16 13:16:45,403] {example_python_operator.py:67} WARNING - The virtalenv_python example task requires virtualenv, please install it.
[2024-05-16 13:16:45,426] {processor.py:654} INFO - DAG(s) dict_keys(['example_python_operator']) retrieved from /Users/nikhilanand/airflow_venv/lib/python3.9/site-packages/airflow/example_dags/example_python_operator.py
[2024-05-16 13:16:45,439] {logging_mixin.py:109} INFO - [2024-05-16 13:16:45,439] {dag.py:2396} INFO - Sync 1 DAGs
[2024-05-16 13:16:45,445] {logging_mixin.py:109} INFO - [2024-05-16 13:16:45,445] {dag.py:2935} INFO - Setting next_dagrun for example_python_operator to None
[2024-05-16 13:16:45,451] {processor.py:171} INFO - Processing /Users/nikhilanand/airflow_venv/lib/python3.9/site-packages/airflow/example_dags/example_python_operator.py took 0.064 seconds
[2024-05-16 13:18:01,966] {processor.py:163} INFO - Started process (PID=5097) to work on /Users/nikhilanand/airflow_venv/lib/python3.9/site-packages/airflow/example_dags/example_python_operator.py
[2024-05-16 13:18:01,967] {processor.py:642} INFO - Processing file /Users/nikhilanand/airflow_venv/lib/python3.9/site-packages/airflow/example_dags/example_python_operator.py for tasks to queue
[2024-05-16 13:18:01,968] {logging_mixin.py:109} INFO - [2024-05-16 13:18:01,968] {dagbag.py:500} INFO - Filling up the DagBag from /Users/nikhilanand/airflow_venv/lib/python3.9/site-packages/airflow/example_dags/example_python_operator.py
[2024-05-16 13:18:01,979] {logging_mixin.py:109} INFO - [2024-05-16 13:18:01,979] {example_python_operator.py:67} WARNING - The virtalenv_python example task requires virtualenv, please install it.
[2024-05-16 13:18:01,992] {processor.py:654} INFO - DAG(s) dict_keys(['example_python_operator']) retrieved from /Users/nikhilanand/airflow_venv/lib/python3.9/site-packages/airflow/example_dags/example_python_operator.py
[2024-05-16 13:18:02,001] {logging_mixin.py:109} INFO - [2024-05-16 13:18:02,001] {dag.py:2396} INFO - Sync 1 DAGs
[2024-05-16 13:18:02,006] {logging_mixin.py:109} INFO - [2024-05-16 13:18:02,006] {dag.py:2935} INFO - Setting next_dagrun for example_python_operator to None
[2024-05-16 13:18:02,009] {processor.py:171} INFO - Processing /Users/nikhilanand/airflow_venv/lib/python3.9/site-packages/airflow/example_dags/example_python_operator.py took 0.043 seconds
[2024-05-16 13:19:08,871] {processor.py:163} INFO - Started process (PID=5895) to work on /Users/nikhilanand/airflow_venv/lib/python3.9/site-packages/airflow/example_dags/example_python_operator.py
[2024-05-16 13:19:08,871] {processor.py:642} INFO - Processing file /Users/nikhilanand/airflow_venv/lib/python3.9/site-packages/airflow/example_dags/example_python_operator.py for tasks to queue
[2024-05-16 13:19:08,871] {logging_mixin.py:109} INFO - [2024-05-16 13:19:08,871] {dagbag.py:500} INFO - Filling up the DagBag from /Users/nikhilanand/airflow_venv/lib/python3.9/site-packages/airflow/example_dags/example_python_operator.py
[2024-05-16 13:19:08,882] {logging_mixin.py:109} INFO - [2024-05-16 13:19:08,882] {example_python_operator.py:67} WARNING - The virtalenv_python example task requires virtualenv, please install it.
[2024-05-16 13:19:08,896] {processor.py:654} INFO - DAG(s) dict_keys(['example_python_operator']) retrieved from /Users/nikhilanand/airflow_venv/lib/python3.9/site-packages/airflow/example_dags/example_python_operator.py
[2024-05-16 13:19:08,905] {logging_mixin.py:109} INFO - [2024-05-16 13:19:08,905] {dag.py:2396} INFO - Sync 1 DAGs
[2024-05-16 13:19:08,910] {logging_mixin.py:109} INFO - [2024-05-16 13:19:08,910] {dag.py:2935} INFO - Setting next_dagrun for example_python_operator to None
[2024-05-16 13:19:08,914] {processor.py:171} INFO - Processing /Users/nikhilanand/airflow_venv/lib/python3.9/site-packages/airflow/example_dags/example_python_operator.py took 0.044 seconds
[2024-05-16 13:20:17,377] {processor.py:163} INFO - Started process (PID=6701) to work on /Users/nikhilanand/airflow_venv/lib/python3.9/site-packages/airflow/example_dags/example_python_operator.py
[2024-05-16 13:20:17,377] {processor.py:642} INFO - Processing file /Users/nikhilanand/airflow_venv/lib/python3.9/site-packages/airflow/example_dags/example_python_operator.py for tasks to queue
[2024-05-16 13:20:17,377] {logging_mixin.py:109} INFO - [2024-05-16 13:20:17,377] {dagbag.py:500} INFO - Filling up the DagBag from /Users/nikhilanand/airflow_venv/lib/python3.9/site-packages/airflow/example_dags/example_python_operator.py
[2024-05-16 13:20:17,388] {logging_mixin.py:109} INFO - [2024-05-16 13:20:17,388] {example_python_operator.py:67} WARNING - The virtalenv_python example task requires virtualenv, please install it.
[2024-05-16 13:20:17,402] {processor.py:654} INFO - DAG(s) dict_keys(['example_python_operator']) retrieved from /Users/nikhilanand/airflow_venv/lib/python3.9/site-packages/airflow/example_dags/example_python_operator.py
[2024-05-16 13:20:17,411] {logging_mixin.py:109} INFO - [2024-05-16 13:20:17,410] {dag.py:2396} INFO - Sync 1 DAGs
[2024-05-16 13:20:17,416] {logging_mixin.py:109} INFO - [2024-05-16 13:20:17,415] {dag.py:2935} INFO - Setting next_dagrun for example_python_operator to None
[2024-05-16 13:20:17,420] {processor.py:171} INFO - Processing /Users/nikhilanand/airflow_venv/lib/python3.9/site-packages/airflow/example_dags/example_python_operator.py took 0.043 seconds
[2024-05-16 13:21:24,439] {processor.py:163} INFO - Started process (PID=7500) to work on /Users/nikhilanand/airflow_venv/lib/python3.9/site-packages/airflow/example_dags/example_python_operator.py
[2024-05-16 13:21:24,439] {processor.py:642} INFO - Processing file /Users/nikhilanand/airflow_venv/lib/python3.9/site-packages/airflow/example_dags/example_python_operator.py for tasks to queue
[2024-05-16 13:21:24,440] {logging_mixin.py:109} INFO - [2024-05-16 13:21:24,440] {dagbag.py:500} INFO - Filling up the DagBag from /Users/nikhilanand/airflow_venv/lib/python3.9/site-packages/airflow/example_dags/example_python_operator.py
[2024-05-16 13:21:24,452] {logging_mixin.py:109} INFO - [2024-05-16 13:21:24,452] {example_python_operator.py:67} WARNING - The virtalenv_python example task requires virtualenv, please install it.
[2024-05-16 13:21:24,465] {processor.py:654} INFO - DAG(s) dict_keys(['example_python_operator']) retrieved from /Users/nikhilanand/airflow_venv/lib/python3.9/site-packages/airflow/example_dags/example_python_operator.py
[2024-05-16 13:21:24,474] {logging_mixin.py:109} INFO - [2024-05-16 13:21:24,474] {dag.py:2396} INFO - Sync 1 DAGs
[2024-05-16 13:21:24,480] {logging_mixin.py:109} INFO - [2024-05-16 13:21:24,480] {dag.py:2935} INFO - Setting next_dagrun for example_python_operator to None
[2024-05-16 13:21:24,484] {processor.py:171} INFO - Processing /Users/nikhilanand/airflow_venv/lib/python3.9/site-packages/airflow/example_dags/example_python_operator.py took 0.045 seconds
[2024-05-16 13:22:35,136] {processor.py:163} INFO - Started process (PID=8326) to work on /Users/nikhilanand/airflow_venv/lib/python3.9/site-packages/airflow/example_dags/example_python_operator.py
[2024-05-16 13:22:35,137] {processor.py:642} INFO - Processing file /Users/nikhilanand/airflow_venv/lib/python3.9/site-packages/airflow/example_dags/example_python_operator.py for tasks to queue
[2024-05-16 13:22:35,137] {logging_mixin.py:109} INFO - [2024-05-16 13:22:35,137] {dagbag.py:500} INFO - Filling up the DagBag from /Users/nikhilanand/airflow_venv/lib/python3.9/site-packages/airflow/example_dags/example_python_operator.py
[2024-05-16 13:22:35,149] {logging_mixin.py:109} INFO - [2024-05-16 13:22:35,149] {example_python_operator.py:67} WARNING - The virtalenv_python example task requires virtualenv, please install it.
[2024-05-16 13:22:35,162] {processor.py:654} INFO - DAG(s) dict_keys(['example_python_operator']) retrieved from /Users/nikhilanand/airflow_venv/lib/python3.9/site-packages/airflow/example_dags/example_python_operator.py
[2024-05-16 13:22:35,171] {logging_mixin.py:109} INFO - [2024-05-16 13:22:35,171] {dag.py:2396} INFO - Sync 1 DAGs
[2024-05-16 13:22:35,176] {logging_mixin.py:109} INFO - [2024-05-16 13:22:35,176] {dag.py:2935} INFO - Setting next_dagrun for example_python_operator to None
[2024-05-16 13:22:35,179] {processor.py:171} INFO - Processing /Users/nikhilanand/airflow_venv/lib/python3.9/site-packages/airflow/example_dags/example_python_operator.py took 0.044 seconds
[2024-05-16 13:23:41,059] {processor.py:163} INFO - Started process (PID=9105) to work on /Users/nikhilanand/airflow_venv/lib/python3.9/site-packages/airflow/example_dags/example_python_operator.py
[2024-05-16 13:23:41,060] {processor.py:642} INFO - Processing file /Users/nikhilanand/airflow_venv/lib/python3.9/site-packages/airflow/example_dags/example_python_operator.py for tasks to queue
[2024-05-16 13:23:41,060] {logging_mixin.py:109} INFO - [2024-05-16 13:23:41,060] {dagbag.py:500} INFO - Filling up the DagBag from /Users/nikhilanand/airflow_venv/lib/python3.9/site-packages/airflow/example_dags/example_python_operator.py
[2024-05-16 13:23:41,072] {logging_mixin.py:109} INFO - [2024-05-16 13:23:41,072] {example_python_operator.py:67} WARNING - The virtalenv_python example task requires virtualenv, please install it.
[2024-05-16 13:23:41,086] {processor.py:654} INFO - DAG(s) dict_keys(['example_python_operator']) retrieved from /Users/nikhilanand/airflow_venv/lib/python3.9/site-packages/airflow/example_dags/example_python_operator.py
[2024-05-16 13:23:41,096] {logging_mixin.py:109} INFO - [2024-05-16 13:23:41,095] {dag.py:2396} INFO - Sync 1 DAGs
[2024-05-16 13:23:41,101] {logging_mixin.py:109} INFO - [2024-05-16 13:23:41,101] {dag.py:2935} INFO - Setting next_dagrun for example_python_operator to None
[2024-05-16 13:23:41,104] {processor.py:171} INFO - Processing /Users/nikhilanand/airflow_venv/lib/python3.9/site-packages/airflow/example_dags/example_python_operator.py took 0.046 seconds
[2024-05-16 13:24:49,871] {processor.py:163} INFO - Started process (PID=9915) to work on /Users/nikhilanand/airflow_venv/lib/python3.9/site-packages/airflow/example_dags/example_python_operator.py
[2024-05-16 13:24:49,871] {processor.py:642} INFO - Processing file /Users/nikhilanand/airflow_venv/lib/python3.9/site-packages/airflow/example_dags/example_python_operator.py for tasks to queue
[2024-05-16 13:24:49,871] {logging_mixin.py:109} INFO - [2024-05-16 13:24:49,871] {dagbag.py:500} INFO - Filling up the DagBag from /Users/nikhilanand/airflow_venv/lib/python3.9/site-packages/airflow/example_dags/example_python_operator.py
[2024-05-16 13:24:49,883] {logging_mixin.py:109} INFO - [2024-05-16 13:24:49,883] {example_python_operator.py:67} WARNING - The virtalenv_python example task requires virtualenv, please install it.
[2024-05-16 13:24:49,896] {processor.py:654} INFO - DAG(s) dict_keys(['example_python_operator']) retrieved from /Users/nikhilanand/airflow_venv/lib/python3.9/site-packages/airflow/example_dags/example_python_operator.py
[2024-05-16 13:24:49,906] {logging_mixin.py:109} INFO - [2024-05-16 13:24:49,906] {dag.py:2396} INFO - Sync 1 DAGs
[2024-05-16 13:24:49,911] {logging_mixin.py:109} INFO - [2024-05-16 13:24:49,911] {dag.py:2935} INFO - Setting next_dagrun for example_python_operator to None
[2024-05-16 13:24:49,915] {processor.py:171} INFO - Processing /Users/nikhilanand/airflow_venv/lib/python3.9/site-packages/airflow/example_dags/example_python_operator.py took 0.044 seconds
[2024-05-16 13:25:58,868] {processor.py:163} INFO - Started process (PID=11097) to work on /Users/nikhilanand/airflow_venv/lib/python3.9/site-packages/airflow/example_dags/example_python_operator.py
[2024-05-16 13:25:58,870] {processor.py:642} INFO - Processing file /Users/nikhilanand/airflow_venv/lib/python3.9/site-packages/airflow/example_dags/example_python_operator.py for tasks to queue
[2024-05-16 13:25:58,870] {logging_mixin.py:109} INFO - [2024-05-16 13:25:58,870] {dagbag.py:500} INFO - Filling up the DagBag from /Users/nikhilanand/airflow_venv/lib/python3.9/site-packages/airflow/example_dags/example_python_operator.py
[2024-05-16 13:25:58,881] {logging_mixin.py:109} INFO - [2024-05-16 13:25:58,881] {example_python_operator.py:67} WARNING - The virtalenv_python example task requires virtualenv, please install it.
[2024-05-16 13:25:58,894] {processor.py:654} INFO - DAG(s) dict_keys(['example_python_operator']) retrieved from /Users/nikhilanand/airflow_venv/lib/python3.9/site-packages/airflow/example_dags/example_python_operator.py
[2024-05-16 13:25:58,903] {logging_mixin.py:109} INFO - [2024-05-16 13:25:58,902] {dag.py:2396} INFO - Sync 1 DAGs
[2024-05-16 13:25:58,907] {logging_mixin.py:109} INFO - [2024-05-16 13:25:58,907] {dag.py:2935} INFO - Setting next_dagrun for example_python_operator to None
[2024-05-16 13:25:58,911] {processor.py:171} INFO - Processing /Users/nikhilanand/airflow_venv/lib/python3.9/site-packages/airflow/example_dags/example_python_operator.py took 0.042 seconds
[2024-05-16 13:27:05,449] {processor.py:163} INFO - Started process (PID=11883) to work on /Users/nikhilanand/airflow_venv/lib/python3.9/site-packages/airflow/example_dags/example_python_operator.py
[2024-05-16 13:27:05,450] {processor.py:642} INFO - Processing file /Users/nikhilanand/airflow_venv/lib/python3.9/site-packages/airflow/example_dags/example_python_operator.py for tasks to queue
[2024-05-16 13:27:05,451] {logging_mixin.py:109} INFO - [2024-05-16 13:27:05,451] {dagbag.py:500} INFO - Filling up the DagBag from /Users/nikhilanand/airflow_venv/lib/python3.9/site-packages/airflow/example_dags/example_python_operator.py
[2024-05-16 13:27:05,463] {logging_mixin.py:109} INFO - [2024-05-16 13:27:05,463] {example_python_operator.py:67} WARNING - The virtalenv_python example task requires virtualenv, please install it.
[2024-05-16 13:27:05,477] {processor.py:654} INFO - DAG(s) dict_keys(['example_python_operator']) retrieved from /Users/nikhilanand/airflow_venv/lib/python3.9/site-packages/airflow/example_dags/example_python_operator.py
[2024-05-16 13:27:05,487] {logging_mixin.py:109} INFO - [2024-05-16 13:27:05,486] {dag.py:2396} INFO - Sync 1 DAGs
[2024-05-16 13:27:05,492] {logging_mixin.py:109} INFO - [2024-05-16 13:27:05,492] {dag.py:2935} INFO - Setting next_dagrun for example_python_operator to None
[2024-05-16 13:27:05,497] {processor.py:171} INFO - Processing /Users/nikhilanand/airflow_venv/lib/python3.9/site-packages/airflow/example_dags/example_python_operator.py took 0.047 seconds
[2024-05-16 13:28:32,190] {processor.py:163} INFO - Started process (PID=12924) to work on /Users/nikhilanand/airflow_venv/lib/python3.9/site-packages/airflow/example_dags/example_python_operator.py
[2024-05-16 13:28:32,191] {processor.py:642} INFO - Processing file /Users/nikhilanand/airflow_venv/lib/python3.9/site-packages/airflow/example_dags/example_python_operator.py for tasks to queue
[2024-05-16 13:28:32,191] {logging_mixin.py:109} INFO - [2024-05-16 13:28:32,191] {dagbag.py:500} INFO - Filling up the DagBag from /Users/nikhilanand/airflow_venv/lib/python3.9/site-packages/airflow/example_dags/example_python_operator.py
[2024-05-16 13:28:32,207] {logging_mixin.py:109} INFO - [2024-05-16 13:28:32,207] {example_python_operator.py:67} WARNING - The virtalenv_python example task requires virtualenv, please install it.
[2024-05-16 13:28:32,221] {processor.py:654} INFO - DAG(s) dict_keys(['example_python_operator']) retrieved from /Users/nikhilanand/airflow_venv/lib/python3.9/site-packages/airflow/example_dags/example_python_operator.py
[2024-05-16 13:28:32,232] {logging_mixin.py:109} INFO - [2024-05-16 13:28:32,232] {dag.py:2396} INFO - Sync 1 DAGs
[2024-05-16 13:28:32,239] {logging_mixin.py:109} INFO - [2024-05-16 13:28:32,239] {dag.py:2935} INFO - Setting next_dagrun for example_python_operator to None
[2024-05-16 13:28:32,245] {processor.py:171} INFO - Processing /Users/nikhilanand/airflow_venv/lib/python3.9/site-packages/airflow/example_dags/example_python_operator.py took 0.056 seconds
[2024-05-16 13:29:47,151] {processor.py:163} INFO - Started process (PID=13775) to work on /Users/nikhilanand/airflow_venv/lib/python3.9/site-packages/airflow/example_dags/example_python_operator.py
[2024-05-16 13:29:47,152] {processor.py:642} INFO - Processing file /Users/nikhilanand/airflow_venv/lib/python3.9/site-packages/airflow/example_dags/example_python_operator.py for tasks to queue
[2024-05-16 13:29:47,152] {logging_mixin.py:109} INFO - [2024-05-16 13:29:47,152] {dagbag.py:500} INFO - Filling up the DagBag from /Users/nikhilanand/airflow_venv/lib/python3.9/site-packages/airflow/example_dags/example_python_operator.py
[2024-05-16 13:29:47,164] {logging_mixin.py:109} INFO - [2024-05-16 13:29:47,163] {example_python_operator.py:67} WARNING - The virtalenv_python example task requires virtualenv, please install it.
[2024-05-16 13:29:47,177] {processor.py:654} INFO - DAG(s) dict_keys(['example_python_operator']) retrieved from /Users/nikhilanand/airflow_venv/lib/python3.9/site-packages/airflow/example_dags/example_python_operator.py
[2024-05-16 13:29:47,186] {logging_mixin.py:109} INFO - [2024-05-16 13:29:47,186] {dag.py:2396} INFO - Sync 1 DAGs
[2024-05-16 13:29:47,191] {logging_mixin.py:109} INFO - [2024-05-16 13:29:47,191] {dag.py:2935} INFO - Setting next_dagrun for example_python_operator to None
[2024-05-16 13:29:47,195] {processor.py:171} INFO - Processing /Users/nikhilanand/airflow_venv/lib/python3.9/site-packages/airflow/example_dags/example_python_operator.py took 0.044 seconds
[2024-05-16 13:30:55,797] {processor.py:163} INFO - Started process (PID=14646) to work on /Users/nikhilanand/airflow_venv/lib/python3.9/site-packages/airflow/example_dags/example_python_operator.py
[2024-05-16 13:30:55,798] {processor.py:642} INFO - Processing file /Users/nikhilanand/airflow_venv/lib/python3.9/site-packages/airflow/example_dags/example_python_operator.py for tasks to queue
[2024-05-16 13:30:55,798] {logging_mixin.py:109} INFO - [2024-05-16 13:30:55,798] {dagbag.py:500} INFO - Filling up the DagBag from /Users/nikhilanand/airflow_venv/lib/python3.9/site-packages/airflow/example_dags/example_python_operator.py
[2024-05-16 13:30:55,809] {logging_mixin.py:109} INFO - [2024-05-16 13:30:55,809] {example_python_operator.py:67} WARNING - The virtalenv_python example task requires virtualenv, please install it.
[2024-05-16 13:30:55,822] {processor.py:654} INFO - DAG(s) dict_keys(['example_python_operator']) retrieved from /Users/nikhilanand/airflow_venv/lib/python3.9/site-packages/airflow/example_dags/example_python_operator.py
[2024-05-16 13:30:55,831] {logging_mixin.py:109} INFO - [2024-05-16 13:30:55,831] {dag.py:2396} INFO - Sync 1 DAGs
[2024-05-16 13:30:55,836] {logging_mixin.py:109} INFO - [2024-05-16 13:30:55,836] {dag.py:2935} INFO - Setting next_dagrun for example_python_operator to None
[2024-05-16 13:30:55,839] {processor.py:171} INFO - Processing /Users/nikhilanand/airflow_venv/lib/python3.9/site-packages/airflow/example_dags/example_python_operator.py took 0.043 seconds
[2024-05-16 13:32:06,648] {processor.py:163} INFO - Started process (PID=15493) to work on /Users/nikhilanand/airflow_venv/lib/python3.9/site-packages/airflow/example_dags/example_python_operator.py
[2024-05-16 13:32:06,648] {processor.py:642} INFO - Processing file /Users/nikhilanand/airflow_venv/lib/python3.9/site-packages/airflow/example_dags/example_python_operator.py for tasks to queue
[2024-05-16 13:32:06,649] {logging_mixin.py:109} INFO - [2024-05-16 13:32:06,649] {dagbag.py:500} INFO - Filling up the DagBag from /Users/nikhilanand/airflow_venv/lib/python3.9/site-packages/airflow/example_dags/example_python_operator.py
[2024-05-16 13:32:06,659] {logging_mixin.py:109} INFO - [2024-05-16 13:32:06,659] {example_python_operator.py:67} WARNING - The virtalenv_python example task requires virtualenv, please install it.
[2024-05-16 13:32:06,672] {processor.py:654} INFO - DAG(s) dict_keys(['example_python_operator']) retrieved from /Users/nikhilanand/airflow_venv/lib/python3.9/site-packages/airflow/example_dags/example_python_operator.py
[2024-05-16 13:32:06,682] {logging_mixin.py:109} INFO - [2024-05-16 13:32:06,682] {dag.py:2396} INFO - Sync 1 DAGs
[2024-05-16 13:32:06,689] {logging_mixin.py:109} INFO - [2024-05-16 13:32:06,688] {dag.py:2935} INFO - Setting next_dagrun for example_python_operator to None
[2024-05-16 13:32:06,693] {processor.py:171} INFO - Processing /Users/nikhilanand/airflow_venv/lib/python3.9/site-packages/airflow/example_dags/example_python_operator.py took 0.045 seconds
[2024-05-16 13:33:15,183] {processor.py:163} INFO - Started process (PID=16693) to work on /Users/nikhilanand/airflow_venv/lib/python3.9/site-packages/airflow/example_dags/example_python_operator.py
[2024-05-16 13:33:15,183] {processor.py:642} INFO - Processing file /Users/nikhilanand/airflow_venv/lib/python3.9/site-packages/airflow/example_dags/example_python_operator.py for tasks to queue
[2024-05-16 13:33:15,183] {logging_mixin.py:109} INFO - [2024-05-16 13:33:15,183] {dagbag.py:500} INFO - Filling up the DagBag from /Users/nikhilanand/airflow_venv/lib/python3.9/site-packages/airflow/example_dags/example_python_operator.py
[2024-05-16 13:33:15,194] {logging_mixin.py:109} INFO - [2024-05-16 13:33:15,194] {example_python_operator.py:67} WARNING - The virtalenv_python example task requires virtualenv, please install it.
[2024-05-16 13:33:15,208] {processor.py:654} INFO - DAG(s) dict_keys(['example_python_operator']) retrieved from /Users/nikhilanand/airflow_venv/lib/python3.9/site-packages/airflow/example_dags/example_python_operator.py
[2024-05-16 13:33:15,218] {logging_mixin.py:109} INFO - [2024-05-16 13:33:15,218] {dag.py:2396} INFO - Sync 1 DAGs
[2024-05-16 13:33:15,223] {logging_mixin.py:109} INFO - [2024-05-16 13:33:15,223] {dag.py:2935} INFO - Setting next_dagrun for example_python_operator to None
[2024-05-16 13:33:15,227] {processor.py:171} INFO - Processing /Users/nikhilanand/airflow_venv/lib/python3.9/site-packages/airflow/example_dags/example_python_operator.py took 0.045 seconds
