[2024-05-16 12:54:39,339] {processor.py:163} INFO - Started process (PID=87705) to work on /Users/nikhilanand/airflow_venv/lib/python3.9/site-packages/airflow/example_dags/example_branch_labels.py
[2024-05-16 12:54:39,339] {processor.py:642} INFO - Processing file /Users/nikhilanand/airflow_venv/lib/python3.9/site-packages/airflow/example_dags/example_branch_labels.py for tasks to queue
[2024-05-16 12:54:39,339] {logging_mixin.py:109} INFO - [2024-05-16 12:54:39,339] {dagbag.py:500} INFO - Filling up the DagBag from /Users/nikhilanand/airflow_venv/lib/python3.9/site-packages/airflow/example_dags/example_branch_labels.py
[2024-05-16 12:54:39,362] {processor.py:654} INFO - DAG(s) dict_keys(['example_branch_labels']) retrieved from /Users/nikhilanand/airflow_venv/lib/python3.9/site-packages/airflow/example_dags/example_branch_labels.py
[2024-05-16 12:54:39,377] {logging_mixin.py:109} INFO - [2024-05-16 12:54:39,376] {dag.py:2396} INFO - Sync 1 DAGs
[2024-05-16 12:54:39,384] {logging_mixin.py:109} INFO - [2024-05-16 12:54:39,384] {dag.py:2935} INFO - Setting next_dagrun for example_branch_labels to 2024-05-15 00:00:00+00:00
[2024-05-16 12:54:39,388] {processor.py:171} INFO - Processing /Users/nikhilanand/airflow_venv/lib/python3.9/site-packages/airflow/example_dags/example_branch_labels.py took 0.050 seconds
[2024-05-16 12:55:50,893] {processor.py:163} INFO - Started process (PID=88558) to work on /Users/nikhilanand/airflow_venv/lib/python3.9/site-packages/airflow/example_dags/example_branch_labels.py
[2024-05-16 12:55:50,894] {processor.py:642} INFO - Processing file /Users/nikhilanand/airflow_venv/lib/python3.9/site-packages/airflow/example_dags/example_branch_labels.py for tasks to queue
[2024-05-16 12:55:50,894] {logging_mixin.py:109} INFO - [2024-05-16 12:55:50,894] {dagbag.py:500} INFO - Filling up the DagBag from /Users/nikhilanand/airflow_venv/lib/python3.9/site-packages/airflow/example_dags/example_branch_labels.py
[2024-05-16 12:55:50,911] {processor.py:654} INFO - DAG(s) dict_keys(['example_branch_labels']) retrieved from /Users/nikhilanand/airflow_venv/lib/python3.9/site-packages/airflow/example_dags/example_branch_labels.py
[2024-05-16 12:55:50,920] {logging_mixin.py:109} INFO - [2024-05-16 12:55:50,920] {dag.py:2396} INFO - Sync 1 DAGs
[2024-05-16 12:55:50,925] {logging_mixin.py:109} INFO - [2024-05-16 12:55:50,925] {dag.py:2935} INFO - Setting next_dagrun for example_branch_labels to 2024-05-15 00:00:00+00:00
[2024-05-16 12:55:50,928] {processor.py:171} INFO - Processing /Users/nikhilanand/airflow_venv/lib/python3.9/site-packages/airflow/example_dags/example_branch_labels.py took 0.036 seconds
[2024-05-16 12:56:57,899] {processor.py:163} INFO - Started process (PID=89370) to work on /Users/nikhilanand/airflow_venv/lib/python3.9/site-packages/airflow/example_dags/example_branch_labels.py
[2024-05-16 12:56:57,899] {processor.py:642} INFO - Processing file /Users/nikhilanand/airflow_venv/lib/python3.9/site-packages/airflow/example_dags/example_branch_labels.py for tasks to queue
[2024-05-16 12:56:57,899] {logging_mixin.py:109} INFO - [2024-05-16 12:56:57,899] {dagbag.py:500} INFO - Filling up the DagBag from /Users/nikhilanand/airflow_venv/lib/python3.9/site-packages/airflow/example_dags/example_branch_labels.py
[2024-05-16 12:56:57,914] {processor.py:654} INFO - DAG(s) dict_keys(['example_branch_labels']) retrieved from /Users/nikhilanand/airflow_venv/lib/python3.9/site-packages/airflow/example_dags/example_branch_labels.py
[2024-05-16 12:56:57,923] {logging_mixin.py:109} INFO - [2024-05-16 12:56:57,923] {dag.py:2396} INFO - Sync 1 DAGs
[2024-05-16 12:56:57,928] {logging_mixin.py:109} INFO - [2024-05-16 12:56:57,928] {dag.py:2935} INFO - Setting next_dagrun for example_branch_labels to 2024-05-15 00:00:00+00:00
[2024-05-16 12:56:57,931] {processor.py:171} INFO - Processing /Users/nikhilanand/airflow_venv/lib/python3.9/site-packages/airflow/example_dags/example_branch_labels.py took 0.033 seconds
[2024-05-16 12:58:06,981] {processor.py:163} INFO - Started process (PID=90133) to work on /Users/nikhilanand/airflow_venv/lib/python3.9/site-packages/airflow/example_dags/example_branch_labels.py
[2024-05-16 12:58:06,981] {processor.py:642} INFO - Processing file /Users/nikhilanand/airflow_venv/lib/python3.9/site-packages/airflow/example_dags/example_branch_labels.py for tasks to queue
[2024-05-16 12:58:06,981] {logging_mixin.py:109} INFO - [2024-05-16 12:58:06,981] {dagbag.py:500} INFO - Filling up the DagBag from /Users/nikhilanand/airflow_venv/lib/python3.9/site-packages/airflow/example_dags/example_branch_labels.py
[2024-05-16 12:58:06,996] {processor.py:654} INFO - DAG(s) dict_keys(['example_branch_labels']) retrieved from /Users/nikhilanand/airflow_venv/lib/python3.9/site-packages/airflow/example_dags/example_branch_labels.py
[2024-05-16 12:58:07,005] {logging_mixin.py:109} INFO - [2024-05-16 12:58:07,005] {dag.py:2396} INFO - Sync 1 DAGs
[2024-05-16 12:58:07,010] {logging_mixin.py:109} INFO - [2024-05-16 12:58:07,010] {dag.py:2935} INFO - Setting next_dagrun for example_branch_labels to 2024-05-15 00:00:00+00:00
[2024-05-16 12:58:07,014] {processor.py:171} INFO - Processing /Users/nikhilanand/airflow_venv/lib/python3.9/site-packages/airflow/example_dags/example_branch_labels.py took 0.033 seconds
[2024-05-16 12:59:16,397] {processor.py:163} INFO - Started process (PID=90936) to work on /Users/nikhilanand/airflow_venv/lib/python3.9/site-packages/airflow/example_dags/example_branch_labels.py
[2024-05-16 12:59:16,398] {processor.py:642} INFO - Processing file /Users/nikhilanand/airflow_venv/lib/python3.9/site-packages/airflow/example_dags/example_branch_labels.py for tasks to queue
[2024-05-16 12:59:16,398] {logging_mixin.py:109} INFO - [2024-05-16 12:59:16,398] {dagbag.py:500} INFO - Filling up the DagBag from /Users/nikhilanand/airflow_venv/lib/python3.9/site-packages/airflow/example_dags/example_branch_labels.py
[2024-05-16 12:59:16,414] {processor.py:654} INFO - DAG(s) dict_keys(['example_branch_labels']) retrieved from /Users/nikhilanand/airflow_venv/lib/python3.9/site-packages/airflow/example_dags/example_branch_labels.py
[2024-05-16 12:59:16,423] {logging_mixin.py:109} INFO - [2024-05-16 12:59:16,423] {dag.py:2396} INFO - Sync 1 DAGs
[2024-05-16 12:59:16,428] {logging_mixin.py:109} INFO - [2024-05-16 12:59:16,428] {dag.py:2935} INFO - Setting next_dagrun for example_branch_labels to 2024-05-15 00:00:00+00:00
[2024-05-16 12:59:16,431] {processor.py:171} INFO - Processing /Users/nikhilanand/airflow_venv/lib/python3.9/site-packages/airflow/example_dags/example_branch_labels.py took 0.035 seconds
[2024-05-16 13:00:31,802] {processor.py:163} INFO - Started process (PID=91826) to work on /Users/nikhilanand/airflow_venv/lib/python3.9/site-packages/airflow/example_dags/example_branch_labels.py
[2024-05-16 13:00:31,802] {processor.py:642} INFO - Processing file /Users/nikhilanand/airflow_venv/lib/python3.9/site-packages/airflow/example_dags/example_branch_labels.py for tasks to queue
[2024-05-16 13:00:31,802] {logging_mixin.py:109} INFO - [2024-05-16 13:00:31,802] {dagbag.py:500} INFO - Filling up the DagBag from /Users/nikhilanand/airflow_venv/lib/python3.9/site-packages/airflow/example_dags/example_branch_labels.py
[2024-05-16 13:00:31,821] {processor.py:654} INFO - DAG(s) dict_keys(['example_branch_labels']) retrieved from /Users/nikhilanand/airflow_venv/lib/python3.9/site-packages/airflow/example_dags/example_branch_labels.py
[2024-05-16 13:00:31,832] {logging_mixin.py:109} INFO - [2024-05-16 13:00:31,832] {dag.py:2396} INFO - Sync 1 DAGs
[2024-05-16 13:00:31,838] {logging_mixin.py:109} INFO - [2024-05-16 13:00:31,838] {dag.py:2935} INFO - Setting next_dagrun for example_branch_labels to 2024-05-15 00:00:00+00:00
[2024-05-16 13:00:31,842] {processor.py:171} INFO - Processing /Users/nikhilanand/airflow_venv/lib/python3.9/site-packages/airflow/example_dags/example_branch_labels.py took 0.041 seconds
[2024-05-16 13:01:41,611] {processor.py:163} INFO - Started process (PID=92630) to work on /Users/nikhilanand/airflow_venv/lib/python3.9/site-packages/airflow/example_dags/example_branch_labels.py
[2024-05-16 13:01:41,612] {processor.py:642} INFO - Processing file /Users/nikhilanand/airflow_venv/lib/python3.9/site-packages/airflow/example_dags/example_branch_labels.py for tasks to queue
[2024-05-16 13:01:41,612] {logging_mixin.py:109} INFO - [2024-05-16 13:01:41,612] {dagbag.py:500} INFO - Filling up the DagBag from /Users/nikhilanand/airflow_venv/lib/python3.9/site-packages/airflow/example_dags/example_branch_labels.py
[2024-05-16 13:01:41,628] {processor.py:654} INFO - DAG(s) dict_keys(['example_branch_labels']) retrieved from /Users/nikhilanand/airflow_venv/lib/python3.9/site-packages/airflow/example_dags/example_branch_labels.py
[2024-05-16 13:01:41,636] {logging_mixin.py:109} INFO - [2024-05-16 13:01:41,636] {dag.py:2396} INFO - Sync 1 DAGs
[2024-05-16 13:01:41,641] {logging_mixin.py:109} INFO - [2024-05-16 13:01:41,641] {dag.py:2935} INFO - Setting next_dagrun for example_branch_labels to 2024-05-15 00:00:00+00:00
[2024-05-16 13:01:41,644] {processor.py:171} INFO - Processing /Users/nikhilanand/airflow_venv/lib/python3.9/site-packages/airflow/example_dags/example_branch_labels.py took 0.034 seconds
[2024-05-16 13:02:51,811] {processor.py:163} INFO - Started process (PID=93453) to work on /Users/nikhilanand/airflow_venv/lib/python3.9/site-packages/airflow/example_dags/example_branch_labels.py
[2024-05-16 13:02:51,813] {processor.py:642} INFO - Processing file /Users/nikhilanand/airflow_venv/lib/python3.9/site-packages/airflow/example_dags/example_branch_labels.py for tasks to queue
[2024-05-16 13:02:51,813] {logging_mixin.py:109} INFO - [2024-05-16 13:02:51,813] {dagbag.py:500} INFO - Filling up the DagBag from /Users/nikhilanand/airflow_venv/lib/python3.9/site-packages/airflow/example_dags/example_branch_labels.py
[2024-05-16 13:02:51,831] {processor.py:654} INFO - DAG(s) dict_keys(['example_branch_labels']) retrieved from /Users/nikhilanand/airflow_venv/lib/python3.9/site-packages/airflow/example_dags/example_branch_labels.py
[2024-05-16 13:02:51,841] {logging_mixin.py:109} INFO - [2024-05-16 13:02:51,841] {dag.py:2396} INFO - Sync 1 DAGs
[2024-05-16 13:02:51,846] {logging_mixin.py:109} INFO - [2024-05-16 13:02:51,846] {dag.py:2935} INFO - Setting next_dagrun for example_branch_labels to 2024-05-15 00:00:00+00:00
[2024-05-16 13:02:51,850] {processor.py:171} INFO - Processing /Users/nikhilanand/airflow_venv/lib/python3.9/site-packages/airflow/example_dags/example_branch_labels.py took 0.039 seconds
[2024-05-16 13:04:01,473] {processor.py:163} INFO - Started process (PID=94584) to work on /Users/nikhilanand/airflow_venv/lib/python3.9/site-packages/airflow/example_dags/example_branch_labels.py
[2024-05-16 13:04:01,474] {processor.py:642} INFO - Processing file /Users/nikhilanand/airflow_venv/lib/python3.9/site-packages/airflow/example_dags/example_branch_labels.py for tasks to queue
[2024-05-16 13:04:01,474] {logging_mixin.py:109} INFO - [2024-05-16 13:04:01,474] {dagbag.py:500} INFO - Filling up the DagBag from /Users/nikhilanand/airflow_venv/lib/python3.9/site-packages/airflow/example_dags/example_branch_labels.py
[2024-05-16 13:04:01,490] {processor.py:654} INFO - DAG(s) dict_keys(['example_branch_labels']) retrieved from /Users/nikhilanand/airflow_venv/lib/python3.9/site-packages/airflow/example_dags/example_branch_labels.py
[2024-05-16 13:04:01,499] {logging_mixin.py:109} INFO - [2024-05-16 13:04:01,499] {dag.py:2396} INFO - Sync 1 DAGs
[2024-05-16 13:04:01,504] {logging_mixin.py:109} INFO - [2024-05-16 13:04:01,504] {dag.py:2935} INFO - Setting next_dagrun for example_branch_labels to 2024-05-15 00:00:00+00:00
[2024-05-16 13:04:01,508] {processor.py:171} INFO - Processing /Users/nikhilanand/airflow_venv/lib/python3.9/site-packages/airflow/example_dags/example_branch_labels.py took 0.036 seconds
[2024-05-16 13:05:21,248] {processor.py:163} INFO - Started process (PID=95541) to work on /Users/nikhilanand/airflow_venv/lib/python3.9/site-packages/airflow/example_dags/example_branch_labels.py
[2024-05-16 13:05:21,248] {processor.py:642} INFO - Processing file /Users/nikhilanand/airflow_venv/lib/python3.9/site-packages/airflow/example_dags/example_branch_labels.py for tasks to queue
[2024-05-16 13:05:21,248] {logging_mixin.py:109} INFO - [2024-05-16 13:05:21,248] {dagbag.py:500} INFO - Filling up the DagBag from /Users/nikhilanand/airflow_venv/lib/python3.9/site-packages/airflow/example_dags/example_branch_labels.py
[2024-05-16 13:05:21,265] {processor.py:654} INFO - DAG(s) dict_keys(['example_branch_labels']) retrieved from /Users/nikhilanand/airflow_venv/lib/python3.9/site-packages/airflow/example_dags/example_branch_labels.py
[2024-05-16 13:05:21,275] {logging_mixin.py:109} INFO - [2024-05-16 13:05:21,275] {dag.py:2396} INFO - Sync 1 DAGs
[2024-05-16 13:05:21,280] {logging_mixin.py:109} INFO - [2024-05-16 13:05:21,280] {dag.py:2935} INFO - Setting next_dagrun for example_branch_labels to 2024-05-15 00:00:00+00:00
[2024-05-16 13:05:21,284] {processor.py:171} INFO - Processing /Users/nikhilanand/airflow_venv/lib/python3.9/site-packages/airflow/example_dags/example_branch_labels.py took 0.036 seconds
[2024-05-16 13:06:33,028] {processor.py:163} INFO - Started process (PID=96386) to work on /Users/nikhilanand/airflow_venv/lib/python3.9/site-packages/airflow/example_dags/example_branch_labels.py
[2024-05-16 13:06:33,029] {processor.py:642} INFO - Processing file /Users/nikhilanand/airflow_venv/lib/python3.9/site-packages/airflow/example_dags/example_branch_labels.py for tasks to queue
[2024-05-16 13:06:33,029] {logging_mixin.py:109} INFO - [2024-05-16 13:06:33,029] {dagbag.py:500} INFO - Filling up the DagBag from /Users/nikhilanand/airflow_venv/lib/python3.9/site-packages/airflow/example_dags/example_branch_labels.py
[2024-05-16 13:06:33,045] {processor.py:654} INFO - DAG(s) dict_keys(['example_branch_labels']) retrieved from /Users/nikhilanand/airflow_venv/lib/python3.9/site-packages/airflow/example_dags/example_branch_labels.py
[2024-05-16 13:06:33,054] {logging_mixin.py:109} INFO - [2024-05-16 13:06:33,054] {dag.py:2396} INFO - Sync 1 DAGs
[2024-05-16 13:06:33,059] {logging_mixin.py:109} INFO - [2024-05-16 13:06:33,059] {dag.py:2935} INFO - Setting next_dagrun for example_branch_labels to 2024-05-15 00:00:00+00:00
[2024-05-16 13:06:33,062] {processor.py:171} INFO - Processing /Users/nikhilanand/airflow_venv/lib/python3.9/site-packages/airflow/example_dags/example_branch_labels.py took 0.034 seconds
[2024-05-16 13:07:48,043] {processor.py:163} INFO - Started process (PID=97257) to work on /Users/nikhilanand/airflow_venv/lib/python3.9/site-packages/airflow/example_dags/example_branch_labels.py
[2024-05-16 13:07:48,045] {processor.py:642} INFO - Processing file /Users/nikhilanand/airflow_venv/lib/python3.9/site-packages/airflow/example_dags/example_branch_labels.py for tasks to queue
[2024-05-16 13:07:48,045] {logging_mixin.py:109} INFO - [2024-05-16 13:07:48,045] {dagbag.py:500} INFO - Filling up the DagBag from /Users/nikhilanand/airflow_venv/lib/python3.9/site-packages/airflow/example_dags/example_branch_labels.py
[2024-05-16 13:07:48,061] {processor.py:654} INFO - DAG(s) dict_keys(['example_branch_labels']) retrieved from /Users/nikhilanand/airflow_venv/lib/python3.9/site-packages/airflow/example_dags/example_branch_labels.py
[2024-05-16 13:07:48,071] {logging_mixin.py:109} INFO - [2024-05-16 13:07:48,071] {dag.py:2396} INFO - Sync 1 DAGs
[2024-05-16 13:07:48,076] {logging_mixin.py:109} INFO - [2024-05-16 13:07:48,076] {dag.py:2935} INFO - Setting next_dagrun for example_branch_labels to 2024-05-15 00:00:00+00:00
[2024-05-16 13:07:48,079] {processor.py:171} INFO - Processing /Users/nikhilanand/airflow_venv/lib/python3.9/site-packages/airflow/example_dags/example_branch_labels.py took 0.036 seconds
[2024-05-16 13:08:59,103] {processor.py:163} INFO - Started process (PID=98024) to work on /Users/nikhilanand/airflow_venv/lib/python3.9/site-packages/airflow/example_dags/example_branch_labels.py
[2024-05-16 13:08:59,104] {processor.py:642} INFO - Processing file /Users/nikhilanand/airflow_venv/lib/python3.9/site-packages/airflow/example_dags/example_branch_labels.py for tasks to queue
[2024-05-16 13:08:59,104] {logging_mixin.py:109} INFO - [2024-05-16 13:08:59,104] {dagbag.py:500} INFO - Filling up the DagBag from /Users/nikhilanand/airflow_venv/lib/python3.9/site-packages/airflow/example_dags/example_branch_labels.py
[2024-05-16 13:08:59,120] {processor.py:654} INFO - DAG(s) dict_keys(['example_branch_labels']) retrieved from /Users/nikhilanand/airflow_venv/lib/python3.9/site-packages/airflow/example_dags/example_branch_labels.py
[2024-05-16 13:08:59,128] {logging_mixin.py:109} INFO - [2024-05-16 13:08:59,128] {dag.py:2396} INFO - Sync 1 DAGs
[2024-05-16 13:08:59,133] {logging_mixin.py:109} INFO - [2024-05-16 13:08:59,133] {dag.py:2935} INFO - Setting next_dagrun for example_branch_labels to 2024-05-15 00:00:00+00:00
[2024-05-16 13:08:59,136] {processor.py:171} INFO - Processing /Users/nikhilanand/airflow_venv/lib/python3.9/site-packages/airflow/example_dags/example_branch_labels.py took 0.033 seconds
[2024-05-16 13:10:10,335] {processor.py:163} INFO - Started process (PID=98829) to work on /Users/nikhilanand/airflow_venv/lib/python3.9/site-packages/airflow/example_dags/example_branch_labels.py
[2024-05-16 13:10:10,335] {processor.py:642} INFO - Processing file /Users/nikhilanand/airflow_venv/lib/python3.9/site-packages/airflow/example_dags/example_branch_labels.py for tasks to queue
[2024-05-16 13:10:10,336] {logging_mixin.py:109} INFO - [2024-05-16 13:10:10,336] {dagbag.py:500} INFO - Filling up the DagBag from /Users/nikhilanand/airflow_venv/lib/python3.9/site-packages/airflow/example_dags/example_branch_labels.py
[2024-05-16 13:10:10,353] {processor.py:654} INFO - DAG(s) dict_keys(['example_branch_labels']) retrieved from /Users/nikhilanand/airflow_venv/lib/python3.9/site-packages/airflow/example_dags/example_branch_labels.py
[2024-05-16 13:10:10,362] {logging_mixin.py:109} INFO - [2024-05-16 13:10:10,362] {dag.py:2396} INFO - Sync 1 DAGs
[2024-05-16 13:10:10,367] {logging_mixin.py:109} INFO - [2024-05-16 13:10:10,367] {dag.py:2935} INFO - Setting next_dagrun for example_branch_labels to 2024-05-15 00:00:00+00:00
[2024-05-16 13:10:10,371] {processor.py:171} INFO - Processing /Users/nikhilanand/airflow_venv/lib/python3.9/site-packages/airflow/example_dags/example_branch_labels.py took 0.036 seconds
[2024-05-16 13:11:19,219] {processor.py:163} INFO - Started process (PID=99593) to work on /Users/nikhilanand/airflow_venv/lib/python3.9/site-packages/airflow/example_dags/example_branch_labels.py
[2024-05-16 13:11:19,220] {processor.py:642} INFO - Processing file /Users/nikhilanand/airflow_venv/lib/python3.9/site-packages/airflow/example_dags/example_branch_labels.py for tasks to queue
[2024-05-16 13:11:19,221] {logging_mixin.py:109} INFO - [2024-05-16 13:11:19,221] {dagbag.py:500} INFO - Filling up the DagBag from /Users/nikhilanand/airflow_venv/lib/python3.9/site-packages/airflow/example_dags/example_branch_labels.py
[2024-05-16 13:11:19,237] {processor.py:654} INFO - DAG(s) dict_keys(['example_branch_labels']) retrieved from /Users/nikhilanand/airflow_venv/lib/python3.9/site-packages/airflow/example_dags/example_branch_labels.py
[2024-05-16 13:11:19,246] {logging_mixin.py:109} INFO - [2024-05-16 13:11:19,246] {dag.py:2396} INFO - Sync 1 DAGs
[2024-05-16 13:11:19,251] {logging_mixin.py:109} INFO - [2024-05-16 13:11:19,251] {dag.py:2935} INFO - Setting next_dagrun for example_branch_labels to 2024-05-15 00:00:00+00:00
[2024-05-16 13:11:19,254] {processor.py:171} INFO - Processing /Users/nikhilanand/airflow_venv/lib/python3.9/site-packages/airflow/example_dags/example_branch_labels.py took 0.035 seconds
[2024-05-16 13:12:28,788] {processor.py:163} INFO - Started process (PID=591) to work on /Users/nikhilanand/airflow_venv/lib/python3.9/site-packages/airflow/example_dags/example_branch_labels.py
[2024-05-16 13:12:28,790] {processor.py:642} INFO - Processing file /Users/nikhilanand/airflow_venv/lib/python3.9/site-packages/airflow/example_dags/example_branch_labels.py for tasks to queue
[2024-05-16 13:12:28,790] {logging_mixin.py:109} INFO - [2024-05-16 13:12:28,790] {dagbag.py:500} INFO - Filling up the DagBag from /Users/nikhilanand/airflow_venv/lib/python3.9/site-packages/airflow/example_dags/example_branch_labels.py
[2024-05-16 13:12:28,806] {processor.py:654} INFO - DAG(s) dict_keys(['example_branch_labels']) retrieved from /Users/nikhilanand/airflow_venv/lib/python3.9/site-packages/airflow/example_dags/example_branch_labels.py
[2024-05-16 13:12:28,814] {logging_mixin.py:109} INFO - [2024-05-16 13:12:28,814] {dag.py:2396} INFO - Sync 1 DAGs
[2024-05-16 13:12:28,819] {logging_mixin.py:109} INFO - [2024-05-16 13:12:28,819] {dag.py:2935} INFO - Setting next_dagrun for example_branch_labels to 2024-05-15 00:00:00+00:00
[2024-05-16 13:12:28,822] {processor.py:171} INFO - Processing /Users/nikhilanand/airflow_venv/lib/python3.9/site-packages/airflow/example_dags/example_branch_labels.py took 0.034 seconds
[2024-05-16 13:13:49,425] {processor.py:163} INFO - Started process (PID=1688) to work on /Users/nikhilanand/airflow_venv/lib/python3.9/site-packages/airflow/example_dags/example_branch_labels.py
[2024-05-16 13:13:49,426] {processor.py:642} INFO - Processing file /Users/nikhilanand/airflow_venv/lib/python3.9/site-packages/airflow/example_dags/example_branch_labels.py for tasks to queue
[2024-05-16 13:13:49,426] {logging_mixin.py:109} INFO - [2024-05-16 13:13:49,426] {dagbag.py:500} INFO - Filling up the DagBag from /Users/nikhilanand/airflow_venv/lib/python3.9/site-packages/airflow/example_dags/example_branch_labels.py
[2024-05-16 13:13:49,442] {processor.py:654} INFO - DAG(s) dict_keys(['example_branch_labels']) retrieved from /Users/nikhilanand/airflow_venv/lib/python3.9/site-packages/airflow/example_dags/example_branch_labels.py
[2024-05-16 13:13:49,451] {logging_mixin.py:109} INFO - [2024-05-16 13:13:49,451] {dag.py:2396} INFO - Sync 1 DAGs
[2024-05-16 13:13:49,456] {logging_mixin.py:109} INFO - [2024-05-16 13:13:49,456] {dag.py:2935} INFO - Setting next_dagrun for example_branch_labels to 2024-05-15 00:00:00+00:00
[2024-05-16 13:13:49,460] {processor.py:171} INFO - Processing /Users/nikhilanand/airflow_venv/lib/python3.9/site-packages/airflow/example_dags/example_branch_labels.py took 0.035 seconds
[2024-05-16 13:14:58,263] {processor.py:163} INFO - Started process (PID=2531) to work on /Users/nikhilanand/airflow_venv/lib/python3.9/site-packages/airflow/example_dags/example_branch_labels.py
[2024-05-16 13:14:58,265] {processor.py:642} INFO - Processing file /Users/nikhilanand/airflow_venv/lib/python3.9/site-packages/airflow/example_dags/example_branch_labels.py for tasks to queue
[2024-05-16 13:14:58,265] {logging_mixin.py:109} INFO - [2024-05-16 13:14:58,265] {dagbag.py:500} INFO - Filling up the DagBag from /Users/nikhilanand/airflow_venv/lib/python3.9/site-packages/airflow/example_dags/example_branch_labels.py
[2024-05-16 13:14:58,282] {processor.py:654} INFO - DAG(s) dict_keys(['example_branch_labels']) retrieved from /Users/nikhilanand/airflow_venv/lib/python3.9/site-packages/airflow/example_dags/example_branch_labels.py
[2024-05-16 13:14:58,292] {logging_mixin.py:109} INFO - [2024-05-16 13:14:58,291] {dag.py:2396} INFO - Sync 1 DAGs
[2024-05-16 13:14:58,297] {logging_mixin.py:109} INFO - [2024-05-16 13:14:58,296] {dag.py:2935} INFO - Setting next_dagrun for example_branch_labels to 2024-05-15 00:00:00+00:00
[2024-05-16 13:14:58,301] {processor.py:171} INFO - Processing /Users/nikhilanand/airflow_venv/lib/python3.9/site-packages/airflow/example_dags/example_branch_labels.py took 0.037 seconds
[2024-05-16 13:16:07,105] {processor.py:163} INFO - Started process (PID=3750) to work on /Users/nikhilanand/airflow_venv/lib/python3.9/site-packages/airflow/example_dags/example_branch_labels.py
[2024-05-16 13:16:07,107] {processor.py:642} INFO - Processing file /Users/nikhilanand/airflow_venv/lib/python3.9/site-packages/airflow/example_dags/example_branch_labels.py for tasks to queue
[2024-05-16 13:16:07,107] {logging_mixin.py:109} INFO - [2024-05-16 13:16:07,107] {dagbag.py:500} INFO - Filling up the DagBag from /Users/nikhilanand/airflow_venv/lib/python3.9/site-packages/airflow/example_dags/example_branch_labels.py
[2024-05-16 13:16:07,124] {processor.py:654} INFO - DAG(s) dict_keys(['example_branch_labels']) retrieved from /Users/nikhilanand/airflow_venv/lib/python3.9/site-packages/airflow/example_dags/example_branch_labels.py
[2024-05-16 13:16:07,134] {logging_mixin.py:109} INFO - [2024-05-16 13:16:07,134] {dag.py:2396} INFO - Sync 1 DAGs
[2024-05-16 13:16:07,140] {logging_mixin.py:109} INFO - [2024-05-16 13:16:07,140] {dag.py:2935} INFO - Setting next_dagrun for example_branch_labels to 2024-05-15 00:00:00+00:00
[2024-05-16 13:16:07,143] {processor.py:171} INFO - Processing /Users/nikhilanand/airflow_venv/lib/python3.9/site-packages/airflow/example_dags/example_branch_labels.py took 0.038 seconds
[2024-05-16 13:17:20,138] {processor.py:163} INFO - Started process (PID=4599) to work on /Users/nikhilanand/airflow_venv/lib/python3.9/site-packages/airflow/example_dags/example_branch_labels.py
[2024-05-16 13:17:20,139] {processor.py:642} INFO - Processing file /Users/nikhilanand/airflow_venv/lib/python3.9/site-packages/airflow/example_dags/example_branch_labels.py for tasks to queue
[2024-05-16 13:17:20,139] {logging_mixin.py:109} INFO - [2024-05-16 13:17:20,139] {dagbag.py:500} INFO - Filling up the DagBag from /Users/nikhilanand/airflow_venv/lib/python3.9/site-packages/airflow/example_dags/example_branch_labels.py
[2024-05-16 13:17:20,155] {processor.py:654} INFO - DAG(s) dict_keys(['example_branch_labels']) retrieved from /Users/nikhilanand/airflow_venv/lib/python3.9/site-packages/airflow/example_dags/example_branch_labels.py
[2024-05-16 13:17:20,165] {logging_mixin.py:109} INFO - [2024-05-16 13:17:20,165] {dag.py:2396} INFO - Sync 1 DAGs
[2024-05-16 13:17:20,170] {logging_mixin.py:109} INFO - [2024-05-16 13:17:20,170] {dag.py:2935} INFO - Setting next_dagrun for example_branch_labels to 2024-05-15 00:00:00+00:00
[2024-05-16 13:17:20,174] {processor.py:171} INFO - Processing /Users/nikhilanand/airflow_venv/lib/python3.9/site-packages/airflow/example_dags/example_branch_labels.py took 0.036 seconds
[2024-05-16 13:18:31,008] {processor.py:163} INFO - Started process (PID=5442) to work on /Users/nikhilanand/airflow_venv/lib/python3.9/site-packages/airflow/example_dags/example_branch_labels.py
[2024-05-16 13:18:31,009] {processor.py:642} INFO - Processing file /Users/nikhilanand/airflow_venv/lib/python3.9/site-packages/airflow/example_dags/example_branch_labels.py for tasks to queue
[2024-05-16 13:18:31,010] {logging_mixin.py:109} INFO - [2024-05-16 13:18:31,010] {dagbag.py:500} INFO - Filling up the DagBag from /Users/nikhilanand/airflow_venv/lib/python3.9/site-packages/airflow/example_dags/example_branch_labels.py
[2024-05-16 13:18:31,025] {processor.py:654} INFO - DAG(s) dict_keys(['example_branch_labels']) retrieved from /Users/nikhilanand/airflow_venv/lib/python3.9/site-packages/airflow/example_dags/example_branch_labels.py
[2024-05-16 13:18:31,035] {logging_mixin.py:109} INFO - [2024-05-16 13:18:31,034] {dag.py:2396} INFO - Sync 1 DAGs
[2024-05-16 13:18:31,040] {logging_mixin.py:109} INFO - [2024-05-16 13:18:31,040] {dag.py:2935} INFO - Setting next_dagrun for example_branch_labels to 2024-05-15 00:00:00+00:00
[2024-05-16 13:18:31,043] {processor.py:171} INFO - Processing /Users/nikhilanand/airflow_venv/lib/python3.9/site-packages/airflow/example_dags/example_branch_labels.py took 0.035 seconds
[2024-05-16 13:19:39,104] {processor.py:163} INFO - Started process (PID=6253) to work on /Users/nikhilanand/airflow_venv/lib/python3.9/site-packages/airflow/example_dags/example_branch_labels.py
[2024-05-16 13:19:39,104] {processor.py:642} INFO - Processing file /Users/nikhilanand/airflow_venv/lib/python3.9/site-packages/airflow/example_dags/example_branch_labels.py for tasks to queue
[2024-05-16 13:19:39,104] {logging_mixin.py:109} INFO - [2024-05-16 13:19:39,104] {dagbag.py:500} INFO - Filling up the DagBag from /Users/nikhilanand/airflow_venv/lib/python3.9/site-packages/airflow/example_dags/example_branch_labels.py
[2024-05-16 13:19:39,120] {processor.py:654} INFO - DAG(s) dict_keys(['example_branch_labels']) retrieved from /Users/nikhilanand/airflow_venv/lib/python3.9/site-packages/airflow/example_dags/example_branch_labels.py
[2024-05-16 13:19:39,129] {logging_mixin.py:109} INFO - [2024-05-16 13:19:39,129] {dag.py:2396} INFO - Sync 1 DAGs
[2024-05-16 13:19:39,134] {logging_mixin.py:109} INFO - [2024-05-16 13:19:39,134] {dag.py:2935} INFO - Setting next_dagrun for example_branch_labels to 2024-05-15 00:00:00+00:00
[2024-05-16 13:19:39,138] {processor.py:171} INFO - Processing /Users/nikhilanand/airflow_venv/lib/python3.9/site-packages/airflow/example_dags/example_branch_labels.py took 0.035 seconds
[2024-05-16 13:20:45,950] {processor.py:163} INFO - Started process (PID=7048) to work on /Users/nikhilanand/airflow_venv/lib/python3.9/site-packages/airflow/example_dags/example_branch_labels.py
[2024-05-16 13:20:45,950] {processor.py:642} INFO - Processing file /Users/nikhilanand/airflow_venv/lib/python3.9/site-packages/airflow/example_dags/example_branch_labels.py for tasks to queue
[2024-05-16 13:20:45,950] {logging_mixin.py:109} INFO - [2024-05-16 13:20:45,950] {dagbag.py:500} INFO - Filling up the DagBag from /Users/nikhilanand/airflow_venv/lib/python3.9/site-packages/airflow/example_dags/example_branch_labels.py
[2024-05-16 13:20:45,966] {processor.py:654} INFO - DAG(s) dict_keys(['example_branch_labels']) retrieved from /Users/nikhilanand/airflow_venv/lib/python3.9/site-packages/airflow/example_dags/example_branch_labels.py
[2024-05-16 13:20:45,974] {logging_mixin.py:109} INFO - [2024-05-16 13:20:45,974] {dag.py:2396} INFO - Sync 1 DAGs
[2024-05-16 13:20:45,980] {logging_mixin.py:109} INFO - [2024-05-16 13:20:45,980] {dag.py:2935} INFO - Setting next_dagrun for example_branch_labels to 2024-05-15 00:00:00+00:00
[2024-05-16 13:20:45,983] {processor.py:171} INFO - Processing /Users/nikhilanand/airflow_venv/lib/python3.9/site-packages/airflow/example_dags/example_branch_labels.py took 0.034 seconds
[2024-05-16 13:21:56,585] {processor.py:163} INFO - Started process (PID=7883) to work on /Users/nikhilanand/airflow_venv/lib/python3.9/site-packages/airflow/example_dags/example_branch_labels.py
[2024-05-16 13:21:56,587] {processor.py:642} INFO - Processing file /Users/nikhilanand/airflow_venv/lib/python3.9/site-packages/airflow/example_dags/example_branch_labels.py for tasks to queue
[2024-05-16 13:21:56,587] {logging_mixin.py:109} INFO - [2024-05-16 13:21:56,587] {dagbag.py:500} INFO - Filling up the DagBag from /Users/nikhilanand/airflow_venv/lib/python3.9/site-packages/airflow/example_dags/example_branch_labels.py
[2024-05-16 13:21:56,603] {processor.py:654} INFO - DAG(s) dict_keys(['example_branch_labels']) retrieved from /Users/nikhilanand/airflow_venv/lib/python3.9/site-packages/airflow/example_dags/example_branch_labels.py
[2024-05-16 13:21:56,613] {logging_mixin.py:109} INFO - [2024-05-16 13:21:56,613] {dag.py:2396} INFO - Sync 1 DAGs
[2024-05-16 13:21:56,618] {logging_mixin.py:109} INFO - [2024-05-16 13:21:56,618] {dag.py:2935} INFO - Setting next_dagrun for example_branch_labels to 2024-05-15 00:00:00+00:00
[2024-05-16 13:21:56,621] {processor.py:171} INFO - Processing /Users/nikhilanand/airflow_venv/lib/python3.9/site-packages/airflow/example_dags/example_branch_labels.py took 0.036 seconds
[2024-05-16 13:23:03,104] {processor.py:163} INFO - Started process (PID=8655) to work on /Users/nikhilanand/airflow_venv/lib/python3.9/site-packages/airflow/example_dags/example_branch_labels.py
[2024-05-16 13:23:03,104] {processor.py:642} INFO - Processing file /Users/nikhilanand/airflow_venv/lib/python3.9/site-packages/airflow/example_dags/example_branch_labels.py for tasks to queue
[2024-05-16 13:23:03,105] {logging_mixin.py:109} INFO - [2024-05-16 13:23:03,105] {dagbag.py:500} INFO - Filling up the DagBag from /Users/nikhilanand/airflow_venv/lib/python3.9/site-packages/airflow/example_dags/example_branch_labels.py
[2024-05-16 13:23:03,120] {processor.py:654} INFO - DAG(s) dict_keys(['example_branch_labels']) retrieved from /Users/nikhilanand/airflow_venv/lib/python3.9/site-packages/airflow/example_dags/example_branch_labels.py
[2024-05-16 13:23:03,129] {logging_mixin.py:109} INFO - [2024-05-16 13:23:03,129] {dag.py:2396} INFO - Sync 1 DAGs
[2024-05-16 13:23:03,134] {logging_mixin.py:109} INFO - [2024-05-16 13:23:03,134] {dag.py:2935} INFO - Setting next_dagrun for example_branch_labels to 2024-05-15 00:00:00+00:00
[2024-05-16 13:23:03,137] {processor.py:171} INFO - Processing /Users/nikhilanand/airflow_venv/lib/python3.9/site-packages/airflow/example_dags/example_branch_labels.py took 0.033 seconds
[2024-05-16 13:24:11,343] {processor.py:163} INFO - Started process (PID=9473) to work on /Users/nikhilanand/airflow_venv/lib/python3.9/site-packages/airflow/example_dags/example_branch_labels.py
[2024-05-16 13:24:11,343] {processor.py:642} INFO - Processing file /Users/nikhilanand/airflow_venv/lib/python3.9/site-packages/airflow/example_dags/example_branch_labels.py for tasks to queue
[2024-05-16 13:24:11,343] {logging_mixin.py:109} INFO - [2024-05-16 13:24:11,343] {dagbag.py:500} INFO - Filling up the DagBag from /Users/nikhilanand/airflow_venv/lib/python3.9/site-packages/airflow/example_dags/example_branch_labels.py
[2024-05-16 13:24:11,359] {processor.py:654} INFO - DAG(s) dict_keys(['example_branch_labels']) retrieved from /Users/nikhilanand/airflow_venv/lib/python3.9/site-packages/airflow/example_dags/example_branch_labels.py
[2024-05-16 13:24:11,368] {logging_mixin.py:109} INFO - [2024-05-16 13:24:11,368] {dag.py:2396} INFO - Sync 1 DAGs
[2024-05-16 13:24:11,374] {logging_mixin.py:109} INFO - [2024-05-16 13:24:11,373] {dag.py:2935} INFO - Setting next_dagrun for example_branch_labels to 2024-05-15 00:00:00+00:00
[2024-05-16 13:24:11,377] {processor.py:171} INFO - Processing /Users/nikhilanand/airflow_venv/lib/python3.9/site-packages/airflow/example_dags/example_branch_labels.py took 0.035 seconds
[2024-05-16 13:25:20,731] {processor.py:163} INFO - Started process (PID=10654) to work on /Users/nikhilanand/airflow_venv/lib/python3.9/site-packages/airflow/example_dags/example_branch_labels.py
[2024-05-16 13:25:20,732] {processor.py:642} INFO - Processing file /Users/nikhilanand/airflow_venv/lib/python3.9/site-packages/airflow/example_dags/example_branch_labels.py for tasks to queue
[2024-05-16 13:25:20,732] {logging_mixin.py:109} INFO - [2024-05-16 13:25:20,732] {dagbag.py:500} INFO - Filling up the DagBag from /Users/nikhilanand/airflow_venv/lib/python3.9/site-packages/airflow/example_dags/example_branch_labels.py
[2024-05-16 13:25:20,748] {processor.py:654} INFO - DAG(s) dict_keys(['example_branch_labels']) retrieved from /Users/nikhilanand/airflow_venv/lib/python3.9/site-packages/airflow/example_dags/example_branch_labels.py
[2024-05-16 13:25:20,756] {logging_mixin.py:109} INFO - [2024-05-16 13:25:20,756] {dag.py:2396} INFO - Sync 1 DAGs
[2024-05-16 13:25:20,761] {logging_mixin.py:109} INFO - [2024-05-16 13:25:20,761] {dag.py:2935} INFO - Setting next_dagrun for example_branch_labels to 2024-05-15 00:00:00+00:00
[2024-05-16 13:25:20,765] {processor.py:171} INFO - Processing /Users/nikhilanand/airflow_venv/lib/python3.9/site-packages/airflow/example_dags/example_branch_labels.py took 0.034 seconds
[2024-05-16 13:26:27,276] {processor.py:163} INFO - Started process (PID=11441) to work on /Users/nikhilanand/airflow_venv/lib/python3.9/site-packages/airflow/example_dags/example_branch_labels.py
[2024-05-16 13:26:27,276] {processor.py:642} INFO - Processing file /Users/nikhilanand/airflow_venv/lib/python3.9/site-packages/airflow/example_dags/example_branch_labels.py for tasks to queue
[2024-05-16 13:26:27,276] {logging_mixin.py:109} INFO - [2024-05-16 13:26:27,276] {dagbag.py:500} INFO - Filling up the DagBag from /Users/nikhilanand/airflow_venv/lib/python3.9/site-packages/airflow/example_dags/example_branch_labels.py
[2024-05-16 13:26:27,292] {processor.py:654} INFO - DAG(s) dict_keys(['example_branch_labels']) retrieved from /Users/nikhilanand/airflow_venv/lib/python3.9/site-packages/airflow/example_dags/example_branch_labels.py
[2024-05-16 13:26:27,300] {logging_mixin.py:109} INFO - [2024-05-16 13:26:27,300] {dag.py:2396} INFO - Sync 1 DAGs
[2024-05-16 13:26:27,305] {logging_mixin.py:109} INFO - [2024-05-16 13:26:27,305] {dag.py:2935} INFO - Setting next_dagrun for example_branch_labels to 2024-05-15 00:00:00+00:00
[2024-05-16 13:26:27,308] {processor.py:171} INFO - Processing /Users/nikhilanand/airflow_venv/lib/python3.9/site-packages/airflow/example_dags/example_branch_labels.py took 0.033 seconds
[2024-05-16 13:27:36,775] {processor.py:163} INFO - Started process (PID=12256) to work on /Users/nikhilanand/airflow_venv/lib/python3.9/site-packages/airflow/example_dags/example_branch_labels.py
[2024-05-16 13:27:36,777] {processor.py:642} INFO - Processing file /Users/nikhilanand/airflow_venv/lib/python3.9/site-packages/airflow/example_dags/example_branch_labels.py for tasks to queue
[2024-05-16 13:27:36,777] {logging_mixin.py:109} INFO - [2024-05-16 13:27:36,777] {dagbag.py:500} INFO - Filling up the DagBag from /Users/nikhilanand/airflow_venv/lib/python3.9/site-packages/airflow/example_dags/example_branch_labels.py
[2024-05-16 13:27:36,792] {processor.py:654} INFO - DAG(s) dict_keys(['example_branch_labels']) retrieved from /Users/nikhilanand/airflow_venv/lib/python3.9/site-packages/airflow/example_dags/example_branch_labels.py
[2024-05-16 13:27:36,801] {logging_mixin.py:109} INFO - [2024-05-16 13:27:36,801] {dag.py:2396} INFO - Sync 1 DAGs
[2024-05-16 13:27:36,806] {logging_mixin.py:109} INFO - [2024-05-16 13:27:36,806] {dag.py:2935} INFO - Setting next_dagrun for example_branch_labels to 2024-05-15 00:00:00+00:00
[2024-05-16 13:27:36,809] {processor.py:171} INFO - Processing /Users/nikhilanand/airflow_venv/lib/python3.9/site-packages/airflow/example_dags/example_branch_labels.py took 0.034 seconds
[2024-05-16 13:29:08,398] {processor.py:163} INFO - Started process (PID=13359) to work on /Users/nikhilanand/airflow_venv/lib/python3.9/site-packages/airflow/example_dags/example_branch_labels.py
[2024-05-16 13:29:08,399] {processor.py:642} INFO - Processing file /Users/nikhilanand/airflow_venv/lib/python3.9/site-packages/airflow/example_dags/example_branch_labels.py for tasks to queue
[2024-05-16 13:29:08,399] {logging_mixin.py:109} INFO - [2024-05-16 13:29:08,399] {dagbag.py:500} INFO - Filling up the DagBag from /Users/nikhilanand/airflow_venv/lib/python3.9/site-packages/airflow/example_dags/example_branch_labels.py
[2024-05-16 13:29:08,414] {processor.py:654} INFO - DAG(s) dict_keys(['example_branch_labels']) retrieved from /Users/nikhilanand/airflow_venv/lib/python3.9/site-packages/airflow/example_dags/example_branch_labels.py
[2024-05-16 13:29:08,423] {logging_mixin.py:109} INFO - [2024-05-16 13:29:08,423] {dag.py:2396} INFO - Sync 1 DAGs
[2024-05-16 13:29:08,428] {logging_mixin.py:109} INFO - [2024-05-16 13:29:08,428] {dag.py:2935} INFO - Setting next_dagrun for example_branch_labels to 2024-05-15 00:00:00+00:00
[2024-05-16 13:29:08,431] {processor.py:171} INFO - Processing /Users/nikhilanand/airflow_venv/lib/python3.9/site-packages/airflow/example_dags/example_branch_labels.py took 0.033 seconds
[2024-05-16 13:30:16,839] {processor.py:163} INFO - Started process (PID=14178) to work on /Users/nikhilanand/airflow_venv/lib/python3.9/site-packages/airflow/example_dags/example_branch_labels.py
[2024-05-16 13:30:16,839] {processor.py:642} INFO - Processing file /Users/nikhilanand/airflow_venv/lib/python3.9/site-packages/airflow/example_dags/example_branch_labels.py for tasks to queue
[2024-05-16 13:30:16,839] {logging_mixin.py:109} INFO - [2024-05-16 13:30:16,839] {dagbag.py:500} INFO - Filling up the DagBag from /Users/nikhilanand/airflow_venv/lib/python3.9/site-packages/airflow/example_dags/example_branch_labels.py
[2024-05-16 13:30:16,855] {processor.py:654} INFO - DAG(s) dict_keys(['example_branch_labels']) retrieved from /Users/nikhilanand/airflow_venv/lib/python3.9/site-packages/airflow/example_dags/example_branch_labels.py
[2024-05-16 13:30:16,864] {logging_mixin.py:109} INFO - [2024-05-16 13:30:16,864] {dag.py:2396} INFO - Sync 1 DAGs
[2024-05-16 13:30:16,869] {logging_mixin.py:109} INFO - [2024-05-16 13:30:16,869] {dag.py:2935} INFO - Setting next_dagrun for example_branch_labels to 2024-05-15 00:00:00+00:00
[2024-05-16 13:30:16,872] {processor.py:171} INFO - Processing /Users/nikhilanand/airflow_venv/lib/python3.9/site-packages/airflow/example_dags/example_branch_labels.py took 0.034 seconds
[2024-05-16 13:31:28,340] {processor.py:163} INFO - Started process (PID=15032) to work on /Users/nikhilanand/airflow_venv/lib/python3.9/site-packages/airflow/example_dags/example_branch_labels.py
[2024-05-16 13:31:28,341] {processor.py:642} INFO - Processing file /Users/nikhilanand/airflow_venv/lib/python3.9/site-packages/airflow/example_dags/example_branch_labels.py for tasks to queue
[2024-05-16 13:31:28,341] {logging_mixin.py:109} INFO - [2024-05-16 13:31:28,341] {dagbag.py:500} INFO - Filling up the DagBag from /Users/nikhilanand/airflow_venv/lib/python3.9/site-packages/airflow/example_dags/example_branch_labels.py
[2024-05-16 13:31:28,357] {processor.py:654} INFO - DAG(s) dict_keys(['example_branch_labels']) retrieved from /Users/nikhilanand/airflow_venv/lib/python3.9/site-packages/airflow/example_dags/example_branch_labels.py
[2024-05-16 13:31:28,366] {logging_mixin.py:109} INFO - [2024-05-16 13:31:28,366] {dag.py:2396} INFO - Sync 1 DAGs
[2024-05-16 13:31:28,373] {logging_mixin.py:109} INFO - [2024-05-16 13:31:28,373] {dag.py:2935} INFO - Setting next_dagrun for example_branch_labels to 2024-05-15 00:00:00+00:00
[2024-05-16 13:31:28,378] {processor.py:171} INFO - Processing /Users/nikhilanand/airflow_venv/lib/python3.9/site-packages/airflow/example_dags/example_branch_labels.py took 0.038 seconds
[2024-05-16 13:32:37,128] {processor.py:163} INFO - Started process (PID=15867) to work on /Users/nikhilanand/airflow_venv/lib/python3.9/site-packages/airflow/example_dags/example_branch_labels.py
[2024-05-16 13:32:37,128] {processor.py:642} INFO - Processing file /Users/nikhilanand/airflow_venv/lib/python3.9/site-packages/airflow/example_dags/example_branch_labels.py for tasks to queue
[2024-05-16 13:32:37,128] {logging_mixin.py:109} INFO - [2024-05-16 13:32:37,128] {dagbag.py:500} INFO - Filling up the DagBag from /Users/nikhilanand/airflow_venv/lib/python3.9/site-packages/airflow/example_dags/example_branch_labels.py
[2024-05-16 13:32:37,145] {processor.py:654} INFO - DAG(s) dict_keys(['example_branch_labels']) retrieved from /Users/nikhilanand/airflow_venv/lib/python3.9/site-packages/airflow/example_dags/example_branch_labels.py
[2024-05-16 13:32:37,155] {logging_mixin.py:109} INFO - [2024-05-16 13:32:37,155] {dag.py:2396} INFO - Sync 1 DAGs
[2024-05-16 13:32:37,160] {logging_mixin.py:109} INFO - [2024-05-16 13:32:37,160] {dag.py:2935} INFO - Setting next_dagrun for example_branch_labels to 2024-05-15 00:00:00+00:00
[2024-05-16 13:32:37,164] {processor.py:171} INFO - Processing /Users/nikhilanand/airflow_venv/lib/python3.9/site-packages/airflow/example_dags/example_branch_labels.py took 0.037 seconds
[2024-05-16 13:33:45,716] {processor.py:163} INFO - Started process (PID=17195) to work on /Users/nikhilanand/airflow_venv/lib/python3.9/site-packages/airflow/example_dags/example_branch_labels.py
[2024-05-16 13:33:45,716] {processor.py:642} INFO - Processing file /Users/nikhilanand/airflow_venv/lib/python3.9/site-packages/airflow/example_dags/example_branch_labels.py for tasks to queue
[2024-05-16 13:33:45,717] {logging_mixin.py:109} INFO - [2024-05-16 13:33:45,717] {dagbag.py:500} INFO - Filling up the DagBag from /Users/nikhilanand/airflow_venv/lib/python3.9/site-packages/airflow/example_dags/example_branch_labels.py
[2024-05-16 13:33:45,732] {processor.py:654} INFO - DAG(s) dict_keys(['example_branch_labels']) retrieved from /Users/nikhilanand/airflow_venv/lib/python3.9/site-packages/airflow/example_dags/example_branch_labels.py
[2024-05-16 13:33:45,740] {logging_mixin.py:109} INFO - [2024-05-16 13:33:45,740] {dag.py:2396} INFO - Sync 1 DAGs
[2024-05-16 13:33:45,745] {logging_mixin.py:109} INFO - [2024-05-16 13:33:45,745] {dag.py:2935} INFO - Setting next_dagrun for example_branch_labels to 2024-05-15 00:00:00+00:00
[2024-05-16 13:33:45,749] {processor.py:171} INFO - Processing /Users/nikhilanand/airflow_venv/lib/python3.9/site-packages/airflow/example_dags/example_branch_labels.py took 0.033 seconds
[2024-05-16 13:34:54,958] {processor.py:163} INFO - Started process (PID=18398) to work on /Users/nikhilanand/airflow_venv/lib/python3.9/site-packages/airflow/example_dags/example_branch_labels.py
[2024-05-16 13:34:54,958] {processor.py:642} INFO - Processing file /Users/nikhilanand/airflow_venv/lib/python3.9/site-packages/airflow/example_dags/example_branch_labels.py for tasks to queue
[2024-05-16 13:34:54,958] {logging_mixin.py:109} INFO - [2024-05-16 13:34:54,958] {dagbag.py:500} INFO - Filling up the DagBag from /Users/nikhilanand/airflow_venv/lib/python3.9/site-packages/airflow/example_dags/example_branch_labels.py
[2024-05-16 13:34:54,976] {processor.py:654} INFO - DAG(s) dict_keys(['example_branch_labels']) retrieved from /Users/nikhilanand/airflow_venv/lib/python3.9/site-packages/airflow/example_dags/example_branch_labels.py
[2024-05-16 13:34:54,986] {logging_mixin.py:109} INFO - [2024-05-16 13:34:54,986] {dag.py:2396} INFO - Sync 1 DAGs
[2024-05-16 13:34:54,991] {logging_mixin.py:109} INFO - [2024-05-16 13:34:54,991] {dag.py:2935} INFO - Setting next_dagrun for example_branch_labels to 2024-05-15 00:00:00+00:00
[2024-05-16 13:34:54,995] {processor.py:171} INFO - Processing /Users/nikhilanand/airflow_venv/lib/python3.9/site-packages/airflow/example_dags/example_branch_labels.py took 0.038 seconds
