[2024-05-16 12:54:45,158] {processor.py:163} INFO - Started process (PID=87781) to work on /Users/nikhilanand/airflow_venv/lib/python3.9/site-packages/airflow/example_dags/example_bash_operator.py
[2024-05-16 12:54:45,158] {processor.py:642} INFO - Processing file /Users/nikhilanand/airflow_venv/lib/python3.9/site-packages/airflow/example_dags/example_bash_operator.py for tasks to queue
[2024-05-16 12:54:45,158] {logging_mixin.py:109} INFO - [2024-05-16 12:54:45,158] {dagbag.py:500} INFO - Filling up the DagBag from /Users/nikhilanand/airflow_venv/lib/python3.9/site-packages/airflow/example_dags/example_bash_operator.py
[2024-05-16 12:54:45,176] {processor.py:654} INFO - DAG(s) dict_keys(['example_bash_operator']) retrieved from /Users/nikhilanand/airflow_venv/lib/python3.9/site-packages/airflow/example_dags/example_bash_operator.py
[2024-05-16 12:54:45,184] {logging_mixin.py:109} INFO - [2024-05-16 12:54:45,184] {dag.py:2396} INFO - Sync 1 DAGs
[2024-05-16 12:54:45,189] {logging_mixin.py:109} INFO - [2024-05-16 12:54:45,189] {dag.py:2935} INFO - Setting next_dagrun for example_bash_operator to 2024-05-15 00:00:00+00:00
[2024-05-16 12:54:45,193] {processor.py:171} INFO - Processing /Users/nikhilanand/airflow_venv/lib/python3.9/site-packages/airflow/example_dags/example_bash_operator.py took 0.035 seconds
[2024-05-16 12:55:56,401] {processor.py:163} INFO - Started process (PID=88611) to work on /Users/nikhilanand/airflow_venv/lib/python3.9/site-packages/airflow/example_dags/example_bash_operator.py
[2024-05-16 12:55:56,402] {processor.py:642} INFO - Processing file /Users/nikhilanand/airflow_venv/lib/python3.9/site-packages/airflow/example_dags/example_bash_operator.py for tasks to queue
[2024-05-16 12:55:56,402] {logging_mixin.py:109} INFO - [2024-05-16 12:55:56,402] {dagbag.py:500} INFO - Filling up the DagBag from /Users/nikhilanand/airflow_venv/lib/python3.9/site-packages/airflow/example_dags/example_bash_operator.py
[2024-05-16 12:55:56,419] {processor.py:654} INFO - DAG(s) dict_keys(['example_bash_operator']) retrieved from /Users/nikhilanand/airflow_venv/lib/python3.9/site-packages/airflow/example_dags/example_bash_operator.py
[2024-05-16 12:55:56,428] {logging_mixin.py:109} INFO - [2024-05-16 12:55:56,428] {dag.py:2396} INFO - Sync 1 DAGs
[2024-05-16 12:55:56,433] {logging_mixin.py:109} INFO - [2024-05-16 12:55:56,433] {dag.py:2935} INFO - Setting next_dagrun for example_bash_operator to 2024-05-15 00:00:00+00:00
[2024-05-16 12:55:56,436] {processor.py:171} INFO - Processing /Users/nikhilanand/airflow_venv/lib/python3.9/site-packages/airflow/example_dags/example_bash_operator.py took 0.035 seconds
[2024-05-16 12:57:02,730] {processor.py:163} INFO - Started process (PID=89431) to work on /Users/nikhilanand/airflow_venv/lib/python3.9/site-packages/airflow/example_dags/example_bash_operator.py
[2024-05-16 12:57:02,731] {processor.py:642} INFO - Processing file /Users/nikhilanand/airflow_venv/lib/python3.9/site-packages/airflow/example_dags/example_bash_operator.py for tasks to queue
[2024-05-16 12:57:02,731] {logging_mixin.py:109} INFO - [2024-05-16 12:57:02,731] {dagbag.py:500} INFO - Filling up the DagBag from /Users/nikhilanand/airflow_venv/lib/python3.9/site-packages/airflow/example_dags/example_bash_operator.py
[2024-05-16 12:57:02,748] {processor.py:654} INFO - DAG(s) dict_keys(['example_bash_operator']) retrieved from /Users/nikhilanand/airflow_venv/lib/python3.9/site-packages/airflow/example_dags/example_bash_operator.py
[2024-05-16 12:57:02,758] {logging_mixin.py:109} INFO - [2024-05-16 12:57:02,757] {dag.py:2396} INFO - Sync 1 DAGs
[2024-05-16 12:57:02,763] {logging_mixin.py:109} INFO - [2024-05-16 12:57:02,762] {dag.py:2935} INFO - Setting next_dagrun for example_bash_operator to 2024-05-15 00:00:00+00:00
[2024-05-16 12:57:02,766] {processor.py:171} INFO - Processing /Users/nikhilanand/airflow_venv/lib/python3.9/site-packages/airflow/example_dags/example_bash_operator.py took 0.036 seconds
[2024-05-16 12:58:12,636] {processor.py:163} INFO - Started process (PID=90197) to work on /Users/nikhilanand/airflow_venv/lib/python3.9/site-packages/airflow/example_dags/example_bash_operator.py
[2024-05-16 12:58:12,636] {processor.py:642} INFO - Processing file /Users/nikhilanand/airflow_venv/lib/python3.9/site-packages/airflow/example_dags/example_bash_operator.py for tasks to queue
[2024-05-16 12:58:12,636] {logging_mixin.py:109} INFO - [2024-05-16 12:58:12,636] {dagbag.py:500} INFO - Filling up the DagBag from /Users/nikhilanand/airflow_venv/lib/python3.9/site-packages/airflow/example_dags/example_bash_operator.py
[2024-05-16 12:58:12,653] {processor.py:654} INFO - DAG(s) dict_keys(['example_bash_operator']) retrieved from /Users/nikhilanand/airflow_venv/lib/python3.9/site-packages/airflow/example_dags/example_bash_operator.py
[2024-05-16 12:58:12,662] {logging_mixin.py:109} INFO - [2024-05-16 12:58:12,662] {dag.py:2396} INFO - Sync 1 DAGs
[2024-05-16 12:58:12,667] {logging_mixin.py:109} INFO - [2024-05-16 12:58:12,667] {dag.py:2935} INFO - Setting next_dagrun for example_bash_operator to 2024-05-15 00:00:00+00:00
[2024-05-16 12:58:12,671] {processor.py:171} INFO - Processing /Users/nikhilanand/airflow_venv/lib/python3.9/site-packages/airflow/example_dags/example_bash_operator.py took 0.035 seconds
[2024-05-16 12:59:22,161] {processor.py:163} INFO - Started process (PID=91007) to work on /Users/nikhilanand/airflow_venv/lib/python3.9/site-packages/airflow/example_dags/example_bash_operator.py
[2024-05-16 12:59:22,162] {processor.py:642} INFO - Processing file /Users/nikhilanand/airflow_venv/lib/python3.9/site-packages/airflow/example_dags/example_bash_operator.py for tasks to queue
[2024-05-16 12:59:22,162] {logging_mixin.py:109} INFO - [2024-05-16 12:59:22,162] {dagbag.py:500} INFO - Filling up the DagBag from /Users/nikhilanand/airflow_venv/lib/python3.9/site-packages/airflow/example_dags/example_bash_operator.py
[2024-05-16 12:59:22,180] {processor.py:654} INFO - DAG(s) dict_keys(['example_bash_operator']) retrieved from /Users/nikhilanand/airflow_venv/lib/python3.9/site-packages/airflow/example_dags/example_bash_operator.py
[2024-05-16 12:59:22,189] {logging_mixin.py:109} INFO - [2024-05-16 12:59:22,189] {dag.py:2396} INFO - Sync 1 DAGs
[2024-05-16 12:59:22,194] {logging_mixin.py:109} INFO - [2024-05-16 12:59:22,194] {dag.py:2935} INFO - Setting next_dagrun for example_bash_operator to 2024-05-15 00:00:00+00:00
[2024-05-16 12:59:22,198] {processor.py:171} INFO - Processing /Users/nikhilanand/airflow_venv/lib/python3.9/site-packages/airflow/example_dags/example_bash_operator.py took 0.037 seconds
[2024-05-16 13:00:37,503] {processor.py:163} INFO - Started process (PID=91896) to work on /Users/nikhilanand/airflow_venv/lib/python3.9/site-packages/airflow/example_dags/example_bash_operator.py
[2024-05-16 13:00:37,504] {processor.py:642} INFO - Processing file /Users/nikhilanand/airflow_venv/lib/python3.9/site-packages/airflow/example_dags/example_bash_operator.py for tasks to queue
[2024-05-16 13:00:37,504] {logging_mixin.py:109} INFO - [2024-05-16 13:00:37,504] {dagbag.py:500} INFO - Filling up the DagBag from /Users/nikhilanand/airflow_venv/lib/python3.9/site-packages/airflow/example_dags/example_bash_operator.py
[2024-05-16 13:00:37,521] {processor.py:654} INFO - DAG(s) dict_keys(['example_bash_operator']) retrieved from /Users/nikhilanand/airflow_venv/lib/python3.9/site-packages/airflow/example_dags/example_bash_operator.py
[2024-05-16 13:00:37,530] {logging_mixin.py:109} INFO - [2024-05-16 13:00:37,530] {dag.py:2396} INFO - Sync 1 DAGs
[2024-05-16 13:00:37,535] {logging_mixin.py:109} INFO - [2024-05-16 13:00:37,534] {dag.py:2935} INFO - Setting next_dagrun for example_bash_operator to 2024-05-15 00:00:00+00:00
[2024-05-16 13:00:37,538] {processor.py:171} INFO - Processing /Users/nikhilanand/airflow_venv/lib/python3.9/site-packages/airflow/example_dags/example_bash_operator.py took 0.036 seconds
[2024-05-16 13:01:47,437] {processor.py:163} INFO - Started process (PID=92706) to work on /Users/nikhilanand/airflow_venv/lib/python3.9/site-packages/airflow/example_dags/example_bash_operator.py
[2024-05-16 13:01:47,439] {processor.py:642} INFO - Processing file /Users/nikhilanand/airflow_venv/lib/python3.9/site-packages/airflow/example_dags/example_bash_operator.py for tasks to queue
[2024-05-16 13:01:47,439] {logging_mixin.py:109} INFO - [2024-05-16 13:01:47,439] {dagbag.py:500} INFO - Filling up the DagBag from /Users/nikhilanand/airflow_venv/lib/python3.9/site-packages/airflow/example_dags/example_bash_operator.py
[2024-05-16 13:01:47,456] {processor.py:654} INFO - DAG(s) dict_keys(['example_bash_operator']) retrieved from /Users/nikhilanand/airflow_venv/lib/python3.9/site-packages/airflow/example_dags/example_bash_operator.py
[2024-05-16 13:01:47,465] {logging_mixin.py:109} INFO - [2024-05-16 13:01:47,465] {dag.py:2396} INFO - Sync 1 DAGs
[2024-05-16 13:01:47,469] {logging_mixin.py:109} INFO - [2024-05-16 13:01:47,469] {dag.py:2935} INFO - Setting next_dagrun for example_bash_operator to 2024-05-15 00:00:00+00:00
[2024-05-16 13:01:47,473] {processor.py:171} INFO - Processing /Users/nikhilanand/airflow_venv/lib/python3.9/site-packages/airflow/example_dags/example_bash_operator.py took 0.036 seconds
[2024-05-16 13:02:57,348] {processor.py:163} INFO - Started process (PID=93526) to work on /Users/nikhilanand/airflow_venv/lib/python3.9/site-packages/airflow/example_dags/example_bash_operator.py
[2024-05-16 13:02:57,349] {processor.py:642} INFO - Processing file /Users/nikhilanand/airflow_venv/lib/python3.9/site-packages/airflow/example_dags/example_bash_operator.py for tasks to queue
[2024-05-16 13:02:57,349] {logging_mixin.py:109} INFO - [2024-05-16 13:02:57,349] {dagbag.py:500} INFO - Filling up the DagBag from /Users/nikhilanand/airflow_venv/lib/python3.9/site-packages/airflow/example_dags/example_bash_operator.py
[2024-05-16 13:02:57,366] {processor.py:654} INFO - DAG(s) dict_keys(['example_bash_operator']) retrieved from /Users/nikhilanand/airflow_venv/lib/python3.9/site-packages/airflow/example_dags/example_bash_operator.py
[2024-05-16 13:02:57,375] {logging_mixin.py:109} INFO - [2024-05-16 13:02:57,375] {dag.py:2396} INFO - Sync 1 DAGs
[2024-05-16 13:02:57,380] {logging_mixin.py:109} INFO - [2024-05-16 13:02:57,380] {dag.py:2935} INFO - Setting next_dagrun for example_bash_operator to 2024-05-15 00:00:00+00:00
[2024-05-16 13:02:57,384] {processor.py:171} INFO - Processing /Users/nikhilanand/airflow_venv/lib/python3.9/site-packages/airflow/example_dags/example_bash_operator.py took 0.036 seconds
[2024-05-16 13:04:07,206] {processor.py:163} INFO - Started process (PID=94649) to work on /Users/nikhilanand/airflow_venv/lib/python3.9/site-packages/airflow/example_dags/example_bash_operator.py
[2024-05-16 13:04:07,207] {processor.py:642} INFO - Processing file /Users/nikhilanand/airflow_venv/lib/python3.9/site-packages/airflow/example_dags/example_bash_operator.py for tasks to queue
[2024-05-16 13:04:07,208] {logging_mixin.py:109} INFO - [2024-05-16 13:04:07,208] {dagbag.py:500} INFO - Filling up the DagBag from /Users/nikhilanand/airflow_venv/lib/python3.9/site-packages/airflow/example_dags/example_bash_operator.py
[2024-05-16 13:04:07,226] {processor.py:654} INFO - DAG(s) dict_keys(['example_bash_operator']) retrieved from /Users/nikhilanand/airflow_venv/lib/python3.9/site-packages/airflow/example_dags/example_bash_operator.py
[2024-05-16 13:04:07,236] {logging_mixin.py:109} INFO - [2024-05-16 13:04:07,236] {dag.py:2396} INFO - Sync 1 DAGs
[2024-05-16 13:04:07,240] {logging_mixin.py:109} INFO - [2024-05-16 13:04:07,240] {dag.py:2935} INFO - Setting next_dagrun for example_bash_operator to 2024-05-15 00:00:00+00:00
[2024-05-16 13:04:07,244] {processor.py:171} INFO - Processing /Users/nikhilanand/airflow_venv/lib/python3.9/site-packages/airflow/example_dags/example_bash_operator.py took 0.038 seconds
[2024-05-16 13:05:26,078] {processor.py:163} INFO - Started process (PID=95591) to work on /Users/nikhilanand/airflow_venv/lib/python3.9/site-packages/airflow/example_dags/example_bash_operator.py
[2024-05-16 13:05:26,079] {processor.py:642} INFO - Processing file /Users/nikhilanand/airflow_venv/lib/python3.9/site-packages/airflow/example_dags/example_bash_operator.py for tasks to queue
[2024-05-16 13:05:26,079] {logging_mixin.py:109} INFO - [2024-05-16 13:05:26,079] {dagbag.py:500} INFO - Filling up the DagBag from /Users/nikhilanand/airflow_venv/lib/python3.9/site-packages/airflow/example_dags/example_bash_operator.py
[2024-05-16 13:05:26,096] {processor.py:654} INFO - DAG(s) dict_keys(['example_bash_operator']) retrieved from /Users/nikhilanand/airflow_venv/lib/python3.9/site-packages/airflow/example_dags/example_bash_operator.py
[2024-05-16 13:05:26,106] {logging_mixin.py:109} INFO - [2024-05-16 13:05:26,106] {dag.py:2396} INFO - Sync 1 DAGs
[2024-05-16 13:05:26,111] {logging_mixin.py:109} INFO - [2024-05-16 13:05:26,111] {dag.py:2935} INFO - Setting next_dagrun for example_bash_operator to 2024-05-15 00:00:00+00:00
[2024-05-16 13:05:26,114] {processor.py:171} INFO - Processing /Users/nikhilanand/airflow_venv/lib/python3.9/site-packages/airflow/example_dags/example_bash_operator.py took 0.037 seconds
[2024-05-16 13:06:38,762] {processor.py:163} INFO - Started process (PID=96456) to work on /Users/nikhilanand/airflow_venv/lib/python3.9/site-packages/airflow/example_dags/example_bash_operator.py
[2024-05-16 13:06:38,764] {processor.py:642} INFO - Processing file /Users/nikhilanand/airflow_venv/lib/python3.9/site-packages/airflow/example_dags/example_bash_operator.py for tasks to queue
[2024-05-16 13:06:38,764] {logging_mixin.py:109} INFO - [2024-05-16 13:06:38,764] {dagbag.py:500} INFO - Filling up the DagBag from /Users/nikhilanand/airflow_venv/lib/python3.9/site-packages/airflow/example_dags/example_bash_operator.py
[2024-05-16 13:06:38,781] {processor.py:654} INFO - DAG(s) dict_keys(['example_bash_operator']) retrieved from /Users/nikhilanand/airflow_venv/lib/python3.9/site-packages/airflow/example_dags/example_bash_operator.py
[2024-05-16 13:06:38,791] {logging_mixin.py:109} INFO - [2024-05-16 13:06:38,791] {dag.py:2396} INFO - Sync 1 DAGs
[2024-05-16 13:06:38,796] {logging_mixin.py:109} INFO - [2024-05-16 13:06:38,796] {dag.py:2935} INFO - Setting next_dagrun for example_bash_operator to 2024-05-15 00:00:00+00:00
[2024-05-16 13:06:38,800] {processor.py:171} INFO - Processing /Users/nikhilanand/airflow_venv/lib/python3.9/site-packages/airflow/example_dags/example_bash_operator.py took 0.038 seconds
[2024-05-16 13:07:52,039] {processor.py:163} INFO - Started process (PID=97304) to work on /Users/nikhilanand/airflow_venv/lib/python3.9/site-packages/airflow/example_dags/example_bash_operator.py
[2024-05-16 13:07:52,040] {processor.py:642} INFO - Processing file /Users/nikhilanand/airflow_venv/lib/python3.9/site-packages/airflow/example_dags/example_bash_operator.py for tasks to queue
[2024-05-16 13:07:52,040] {logging_mixin.py:109} INFO - [2024-05-16 13:07:52,040] {dagbag.py:500} INFO - Filling up the DagBag from /Users/nikhilanand/airflow_venv/lib/python3.9/site-packages/airflow/example_dags/example_bash_operator.py
[2024-05-16 13:07:52,057] {processor.py:654} INFO - DAG(s) dict_keys(['example_bash_operator']) retrieved from /Users/nikhilanand/airflow_venv/lib/python3.9/site-packages/airflow/example_dags/example_bash_operator.py
[2024-05-16 13:07:52,065] {logging_mixin.py:109} INFO - [2024-05-16 13:07:52,065] {dag.py:2396} INFO - Sync 1 DAGs
[2024-05-16 13:07:52,070] {logging_mixin.py:109} INFO - [2024-05-16 13:07:52,070] {dag.py:2935} INFO - Setting next_dagrun for example_bash_operator to 2024-05-15 00:00:00+00:00
[2024-05-16 13:07:52,074] {processor.py:171} INFO - Processing /Users/nikhilanand/airflow_venv/lib/python3.9/site-packages/airflow/example_dags/example_bash_operator.py took 0.036 seconds
[2024-05-16 13:09:04,718] {processor.py:163} INFO - Started process (PID=98086) to work on /Users/nikhilanand/airflow_venv/lib/python3.9/site-packages/airflow/example_dags/example_bash_operator.py
[2024-05-16 13:09:04,719] {processor.py:642} INFO - Processing file /Users/nikhilanand/airflow_venv/lib/python3.9/site-packages/airflow/example_dags/example_bash_operator.py for tasks to queue
[2024-05-16 13:09:04,719] {logging_mixin.py:109} INFO - [2024-05-16 13:09:04,719] {dagbag.py:500} INFO - Filling up the DagBag from /Users/nikhilanand/airflow_venv/lib/python3.9/site-packages/airflow/example_dags/example_bash_operator.py
[2024-05-16 13:09:04,735] {processor.py:654} INFO - DAG(s) dict_keys(['example_bash_operator']) retrieved from /Users/nikhilanand/airflow_venv/lib/python3.9/site-packages/airflow/example_dags/example_bash_operator.py
[2024-05-16 13:09:04,744] {logging_mixin.py:109} INFO - [2024-05-16 13:09:04,744] {dag.py:2396} INFO - Sync 1 DAGs
[2024-05-16 13:09:04,749] {logging_mixin.py:109} INFO - [2024-05-16 13:09:04,749] {dag.py:2935} INFO - Setting next_dagrun for example_bash_operator to 2024-05-15 00:00:00+00:00
[2024-05-16 13:09:04,752] {processor.py:171} INFO - Processing /Users/nikhilanand/airflow_venv/lib/python3.9/site-packages/airflow/example_dags/example_bash_operator.py took 0.035 seconds
[2024-05-16 13:10:15,858] {processor.py:163} INFO - Started process (PID=98894) to work on /Users/nikhilanand/airflow_venv/lib/python3.9/site-packages/airflow/example_dags/example_bash_operator.py
[2024-05-16 13:10:15,858] {processor.py:642} INFO - Processing file /Users/nikhilanand/airflow_venv/lib/python3.9/site-packages/airflow/example_dags/example_bash_operator.py for tasks to queue
[2024-05-16 13:10:15,858] {logging_mixin.py:109} INFO - [2024-05-16 13:10:15,858] {dagbag.py:500} INFO - Filling up the DagBag from /Users/nikhilanand/airflow_venv/lib/python3.9/site-packages/airflow/example_dags/example_bash_operator.py
[2024-05-16 13:10:15,875] {processor.py:654} INFO - DAG(s) dict_keys(['example_bash_operator']) retrieved from /Users/nikhilanand/airflow_venv/lib/python3.9/site-packages/airflow/example_dags/example_bash_operator.py
[2024-05-16 13:10:15,884] {logging_mixin.py:109} INFO - [2024-05-16 13:10:15,884] {dag.py:2396} INFO - Sync 1 DAGs
[2024-05-16 13:10:15,889] {logging_mixin.py:109} INFO - [2024-05-16 13:10:15,889] {dag.py:2935} INFO - Setting next_dagrun for example_bash_operator to 2024-05-15 00:00:00+00:00
[2024-05-16 13:10:15,892] {processor.py:171} INFO - Processing /Users/nikhilanand/airflow_venv/lib/python3.9/site-packages/airflow/example_dags/example_bash_operator.py took 0.035 seconds
[2024-05-16 13:11:24,993] {processor.py:163} INFO - Started process (PID=99650) to work on /Users/nikhilanand/airflow_venv/lib/python3.9/site-packages/airflow/example_dags/example_bash_operator.py
[2024-05-16 13:11:24,994] {processor.py:642} INFO - Processing file /Users/nikhilanand/airflow_venv/lib/python3.9/site-packages/airflow/example_dags/example_bash_operator.py for tasks to queue
[2024-05-16 13:11:24,994] {logging_mixin.py:109} INFO - [2024-05-16 13:11:24,994] {dagbag.py:500} INFO - Filling up the DagBag from /Users/nikhilanand/airflow_venv/lib/python3.9/site-packages/airflow/example_dags/example_bash_operator.py
[2024-05-16 13:11:25,011] {processor.py:654} INFO - DAG(s) dict_keys(['example_bash_operator']) retrieved from /Users/nikhilanand/airflow_venv/lib/python3.9/site-packages/airflow/example_dags/example_bash_operator.py
[2024-05-16 13:11:25,020] {logging_mixin.py:109} INFO - [2024-05-16 13:11:25,020] {dag.py:2396} INFO - Sync 1 DAGs
[2024-05-16 13:11:25,026] {logging_mixin.py:109} INFO - [2024-05-16 13:11:25,026] {dag.py:2935} INFO - Setting next_dagrun for example_bash_operator to 2024-05-15 00:00:00+00:00
[2024-05-16 13:11:25,030] {processor.py:171} INFO - Processing /Users/nikhilanand/airflow_venv/lib/python3.9/site-packages/airflow/example_dags/example_bash_operator.py took 0.037 seconds
[2024-05-16 13:12:34,423] {processor.py:163} INFO - Started process (PID=708) to work on /Users/nikhilanand/airflow_venv/lib/python3.9/site-packages/airflow/example_dags/example_bash_operator.py
[2024-05-16 13:12:34,424] {processor.py:642} INFO - Processing file /Users/nikhilanand/airflow_venv/lib/python3.9/site-packages/airflow/example_dags/example_bash_operator.py for tasks to queue
[2024-05-16 13:12:34,424] {logging_mixin.py:109} INFO - [2024-05-16 13:12:34,424] {dagbag.py:500} INFO - Filling up the DagBag from /Users/nikhilanand/airflow_venv/lib/python3.9/site-packages/airflow/example_dags/example_bash_operator.py
[2024-05-16 13:12:34,443] {processor.py:654} INFO - DAG(s) dict_keys(['example_bash_operator']) retrieved from /Users/nikhilanand/airflow_venv/lib/python3.9/site-packages/airflow/example_dags/example_bash_operator.py
[2024-05-16 13:12:34,454] {logging_mixin.py:109} INFO - [2024-05-16 13:12:34,453] {dag.py:2396} INFO - Sync 1 DAGs
[2024-05-16 13:12:34,459] {logging_mixin.py:109} INFO - [2024-05-16 13:12:34,459] {dag.py:2935} INFO - Setting next_dagrun for example_bash_operator to 2024-05-15 00:00:00+00:00
[2024-05-16 13:12:34,463] {processor.py:171} INFO - Processing /Users/nikhilanand/airflow_venv/lib/python3.9/site-packages/airflow/example_dags/example_bash_operator.py took 0.040 seconds
[2024-05-16 13:13:54,971] {processor.py:163} INFO - Started process (PID=1743) to work on /Users/nikhilanand/airflow_venv/lib/python3.9/site-packages/airflow/example_dags/example_bash_operator.py
[2024-05-16 13:13:54,972] {processor.py:642} INFO - Processing file /Users/nikhilanand/airflow_venv/lib/python3.9/site-packages/airflow/example_dags/example_bash_operator.py for tasks to queue
[2024-05-16 13:13:54,972] {logging_mixin.py:109} INFO - [2024-05-16 13:13:54,972] {dagbag.py:500} INFO - Filling up the DagBag from /Users/nikhilanand/airflow_venv/lib/python3.9/site-packages/airflow/example_dags/example_bash_operator.py
[2024-05-16 13:13:54,989] {processor.py:654} INFO - DAG(s) dict_keys(['example_bash_operator']) retrieved from /Users/nikhilanand/airflow_venv/lib/python3.9/site-packages/airflow/example_dags/example_bash_operator.py
[2024-05-16 13:13:54,999] {logging_mixin.py:109} INFO - [2024-05-16 13:13:54,999] {dag.py:2396} INFO - Sync 1 DAGs
[2024-05-16 13:13:55,004] {logging_mixin.py:109} INFO - [2024-05-16 13:13:55,004] {dag.py:2935} INFO - Setting next_dagrun for example_bash_operator to 2024-05-15 00:00:00+00:00
[2024-05-16 13:13:55,008] {processor.py:171} INFO - Processing /Users/nikhilanand/airflow_venv/lib/python3.9/site-packages/airflow/example_dags/example_bash_operator.py took 0.038 seconds
[2024-05-16 13:15:03,917] {processor.py:163} INFO - Started process (PID=2976) to work on /Users/nikhilanand/airflow_venv/lib/python3.9/site-packages/airflow/example_dags/example_bash_operator.py
[2024-05-16 13:15:03,918] {processor.py:642} INFO - Processing file /Users/nikhilanand/airflow_venv/lib/python3.9/site-packages/airflow/example_dags/example_bash_operator.py for tasks to queue
[2024-05-16 13:15:03,918] {logging_mixin.py:109} INFO - [2024-05-16 13:15:03,918] {dagbag.py:500} INFO - Filling up the DagBag from /Users/nikhilanand/airflow_venv/lib/python3.9/site-packages/airflow/example_dags/example_bash_operator.py
[2024-05-16 13:15:03,937] {processor.py:654} INFO - DAG(s) dict_keys(['example_bash_operator']) retrieved from /Users/nikhilanand/airflow_venv/lib/python3.9/site-packages/airflow/example_dags/example_bash_operator.py
[2024-05-16 13:15:03,947] {logging_mixin.py:109} INFO - [2024-05-16 13:15:03,947] {dag.py:2396} INFO - Sync 1 DAGs
[2024-05-16 13:15:03,952] {logging_mixin.py:109} INFO - [2024-05-16 13:15:03,952] {dag.py:2935} INFO - Setting next_dagrun for example_bash_operator to 2024-05-15 00:00:00+00:00
[2024-05-16 13:15:03,956] {processor.py:171} INFO - Processing /Users/nikhilanand/airflow_venv/lib/python3.9/site-packages/airflow/example_dags/example_bash_operator.py took 0.039 seconds
[2024-05-16 13:16:12,758] {processor.py:163} INFO - Started process (PID=3834) to work on /Users/nikhilanand/airflow_venv/lib/python3.9/site-packages/airflow/example_dags/example_bash_operator.py
[2024-05-16 13:16:12,758] {processor.py:642} INFO - Processing file /Users/nikhilanand/airflow_venv/lib/python3.9/site-packages/airflow/example_dags/example_bash_operator.py for tasks to queue
[2024-05-16 13:16:12,759] {logging_mixin.py:109} INFO - [2024-05-16 13:16:12,759] {dagbag.py:500} INFO - Filling up the DagBag from /Users/nikhilanand/airflow_venv/lib/python3.9/site-packages/airflow/example_dags/example_bash_operator.py
[2024-05-16 13:16:12,790] {processor.py:654} INFO - DAG(s) dict_keys(['example_bash_operator']) retrieved from /Users/nikhilanand/airflow_venv/lib/python3.9/site-packages/airflow/example_dags/example_bash_operator.py
[2024-05-16 13:16:12,807] {logging_mixin.py:109} INFO - [2024-05-16 13:16:12,807] {dag.py:2396} INFO - Sync 1 DAGs
[2024-05-16 13:16:12,813] {logging_mixin.py:109} INFO - [2024-05-16 13:16:12,813] {dag.py:2935} INFO - Setting next_dagrun for example_bash_operator to 2024-05-15 00:00:00+00:00
[2024-05-16 13:16:12,818] {processor.py:171} INFO - Processing /Users/nikhilanand/airflow_venv/lib/python3.9/site-packages/airflow/example_dags/example_bash_operator.py took 0.060 seconds
[2024-05-16 13:17:25,779] {processor.py:163} INFO - Started process (PID=4666) to work on /Users/nikhilanand/airflow_venv/lib/python3.9/site-packages/airflow/example_dags/example_bash_operator.py
[2024-05-16 13:17:25,780] {processor.py:642} INFO - Processing file /Users/nikhilanand/airflow_venv/lib/python3.9/site-packages/airflow/example_dags/example_bash_operator.py for tasks to queue
[2024-05-16 13:17:25,781] {logging_mixin.py:109} INFO - [2024-05-16 13:17:25,780] {dagbag.py:500} INFO - Filling up the DagBag from /Users/nikhilanand/airflow_venv/lib/python3.9/site-packages/airflow/example_dags/example_bash_operator.py
[2024-05-16 13:17:25,798] {processor.py:654} INFO - DAG(s) dict_keys(['example_bash_operator']) retrieved from /Users/nikhilanand/airflow_venv/lib/python3.9/site-packages/airflow/example_dags/example_bash_operator.py
[2024-05-16 13:17:25,808] {logging_mixin.py:109} INFO - [2024-05-16 13:17:25,808] {dag.py:2396} INFO - Sync 1 DAGs
[2024-05-16 13:17:25,813] {logging_mixin.py:109} INFO - [2024-05-16 13:17:25,813] {dag.py:2935} INFO - Setting next_dagrun for example_bash_operator to 2024-05-15 00:00:00+00:00
[2024-05-16 13:17:25,816] {processor.py:171} INFO - Processing /Users/nikhilanand/airflow_venv/lib/python3.9/site-packages/airflow/example_dags/example_bash_operator.py took 0.037 seconds
[2024-05-16 13:18:36,656] {processor.py:163} INFO - Started process (PID=5510) to work on /Users/nikhilanand/airflow_venv/lib/python3.9/site-packages/airflow/example_dags/example_bash_operator.py
[2024-05-16 13:18:36,657] {processor.py:642} INFO - Processing file /Users/nikhilanand/airflow_venv/lib/python3.9/site-packages/airflow/example_dags/example_bash_operator.py for tasks to queue
[2024-05-16 13:18:36,657] {logging_mixin.py:109} INFO - [2024-05-16 13:18:36,657] {dagbag.py:500} INFO - Filling up the DagBag from /Users/nikhilanand/airflow_venv/lib/python3.9/site-packages/airflow/example_dags/example_bash_operator.py
[2024-05-16 13:18:36,674] {processor.py:654} INFO - DAG(s) dict_keys(['example_bash_operator']) retrieved from /Users/nikhilanand/airflow_venv/lib/python3.9/site-packages/airflow/example_dags/example_bash_operator.py
[2024-05-16 13:18:36,682] {logging_mixin.py:109} INFO - [2024-05-16 13:18:36,682] {dag.py:2396} INFO - Sync 1 DAGs
[2024-05-16 13:18:36,687] {logging_mixin.py:109} INFO - [2024-05-16 13:18:36,687] {dag.py:2935} INFO - Setting next_dagrun for example_bash_operator to 2024-05-15 00:00:00+00:00
[2024-05-16 13:18:36,691] {processor.py:171} INFO - Processing /Users/nikhilanand/airflow_venv/lib/python3.9/site-packages/airflow/example_dags/example_bash_operator.py took 0.035 seconds
[2024-05-16 13:19:44,624] {processor.py:163} INFO - Started process (PID=6320) to work on /Users/nikhilanand/airflow_venv/lib/python3.9/site-packages/airflow/example_dags/example_bash_operator.py
[2024-05-16 13:19:44,624] {processor.py:642} INFO - Processing file /Users/nikhilanand/airflow_venv/lib/python3.9/site-packages/airflow/example_dags/example_bash_operator.py for tasks to queue
[2024-05-16 13:19:44,624] {logging_mixin.py:109} INFO - [2024-05-16 13:19:44,624] {dagbag.py:500} INFO - Filling up the DagBag from /Users/nikhilanand/airflow_venv/lib/python3.9/site-packages/airflow/example_dags/example_bash_operator.py
[2024-05-16 13:19:44,640] {processor.py:654} INFO - DAG(s) dict_keys(['example_bash_operator']) retrieved from /Users/nikhilanand/airflow_venv/lib/python3.9/site-packages/airflow/example_dags/example_bash_operator.py
[2024-05-16 13:19:44,649] {logging_mixin.py:109} INFO - [2024-05-16 13:19:44,649] {dag.py:2396} INFO - Sync 1 DAGs
[2024-05-16 13:19:44,654] {logging_mixin.py:109} INFO - [2024-05-16 13:19:44,654] {dag.py:2935} INFO - Setting next_dagrun for example_bash_operator to 2024-05-15 00:00:00+00:00
[2024-05-16 13:19:44,658] {processor.py:171} INFO - Processing /Users/nikhilanand/airflow_venv/lib/python3.9/site-packages/airflow/example_dags/example_bash_operator.py took 0.035 seconds
[2024-05-16 13:20:51,628] {processor.py:163} INFO - Started process (PID=7123) to work on /Users/nikhilanand/airflow_venv/lib/python3.9/site-packages/airflow/example_dags/example_bash_operator.py
[2024-05-16 13:20:51,628] {processor.py:642} INFO - Processing file /Users/nikhilanand/airflow_venv/lib/python3.9/site-packages/airflow/example_dags/example_bash_operator.py for tasks to queue
[2024-05-16 13:20:51,629] {logging_mixin.py:109} INFO - [2024-05-16 13:20:51,629] {dagbag.py:500} INFO - Filling up the DagBag from /Users/nikhilanand/airflow_venv/lib/python3.9/site-packages/airflow/example_dags/example_bash_operator.py
[2024-05-16 13:20:51,649] {processor.py:654} INFO - DAG(s) dict_keys(['example_bash_operator']) retrieved from /Users/nikhilanand/airflow_venv/lib/python3.9/site-packages/airflow/example_dags/example_bash_operator.py
[2024-05-16 13:20:51,660] {logging_mixin.py:109} INFO - [2024-05-16 13:20:51,660] {dag.py:2396} INFO - Sync 1 DAGs
[2024-05-16 13:20:51,665] {logging_mixin.py:109} INFO - [2024-05-16 13:20:51,665] {dag.py:2935} INFO - Setting next_dagrun for example_bash_operator to 2024-05-15 00:00:00+00:00
[2024-05-16 13:20:51,670] {processor.py:171} INFO - Processing /Users/nikhilanand/airflow_venv/lib/python3.9/site-packages/airflow/example_dags/example_bash_operator.py took 0.042 seconds
[2024-05-16 13:22:02,393] {processor.py:163} INFO - Started process (PID=7951) to work on /Users/nikhilanand/airflow_venv/lib/python3.9/site-packages/airflow/example_dags/example_bash_operator.py
[2024-05-16 13:22:02,393] {processor.py:642} INFO - Processing file /Users/nikhilanand/airflow_venv/lib/python3.9/site-packages/airflow/example_dags/example_bash_operator.py for tasks to queue
[2024-05-16 13:22:02,394] {logging_mixin.py:109} INFO - [2024-05-16 13:22:02,394] {dagbag.py:500} INFO - Filling up the DagBag from /Users/nikhilanand/airflow_venv/lib/python3.9/site-packages/airflow/example_dags/example_bash_operator.py
[2024-05-16 13:22:02,424] {processor.py:654} INFO - DAG(s) dict_keys(['example_bash_operator']) retrieved from /Users/nikhilanand/airflow_venv/lib/python3.9/site-packages/airflow/example_dags/example_bash_operator.py
[2024-05-16 13:22:02,435] {logging_mixin.py:109} INFO - [2024-05-16 13:22:02,435] {dag.py:2396} INFO - Sync 1 DAGs
[2024-05-16 13:22:02,442] {logging_mixin.py:109} INFO - [2024-05-16 13:22:02,442] {dag.py:2935} INFO - Setting next_dagrun for example_bash_operator to 2024-05-15 00:00:00+00:00
[2024-05-16 13:22:02,446] {processor.py:171} INFO - Processing /Users/nikhilanand/airflow_venv/lib/python3.9/site-packages/airflow/example_dags/example_bash_operator.py took 0.053 seconds
[2024-05-16 13:23:08,716] {processor.py:163} INFO - Started process (PID=8724) to work on /Users/nikhilanand/airflow_venv/lib/python3.9/site-packages/airflow/example_dags/example_bash_operator.py
[2024-05-16 13:23:08,716] {processor.py:642} INFO - Processing file /Users/nikhilanand/airflow_venv/lib/python3.9/site-packages/airflow/example_dags/example_bash_operator.py for tasks to queue
[2024-05-16 13:23:08,717] {logging_mixin.py:109} INFO - [2024-05-16 13:23:08,716] {dagbag.py:500} INFO - Filling up the DagBag from /Users/nikhilanand/airflow_venv/lib/python3.9/site-packages/airflow/example_dags/example_bash_operator.py
[2024-05-16 13:23:08,733] {processor.py:654} INFO - DAG(s) dict_keys(['example_bash_operator']) retrieved from /Users/nikhilanand/airflow_venv/lib/python3.9/site-packages/airflow/example_dags/example_bash_operator.py
[2024-05-16 13:23:08,742] {logging_mixin.py:109} INFO - [2024-05-16 13:23:08,742] {dag.py:2396} INFO - Sync 1 DAGs
[2024-05-16 13:23:08,747] {logging_mixin.py:109} INFO - [2024-05-16 13:23:08,747] {dag.py:2935} INFO - Setting next_dagrun for example_bash_operator to 2024-05-15 00:00:00+00:00
[2024-05-16 13:23:08,751] {processor.py:171} INFO - Processing /Users/nikhilanand/airflow_venv/lib/python3.9/site-packages/airflow/example_dags/example_bash_operator.py took 0.035 seconds
[2024-05-16 13:24:16,976] {processor.py:163} INFO - Started process (PID=9535) to work on /Users/nikhilanand/airflow_venv/lib/python3.9/site-packages/airflow/example_dags/example_bash_operator.py
[2024-05-16 13:24:16,977] {processor.py:642} INFO - Processing file /Users/nikhilanand/airflow_venv/lib/python3.9/site-packages/airflow/example_dags/example_bash_operator.py for tasks to queue
[2024-05-16 13:24:16,977] {logging_mixin.py:109} INFO - [2024-05-16 13:24:16,977] {dagbag.py:500} INFO - Filling up the DagBag from /Users/nikhilanand/airflow_venv/lib/python3.9/site-packages/airflow/example_dags/example_bash_operator.py
[2024-05-16 13:24:16,993] {processor.py:654} INFO - DAG(s) dict_keys(['example_bash_operator']) retrieved from /Users/nikhilanand/airflow_venv/lib/python3.9/site-packages/airflow/example_dags/example_bash_operator.py
[2024-05-16 13:24:17,002] {logging_mixin.py:109} INFO - [2024-05-16 13:24:17,002] {dag.py:2396} INFO - Sync 1 DAGs
[2024-05-16 13:24:17,007] {logging_mixin.py:109} INFO - [2024-05-16 13:24:17,007] {dag.py:2935} INFO - Setting next_dagrun for example_bash_operator to 2024-05-15 00:00:00+00:00
[2024-05-16 13:24:17,011] {processor.py:171} INFO - Processing /Users/nikhilanand/airflow_venv/lib/python3.9/site-packages/airflow/example_dags/example_bash_operator.py took 0.035 seconds
[2024-05-16 13:25:26,430] {processor.py:163} INFO - Started process (PID=10709) to work on /Users/nikhilanand/airflow_venv/lib/python3.9/site-packages/airflow/example_dags/example_bash_operator.py
[2024-05-16 13:25:26,430] {processor.py:642} INFO - Processing file /Users/nikhilanand/airflow_venv/lib/python3.9/site-packages/airflow/example_dags/example_bash_operator.py for tasks to queue
[2024-05-16 13:25:26,430] {logging_mixin.py:109} INFO - [2024-05-16 13:25:26,430] {dagbag.py:500} INFO - Filling up the DagBag from /Users/nikhilanand/airflow_venv/lib/python3.9/site-packages/airflow/example_dags/example_bash_operator.py
[2024-05-16 13:25:26,448] {processor.py:654} INFO - DAG(s) dict_keys(['example_bash_operator']) retrieved from /Users/nikhilanand/airflow_venv/lib/python3.9/site-packages/airflow/example_dags/example_bash_operator.py
[2024-05-16 13:25:26,456] {logging_mixin.py:109} INFO - [2024-05-16 13:25:26,456] {dag.py:2396} INFO - Sync 1 DAGs
[2024-05-16 13:25:26,461] {logging_mixin.py:109} INFO - [2024-05-16 13:25:26,461] {dag.py:2935} INFO - Setting next_dagrun for example_bash_operator to 2024-05-15 00:00:00+00:00
[2024-05-16 13:25:26,465] {processor.py:171} INFO - Processing /Users/nikhilanand/airflow_venv/lib/python3.9/site-packages/airflow/example_dags/example_bash_operator.py took 0.035 seconds
[2024-05-16 13:26:32,888] {processor.py:163} INFO - Started process (PID=11507) to work on /Users/nikhilanand/airflow_venv/lib/python3.9/site-packages/airflow/example_dags/example_bash_operator.py
[2024-05-16 13:26:32,888] {processor.py:642} INFO - Processing file /Users/nikhilanand/airflow_venv/lib/python3.9/site-packages/airflow/example_dags/example_bash_operator.py for tasks to queue
[2024-05-16 13:26:32,889] {logging_mixin.py:109} INFO - [2024-05-16 13:26:32,888] {dagbag.py:500} INFO - Filling up the DagBag from /Users/nikhilanand/airflow_venv/lib/python3.9/site-packages/airflow/example_dags/example_bash_operator.py
[2024-05-16 13:26:32,905] {processor.py:654} INFO - DAG(s) dict_keys(['example_bash_operator']) retrieved from /Users/nikhilanand/airflow_venv/lib/python3.9/site-packages/airflow/example_dags/example_bash_operator.py
[2024-05-16 13:26:32,914] {logging_mixin.py:109} INFO - [2024-05-16 13:26:32,914] {dag.py:2396} INFO - Sync 1 DAGs
[2024-05-16 13:26:32,919] {logging_mixin.py:109} INFO - [2024-05-16 13:26:32,919] {dag.py:2935} INFO - Setting next_dagrun for example_bash_operator to 2024-05-15 00:00:00+00:00
[2024-05-16 13:26:32,922] {processor.py:171} INFO - Processing /Users/nikhilanand/airflow_venv/lib/python3.9/site-packages/airflow/example_dags/example_bash_operator.py took 0.035 seconds
[2024-05-16 13:27:42,453] {processor.py:163} INFO - Started process (PID=12328) to work on /Users/nikhilanand/airflow_venv/lib/python3.9/site-packages/airflow/example_dags/example_bash_operator.py
[2024-05-16 13:27:42,454] {processor.py:642} INFO - Processing file /Users/nikhilanand/airflow_venv/lib/python3.9/site-packages/airflow/example_dags/example_bash_operator.py for tasks to queue
[2024-05-16 13:27:42,454] {logging_mixin.py:109} INFO - [2024-05-16 13:27:42,454] {dagbag.py:500} INFO - Filling up the DagBag from /Users/nikhilanand/airflow_venv/lib/python3.9/site-packages/airflow/example_dags/example_bash_operator.py
[2024-05-16 13:27:42,471] {processor.py:654} INFO - DAG(s) dict_keys(['example_bash_operator']) retrieved from /Users/nikhilanand/airflow_venv/lib/python3.9/site-packages/airflow/example_dags/example_bash_operator.py
[2024-05-16 13:27:42,480] {logging_mixin.py:109} INFO - [2024-05-16 13:27:42,480] {dag.py:2396} INFO - Sync 1 DAGs
[2024-05-16 13:27:42,484] {logging_mixin.py:109} INFO - [2024-05-16 13:27:42,484] {dag.py:2935} INFO - Setting next_dagrun for example_bash_operator to 2024-05-15 00:00:00+00:00
[2024-05-16 13:27:42,488] {processor.py:171} INFO - Processing /Users/nikhilanand/airflow_venv/lib/python3.9/site-packages/airflow/example_dags/example_bash_operator.py took 0.035 seconds
[2024-05-16 13:29:14,182] {processor.py:163} INFO - Started process (PID=13413) to work on /Users/nikhilanand/airflow_venv/lib/python3.9/site-packages/airflow/example_dags/example_bash_operator.py
[2024-05-16 13:29:14,183] {processor.py:642} INFO - Processing file /Users/nikhilanand/airflow_venv/lib/python3.9/site-packages/airflow/example_dags/example_bash_operator.py for tasks to queue
[2024-05-16 13:29:14,184] {logging_mixin.py:109} INFO - [2024-05-16 13:29:14,183] {dagbag.py:500} INFO - Filling up the DagBag from /Users/nikhilanand/airflow_venv/lib/python3.9/site-packages/airflow/example_dags/example_bash_operator.py
[2024-05-16 13:29:14,200] {processor.py:654} INFO - DAG(s) dict_keys(['example_bash_operator']) retrieved from /Users/nikhilanand/airflow_venv/lib/python3.9/site-packages/airflow/example_dags/example_bash_operator.py
[2024-05-16 13:29:14,209] {logging_mixin.py:109} INFO - [2024-05-16 13:29:14,209] {dag.py:2396} INFO - Sync 1 DAGs
[2024-05-16 13:29:14,214] {logging_mixin.py:109} INFO - [2024-05-16 13:29:14,214] {dag.py:2935} INFO - Setting next_dagrun for example_bash_operator to 2024-05-15 00:00:00+00:00
[2024-05-16 13:29:14,217] {processor.py:171} INFO - Processing /Users/nikhilanand/airflow_venv/lib/python3.9/site-packages/airflow/example_dags/example_bash_operator.py took 0.035 seconds
[2024-05-16 13:30:22,420] {processor.py:163} INFO - Started process (PID=14247) to work on /Users/nikhilanand/airflow_venv/lib/python3.9/site-packages/airflow/example_dags/example_bash_operator.py
[2024-05-16 13:30:22,421] {processor.py:642} INFO - Processing file /Users/nikhilanand/airflow_venv/lib/python3.9/site-packages/airflow/example_dags/example_bash_operator.py for tasks to queue
[2024-05-16 13:30:22,421] {logging_mixin.py:109} INFO - [2024-05-16 13:30:22,421] {dagbag.py:500} INFO - Filling up the DagBag from /Users/nikhilanand/airflow_venv/lib/python3.9/site-packages/airflow/example_dags/example_bash_operator.py
[2024-05-16 13:30:22,438] {processor.py:654} INFO - DAG(s) dict_keys(['example_bash_operator']) retrieved from /Users/nikhilanand/airflow_venv/lib/python3.9/site-packages/airflow/example_dags/example_bash_operator.py
[2024-05-16 13:30:22,447] {logging_mixin.py:109} INFO - [2024-05-16 13:30:22,447] {dag.py:2396} INFO - Sync 1 DAGs
[2024-05-16 13:30:22,451] {logging_mixin.py:109} INFO - [2024-05-16 13:30:22,451] {dag.py:2935} INFO - Setting next_dagrun for example_bash_operator to 2024-05-15 00:00:00+00:00
[2024-05-16 13:30:22,455] {processor.py:171} INFO - Processing /Users/nikhilanand/airflow_venv/lib/python3.9/site-packages/airflow/example_dags/example_bash_operator.py took 0.035 seconds
[2024-05-16 13:31:33,953] {processor.py:163} INFO - Started process (PID=15101) to work on /Users/nikhilanand/airflow_venv/lib/python3.9/site-packages/airflow/example_dags/example_bash_operator.py
[2024-05-16 13:31:33,954] {processor.py:642} INFO - Processing file /Users/nikhilanand/airflow_venv/lib/python3.9/site-packages/airflow/example_dags/example_bash_operator.py for tasks to queue
[2024-05-16 13:31:33,954] {logging_mixin.py:109} INFO - [2024-05-16 13:31:33,954] {dagbag.py:500} INFO - Filling up the DagBag from /Users/nikhilanand/airflow_venv/lib/python3.9/site-packages/airflow/example_dags/example_bash_operator.py
[2024-05-16 13:31:33,972] {processor.py:654} INFO - DAG(s) dict_keys(['example_bash_operator']) retrieved from /Users/nikhilanand/airflow_venv/lib/python3.9/site-packages/airflow/example_dags/example_bash_operator.py
[2024-05-16 13:31:33,981] {logging_mixin.py:109} INFO - [2024-05-16 13:31:33,981] {dag.py:2396} INFO - Sync 1 DAGs
[2024-05-16 13:31:33,986] {logging_mixin.py:109} INFO - [2024-05-16 13:31:33,986] {dag.py:2935} INFO - Setting next_dagrun for example_bash_operator to 2024-05-15 00:00:00+00:00
[2024-05-16 13:31:33,990] {processor.py:171} INFO - Processing /Users/nikhilanand/airflow_venv/lib/python3.9/site-packages/airflow/example_dags/example_bash_operator.py took 0.037 seconds
[2024-05-16 13:32:42,745] {processor.py:163} INFO - Started process (PID=15933) to work on /Users/nikhilanand/airflow_venv/lib/python3.9/site-packages/airflow/example_dags/example_bash_operator.py
[2024-05-16 13:32:42,746] {processor.py:642} INFO - Processing file /Users/nikhilanand/airflow_venv/lib/python3.9/site-packages/airflow/example_dags/example_bash_operator.py for tasks to queue
[2024-05-16 13:32:42,746] {logging_mixin.py:109} INFO - [2024-05-16 13:32:42,746] {dagbag.py:500} INFO - Filling up the DagBag from /Users/nikhilanand/airflow_venv/lib/python3.9/site-packages/airflow/example_dags/example_bash_operator.py
[2024-05-16 13:32:42,764] {processor.py:654} INFO - DAG(s) dict_keys(['example_bash_operator']) retrieved from /Users/nikhilanand/airflow_venv/lib/python3.9/site-packages/airflow/example_dags/example_bash_operator.py
[2024-05-16 13:32:42,774] {logging_mixin.py:109} INFO - [2024-05-16 13:32:42,773] {dag.py:2396} INFO - Sync 1 DAGs
[2024-05-16 13:32:42,779] {logging_mixin.py:109} INFO - [2024-05-16 13:32:42,779] {dag.py:2935} INFO - Setting next_dagrun for example_bash_operator to 2024-05-15 00:00:00+00:00
[2024-05-16 13:32:42,783] {processor.py:171} INFO - Processing /Users/nikhilanand/airflow_venv/lib/python3.9/site-packages/airflow/example_dags/example_bash_operator.py took 0.038 seconds
[2024-05-16 13:33:51,303] {processor.py:163} INFO - Started process (PID=17268) to work on /Users/nikhilanand/airflow_venv/lib/python3.9/site-packages/airflow/example_dags/example_bash_operator.py
[2024-05-16 13:33:51,303] {processor.py:642} INFO - Processing file /Users/nikhilanand/airflow_venv/lib/python3.9/site-packages/airflow/example_dags/example_bash_operator.py for tasks to queue
[2024-05-16 13:33:51,304] {logging_mixin.py:109} INFO - [2024-05-16 13:33:51,304] {dagbag.py:500} INFO - Filling up the DagBag from /Users/nikhilanand/airflow_venv/lib/python3.9/site-packages/airflow/example_dags/example_bash_operator.py
[2024-05-16 13:33:51,321] {processor.py:654} INFO - DAG(s) dict_keys(['example_bash_operator']) retrieved from /Users/nikhilanand/airflow_venv/lib/python3.9/site-packages/airflow/example_dags/example_bash_operator.py
[2024-05-16 13:33:51,330] {logging_mixin.py:109} INFO - [2024-05-16 13:33:51,330] {dag.py:2396} INFO - Sync 1 DAGs
[2024-05-16 13:33:51,335] {logging_mixin.py:109} INFO - [2024-05-16 13:33:51,335] {dag.py:2935} INFO - Setting next_dagrun for example_bash_operator to 2024-05-15 00:00:00+00:00
[2024-05-16 13:33:51,338] {processor.py:171} INFO - Processing /Users/nikhilanand/airflow_venv/lib/python3.9/site-packages/airflow/example_dags/example_bash_operator.py took 0.036 seconds
[2024-05-16 13:35:00,589] {processor.py:163} INFO - Started process (PID=18458) to work on /Users/nikhilanand/airflow_venv/lib/python3.9/site-packages/airflow/example_dags/example_bash_operator.py
[2024-05-16 13:35:00,589] {processor.py:642} INFO - Processing file /Users/nikhilanand/airflow_venv/lib/python3.9/site-packages/airflow/example_dags/example_bash_operator.py for tasks to queue
[2024-05-16 13:35:00,590] {logging_mixin.py:109} INFO - [2024-05-16 13:35:00,590] {dagbag.py:500} INFO - Filling up the DagBag from /Users/nikhilanand/airflow_venv/lib/python3.9/site-packages/airflow/example_dags/example_bash_operator.py
[2024-05-16 13:35:00,606] {processor.py:654} INFO - DAG(s) dict_keys(['example_bash_operator']) retrieved from /Users/nikhilanand/airflow_venv/lib/python3.9/site-packages/airflow/example_dags/example_bash_operator.py
[2024-05-16 13:35:00,616] {logging_mixin.py:109} INFO - [2024-05-16 13:35:00,616] {dag.py:2396} INFO - Sync 1 DAGs
[2024-05-16 13:35:00,621] {logging_mixin.py:109} INFO - [2024-05-16 13:35:00,621] {dag.py:2935} INFO - Setting next_dagrun for example_bash_operator to 2024-05-15 00:00:00+00:00
[2024-05-16 13:35:00,625] {processor.py:171} INFO - Processing /Users/nikhilanand/airflow_venv/lib/python3.9/site-packages/airflow/example_dags/example_bash_operator.py took 0.036 seconds
