[2024-05-16 12:54:43,301] {processor.py:163} INFO - Started process (PID=87749) to work on /Users/nikhilanand/airflow_venv/lib/python3.9/site-packages/airflow/example_dags/example_branch_datetime_operator.py
[2024-05-16 12:54:43,301] {processor.py:642} INFO - Processing file /Users/nikhilanand/airflow_venv/lib/python3.9/site-packages/airflow/example_dags/example_branch_datetime_operator.py for tasks to queue
[2024-05-16 12:54:43,301] {logging_mixin.py:109} INFO - [2024-05-16 12:54:43,301] {dagbag.py:500} INFO - Filling up the DagBag from /Users/nikhilanand/airflow_venv/lib/python3.9/site-packages/airflow/example_dags/example_branch_datetime_operator.py
[2024-05-16 12:54:43,320] {processor.py:654} INFO - DAG(s) dict_keys(['example_branch_datetime_operator_2']) retrieved from /Users/nikhilanand/airflow_venv/lib/python3.9/site-packages/airflow/example_dags/example_branch_datetime_operator.py
[2024-05-16 12:54:43,329] {logging_mixin.py:109} INFO - [2024-05-16 12:54:43,329] {dag.py:2396} INFO - Sync 1 DAGs
[2024-05-16 12:54:43,334] {logging_mixin.py:109} INFO - [2024-05-16 12:54:43,334] {dag.py:2935} INFO - Setting next_dagrun for example_branch_datetime_operator_2 to 2024-05-15 00:00:00+00:00
[2024-05-16 12:54:43,338] {processor.py:171} INFO - Processing /Users/nikhilanand/airflow_venv/lib/python3.9/site-packages/airflow/example_dags/example_branch_datetime_operator.py took 0.038 seconds
[2024-05-16 12:55:54,537] {processor.py:163} INFO - Started process (PID=88606) to work on /Users/nikhilanand/airflow_venv/lib/python3.9/site-packages/airflow/example_dags/example_branch_datetime_operator.py
[2024-05-16 12:55:54,538] {processor.py:642} INFO - Processing file /Users/nikhilanand/airflow_venv/lib/python3.9/site-packages/airflow/example_dags/example_branch_datetime_operator.py for tasks to queue
[2024-05-16 12:55:54,538] {logging_mixin.py:109} INFO - [2024-05-16 12:55:54,538] {dagbag.py:500} INFO - Filling up the DagBag from /Users/nikhilanand/airflow_venv/lib/python3.9/site-packages/airflow/example_dags/example_branch_datetime_operator.py
[2024-05-16 12:55:54,555] {processor.py:654} INFO - DAG(s) dict_keys(['example_branch_datetime_operator_2']) retrieved from /Users/nikhilanand/airflow_venv/lib/python3.9/site-packages/airflow/example_dags/example_branch_datetime_operator.py
[2024-05-16 12:55:54,563] {logging_mixin.py:109} INFO - [2024-05-16 12:55:54,563] {dag.py:2396} INFO - Sync 1 DAGs
[2024-05-16 12:55:54,568] {logging_mixin.py:109} INFO - [2024-05-16 12:55:54,568] {dag.py:2935} INFO - Setting next_dagrun for example_branch_datetime_operator_2 to 2024-05-15 00:00:00+00:00
[2024-05-16 12:55:54,571] {processor.py:171} INFO - Processing /Users/nikhilanand/airflow_venv/lib/python3.9/site-packages/airflow/example_dags/example_branch_datetime_operator.py took 0.034 seconds
[2024-05-16 12:57:01,675] {processor.py:163} INFO - Started process (PID=89416) to work on /Users/nikhilanand/airflow_venv/lib/python3.9/site-packages/airflow/example_dags/example_branch_datetime_operator.py
[2024-05-16 12:57:01,675] {processor.py:642} INFO - Processing file /Users/nikhilanand/airflow_venv/lib/python3.9/site-packages/airflow/example_dags/example_branch_datetime_operator.py for tasks to queue
[2024-05-16 12:57:01,675] {logging_mixin.py:109} INFO - [2024-05-16 12:57:01,675] {dagbag.py:500} INFO - Filling up the DagBag from /Users/nikhilanand/airflow_venv/lib/python3.9/site-packages/airflow/example_dags/example_branch_datetime_operator.py
[2024-05-16 12:57:01,691] {processor.py:654} INFO - DAG(s) dict_keys(['example_branch_datetime_operator_2']) retrieved from /Users/nikhilanand/airflow_venv/lib/python3.9/site-packages/airflow/example_dags/example_branch_datetime_operator.py
[2024-05-16 12:57:01,700] {logging_mixin.py:109} INFO - [2024-05-16 12:57:01,700] {dag.py:2396} INFO - Sync 1 DAGs
[2024-05-16 12:57:01,705] {logging_mixin.py:109} INFO - [2024-05-16 12:57:01,705] {dag.py:2935} INFO - Setting next_dagrun for example_branch_datetime_operator_2 to 2024-05-15 00:00:00+00:00
[2024-05-16 12:57:01,709] {processor.py:171} INFO - Processing /Users/nikhilanand/airflow_venv/lib/python3.9/site-packages/airflow/example_dags/example_branch_datetime_operator.py took 0.035 seconds
[2024-05-16 12:58:10,748] {processor.py:163} INFO - Started process (PID=90180) to work on /Users/nikhilanand/airflow_venv/lib/python3.9/site-packages/airflow/example_dags/example_branch_datetime_operator.py
[2024-05-16 12:58:10,749] {processor.py:642} INFO - Processing file /Users/nikhilanand/airflow_venv/lib/python3.9/site-packages/airflow/example_dags/example_branch_datetime_operator.py for tasks to queue
[2024-05-16 12:58:10,749] {logging_mixin.py:109} INFO - [2024-05-16 12:58:10,749] {dagbag.py:500} INFO - Filling up the DagBag from /Users/nikhilanand/airflow_venv/lib/python3.9/site-packages/airflow/example_dags/example_branch_datetime_operator.py
[2024-05-16 12:58:10,764] {processor.py:654} INFO - DAG(s) dict_keys(['example_branch_datetime_operator_2']) retrieved from /Users/nikhilanand/airflow_venv/lib/python3.9/site-packages/airflow/example_dags/example_branch_datetime_operator.py
[2024-05-16 12:58:10,773] {logging_mixin.py:109} INFO - [2024-05-16 12:58:10,773] {dag.py:2396} INFO - Sync 1 DAGs
[2024-05-16 12:58:10,777] {logging_mixin.py:109} INFO - [2024-05-16 12:58:10,777] {dag.py:2935} INFO - Setting next_dagrun for example_branch_datetime_operator_2 to 2024-05-15 00:00:00+00:00
[2024-05-16 12:58:10,781] {processor.py:171} INFO - Processing /Users/nikhilanand/airflow_venv/lib/python3.9/site-packages/airflow/example_dags/example_branch_datetime_operator.py took 0.033 seconds
[2024-05-16 12:59:20,245] {processor.py:163} INFO - Started process (PID=90976) to work on /Users/nikhilanand/airflow_venv/lib/python3.9/site-packages/airflow/example_dags/example_branch_datetime_operator.py
[2024-05-16 12:59:20,246] {processor.py:642} INFO - Processing file /Users/nikhilanand/airflow_venv/lib/python3.9/site-packages/airflow/example_dags/example_branch_datetime_operator.py for tasks to queue
[2024-05-16 12:59:20,247] {logging_mixin.py:109} INFO - [2024-05-16 12:59:20,247] {dagbag.py:500} INFO - Filling up the DagBag from /Users/nikhilanand/airflow_venv/lib/python3.9/site-packages/airflow/example_dags/example_branch_datetime_operator.py
[2024-05-16 12:59:20,264] {processor.py:654} INFO - DAG(s) dict_keys(['example_branch_datetime_operator_2']) retrieved from /Users/nikhilanand/airflow_venv/lib/python3.9/site-packages/airflow/example_dags/example_branch_datetime_operator.py
[2024-05-16 12:59:20,275] {logging_mixin.py:109} INFO - [2024-05-16 12:59:20,275] {dag.py:2396} INFO - Sync 1 DAGs
[2024-05-16 12:59:20,282] {logging_mixin.py:109} INFO - [2024-05-16 12:59:20,282] {dag.py:2935} INFO - Setting next_dagrun for example_branch_datetime_operator_2 to 2024-05-15 00:00:00+00:00
[2024-05-16 12:59:20,287] {processor.py:171} INFO - Processing /Users/nikhilanand/airflow_venv/lib/python3.9/site-packages/airflow/example_dags/example_branch_datetime_operator.py took 0.042 seconds
[2024-05-16 13:00:35,648] {processor.py:163} INFO - Started process (PID=91863) to work on /Users/nikhilanand/airflow_venv/lib/python3.9/site-packages/airflow/example_dags/example_branch_datetime_operator.py
[2024-05-16 13:00:35,649] {processor.py:642} INFO - Processing file /Users/nikhilanand/airflow_venv/lib/python3.9/site-packages/airflow/example_dags/example_branch_datetime_operator.py for tasks to queue
[2024-05-16 13:00:35,649] {logging_mixin.py:109} INFO - [2024-05-16 13:00:35,649] {dagbag.py:500} INFO - Filling up the DagBag from /Users/nikhilanand/airflow_venv/lib/python3.9/site-packages/airflow/example_dags/example_branch_datetime_operator.py
[2024-05-16 13:00:35,665] {processor.py:654} INFO - DAG(s) dict_keys(['example_branch_datetime_operator_2']) retrieved from /Users/nikhilanand/airflow_venv/lib/python3.9/site-packages/airflow/example_dags/example_branch_datetime_operator.py
[2024-05-16 13:00:35,673] {logging_mixin.py:109} INFO - [2024-05-16 13:00:35,673] {dag.py:2396} INFO - Sync 1 DAGs
[2024-05-16 13:00:35,678] {logging_mixin.py:109} INFO - [2024-05-16 13:00:35,678] {dag.py:2935} INFO - Setting next_dagrun for example_branch_datetime_operator_2 to 2024-05-15 00:00:00+00:00
[2024-05-16 13:00:35,681] {processor.py:171} INFO - Processing /Users/nikhilanand/airflow_venv/lib/python3.9/site-packages/airflow/example_dags/example_branch_datetime_operator.py took 0.034 seconds
[2024-05-16 13:01:45,562] {processor.py:163} INFO - Started process (PID=92677) to work on /Users/nikhilanand/airflow_venv/lib/python3.9/site-packages/airflow/example_dags/example_branch_datetime_operator.py
[2024-05-16 13:01:45,563] {processor.py:642} INFO - Processing file /Users/nikhilanand/airflow_venv/lib/python3.9/site-packages/airflow/example_dags/example_branch_datetime_operator.py for tasks to queue
[2024-05-16 13:01:45,564] {logging_mixin.py:109} INFO - [2024-05-16 13:01:45,564] {dagbag.py:500} INFO - Filling up the DagBag from /Users/nikhilanand/airflow_venv/lib/python3.9/site-packages/airflow/example_dags/example_branch_datetime_operator.py
[2024-05-16 13:01:45,580] {processor.py:654} INFO - DAG(s) dict_keys(['example_branch_datetime_operator_2']) retrieved from /Users/nikhilanand/airflow_venv/lib/python3.9/site-packages/airflow/example_dags/example_branch_datetime_operator.py
[2024-05-16 13:01:45,589] {logging_mixin.py:109} INFO - [2024-05-16 13:01:45,589] {dag.py:2396} INFO - Sync 1 DAGs
[2024-05-16 13:01:45,594] {logging_mixin.py:109} INFO - [2024-05-16 13:01:45,594] {dag.py:2935} INFO - Setting next_dagrun for example_branch_datetime_operator_2 to 2024-05-15 00:00:00+00:00
[2024-05-16 13:01:45,597] {processor.py:171} INFO - Processing /Users/nikhilanand/airflow_venv/lib/python3.9/site-packages/airflow/example_dags/example_branch_datetime_operator.py took 0.035 seconds
[2024-05-16 13:02:55,503] {processor.py:163} INFO - Started process (PID=93497) to work on /Users/nikhilanand/airflow_venv/lib/python3.9/site-packages/airflow/example_dags/example_branch_datetime_operator.py
[2024-05-16 13:02:55,504] {processor.py:642} INFO - Processing file /Users/nikhilanand/airflow_venv/lib/python3.9/site-packages/airflow/example_dags/example_branch_datetime_operator.py for tasks to queue
[2024-05-16 13:02:55,504] {logging_mixin.py:109} INFO - [2024-05-16 13:02:55,504] {dagbag.py:500} INFO - Filling up the DagBag from /Users/nikhilanand/airflow_venv/lib/python3.9/site-packages/airflow/example_dags/example_branch_datetime_operator.py
[2024-05-16 13:02:55,520] {processor.py:654} INFO - DAG(s) dict_keys(['example_branch_datetime_operator_2']) retrieved from /Users/nikhilanand/airflow_venv/lib/python3.9/site-packages/airflow/example_dags/example_branch_datetime_operator.py
[2024-05-16 13:02:55,529] {logging_mixin.py:109} INFO - [2024-05-16 13:02:55,528] {dag.py:2396} INFO - Sync 1 DAGs
[2024-05-16 13:02:55,533] {logging_mixin.py:109} INFO - [2024-05-16 13:02:55,533] {dag.py:2935} INFO - Setting next_dagrun for example_branch_datetime_operator_2 to 2024-05-15 00:00:00+00:00
[2024-05-16 13:02:55,537] {processor.py:171} INFO - Processing /Users/nikhilanand/airflow_venv/lib/python3.9/site-packages/airflow/example_dags/example_branch_datetime_operator.py took 0.034 seconds
[2024-05-16 13:04:05,284] {processor.py:163} INFO - Started process (PID=94632) to work on /Users/nikhilanand/airflow_venv/lib/python3.9/site-packages/airflow/example_dags/example_branch_datetime_operator.py
[2024-05-16 13:04:05,285] {processor.py:642} INFO - Processing file /Users/nikhilanand/airflow_venv/lib/python3.9/site-packages/airflow/example_dags/example_branch_datetime_operator.py for tasks to queue
[2024-05-16 13:04:05,286] {logging_mixin.py:109} INFO - [2024-05-16 13:04:05,286] {dagbag.py:500} INFO - Filling up the DagBag from /Users/nikhilanand/airflow_venv/lib/python3.9/site-packages/airflow/example_dags/example_branch_datetime_operator.py
[2024-05-16 13:04:05,302] {processor.py:654} INFO - DAG(s) dict_keys(['example_branch_datetime_operator_2']) retrieved from /Users/nikhilanand/airflow_venv/lib/python3.9/site-packages/airflow/example_dags/example_branch_datetime_operator.py
[2024-05-16 13:04:05,311] {logging_mixin.py:109} INFO - [2024-05-16 13:04:05,311] {dag.py:2396} INFO - Sync 1 DAGs
[2024-05-16 13:04:05,316] {logging_mixin.py:109} INFO - [2024-05-16 13:04:05,316] {dag.py:2935} INFO - Setting next_dagrun for example_branch_datetime_operator_2 to 2024-05-15 00:00:00+00:00
[2024-05-16 13:04:05,321] {processor.py:171} INFO - Processing /Users/nikhilanand/airflow_venv/lib/python3.9/site-packages/airflow/example_dags/example_branch_datetime_operator.py took 0.036 seconds
[2024-05-16 13:05:24,173] {processor.py:163} INFO - Started process (PID=95574) to work on /Users/nikhilanand/airflow_venv/lib/python3.9/site-packages/airflow/example_dags/example_branch_datetime_operator.py
[2024-05-16 13:05:24,174] {processor.py:642} INFO - Processing file /Users/nikhilanand/airflow_venv/lib/python3.9/site-packages/airflow/example_dags/example_branch_datetime_operator.py for tasks to queue
[2024-05-16 13:05:24,174] {logging_mixin.py:109} INFO - [2024-05-16 13:05:24,174] {dagbag.py:500} INFO - Filling up the DagBag from /Users/nikhilanand/airflow_venv/lib/python3.9/site-packages/airflow/example_dags/example_branch_datetime_operator.py
[2024-05-16 13:05:24,190] {processor.py:654} INFO - DAG(s) dict_keys(['example_branch_datetime_operator_2']) retrieved from /Users/nikhilanand/airflow_venv/lib/python3.9/site-packages/airflow/example_dags/example_branch_datetime_operator.py
[2024-05-16 13:05:24,199] {logging_mixin.py:109} INFO - [2024-05-16 13:05:24,199] {dag.py:2396} INFO - Sync 1 DAGs
[2024-05-16 13:05:24,204] {logging_mixin.py:109} INFO - [2024-05-16 13:05:24,204] {dag.py:2935} INFO - Setting next_dagrun for example_branch_datetime_operator_2 to 2024-05-15 00:00:00+00:00
[2024-05-16 13:05:24,208] {processor.py:171} INFO - Processing /Users/nikhilanand/airflow_venv/lib/python3.9/site-packages/airflow/example_dags/example_branch_datetime_operator.py took 0.036 seconds
[2024-05-16 13:06:36,805] {processor.py:163} INFO - Started process (PID=96434) to work on /Users/nikhilanand/airflow_venv/lib/python3.9/site-packages/airflow/example_dags/example_branch_datetime_operator.py
[2024-05-16 13:06:36,806] {processor.py:642} INFO - Processing file /Users/nikhilanand/airflow_venv/lib/python3.9/site-packages/airflow/example_dags/example_branch_datetime_operator.py for tasks to queue
[2024-05-16 13:06:36,806] {logging_mixin.py:109} INFO - [2024-05-16 13:06:36,806] {dagbag.py:500} INFO - Filling up the DagBag from /Users/nikhilanand/airflow_venv/lib/python3.9/site-packages/airflow/example_dags/example_branch_datetime_operator.py
[2024-05-16 13:06:36,823] {processor.py:654} INFO - DAG(s) dict_keys(['example_branch_datetime_operator_2']) retrieved from /Users/nikhilanand/airflow_venv/lib/python3.9/site-packages/airflow/example_dags/example_branch_datetime_operator.py
[2024-05-16 13:06:36,832] {logging_mixin.py:109} INFO - [2024-05-16 13:06:36,832] {dag.py:2396} INFO - Sync 1 DAGs
[2024-05-16 13:06:36,837] {logging_mixin.py:109} INFO - [2024-05-16 13:06:36,837] {dag.py:2935} INFO - Setting next_dagrun for example_branch_datetime_operator_2 to 2024-05-15 00:00:00+00:00
[2024-05-16 13:06:36,841] {processor.py:171} INFO - Processing /Users/nikhilanand/airflow_venv/lib/python3.9/site-packages/airflow/example_dags/example_branch_datetime_operator.py took 0.036 seconds
[2024-05-16 13:07:50,201] {processor.py:163} INFO - Started process (PID=97287) to work on /Users/nikhilanand/airflow_venv/lib/python3.9/site-packages/airflow/example_dags/example_branch_datetime_operator.py
[2024-05-16 13:07:50,202] {processor.py:642} INFO - Processing file /Users/nikhilanand/airflow_venv/lib/python3.9/site-packages/airflow/example_dags/example_branch_datetime_operator.py for tasks to queue
[2024-05-16 13:07:50,202] {logging_mixin.py:109} INFO - [2024-05-16 13:07:50,202] {dagbag.py:500} INFO - Filling up the DagBag from /Users/nikhilanand/airflow_venv/lib/python3.9/site-packages/airflow/example_dags/example_branch_datetime_operator.py
[2024-05-16 13:07:50,217] {processor.py:654} INFO - DAG(s) dict_keys(['example_branch_datetime_operator_2']) retrieved from /Users/nikhilanand/airflow_venv/lib/python3.9/site-packages/airflow/example_dags/example_branch_datetime_operator.py
[2024-05-16 13:07:50,226] {logging_mixin.py:109} INFO - [2024-05-16 13:07:50,226] {dag.py:2396} INFO - Sync 1 DAGs
[2024-05-16 13:07:50,231] {logging_mixin.py:109} INFO - [2024-05-16 13:07:50,231] {dag.py:2935} INFO - Setting next_dagrun for example_branch_datetime_operator_2 to 2024-05-15 00:00:00+00:00
[2024-05-16 13:07:50,234] {processor.py:171} INFO - Processing /Users/nikhilanand/airflow_venv/lib/python3.9/site-packages/airflow/example_dags/example_branch_datetime_operator.py took 0.033 seconds
[2024-05-16 13:09:02,843] {processor.py:163} INFO - Started process (PID=98069) to work on /Users/nikhilanand/airflow_venv/lib/python3.9/site-packages/airflow/example_dags/example_branch_datetime_operator.py
[2024-05-16 13:09:02,844] {processor.py:642} INFO - Processing file /Users/nikhilanand/airflow_venv/lib/python3.9/site-packages/airflow/example_dags/example_branch_datetime_operator.py for tasks to queue
[2024-05-16 13:09:02,844] {logging_mixin.py:109} INFO - [2024-05-16 13:09:02,844] {dagbag.py:500} INFO - Filling up the DagBag from /Users/nikhilanand/airflow_venv/lib/python3.9/site-packages/airflow/example_dags/example_branch_datetime_operator.py
[2024-05-16 13:09:02,860] {processor.py:654} INFO - DAG(s) dict_keys(['example_branch_datetime_operator_2']) retrieved from /Users/nikhilanand/airflow_venv/lib/python3.9/site-packages/airflow/example_dags/example_branch_datetime_operator.py
[2024-05-16 13:09:02,868] {logging_mixin.py:109} INFO - [2024-05-16 13:09:02,868] {dag.py:2396} INFO - Sync 1 DAGs
[2024-05-16 13:09:02,873] {logging_mixin.py:109} INFO - [2024-05-16 13:09:02,873] {dag.py:2935} INFO - Setting next_dagrun for example_branch_datetime_operator_2 to 2024-05-15 00:00:00+00:00
[2024-05-16 13:09:02,877] {processor.py:171} INFO - Processing /Users/nikhilanand/airflow_venv/lib/python3.9/site-packages/airflow/example_dags/example_branch_datetime_operator.py took 0.034 seconds
[2024-05-16 13:10:14,032] {processor.py:163} INFO - Started process (PID=98864) to work on /Users/nikhilanand/airflow_venv/lib/python3.9/site-packages/airflow/example_dags/example_branch_datetime_operator.py
[2024-05-16 13:10:14,033] {processor.py:642} INFO - Processing file /Users/nikhilanand/airflow_venv/lib/python3.9/site-packages/airflow/example_dags/example_branch_datetime_operator.py for tasks to queue
[2024-05-16 13:10:14,033] {logging_mixin.py:109} INFO - [2024-05-16 13:10:14,033] {dagbag.py:500} INFO - Filling up the DagBag from /Users/nikhilanand/airflow_venv/lib/python3.9/site-packages/airflow/example_dags/example_branch_datetime_operator.py
[2024-05-16 13:10:14,049] {processor.py:654} INFO - DAG(s) dict_keys(['example_branch_datetime_operator_2']) retrieved from /Users/nikhilanand/airflow_venv/lib/python3.9/site-packages/airflow/example_dags/example_branch_datetime_operator.py
[2024-05-16 13:10:14,058] {logging_mixin.py:109} INFO - [2024-05-16 13:10:14,058] {dag.py:2396} INFO - Sync 1 DAGs
[2024-05-16 13:10:14,062] {logging_mixin.py:109} INFO - [2024-05-16 13:10:14,062] {dag.py:2935} INFO - Setting next_dagrun for example_branch_datetime_operator_2 to 2024-05-15 00:00:00+00:00
[2024-05-16 13:10:14,066] {processor.py:171} INFO - Processing /Users/nikhilanand/airflow_venv/lib/python3.9/site-packages/airflow/example_dags/example_branch_datetime_operator.py took 0.035 seconds
[2024-05-16 13:11:23,102] {processor.py:163} INFO - Started process (PID=99633) to work on /Users/nikhilanand/airflow_venv/lib/python3.9/site-packages/airflow/example_dags/example_branch_datetime_operator.py
[2024-05-16 13:11:23,103] {processor.py:642} INFO - Processing file /Users/nikhilanand/airflow_venv/lib/python3.9/site-packages/airflow/example_dags/example_branch_datetime_operator.py for tasks to queue
[2024-05-16 13:11:23,103] {logging_mixin.py:109} INFO - [2024-05-16 13:11:23,103] {dagbag.py:500} INFO - Filling up the DagBag from /Users/nikhilanand/airflow_venv/lib/python3.9/site-packages/airflow/example_dags/example_branch_datetime_operator.py
[2024-05-16 13:11:23,136] {processor.py:654} INFO - DAG(s) dict_keys(['example_branch_datetime_operator_2']) retrieved from /Users/nikhilanand/airflow_venv/lib/python3.9/site-packages/airflow/example_dags/example_branch_datetime_operator.py
[2024-05-16 13:11:23,145] {logging_mixin.py:109} INFO - [2024-05-16 13:11:23,145] {dag.py:2396} INFO - Sync 1 DAGs
[2024-05-16 13:11:23,150] {logging_mixin.py:109} INFO - [2024-05-16 13:11:23,150] {dag.py:2935} INFO - Setting next_dagrun for example_branch_datetime_operator_2 to 2024-05-15 00:00:00+00:00
[2024-05-16 13:11:23,154] {processor.py:171} INFO - Processing /Users/nikhilanand/airflow_venv/lib/python3.9/site-packages/airflow/example_dags/example_branch_datetime_operator.py took 0.052 seconds
[2024-05-16 13:12:32,548] {processor.py:163} INFO - Started process (PID=674) to work on /Users/nikhilanand/airflow_venv/lib/python3.9/site-packages/airflow/example_dags/example_branch_datetime_operator.py
[2024-05-16 13:12:32,549] {processor.py:642} INFO - Processing file /Users/nikhilanand/airflow_venv/lib/python3.9/site-packages/airflow/example_dags/example_branch_datetime_operator.py for tasks to queue
[2024-05-16 13:12:32,549] {logging_mixin.py:109} INFO - [2024-05-16 13:12:32,549] {dagbag.py:500} INFO - Filling up the DagBag from /Users/nikhilanand/airflow_venv/lib/python3.9/site-packages/airflow/example_dags/example_branch_datetime_operator.py
[2024-05-16 13:12:32,566] {processor.py:654} INFO - DAG(s) dict_keys(['example_branch_datetime_operator_2']) retrieved from /Users/nikhilanand/airflow_venv/lib/python3.9/site-packages/airflow/example_dags/example_branch_datetime_operator.py
[2024-05-16 13:12:32,574] {logging_mixin.py:109} INFO - [2024-05-16 13:12:32,574] {dag.py:2396} INFO - Sync 1 DAGs
[2024-05-16 13:12:32,579] {logging_mixin.py:109} INFO - [2024-05-16 13:12:32,579] {dag.py:2935} INFO - Setting next_dagrun for example_branch_datetime_operator_2 to 2024-05-15 00:00:00+00:00
[2024-05-16 13:12:32,582] {processor.py:171} INFO - Processing /Users/nikhilanand/airflow_venv/lib/python3.9/site-packages/airflow/example_dags/example_branch_datetime_operator.py took 0.035 seconds
[2024-05-16 13:13:53,139] {processor.py:163} INFO - Started process (PID=1722) to work on /Users/nikhilanand/airflow_venv/lib/python3.9/site-packages/airflow/example_dags/example_branch_datetime_operator.py
[2024-05-16 13:13:53,139] {processor.py:642} INFO - Processing file /Users/nikhilanand/airflow_venv/lib/python3.9/site-packages/airflow/example_dags/example_branch_datetime_operator.py for tasks to queue
[2024-05-16 13:13:53,139] {logging_mixin.py:109} INFO - [2024-05-16 13:13:53,139] {dagbag.py:500} INFO - Filling up the DagBag from /Users/nikhilanand/airflow_venv/lib/python3.9/site-packages/airflow/example_dags/example_branch_datetime_operator.py
[2024-05-16 13:13:53,156] {processor.py:654} INFO - DAG(s) dict_keys(['example_branch_datetime_operator_2']) retrieved from /Users/nikhilanand/airflow_venv/lib/python3.9/site-packages/airflow/example_dags/example_branch_datetime_operator.py
[2024-05-16 13:13:53,164] {logging_mixin.py:109} INFO - [2024-05-16 13:13:53,164] {dag.py:2396} INFO - Sync 1 DAGs
[2024-05-16 13:13:53,169] {logging_mixin.py:109} INFO - [2024-05-16 13:13:53,169] {dag.py:2935} INFO - Setting next_dagrun for example_branch_datetime_operator_2 to 2024-05-15 00:00:00+00:00
[2024-05-16 13:13:53,173] {processor.py:171} INFO - Processing /Users/nikhilanand/airflow_venv/lib/python3.9/site-packages/airflow/example_dags/example_branch_datetime_operator.py took 0.034 seconds
[2024-05-16 13:15:02,046] {processor.py:163} INFO - Started process (PID=2944) to work on /Users/nikhilanand/airflow_venv/lib/python3.9/site-packages/airflow/example_dags/example_branch_datetime_operator.py
[2024-05-16 13:15:02,047] {processor.py:642} INFO - Processing file /Users/nikhilanand/airflow_venv/lib/python3.9/site-packages/airflow/example_dags/example_branch_datetime_operator.py for tasks to queue
[2024-05-16 13:15:02,048] {logging_mixin.py:109} INFO - [2024-05-16 13:15:02,048] {dagbag.py:500} INFO - Filling up the DagBag from /Users/nikhilanand/airflow_venv/lib/python3.9/site-packages/airflow/example_dags/example_branch_datetime_operator.py
[2024-05-16 13:15:02,065] {processor.py:654} INFO - DAG(s) dict_keys(['example_branch_datetime_operator_2']) retrieved from /Users/nikhilanand/airflow_venv/lib/python3.9/site-packages/airflow/example_dags/example_branch_datetime_operator.py
[2024-05-16 13:15:02,073] {logging_mixin.py:109} INFO - [2024-05-16 13:15:02,073] {dag.py:2396} INFO - Sync 1 DAGs
[2024-05-16 13:15:02,078] {logging_mixin.py:109} INFO - [2024-05-16 13:15:02,078] {dag.py:2935} INFO - Setting next_dagrun for example_branch_datetime_operator_2 to 2024-05-15 00:00:00+00:00
[2024-05-16 13:15:02,081] {processor.py:171} INFO - Processing /Users/nikhilanand/airflow_venv/lib/python3.9/site-packages/airflow/example_dags/example_branch_datetime_operator.py took 0.035 seconds
[2024-05-16 13:16:10,877] {processor.py:163} INFO - Started process (PID=3804) to work on /Users/nikhilanand/airflow_venv/lib/python3.9/site-packages/airflow/example_dags/example_branch_datetime_operator.py
[2024-05-16 13:16:10,878] {processor.py:642} INFO - Processing file /Users/nikhilanand/airflow_venv/lib/python3.9/site-packages/airflow/example_dags/example_branch_datetime_operator.py for tasks to queue
[2024-05-16 13:16:10,879] {logging_mixin.py:109} INFO - [2024-05-16 13:16:10,879] {dagbag.py:500} INFO - Filling up the DagBag from /Users/nikhilanand/airflow_venv/lib/python3.9/site-packages/airflow/example_dags/example_branch_datetime_operator.py
[2024-05-16 13:16:10,896] {processor.py:654} INFO - DAG(s) dict_keys(['example_branch_datetime_operator_2']) retrieved from /Users/nikhilanand/airflow_venv/lib/python3.9/site-packages/airflow/example_dags/example_branch_datetime_operator.py
[2024-05-16 13:16:10,905] {logging_mixin.py:109} INFO - [2024-05-16 13:16:10,905] {dag.py:2396} INFO - Sync 1 DAGs
[2024-05-16 13:16:10,910] {logging_mixin.py:109} INFO - [2024-05-16 13:16:10,910] {dag.py:2935} INFO - Setting next_dagrun for example_branch_datetime_operator_2 to 2024-05-15 00:00:00+00:00
[2024-05-16 13:16:10,913] {processor.py:171} INFO - Processing /Users/nikhilanand/airflow_venv/lib/python3.9/site-packages/airflow/example_dags/example_branch_datetime_operator.py took 0.036 seconds
[2024-05-16 13:17:23,912] {processor.py:163} INFO - Started process (PID=4645) to work on /Users/nikhilanand/airflow_venv/lib/python3.9/site-packages/airflow/example_dags/example_branch_datetime_operator.py
[2024-05-16 13:17:23,913] {processor.py:642} INFO - Processing file /Users/nikhilanand/airflow_venv/lib/python3.9/site-packages/airflow/example_dags/example_branch_datetime_operator.py for tasks to queue
[2024-05-16 13:17:23,914] {logging_mixin.py:109} INFO - [2024-05-16 13:17:23,914] {dagbag.py:500} INFO - Filling up the DagBag from /Users/nikhilanand/airflow_venv/lib/python3.9/site-packages/airflow/example_dags/example_branch_datetime_operator.py
[2024-05-16 13:17:23,930] {processor.py:654} INFO - DAG(s) dict_keys(['example_branch_datetime_operator_2']) retrieved from /Users/nikhilanand/airflow_venv/lib/python3.9/site-packages/airflow/example_dags/example_branch_datetime_operator.py
[2024-05-16 13:17:23,940] {logging_mixin.py:109} INFO - [2024-05-16 13:17:23,940] {dag.py:2396} INFO - Sync 1 DAGs
[2024-05-16 13:17:23,945] {logging_mixin.py:109} INFO - [2024-05-16 13:17:23,945] {dag.py:2935} INFO - Setting next_dagrun for example_branch_datetime_operator_2 to 2024-05-15 00:00:00+00:00
[2024-05-16 13:17:23,948] {processor.py:171} INFO - Processing /Users/nikhilanand/airflow_venv/lib/python3.9/site-packages/airflow/example_dags/example_branch_datetime_operator.py took 0.036 seconds
[2024-05-16 13:18:34,761] {processor.py:163} INFO - Started process (PID=5489) to work on /Users/nikhilanand/airflow_venv/lib/python3.9/site-packages/airflow/example_dags/example_branch_datetime_operator.py
[2024-05-16 13:18:34,762] {processor.py:642} INFO - Processing file /Users/nikhilanand/airflow_venv/lib/python3.9/site-packages/airflow/example_dags/example_branch_datetime_operator.py for tasks to queue
[2024-05-16 13:18:34,762] {logging_mixin.py:109} INFO - [2024-05-16 13:18:34,762] {dagbag.py:500} INFO - Filling up the DagBag from /Users/nikhilanand/airflow_venv/lib/python3.9/site-packages/airflow/example_dags/example_branch_datetime_operator.py
[2024-05-16 13:18:34,778] {processor.py:654} INFO - DAG(s) dict_keys(['example_branch_datetime_operator_2']) retrieved from /Users/nikhilanand/airflow_venv/lib/python3.9/site-packages/airflow/example_dags/example_branch_datetime_operator.py
[2024-05-16 13:18:34,787] {logging_mixin.py:109} INFO - [2024-05-16 13:18:34,787] {dag.py:2396} INFO - Sync 1 DAGs
[2024-05-16 13:18:34,791] {logging_mixin.py:109} INFO - [2024-05-16 13:18:34,791] {dag.py:2935} INFO - Setting next_dagrun for example_branch_datetime_operator_2 to 2024-05-15 00:00:00+00:00
[2024-05-16 13:18:34,795] {processor.py:171} INFO - Processing /Users/nikhilanand/airflow_venv/lib/python3.9/site-packages/airflow/example_dags/example_branch_datetime_operator.py took 0.034 seconds
[2024-05-16 13:19:42,802] {processor.py:163} INFO - Started process (PID=6303) to work on /Users/nikhilanand/airflow_venv/lib/python3.9/site-packages/airflow/example_dags/example_branch_datetime_operator.py
[2024-05-16 13:19:42,803] {processor.py:642} INFO - Processing file /Users/nikhilanand/airflow_venv/lib/python3.9/site-packages/airflow/example_dags/example_branch_datetime_operator.py for tasks to queue
[2024-05-16 13:19:42,803] {logging_mixin.py:109} INFO - [2024-05-16 13:19:42,803] {dagbag.py:500} INFO - Filling up the DagBag from /Users/nikhilanand/airflow_venv/lib/python3.9/site-packages/airflow/example_dags/example_branch_datetime_operator.py
[2024-05-16 13:19:42,820] {processor.py:654} INFO - DAG(s) dict_keys(['example_branch_datetime_operator_2']) retrieved from /Users/nikhilanand/airflow_venv/lib/python3.9/site-packages/airflow/example_dags/example_branch_datetime_operator.py
[2024-05-16 13:19:42,829] {logging_mixin.py:109} INFO - [2024-05-16 13:19:42,829] {dag.py:2396} INFO - Sync 1 DAGs
[2024-05-16 13:19:42,834] {logging_mixin.py:109} INFO - [2024-05-16 13:19:42,834] {dag.py:2935} INFO - Setting next_dagrun for example_branch_datetime_operator_2 to 2024-05-15 00:00:00+00:00
[2024-05-16 13:19:42,837] {processor.py:171} INFO - Processing /Users/nikhilanand/airflow_venv/lib/python3.9/site-packages/airflow/example_dags/example_branch_datetime_operator.py took 0.035 seconds
[2024-05-16 13:20:49,723] {processor.py:163} INFO - Started process (PID=7090) to work on /Users/nikhilanand/airflow_venv/lib/python3.9/site-packages/airflow/example_dags/example_branch_datetime_operator.py
[2024-05-16 13:20:49,723] {processor.py:642} INFO - Processing file /Users/nikhilanand/airflow_venv/lib/python3.9/site-packages/airflow/example_dags/example_branch_datetime_operator.py for tasks to queue
[2024-05-16 13:20:49,724] {logging_mixin.py:109} INFO - [2024-05-16 13:20:49,724] {dagbag.py:500} INFO - Filling up the DagBag from /Users/nikhilanand/airflow_venv/lib/python3.9/site-packages/airflow/example_dags/example_branch_datetime_operator.py
[2024-05-16 13:20:49,741] {processor.py:654} INFO - DAG(s) dict_keys(['example_branch_datetime_operator_2']) retrieved from /Users/nikhilanand/airflow_venv/lib/python3.9/site-packages/airflow/example_dags/example_branch_datetime_operator.py
[2024-05-16 13:20:49,749] {logging_mixin.py:109} INFO - [2024-05-16 13:20:49,749] {dag.py:2396} INFO - Sync 1 DAGs
[2024-05-16 13:20:49,755] {logging_mixin.py:109} INFO - [2024-05-16 13:20:49,754] {dag.py:2935} INFO - Setting next_dagrun for example_branch_datetime_operator_2 to 2024-05-15 00:00:00+00:00
[2024-05-16 13:20:49,759] {processor.py:171} INFO - Processing /Users/nikhilanand/airflow_venv/lib/python3.9/site-packages/airflow/example_dags/example_branch_datetime_operator.py took 0.036 seconds
[2024-05-16 13:22:00,481] {processor.py:163} INFO - Started process (PID=7917) to work on /Users/nikhilanand/airflow_venv/lib/python3.9/site-packages/airflow/example_dags/example_branch_datetime_operator.py
[2024-05-16 13:22:00,482] {processor.py:642} INFO - Processing file /Users/nikhilanand/airflow_venv/lib/python3.9/site-packages/airflow/example_dags/example_branch_datetime_operator.py for tasks to queue
[2024-05-16 13:22:00,483] {logging_mixin.py:109} INFO - [2024-05-16 13:22:00,483] {dagbag.py:500} INFO - Filling up the DagBag from /Users/nikhilanand/airflow_venv/lib/python3.9/site-packages/airflow/example_dags/example_branch_datetime_operator.py
[2024-05-16 13:22:00,503] {processor.py:654} INFO - DAG(s) dict_keys(['example_branch_datetime_operator_2']) retrieved from /Users/nikhilanand/airflow_venv/lib/python3.9/site-packages/airflow/example_dags/example_branch_datetime_operator.py
[2024-05-16 13:22:00,513] {logging_mixin.py:109} INFO - [2024-05-16 13:22:00,513] {dag.py:2396} INFO - Sync 1 DAGs
[2024-05-16 13:22:00,519] {logging_mixin.py:109} INFO - [2024-05-16 13:22:00,519] {dag.py:2935} INFO - Setting next_dagrun for example_branch_datetime_operator_2 to 2024-05-15 00:00:00+00:00
[2024-05-16 13:22:00,524] {processor.py:171} INFO - Processing /Users/nikhilanand/airflow_venv/lib/python3.9/site-packages/airflow/example_dags/example_branch_datetime_operator.py took 0.043 seconds
[2024-05-16 13:23:06,872] {processor.py:163} INFO - Started process (PID=8706) to work on /Users/nikhilanand/airflow_venv/lib/python3.9/site-packages/airflow/example_dags/example_branch_datetime_operator.py
[2024-05-16 13:23:06,872] {processor.py:642} INFO - Processing file /Users/nikhilanand/airflow_venv/lib/python3.9/site-packages/airflow/example_dags/example_branch_datetime_operator.py for tasks to queue
[2024-05-16 13:23:06,872] {logging_mixin.py:109} INFO - [2024-05-16 13:23:06,872] {dagbag.py:500} INFO - Filling up the DagBag from /Users/nikhilanand/airflow_venv/lib/python3.9/site-packages/airflow/example_dags/example_branch_datetime_operator.py
[2024-05-16 13:23:06,890] {processor.py:654} INFO - DAG(s) dict_keys(['example_branch_datetime_operator_2']) retrieved from /Users/nikhilanand/airflow_venv/lib/python3.9/site-packages/airflow/example_dags/example_branch_datetime_operator.py
[2024-05-16 13:23:06,900] {logging_mixin.py:109} INFO - [2024-05-16 13:23:06,900] {dag.py:2396} INFO - Sync 1 DAGs
[2024-05-16 13:23:06,906] {logging_mixin.py:109} INFO - [2024-05-16 13:23:06,906] {dag.py:2935} INFO - Setting next_dagrun for example_branch_datetime_operator_2 to 2024-05-15 00:00:00+00:00
[2024-05-16 13:23:06,911] {processor.py:171} INFO - Processing /Users/nikhilanand/airflow_venv/lib/python3.9/site-packages/airflow/example_dags/example_branch_datetime_operator.py took 0.039 seconds
[2024-05-16 13:24:15,113] {processor.py:163} INFO - Started process (PID=9501) to work on /Users/nikhilanand/airflow_venv/lib/python3.9/site-packages/airflow/example_dags/example_branch_datetime_operator.py
[2024-05-16 13:24:15,114] {processor.py:642} INFO - Processing file /Users/nikhilanand/airflow_venv/lib/python3.9/site-packages/airflow/example_dags/example_branch_datetime_operator.py for tasks to queue
[2024-05-16 13:24:15,114] {logging_mixin.py:109} INFO - [2024-05-16 13:24:15,114] {dagbag.py:500} INFO - Filling up the DagBag from /Users/nikhilanand/airflow_venv/lib/python3.9/site-packages/airflow/example_dags/example_branch_datetime_operator.py
[2024-05-16 13:24:15,130] {processor.py:654} INFO - DAG(s) dict_keys(['example_branch_datetime_operator_2']) retrieved from /Users/nikhilanand/airflow_venv/lib/python3.9/site-packages/airflow/example_dags/example_branch_datetime_operator.py
[2024-05-16 13:24:15,139] {logging_mixin.py:109} INFO - [2024-05-16 13:24:15,139] {dag.py:2396} INFO - Sync 1 DAGs
[2024-05-16 13:24:15,144] {logging_mixin.py:109} INFO - [2024-05-16 13:24:15,144] {dag.py:2935} INFO - Setting next_dagrun for example_branch_datetime_operator_2 to 2024-05-15 00:00:00+00:00
[2024-05-16 13:24:15,148] {processor.py:171} INFO - Processing /Users/nikhilanand/airflow_venv/lib/python3.9/site-packages/airflow/example_dags/example_branch_datetime_operator.py took 0.035 seconds
[2024-05-16 13:25:24,541] {processor.py:163} INFO - Started process (PID=10688) to work on /Users/nikhilanand/airflow_venv/lib/python3.9/site-packages/airflow/example_dags/example_branch_datetime_operator.py
[2024-05-16 13:25:24,542] {processor.py:642} INFO - Processing file /Users/nikhilanand/airflow_venv/lib/python3.9/site-packages/airflow/example_dags/example_branch_datetime_operator.py for tasks to queue
[2024-05-16 13:25:24,542] {logging_mixin.py:109} INFO - [2024-05-16 13:25:24,542] {dagbag.py:500} INFO - Filling up the DagBag from /Users/nikhilanand/airflow_venv/lib/python3.9/site-packages/airflow/example_dags/example_branch_datetime_operator.py
[2024-05-16 13:25:24,559] {processor.py:654} INFO - DAG(s) dict_keys(['example_branch_datetime_operator_2']) retrieved from /Users/nikhilanand/airflow_venv/lib/python3.9/site-packages/airflow/example_dags/example_branch_datetime_operator.py
[2024-05-16 13:25:24,568] {logging_mixin.py:109} INFO - [2024-05-16 13:25:24,568] {dag.py:2396} INFO - Sync 1 DAGs
[2024-05-16 13:25:24,573] {logging_mixin.py:109} INFO - [2024-05-16 13:25:24,572] {dag.py:2935} INFO - Setting next_dagrun for example_branch_datetime_operator_2 to 2024-05-15 00:00:00+00:00
[2024-05-16 13:25:24,576] {processor.py:171} INFO - Processing /Users/nikhilanand/airflow_venv/lib/python3.9/site-packages/airflow/example_dags/example_branch_datetime_operator.py took 0.035 seconds
[2024-05-16 13:26:31,010] {processor.py:163} INFO - Started process (PID=11477) to work on /Users/nikhilanand/airflow_venv/lib/python3.9/site-packages/airflow/example_dags/example_branch_datetime_operator.py
[2024-05-16 13:26:31,010] {processor.py:642} INFO - Processing file /Users/nikhilanand/airflow_venv/lib/python3.9/site-packages/airflow/example_dags/example_branch_datetime_operator.py for tasks to queue
[2024-05-16 13:26:31,010] {logging_mixin.py:109} INFO - [2024-05-16 13:26:31,010] {dagbag.py:500} INFO - Filling up the DagBag from /Users/nikhilanand/airflow_venv/lib/python3.9/site-packages/airflow/example_dags/example_branch_datetime_operator.py
[2024-05-16 13:26:31,026] {processor.py:654} INFO - DAG(s) dict_keys(['example_branch_datetime_operator_2']) retrieved from /Users/nikhilanand/airflow_venv/lib/python3.9/site-packages/airflow/example_dags/example_branch_datetime_operator.py
[2024-05-16 13:26:31,034] {logging_mixin.py:109} INFO - [2024-05-16 13:26:31,034] {dag.py:2396} INFO - Sync 1 DAGs
[2024-05-16 13:26:31,039] {logging_mixin.py:109} INFO - [2024-05-16 13:26:31,039] {dag.py:2935} INFO - Setting next_dagrun for example_branch_datetime_operator_2 to 2024-05-15 00:00:00+00:00
[2024-05-16 13:26:31,043] {processor.py:171} INFO - Processing /Users/nikhilanand/airflow_venv/lib/python3.9/site-packages/airflow/example_dags/example_branch_datetime_operator.py took 0.033 seconds
[2024-05-16 13:27:40,568] {processor.py:163} INFO - Started process (PID=12311) to work on /Users/nikhilanand/airflow_venv/lib/python3.9/site-packages/airflow/example_dags/example_branch_datetime_operator.py
[2024-05-16 13:27:40,569] {processor.py:642} INFO - Processing file /Users/nikhilanand/airflow_venv/lib/python3.9/site-packages/airflow/example_dags/example_branch_datetime_operator.py for tasks to queue
[2024-05-16 13:27:40,569] {logging_mixin.py:109} INFO - [2024-05-16 13:27:40,569] {dagbag.py:500} INFO - Filling up the DagBag from /Users/nikhilanand/airflow_venv/lib/python3.9/site-packages/airflow/example_dags/example_branch_datetime_operator.py
[2024-05-16 13:27:40,586] {processor.py:654} INFO - DAG(s) dict_keys(['example_branch_datetime_operator_2']) retrieved from /Users/nikhilanand/airflow_venv/lib/python3.9/site-packages/airflow/example_dags/example_branch_datetime_operator.py
[2024-05-16 13:27:40,596] {logging_mixin.py:109} INFO - [2024-05-16 13:27:40,595] {dag.py:2396} INFO - Sync 1 DAGs
[2024-05-16 13:27:40,600] {logging_mixin.py:109} INFO - [2024-05-16 13:27:40,600] {dag.py:2935} INFO - Setting next_dagrun for example_branch_datetime_operator_2 to 2024-05-15 00:00:00+00:00
[2024-05-16 13:27:40,604] {processor.py:171} INFO - Processing /Users/nikhilanand/airflow_venv/lib/python3.9/site-packages/airflow/example_dags/example_branch_datetime_operator.py took 0.036 seconds
[2024-05-16 13:29:12,210] {processor.py:163} INFO - Started process (PID=13381) to work on /Users/nikhilanand/airflow_venv/lib/python3.9/site-packages/airflow/example_dags/example_branch_datetime_operator.py
[2024-05-16 13:29:12,211] {processor.py:642} INFO - Processing file /Users/nikhilanand/airflow_venv/lib/python3.9/site-packages/airflow/example_dags/example_branch_datetime_operator.py for tasks to queue
[2024-05-16 13:29:12,211] {logging_mixin.py:109} INFO - [2024-05-16 13:29:12,211] {dagbag.py:500} INFO - Filling up the DagBag from /Users/nikhilanand/airflow_venv/lib/python3.9/site-packages/airflow/example_dags/example_branch_datetime_operator.py
[2024-05-16 13:29:12,230] {processor.py:654} INFO - DAG(s) dict_keys(['example_branch_datetime_operator_2']) retrieved from /Users/nikhilanand/airflow_venv/lib/python3.9/site-packages/airflow/example_dags/example_branch_datetime_operator.py
[2024-05-16 13:29:12,241] {logging_mixin.py:109} INFO - [2024-05-16 13:29:12,241] {dag.py:2396} INFO - Sync 1 DAGs
[2024-05-16 13:29:12,247] {logging_mixin.py:109} INFO - [2024-05-16 13:29:12,247] {dag.py:2935} INFO - Setting next_dagrun for example_branch_datetime_operator_2 to 2024-05-15 00:00:00+00:00
[2024-05-16 13:29:12,252] {processor.py:171} INFO - Processing /Users/nikhilanand/airflow_venv/lib/python3.9/site-packages/airflow/example_dags/example_branch_datetime_operator.py took 0.042 seconds
[2024-05-16 13:30:20,591] {processor.py:163} INFO - Started process (PID=14226) to work on /Users/nikhilanand/airflow_venv/lib/python3.9/site-packages/airflow/example_dags/example_branch_datetime_operator.py
[2024-05-16 13:30:20,591] {processor.py:642} INFO - Processing file /Users/nikhilanand/airflow_venv/lib/python3.9/site-packages/airflow/example_dags/example_branch_datetime_operator.py for tasks to queue
[2024-05-16 13:30:20,592] {logging_mixin.py:109} INFO - [2024-05-16 13:30:20,592] {dagbag.py:500} INFO - Filling up the DagBag from /Users/nikhilanand/airflow_venv/lib/python3.9/site-packages/airflow/example_dags/example_branch_datetime_operator.py
[2024-05-16 13:30:20,609] {processor.py:654} INFO - DAG(s) dict_keys(['example_branch_datetime_operator_2']) retrieved from /Users/nikhilanand/airflow_venv/lib/python3.9/site-packages/airflow/example_dags/example_branch_datetime_operator.py
[2024-05-16 13:30:20,618] {logging_mixin.py:109} INFO - [2024-05-16 13:30:20,618] {dag.py:2396} INFO - Sync 1 DAGs
[2024-05-16 13:30:20,623] {logging_mixin.py:109} INFO - [2024-05-16 13:30:20,623] {dag.py:2935} INFO - Setting next_dagrun for example_branch_datetime_operator_2 to 2024-05-15 00:00:00+00:00
[2024-05-16 13:30:20,626] {processor.py:171} INFO - Processing /Users/nikhilanand/airflow_venv/lib/python3.9/site-packages/airflow/example_dags/example_branch_datetime_operator.py took 0.036 seconds
[2024-05-16 13:31:32,107] {processor.py:163} INFO - Started process (PID=15079) to work on /Users/nikhilanand/airflow_venv/lib/python3.9/site-packages/airflow/example_dags/example_branch_datetime_operator.py
[2024-05-16 13:31:32,108] {processor.py:642} INFO - Processing file /Users/nikhilanand/airflow_venv/lib/python3.9/site-packages/airflow/example_dags/example_branch_datetime_operator.py for tasks to queue
[2024-05-16 13:31:32,109] {logging_mixin.py:109} INFO - [2024-05-16 13:31:32,109] {dagbag.py:500} INFO - Filling up the DagBag from /Users/nikhilanand/airflow_venv/lib/python3.9/site-packages/airflow/example_dags/example_branch_datetime_operator.py
[2024-05-16 13:31:32,127] {processor.py:654} INFO - DAG(s) dict_keys(['example_branch_datetime_operator_2']) retrieved from /Users/nikhilanand/airflow_venv/lib/python3.9/site-packages/airflow/example_dags/example_branch_datetime_operator.py
[2024-05-16 13:31:32,135] {logging_mixin.py:109} INFO - [2024-05-16 13:31:32,135] {dag.py:2396} INFO - Sync 1 DAGs
[2024-05-16 13:31:32,140] {logging_mixin.py:109} INFO - [2024-05-16 13:31:32,140] {dag.py:2935} INFO - Setting next_dagrun for example_branch_datetime_operator_2 to 2024-05-15 00:00:00+00:00
[2024-05-16 13:31:32,144] {processor.py:171} INFO - Processing /Users/nikhilanand/airflow_venv/lib/python3.9/site-packages/airflow/example_dags/example_branch_datetime_operator.py took 0.037 seconds
[2024-05-16 13:32:40,831] {processor.py:163} INFO - Started process (PID=15916) to work on /Users/nikhilanand/airflow_venv/lib/python3.9/site-packages/airflow/example_dags/example_branch_datetime_operator.py
[2024-05-16 13:32:40,831] {processor.py:642} INFO - Processing file /Users/nikhilanand/airflow_venv/lib/python3.9/site-packages/airflow/example_dags/example_branch_datetime_operator.py for tasks to queue
[2024-05-16 13:32:40,831] {logging_mixin.py:109} INFO - [2024-05-16 13:32:40,831] {dagbag.py:500} INFO - Filling up the DagBag from /Users/nikhilanand/airflow_venv/lib/python3.9/site-packages/airflow/example_dags/example_branch_datetime_operator.py
[2024-05-16 13:32:40,848] {processor.py:654} INFO - DAG(s) dict_keys(['example_branch_datetime_operator_2']) retrieved from /Users/nikhilanand/airflow_venv/lib/python3.9/site-packages/airflow/example_dags/example_branch_datetime_operator.py
[2024-05-16 13:32:40,856] {logging_mixin.py:109} INFO - [2024-05-16 13:32:40,856] {dag.py:2396} INFO - Sync 1 DAGs
[2024-05-16 13:32:40,861] {logging_mixin.py:109} INFO - [2024-05-16 13:32:40,861] {dag.py:2935} INFO - Setting next_dagrun for example_branch_datetime_operator_2 to 2024-05-15 00:00:00+00:00
[2024-05-16 13:32:40,866] {processor.py:171} INFO - Processing /Users/nikhilanand/airflow_venv/lib/python3.9/site-packages/airflow/example_dags/example_branch_datetime_operator.py took 0.036 seconds
