[2024-05-16 12:54:04,659] {processor.py:163} INFO - Started process (PID=87263) to work on /Users/nikhilanand/airflow_venv/lib/python3.9/site-packages/airflow/example_dags/example_time_delta_sensor_async.py
[2024-05-16 12:54:04,659] {processor.py:642} INFO - Processing file /Users/nikhilanand/airflow_venv/lib/python3.9/site-packages/airflow/example_dags/example_time_delta_sensor_async.py for tasks to queue
[2024-05-16 12:54:04,660] {logging_mixin.py:109} INFO - [2024-05-16 12:54:04,660] {dagbag.py:500} INFO - Filling up the DagBag from /Users/nikhilanand/airflow_venv/lib/python3.9/site-packages/airflow/example_dags/example_time_delta_sensor_async.py
[2024-05-16 12:54:04,676] {processor.py:654} INFO - DAG(s) dict_keys(['example_time_delta_sensor_async']) retrieved from /Users/nikhilanand/airflow_venv/lib/python3.9/site-packages/airflow/example_dags/example_time_delta_sensor_async.py
[2024-05-16 12:54:04,684] {logging_mixin.py:109} INFO - [2024-05-16 12:54:04,684] {dag.py:2396} INFO - Sync 1 DAGs
[2024-05-16 12:54:04,688] {logging_mixin.py:109} INFO - [2024-05-16 12:54:04,688] {dag.py:2935} INFO - Setting next_dagrun for example_time_delta_sensor_async to None
[2024-05-16 12:54:04,692] {processor.py:171} INFO - Processing /Users/nikhilanand/airflow_venv/lib/python3.9/site-packages/airflow/example_dags/example_time_delta_sensor_async.py took 0.033 seconds
[2024-05-16 12:55:10,813] {processor.py:163} INFO - Started process (PID=88074) to work on /Users/nikhilanand/airflow_venv/lib/python3.9/site-packages/airflow/example_dags/example_time_delta_sensor_async.py
[2024-05-16 12:55:10,814] {processor.py:642} INFO - Processing file /Users/nikhilanand/airflow_venv/lib/python3.9/site-packages/airflow/example_dags/example_time_delta_sensor_async.py for tasks to queue
[2024-05-16 12:55:10,814] {logging_mixin.py:109} INFO - [2024-05-16 12:55:10,814] {dagbag.py:500} INFO - Filling up the DagBag from /Users/nikhilanand/airflow_venv/lib/python3.9/site-packages/airflow/example_dags/example_time_delta_sensor_async.py
[2024-05-16 12:55:10,831] {processor.py:654} INFO - DAG(s) dict_keys(['example_time_delta_sensor_async']) retrieved from /Users/nikhilanand/airflow_venv/lib/python3.9/site-packages/airflow/example_dags/example_time_delta_sensor_async.py
[2024-05-16 12:55:10,840] {logging_mixin.py:109} INFO - [2024-05-16 12:55:10,840] {dag.py:2396} INFO - Sync 1 DAGs
[2024-05-16 12:55:10,845] {logging_mixin.py:109} INFO - [2024-05-16 12:55:10,844] {dag.py:2935} INFO - Setting next_dagrun for example_time_delta_sensor_async to None
[2024-05-16 12:55:10,848] {processor.py:171} INFO - Processing /Users/nikhilanand/airflow_venv/lib/python3.9/site-packages/airflow/example_dags/example_time_delta_sensor_async.py took 0.035 seconds
[2024-05-16 12:56:17,388] {processor.py:163} INFO - Started process (PID=88876) to work on /Users/nikhilanand/airflow_venv/lib/python3.9/site-packages/airflow/example_dags/example_time_delta_sensor_async.py
[2024-05-16 12:56:17,389] {processor.py:642} INFO - Processing file /Users/nikhilanand/airflow_venv/lib/python3.9/site-packages/airflow/example_dags/example_time_delta_sensor_async.py for tasks to queue
[2024-05-16 12:56:17,389] {logging_mixin.py:109} INFO - [2024-05-16 12:56:17,389] {dagbag.py:500} INFO - Filling up the DagBag from /Users/nikhilanand/airflow_venv/lib/python3.9/site-packages/airflow/example_dags/example_time_delta_sensor_async.py
[2024-05-16 12:56:17,404] {processor.py:654} INFO - DAG(s) dict_keys(['example_time_delta_sensor_async']) retrieved from /Users/nikhilanand/airflow_venv/lib/python3.9/site-packages/airflow/example_dags/example_time_delta_sensor_async.py
[2024-05-16 12:56:17,413] {logging_mixin.py:109} INFO - [2024-05-16 12:56:17,412] {dag.py:2396} INFO - Sync 1 DAGs
[2024-05-16 12:56:17,417] {logging_mixin.py:109} INFO - [2024-05-16 12:56:17,417] {dag.py:2935} INFO - Setting next_dagrun for example_time_delta_sensor_async to None
[2024-05-16 12:56:17,421] {processor.py:171} INFO - Processing /Users/nikhilanand/airflow_venv/lib/python3.9/site-packages/airflow/example_dags/example_time_delta_sensor_async.py took 0.032 seconds
[2024-05-16 12:57:24,508] {processor.py:163} INFO - Started process (PID=89667) to work on /Users/nikhilanand/airflow_venv/lib/python3.9/site-packages/airflow/example_dags/example_time_delta_sensor_async.py
[2024-05-16 12:57:24,509] {processor.py:642} INFO - Processing file /Users/nikhilanand/airflow_venv/lib/python3.9/site-packages/airflow/example_dags/example_time_delta_sensor_async.py for tasks to queue
[2024-05-16 12:57:24,509] {logging_mixin.py:109} INFO - [2024-05-16 12:57:24,509] {dagbag.py:500} INFO - Filling up the DagBag from /Users/nikhilanand/airflow_venv/lib/python3.9/site-packages/airflow/example_dags/example_time_delta_sensor_async.py
[2024-05-16 12:57:24,524] {processor.py:654} INFO - DAG(s) dict_keys(['example_time_delta_sensor_async']) retrieved from /Users/nikhilanand/airflow_venv/lib/python3.9/site-packages/airflow/example_dags/example_time_delta_sensor_async.py
[2024-05-16 12:57:24,533] {logging_mixin.py:109} INFO - [2024-05-16 12:57:24,532] {dag.py:2396} INFO - Sync 1 DAGs
[2024-05-16 12:57:24,537] {logging_mixin.py:109} INFO - [2024-05-16 12:57:24,537] {dag.py:2935} INFO - Setting next_dagrun for example_time_delta_sensor_async to None
[2024-05-16 12:57:24,541] {processor.py:171} INFO - Processing /Users/nikhilanand/airflow_venv/lib/python3.9/site-packages/airflow/example_dags/example_time_delta_sensor_async.py took 0.033 seconds
[2024-05-16 12:58:35,724] {processor.py:163} INFO - Started process (PID=90453) to work on /Users/nikhilanand/airflow_venv/lib/python3.9/site-packages/airflow/example_dags/example_time_delta_sensor_async.py
[2024-05-16 12:58:35,725] {processor.py:642} INFO - Processing file /Users/nikhilanand/airflow_venv/lib/python3.9/site-packages/airflow/example_dags/example_time_delta_sensor_async.py for tasks to queue
[2024-05-16 12:58:35,725] {logging_mixin.py:109} INFO - [2024-05-16 12:58:35,725] {dagbag.py:500} INFO - Filling up the DagBag from /Users/nikhilanand/airflow_venv/lib/python3.9/site-packages/airflow/example_dags/example_time_delta_sensor_async.py
[2024-05-16 12:58:35,740] {processor.py:654} INFO - DAG(s) dict_keys(['example_time_delta_sensor_async']) retrieved from /Users/nikhilanand/airflow_venv/lib/python3.9/site-packages/airflow/example_dags/example_time_delta_sensor_async.py
[2024-05-16 12:58:35,749] {logging_mixin.py:109} INFO - [2024-05-16 12:58:35,749] {dag.py:2396} INFO - Sync 1 DAGs
[2024-05-16 12:58:35,754] {logging_mixin.py:109} INFO - [2024-05-16 12:58:35,754] {dag.py:2935} INFO - Setting next_dagrun for example_time_delta_sensor_async to None
[2024-05-16 12:58:35,758] {processor.py:171} INFO - Processing /Users/nikhilanand/airflow_venv/lib/python3.9/site-packages/airflow/example_dags/example_time_delta_sensor_async.py took 0.033 seconds
[2024-05-16 12:59:49,316] {processor.py:163} INFO - Started process (PID=91315) to work on /Users/nikhilanand/airflow_venv/lib/python3.9/site-packages/airflow/example_dags/example_time_delta_sensor_async.py
[2024-05-16 12:59:49,317] {processor.py:642} INFO - Processing file /Users/nikhilanand/airflow_venv/lib/python3.9/site-packages/airflow/example_dags/example_time_delta_sensor_async.py for tasks to queue
[2024-05-16 12:59:49,317] {logging_mixin.py:109} INFO - [2024-05-16 12:59:49,317] {dagbag.py:500} INFO - Filling up the DagBag from /Users/nikhilanand/airflow_venv/lib/python3.9/site-packages/airflow/example_dags/example_time_delta_sensor_async.py
[2024-05-16 12:59:49,332] {processor.py:654} INFO - DAG(s) dict_keys(['example_time_delta_sensor_async']) retrieved from /Users/nikhilanand/airflow_venv/lib/python3.9/site-packages/airflow/example_dags/example_time_delta_sensor_async.py
[2024-05-16 12:59:49,340] {logging_mixin.py:109} INFO - [2024-05-16 12:59:49,340] {dag.py:2396} INFO - Sync 1 DAGs
[2024-05-16 12:59:49,345] {logging_mixin.py:109} INFO - [2024-05-16 12:59:49,345] {dag.py:2935} INFO - Setting next_dagrun for example_time_delta_sensor_async to None
[2024-05-16 12:59:49,348] {processor.py:171} INFO - Processing /Users/nikhilanand/airflow_venv/lib/python3.9/site-packages/airflow/example_dags/example_time_delta_sensor_async.py took 0.033 seconds
[2024-05-16 13:01:00,907] {processor.py:163} INFO - Started process (PID=92146) to work on /Users/nikhilanand/airflow_venv/lib/python3.9/site-packages/airflow/example_dags/example_time_delta_sensor_async.py
[2024-05-16 13:01:00,908] {processor.py:642} INFO - Processing file /Users/nikhilanand/airflow_venv/lib/python3.9/site-packages/airflow/example_dags/example_time_delta_sensor_async.py for tasks to queue
[2024-05-16 13:01:00,908] {logging_mixin.py:109} INFO - [2024-05-16 13:01:00,908] {dagbag.py:500} INFO - Filling up the DagBag from /Users/nikhilanand/airflow_venv/lib/python3.9/site-packages/airflow/example_dags/example_time_delta_sensor_async.py
[2024-05-16 13:01:00,924] {processor.py:654} INFO - DAG(s) dict_keys(['example_time_delta_sensor_async']) retrieved from /Users/nikhilanand/airflow_venv/lib/python3.9/site-packages/airflow/example_dags/example_time_delta_sensor_async.py
[2024-05-16 13:01:00,933] {logging_mixin.py:109} INFO - [2024-05-16 13:01:00,933] {dag.py:2396} INFO - Sync 1 DAGs
[2024-05-16 13:01:00,937] {logging_mixin.py:109} INFO - [2024-05-16 13:01:00,937] {dag.py:2935} INFO - Setting next_dagrun for example_time_delta_sensor_async to None
[2024-05-16 13:01:00,940] {processor.py:171} INFO - Processing /Users/nikhilanand/airflow_venv/lib/python3.9/site-packages/airflow/example_dags/example_time_delta_sensor_async.py took 0.034 seconds
[2024-05-16 13:02:10,752] {processor.py:163} INFO - Started process (PID=92953) to work on /Users/nikhilanand/airflow_venv/lib/python3.9/site-packages/airflow/example_dags/example_time_delta_sensor_async.py
[2024-05-16 13:02:10,752] {processor.py:642} INFO - Processing file /Users/nikhilanand/airflow_venv/lib/python3.9/site-packages/airflow/example_dags/example_time_delta_sensor_async.py for tasks to queue
[2024-05-16 13:02:10,752] {logging_mixin.py:109} INFO - [2024-05-16 13:02:10,752] {dagbag.py:500} INFO - Filling up the DagBag from /Users/nikhilanand/airflow_venv/lib/python3.9/site-packages/airflow/example_dags/example_time_delta_sensor_async.py
[2024-05-16 13:02:10,770] {processor.py:654} INFO - DAG(s) dict_keys(['example_time_delta_sensor_async']) retrieved from /Users/nikhilanand/airflow_venv/lib/python3.9/site-packages/airflow/example_dags/example_time_delta_sensor_async.py
[2024-05-16 13:02:10,779] {logging_mixin.py:109} INFO - [2024-05-16 13:02:10,779] {dag.py:2396} INFO - Sync 1 DAGs
[2024-05-16 13:02:10,784] {logging_mixin.py:109} INFO - [2024-05-16 13:02:10,784] {dag.py:2935} INFO - Setting next_dagrun for example_time_delta_sensor_async to None
[2024-05-16 13:02:10,788] {processor.py:171} INFO - Processing /Users/nikhilanand/airflow_venv/lib/python3.9/site-packages/airflow/example_dags/example_time_delta_sensor_async.py took 0.036 seconds
[2024-05-16 13:03:20,561] {processor.py:163} INFO - Started process (PID=93769) to work on /Users/nikhilanand/airflow_venv/lib/python3.9/site-packages/airflow/example_dags/example_time_delta_sensor_async.py
[2024-05-16 13:03:20,562] {processor.py:642} INFO - Processing file /Users/nikhilanand/airflow_venv/lib/python3.9/site-packages/airflow/example_dags/example_time_delta_sensor_async.py for tasks to queue
[2024-05-16 13:03:20,562] {logging_mixin.py:109} INFO - [2024-05-16 13:03:20,562] {dagbag.py:500} INFO - Filling up the DagBag from /Users/nikhilanand/airflow_venv/lib/python3.9/site-packages/airflow/example_dags/example_time_delta_sensor_async.py
[2024-05-16 13:03:20,578] {processor.py:654} INFO - DAG(s) dict_keys(['example_time_delta_sensor_async']) retrieved from /Users/nikhilanand/airflow_venv/lib/python3.9/site-packages/airflow/example_dags/example_time_delta_sensor_async.py
[2024-05-16 13:03:20,587] {logging_mixin.py:109} INFO - [2024-05-16 13:03:20,586] {dag.py:2396} INFO - Sync 1 DAGs
[2024-05-16 13:03:20,591] {logging_mixin.py:109} INFO - [2024-05-16 13:03:20,591] {dag.py:2935} INFO - Setting next_dagrun for example_time_delta_sensor_async to None
[2024-05-16 13:03:20,594] {processor.py:171} INFO - Processing /Users/nikhilanand/airflow_venv/lib/python3.9/site-packages/airflow/example_dags/example_time_delta_sensor_async.py took 0.033 seconds
[2024-05-16 13:04:33,272] {processor.py:163} INFO - Started process (PID=94961) to work on /Users/nikhilanand/airflow_venv/lib/python3.9/site-packages/airflow/example_dags/example_time_delta_sensor_async.py
[2024-05-16 13:04:33,273] {processor.py:642} INFO - Processing file /Users/nikhilanand/airflow_venv/lib/python3.9/site-packages/airflow/example_dags/example_time_delta_sensor_async.py for tasks to queue
[2024-05-16 13:04:33,273] {logging_mixin.py:109} INFO - [2024-05-16 13:04:33,273] {dagbag.py:500} INFO - Filling up the DagBag from /Users/nikhilanand/airflow_venv/lib/python3.9/site-packages/airflow/example_dags/example_time_delta_sensor_async.py
[2024-05-16 13:04:33,289] {processor.py:654} INFO - DAG(s) dict_keys(['example_time_delta_sensor_async']) retrieved from /Users/nikhilanand/airflow_venv/lib/python3.9/site-packages/airflow/example_dags/example_time_delta_sensor_async.py
[2024-05-16 13:04:33,298] {logging_mixin.py:109} INFO - [2024-05-16 13:04:33,298] {dag.py:2396} INFO - Sync 1 DAGs
[2024-05-16 13:04:33,302] {logging_mixin.py:109} INFO - [2024-05-16 13:04:33,302] {dag.py:2935} INFO - Setting next_dagrun for example_time_delta_sensor_async to None
[2024-05-16 13:04:33,306] {processor.py:171} INFO - Processing /Users/nikhilanand/airflow_venv/lib/python3.9/site-packages/airflow/example_dags/example_time_delta_sensor_async.py took 0.034 seconds
[2024-05-16 13:05:50,805] {processor.py:163} INFO - Started process (PID=95883) to work on /Users/nikhilanand/airflow_venv/lib/python3.9/site-packages/airflow/example_dags/example_time_delta_sensor_async.py
[2024-05-16 13:05:50,806] {processor.py:642} INFO - Processing file /Users/nikhilanand/airflow_venv/lib/python3.9/site-packages/airflow/example_dags/example_time_delta_sensor_async.py for tasks to queue
[2024-05-16 13:05:50,806] {logging_mixin.py:109} INFO - [2024-05-16 13:05:50,806] {dagbag.py:500} INFO - Filling up the DagBag from /Users/nikhilanand/airflow_venv/lib/python3.9/site-packages/airflow/example_dags/example_time_delta_sensor_async.py
[2024-05-16 13:05:50,823] {processor.py:654} INFO - DAG(s) dict_keys(['example_time_delta_sensor_async']) retrieved from /Users/nikhilanand/airflow_venv/lib/python3.9/site-packages/airflow/example_dags/example_time_delta_sensor_async.py
[2024-05-16 13:05:50,831] {logging_mixin.py:109} INFO - [2024-05-16 13:05:50,831] {dag.py:2396} INFO - Sync 1 DAGs
[2024-05-16 13:05:50,835] {logging_mixin.py:109} INFO - [2024-05-16 13:05:50,835] {dag.py:2935} INFO - Setting next_dagrun for example_time_delta_sensor_async to None
[2024-05-16 13:05:50,839] {processor.py:171} INFO - Processing /Users/nikhilanand/airflow_venv/lib/python3.9/site-packages/airflow/example_dags/example_time_delta_sensor_async.py took 0.034 seconds
[2024-05-16 13:06:57,989] {processor.py:163} INFO - Started process (PID=96678) to work on /Users/nikhilanand/airflow_venv/lib/python3.9/site-packages/airflow/example_dags/example_time_delta_sensor_async.py
[2024-05-16 13:06:57,990] {processor.py:642} INFO - Processing file /Users/nikhilanand/airflow_venv/lib/python3.9/site-packages/airflow/example_dags/example_time_delta_sensor_async.py for tasks to queue
[2024-05-16 13:06:57,990] {logging_mixin.py:109} INFO - [2024-05-16 13:06:57,990] {dagbag.py:500} INFO - Filling up the DagBag from /Users/nikhilanand/airflow_venv/lib/python3.9/site-packages/airflow/example_dags/example_time_delta_sensor_async.py
[2024-05-16 13:06:58,007] {processor.py:654} INFO - DAG(s) dict_keys(['example_time_delta_sensor_async']) retrieved from /Users/nikhilanand/airflow_venv/lib/python3.9/site-packages/airflow/example_dags/example_time_delta_sensor_async.py
[2024-05-16 13:06:58,016] {logging_mixin.py:109} INFO - [2024-05-16 13:06:58,016] {dag.py:2396} INFO - Sync 1 DAGs
[2024-05-16 13:06:58,021] {logging_mixin.py:109} INFO - [2024-05-16 13:06:58,021] {dag.py:2935} INFO - Setting next_dagrun for example_time_delta_sensor_async to None
[2024-05-16 13:06:58,025] {processor.py:171} INFO - Processing /Users/nikhilanand/airflow_venv/lib/python3.9/site-packages/airflow/example_dags/example_time_delta_sensor_async.py took 0.036 seconds
[2024-05-16 13:08:16,465] {processor.py:163} INFO - Started process (PID=97561) to work on /Users/nikhilanand/airflow_venv/lib/python3.9/site-packages/airflow/example_dags/example_time_delta_sensor_async.py
[2024-05-16 13:08:16,466] {processor.py:642} INFO - Processing file /Users/nikhilanand/airflow_venv/lib/python3.9/site-packages/airflow/example_dags/example_time_delta_sensor_async.py for tasks to queue
[2024-05-16 13:08:16,466] {logging_mixin.py:109} INFO - [2024-05-16 13:08:16,466] {dagbag.py:500} INFO - Filling up the DagBag from /Users/nikhilanand/airflow_venv/lib/python3.9/site-packages/airflow/example_dags/example_time_delta_sensor_async.py
[2024-05-16 13:08:16,482] {processor.py:654} INFO - DAG(s) dict_keys(['example_time_delta_sensor_async']) retrieved from /Users/nikhilanand/airflow_venv/lib/python3.9/site-packages/airflow/example_dags/example_time_delta_sensor_async.py
[2024-05-16 13:08:16,490] {logging_mixin.py:109} INFO - [2024-05-16 13:08:16,490] {dag.py:2396} INFO - Sync 1 DAGs
[2024-05-16 13:08:16,494] {logging_mixin.py:109} INFO - [2024-05-16 13:08:16,494] {dag.py:2935} INFO - Setting next_dagrun for example_time_delta_sensor_async to None
[2024-05-16 13:08:16,498] {processor.py:171} INFO - Processing /Users/nikhilanand/airflow_venv/lib/python3.9/site-packages/airflow/example_dags/example_time_delta_sensor_async.py took 0.033 seconds
[2024-05-16 13:09:24,481] {processor.py:163} INFO - Started process (PID=98313) to work on /Users/nikhilanand/airflow_venv/lib/python3.9/site-packages/airflow/example_dags/example_time_delta_sensor_async.py
[2024-05-16 13:09:24,482] {processor.py:642} INFO - Processing file /Users/nikhilanand/airflow_venv/lib/python3.9/site-packages/airflow/example_dags/example_time_delta_sensor_async.py for tasks to queue
[2024-05-16 13:09:24,482] {logging_mixin.py:109} INFO - [2024-05-16 13:09:24,482] {dagbag.py:500} INFO - Filling up the DagBag from /Users/nikhilanand/airflow_venv/lib/python3.9/site-packages/airflow/example_dags/example_time_delta_sensor_async.py
[2024-05-16 13:09:24,500] {processor.py:654} INFO - DAG(s) dict_keys(['example_time_delta_sensor_async']) retrieved from /Users/nikhilanand/airflow_venv/lib/python3.9/site-packages/airflow/example_dags/example_time_delta_sensor_async.py
[2024-05-16 13:09:24,510] {logging_mixin.py:109} INFO - [2024-05-16 13:09:24,510] {dag.py:2396} INFO - Sync 1 DAGs
[2024-05-16 13:09:24,515] {logging_mixin.py:109} INFO - [2024-05-16 13:09:24,515] {dag.py:2935} INFO - Setting next_dagrun for example_time_delta_sensor_async to None
[2024-05-16 13:09:24,519] {processor.py:171} INFO - Processing /Users/nikhilanand/airflow_venv/lib/python3.9/site-packages/airflow/example_dags/example_time_delta_sensor_async.py took 0.038 seconds
[2024-05-16 13:10:35,068] {processor.py:163} INFO - Started process (PID=99088) to work on /Users/nikhilanand/airflow_venv/lib/python3.9/site-packages/airflow/example_dags/example_time_delta_sensor_async.py
[2024-05-16 13:10:35,069] {processor.py:642} INFO - Processing file /Users/nikhilanand/airflow_venv/lib/python3.9/site-packages/airflow/example_dags/example_time_delta_sensor_async.py for tasks to queue
[2024-05-16 13:10:35,069] {logging_mixin.py:109} INFO - [2024-05-16 13:10:35,069] {dagbag.py:500} INFO - Filling up the DagBag from /Users/nikhilanand/airflow_venv/lib/python3.9/site-packages/airflow/example_dags/example_time_delta_sensor_async.py
[2024-05-16 13:10:35,085] {processor.py:654} INFO - DAG(s) dict_keys(['example_time_delta_sensor_async']) retrieved from /Users/nikhilanand/airflow_venv/lib/python3.9/site-packages/airflow/example_dags/example_time_delta_sensor_async.py
[2024-05-16 13:10:35,094] {logging_mixin.py:109} INFO - [2024-05-16 13:10:35,094] {dag.py:2396} INFO - Sync 1 DAGs
[2024-05-16 13:10:35,098] {logging_mixin.py:109} INFO - [2024-05-16 13:10:35,098] {dag.py:2935} INFO - Setting next_dagrun for example_time_delta_sensor_async to None
[2024-05-16 13:10:35,101] {processor.py:171} INFO - Processing /Users/nikhilanand/airflow_venv/lib/python3.9/site-packages/airflow/example_dags/example_time_delta_sensor_async.py took 0.034 seconds
[2024-05-16 13:11:44,702] {processor.py:163} INFO - Started process (PID=99874) to work on /Users/nikhilanand/airflow_venv/lib/python3.9/site-packages/airflow/example_dags/example_time_delta_sensor_async.py
[2024-05-16 13:11:44,703] {processor.py:642} INFO - Processing file /Users/nikhilanand/airflow_venv/lib/python3.9/site-packages/airflow/example_dags/example_time_delta_sensor_async.py for tasks to queue
[2024-05-16 13:11:44,703] {logging_mixin.py:109} INFO - [2024-05-16 13:11:44,703] {dagbag.py:500} INFO - Filling up the DagBag from /Users/nikhilanand/airflow_venv/lib/python3.9/site-packages/airflow/example_dags/example_time_delta_sensor_async.py
[2024-05-16 13:11:44,720] {processor.py:654} INFO - DAG(s) dict_keys(['example_time_delta_sensor_async']) retrieved from /Users/nikhilanand/airflow_venv/lib/python3.9/site-packages/airflow/example_dags/example_time_delta_sensor_async.py
[2024-05-16 13:11:44,728] {logging_mixin.py:109} INFO - [2024-05-16 13:11:44,728] {dag.py:2396} INFO - Sync 1 DAGs
[2024-05-16 13:11:44,732] {logging_mixin.py:109} INFO - [2024-05-16 13:11:44,732] {dag.py:2935} INFO - Setting next_dagrun for example_time_delta_sensor_async to None
[2024-05-16 13:11:44,736] {processor.py:171} INFO - Processing /Users/nikhilanand/airflow_venv/lib/python3.9/site-packages/airflow/example_dags/example_time_delta_sensor_async.py took 0.034 seconds
[2024-05-16 13:12:59,750] {processor.py:163} INFO - Started process (PID=1075) to work on /Users/nikhilanand/airflow_venv/lib/python3.9/site-packages/airflow/example_dags/example_time_delta_sensor_async.py
[2024-05-16 13:12:59,752] {processor.py:642} INFO - Processing file /Users/nikhilanand/airflow_venv/lib/python3.9/site-packages/airflow/example_dags/example_time_delta_sensor_async.py for tasks to queue
[2024-05-16 13:12:59,752] {logging_mixin.py:109} INFO - [2024-05-16 13:12:59,752] {dagbag.py:500} INFO - Filling up the DagBag from /Users/nikhilanand/airflow_venv/lib/python3.9/site-packages/airflow/example_dags/example_time_delta_sensor_async.py
[2024-05-16 13:12:59,768] {processor.py:654} INFO - DAG(s) dict_keys(['example_time_delta_sensor_async']) retrieved from /Users/nikhilanand/airflow_venv/lib/python3.9/site-packages/airflow/example_dags/example_time_delta_sensor_async.py
[2024-05-16 13:12:59,777] {logging_mixin.py:109} INFO - [2024-05-16 13:12:59,777] {dag.py:2396} INFO - Sync 1 DAGs
[2024-05-16 13:12:59,781] {logging_mixin.py:109} INFO - [2024-05-16 13:12:59,781] {dag.py:2935} INFO - Setting next_dagrun for example_time_delta_sensor_async to None
[2024-05-16 13:12:59,784] {processor.py:171} INFO - Processing /Users/nikhilanand/airflow_venv/lib/python3.9/site-packages/airflow/example_dags/example_time_delta_sensor_async.py took 0.034 seconds
[2024-05-16 13:14:14,216] {processor.py:163} INFO - Started process (PID=1976) to work on /Users/nikhilanand/airflow_venv/lib/python3.9/site-packages/airflow/example_dags/example_time_delta_sensor_async.py
[2024-05-16 13:14:14,217] {processor.py:642} INFO - Processing file /Users/nikhilanand/airflow_venv/lib/python3.9/site-packages/airflow/example_dags/example_time_delta_sensor_async.py for tasks to queue
[2024-05-16 13:14:14,217] {logging_mixin.py:109} INFO - [2024-05-16 13:14:14,217] {dagbag.py:500} INFO - Filling up the DagBag from /Users/nikhilanand/airflow_venv/lib/python3.9/site-packages/airflow/example_dags/example_time_delta_sensor_async.py
[2024-05-16 13:14:14,235] {processor.py:654} INFO - DAG(s) dict_keys(['example_time_delta_sensor_async']) retrieved from /Users/nikhilanand/airflow_venv/lib/python3.9/site-packages/airflow/example_dags/example_time_delta_sensor_async.py
[2024-05-16 13:14:14,244] {logging_mixin.py:109} INFO - [2024-05-16 13:14:14,244] {dag.py:2396} INFO - Sync 1 DAGs
[2024-05-16 13:14:14,249] {logging_mixin.py:109} INFO - [2024-05-16 13:14:14,249] {dag.py:2935} INFO - Setting next_dagrun for example_time_delta_sensor_async to None
[2024-05-16 13:14:14,253] {processor.py:171} INFO - Processing /Users/nikhilanand/airflow_venv/lib/python3.9/site-packages/airflow/example_dags/example_time_delta_sensor_async.py took 0.037 seconds
[2024-05-16 13:15:23,147] {processor.py:163} INFO - Started process (PID=3203) to work on /Users/nikhilanand/airflow_venv/lib/python3.9/site-packages/airflow/example_dags/example_time_delta_sensor_async.py
[2024-05-16 13:15:23,148] {processor.py:642} INFO - Processing file /Users/nikhilanand/airflow_venv/lib/python3.9/site-packages/airflow/example_dags/example_time_delta_sensor_async.py for tasks to queue
[2024-05-16 13:15:23,148] {logging_mixin.py:109} INFO - [2024-05-16 13:15:23,148] {dagbag.py:500} INFO - Filling up the DagBag from /Users/nikhilanand/airflow_venv/lib/python3.9/site-packages/airflow/example_dags/example_time_delta_sensor_async.py
[2024-05-16 13:15:23,164] {processor.py:654} INFO - DAG(s) dict_keys(['example_time_delta_sensor_async']) retrieved from /Users/nikhilanand/airflow_venv/lib/python3.9/site-packages/airflow/example_dags/example_time_delta_sensor_async.py
[2024-05-16 13:15:23,172] {logging_mixin.py:109} INFO - [2024-05-16 13:15:23,172] {dag.py:2396} INFO - Sync 1 DAGs
[2024-05-16 13:15:23,177] {logging_mixin.py:109} INFO - [2024-05-16 13:15:23,177] {dag.py:2935} INFO - Setting next_dagrun for example_time_delta_sensor_async to None
[2024-05-16 13:15:23,180] {processor.py:171} INFO - Processing /Users/nikhilanand/airflow_venv/lib/python3.9/site-packages/airflow/example_dags/example_time_delta_sensor_async.py took 0.034 seconds
[2024-05-16 13:16:31,862] {processor.py:163} INFO - Started process (PID=4049) to work on /Users/nikhilanand/airflow_venv/lib/python3.9/site-packages/airflow/example_dags/example_time_delta_sensor_async.py
[2024-05-16 13:16:31,863] {processor.py:642} INFO - Processing file /Users/nikhilanand/airflow_venv/lib/python3.9/site-packages/airflow/example_dags/example_time_delta_sensor_async.py for tasks to queue
[2024-05-16 13:16:31,863] {logging_mixin.py:109} INFO - [2024-05-16 13:16:31,863] {dagbag.py:500} INFO - Filling up the DagBag from /Users/nikhilanand/airflow_venv/lib/python3.9/site-packages/airflow/example_dags/example_time_delta_sensor_async.py
[2024-05-16 13:16:31,880] {processor.py:654} INFO - DAG(s) dict_keys(['example_time_delta_sensor_async']) retrieved from /Users/nikhilanand/airflow_venv/lib/python3.9/site-packages/airflow/example_dags/example_time_delta_sensor_async.py
[2024-05-16 13:16:31,890] {logging_mixin.py:109} INFO - [2024-05-16 13:16:31,890] {dag.py:2396} INFO - Sync 1 DAGs
[2024-05-16 13:16:31,894] {logging_mixin.py:109} INFO - [2024-05-16 13:16:31,894] {dag.py:2935} INFO - Setting next_dagrun for example_time_delta_sensor_async to None
[2024-05-16 13:16:31,898] {processor.py:171} INFO - Processing /Users/nikhilanand/airflow_venv/lib/python3.9/site-packages/airflow/example_dags/example_time_delta_sensor_async.py took 0.036 seconds
[2024-05-16 13:17:48,638] {processor.py:163} INFO - Started process (PID=4940) to work on /Users/nikhilanand/airflow_venv/lib/python3.9/site-packages/airflow/example_dags/example_time_delta_sensor_async.py
[2024-05-16 13:17:48,639] {processor.py:642} INFO - Processing file /Users/nikhilanand/airflow_venv/lib/python3.9/site-packages/airflow/example_dags/example_time_delta_sensor_async.py for tasks to queue
[2024-05-16 13:17:48,640] {logging_mixin.py:109} INFO - [2024-05-16 13:17:48,640] {dagbag.py:500} INFO - Filling up the DagBag from /Users/nikhilanand/airflow_venv/lib/python3.9/site-packages/airflow/example_dags/example_time_delta_sensor_async.py
[2024-05-16 13:17:48,656] {processor.py:654} INFO - DAG(s) dict_keys(['example_time_delta_sensor_async']) retrieved from /Users/nikhilanand/airflow_venv/lib/python3.9/site-packages/airflow/example_dags/example_time_delta_sensor_async.py
[2024-05-16 13:17:48,664] {logging_mixin.py:109} INFO - [2024-05-16 13:17:48,664] {dag.py:2396} INFO - Sync 1 DAGs
[2024-05-16 13:17:48,668] {logging_mixin.py:109} INFO - [2024-05-16 13:17:48,668] {dag.py:2935} INFO - Setting next_dagrun for example_time_delta_sensor_async to None
[2024-05-16 13:17:48,672] {processor.py:171} INFO - Processing /Users/nikhilanand/airflow_venv/lib/python3.9/site-packages/airflow/example_dags/example_time_delta_sensor_async.py took 0.034 seconds
[2024-05-16 13:18:55,652] {processor.py:163} INFO - Started process (PID=5747) to work on /Users/nikhilanand/airflow_venv/lib/python3.9/site-packages/airflow/example_dags/example_time_delta_sensor_async.py
[2024-05-16 13:18:55,654] {processor.py:642} INFO - Processing file /Users/nikhilanand/airflow_venv/lib/python3.9/site-packages/airflow/example_dags/example_time_delta_sensor_async.py for tasks to queue
[2024-05-16 13:18:55,654] {logging_mixin.py:109} INFO - [2024-05-16 13:18:55,654] {dagbag.py:500} INFO - Filling up the DagBag from /Users/nikhilanand/airflow_venv/lib/python3.9/site-packages/airflow/example_dags/example_time_delta_sensor_async.py
[2024-05-16 13:18:55,674] {processor.py:654} INFO - DAG(s) dict_keys(['example_time_delta_sensor_async']) retrieved from /Users/nikhilanand/airflow_venv/lib/python3.9/site-packages/airflow/example_dags/example_time_delta_sensor_async.py
[2024-05-16 13:18:55,684] {logging_mixin.py:109} INFO - [2024-05-16 13:18:55,684] {dag.py:2396} INFO - Sync 1 DAGs
[2024-05-16 13:18:55,688] {logging_mixin.py:109} INFO - [2024-05-16 13:18:55,688] {dag.py:2935} INFO - Setting next_dagrun for example_time_delta_sensor_async to None
[2024-05-16 13:18:55,692] {processor.py:171} INFO - Processing /Users/nikhilanand/airflow_venv/lib/python3.9/site-packages/airflow/example_dags/example_time_delta_sensor_async.py took 0.040 seconds
[2024-05-16 13:20:04,074] {processor.py:163} INFO - Started process (PID=6548) to work on /Users/nikhilanand/airflow_venv/lib/python3.9/site-packages/airflow/example_dags/example_time_delta_sensor_async.py
[2024-05-16 13:20:04,074] {processor.py:642} INFO - Processing file /Users/nikhilanand/airflow_venv/lib/python3.9/site-packages/airflow/example_dags/example_time_delta_sensor_async.py for tasks to queue
[2024-05-16 13:20:04,074] {logging_mixin.py:109} INFO - [2024-05-16 13:20:04,074] {dagbag.py:500} INFO - Filling up the DagBag from /Users/nikhilanand/airflow_venv/lib/python3.9/site-packages/airflow/example_dags/example_time_delta_sensor_async.py
[2024-05-16 13:20:04,091] {processor.py:654} INFO - DAG(s) dict_keys(['example_time_delta_sensor_async']) retrieved from /Users/nikhilanand/airflow_venv/lib/python3.9/site-packages/airflow/example_dags/example_time_delta_sensor_async.py
[2024-05-16 13:20:04,099] {logging_mixin.py:109} INFO - [2024-05-16 13:20:04,099] {dag.py:2396} INFO - Sync 1 DAGs
[2024-05-16 13:20:04,104] {logging_mixin.py:109} INFO - [2024-05-16 13:20:04,104] {dag.py:2935} INFO - Setting next_dagrun for example_time_delta_sensor_async to None
[2024-05-16 13:20:04,108] {processor.py:171} INFO - Processing /Users/nikhilanand/airflow_venv/lib/python3.9/site-packages/airflow/example_dags/example_time_delta_sensor_async.py took 0.035 seconds
[2024-05-16 13:21:10,681] {processor.py:163} INFO - Started process (PID=7356) to work on /Users/nikhilanand/airflow_venv/lib/python3.9/site-packages/airflow/example_dags/example_time_delta_sensor_async.py
[2024-05-16 13:21:10,682] {processor.py:642} INFO - Processing file /Users/nikhilanand/airflow_venv/lib/python3.9/site-packages/airflow/example_dags/example_time_delta_sensor_async.py for tasks to queue
[2024-05-16 13:21:10,682] {logging_mixin.py:109} INFO - [2024-05-16 13:21:10,682] {dagbag.py:500} INFO - Filling up the DagBag from /Users/nikhilanand/airflow_venv/lib/python3.9/site-packages/airflow/example_dags/example_time_delta_sensor_async.py
[2024-05-16 13:21:10,699] {processor.py:654} INFO - DAG(s) dict_keys(['example_time_delta_sensor_async']) retrieved from /Users/nikhilanand/airflow_venv/lib/python3.9/site-packages/airflow/example_dags/example_time_delta_sensor_async.py
[2024-05-16 13:21:10,709] {logging_mixin.py:109} INFO - [2024-05-16 13:21:10,709] {dag.py:2396} INFO - Sync 1 DAGs
[2024-05-16 13:21:10,714] {logging_mixin.py:109} INFO - [2024-05-16 13:21:10,714] {dag.py:2935} INFO - Setting next_dagrun for example_time_delta_sensor_async to None
[2024-05-16 13:21:10,717] {processor.py:171} INFO - Processing /Users/nikhilanand/airflow_venv/lib/python3.9/site-packages/airflow/example_dags/example_time_delta_sensor_async.py took 0.036 seconds
[2024-05-16 13:22:21,824] {processor.py:163} INFO - Started process (PID=8174) to work on /Users/nikhilanand/airflow_venv/lib/python3.9/site-packages/airflow/example_dags/example_time_delta_sensor_async.py
[2024-05-16 13:22:21,825] {processor.py:642} INFO - Processing file /Users/nikhilanand/airflow_venv/lib/python3.9/site-packages/airflow/example_dags/example_time_delta_sensor_async.py for tasks to queue
[2024-05-16 13:22:21,825] {logging_mixin.py:109} INFO - [2024-05-16 13:22:21,825] {dagbag.py:500} INFO - Filling up the DagBag from /Users/nikhilanand/airflow_venv/lib/python3.9/site-packages/airflow/example_dags/example_time_delta_sensor_async.py
[2024-05-16 13:22:21,843] {processor.py:654} INFO - DAG(s) dict_keys(['example_time_delta_sensor_async']) retrieved from /Users/nikhilanand/airflow_venv/lib/python3.9/site-packages/airflow/example_dags/example_time_delta_sensor_async.py
[2024-05-16 13:22:21,852] {logging_mixin.py:109} INFO - [2024-05-16 13:22:21,851] {dag.py:2396} INFO - Sync 1 DAGs
[2024-05-16 13:22:21,856] {logging_mixin.py:109} INFO - [2024-05-16 13:22:21,856] {dag.py:2935} INFO - Setting next_dagrun for example_time_delta_sensor_async to None
[2024-05-16 13:22:21,860] {processor.py:171} INFO - Processing /Users/nikhilanand/airflow_venv/lib/python3.9/site-packages/airflow/example_dags/example_time_delta_sensor_async.py took 0.036 seconds
[2024-05-16 13:23:27,773] {processor.py:163} INFO - Started process (PID=8952) to work on /Users/nikhilanand/airflow_venv/lib/python3.9/site-packages/airflow/example_dags/example_time_delta_sensor_async.py
[2024-05-16 13:23:27,773] {processor.py:642} INFO - Processing file /Users/nikhilanand/airflow_venv/lib/python3.9/site-packages/airflow/example_dags/example_time_delta_sensor_async.py for tasks to queue
[2024-05-16 13:23:27,773] {logging_mixin.py:109} INFO - [2024-05-16 13:23:27,773] {dagbag.py:500} INFO - Filling up the DagBag from /Users/nikhilanand/airflow_venv/lib/python3.9/site-packages/airflow/example_dags/example_time_delta_sensor_async.py
[2024-05-16 13:23:27,789] {processor.py:654} INFO - DAG(s) dict_keys(['example_time_delta_sensor_async']) retrieved from /Users/nikhilanand/airflow_venv/lib/python3.9/site-packages/airflow/example_dags/example_time_delta_sensor_async.py
[2024-05-16 13:23:27,798] {logging_mixin.py:109} INFO - [2024-05-16 13:23:27,798] {dag.py:2396} INFO - Sync 1 DAGs
[2024-05-16 13:23:27,802] {logging_mixin.py:109} INFO - [2024-05-16 13:23:27,802] {dag.py:2935} INFO - Setting next_dagrun for example_time_delta_sensor_async to None
[2024-05-16 13:23:27,806] {processor.py:171} INFO - Processing /Users/nikhilanand/airflow_venv/lib/python3.9/site-packages/airflow/example_dags/example_time_delta_sensor_async.py took 0.034 seconds
[2024-05-16 13:24:36,489] {processor.py:163} INFO - Started process (PID=9755) to work on /Users/nikhilanand/airflow_venv/lib/python3.9/site-packages/airflow/example_dags/example_time_delta_sensor_async.py
[2024-05-16 13:24:36,489] {processor.py:642} INFO - Processing file /Users/nikhilanand/airflow_venv/lib/python3.9/site-packages/airflow/example_dags/example_time_delta_sensor_async.py for tasks to queue
[2024-05-16 13:24:36,489] {logging_mixin.py:109} INFO - [2024-05-16 13:24:36,489] {dagbag.py:500} INFO - Filling up the DagBag from /Users/nikhilanand/airflow_venv/lib/python3.9/site-packages/airflow/example_dags/example_time_delta_sensor_async.py
[2024-05-16 13:24:36,506] {processor.py:654} INFO - DAG(s) dict_keys(['example_time_delta_sensor_async']) retrieved from /Users/nikhilanand/airflow_venv/lib/python3.9/site-packages/airflow/example_dags/example_time_delta_sensor_async.py
[2024-05-16 13:24:36,515] {logging_mixin.py:109} INFO - [2024-05-16 13:24:36,515] {dag.py:2396} INFO - Sync 1 DAGs
[2024-05-16 13:24:36,519] {logging_mixin.py:109} INFO - [2024-05-16 13:24:36,519] {dag.py:2935} INFO - Setting next_dagrun for example_time_delta_sensor_async to None
[2024-05-16 13:24:36,524] {processor.py:171} INFO - Processing /Users/nikhilanand/airflow_venv/lib/python3.9/site-packages/airflow/example_dags/example_time_delta_sensor_async.py took 0.035 seconds
[2024-05-16 13:25:45,661] {processor.py:163} INFO - Started process (PID=10945) to work on /Users/nikhilanand/airflow_venv/lib/python3.9/site-packages/airflow/example_dags/example_time_delta_sensor_async.py
[2024-05-16 13:25:45,662] {processor.py:642} INFO - Processing file /Users/nikhilanand/airflow_venv/lib/python3.9/site-packages/airflow/example_dags/example_time_delta_sensor_async.py for tasks to queue
[2024-05-16 13:25:45,662] {logging_mixin.py:109} INFO - [2024-05-16 13:25:45,662] {dagbag.py:500} INFO - Filling up the DagBag from /Users/nikhilanand/airflow_venv/lib/python3.9/site-packages/airflow/example_dags/example_time_delta_sensor_async.py
[2024-05-16 13:25:45,679] {processor.py:654} INFO - DAG(s) dict_keys(['example_time_delta_sensor_async']) retrieved from /Users/nikhilanand/airflow_venv/lib/python3.9/site-packages/airflow/example_dags/example_time_delta_sensor_async.py
[2024-05-16 13:25:45,688] {logging_mixin.py:109} INFO - [2024-05-16 13:25:45,688] {dag.py:2396} INFO - Sync 1 DAGs
[2024-05-16 13:25:45,693] {logging_mixin.py:109} INFO - [2024-05-16 13:25:45,693] {dag.py:2935} INFO - Setting next_dagrun for example_time_delta_sensor_async to None
[2024-05-16 13:25:45,697] {processor.py:171} INFO - Processing /Users/nikhilanand/airflow_venv/lib/python3.9/site-packages/airflow/example_dags/example_time_delta_sensor_async.py took 0.036 seconds
[2024-05-16 13:26:52,040] {processor.py:163} INFO - Started process (PID=11719) to work on /Users/nikhilanand/airflow_venv/lib/python3.9/site-packages/airflow/example_dags/example_time_delta_sensor_async.py
[2024-05-16 13:26:52,041] {processor.py:642} INFO - Processing file /Users/nikhilanand/airflow_venv/lib/python3.9/site-packages/airflow/example_dags/example_time_delta_sensor_async.py for tasks to queue
[2024-05-16 13:26:52,041] {logging_mixin.py:109} INFO - [2024-05-16 13:26:52,041] {dagbag.py:500} INFO - Filling up the DagBag from /Users/nikhilanand/airflow_venv/lib/python3.9/site-packages/airflow/example_dags/example_time_delta_sensor_async.py
[2024-05-16 13:26:52,058] {processor.py:654} INFO - DAG(s) dict_keys(['example_time_delta_sensor_async']) retrieved from /Users/nikhilanand/airflow_venv/lib/python3.9/site-packages/airflow/example_dags/example_time_delta_sensor_async.py
[2024-05-16 13:26:52,067] {logging_mixin.py:109} INFO - [2024-05-16 13:26:52,067] {dag.py:2396} INFO - Sync 1 DAGs
[2024-05-16 13:26:52,071] {logging_mixin.py:109} INFO - [2024-05-16 13:26:52,071] {dag.py:2935} INFO - Setting next_dagrun for example_time_delta_sensor_async to None
[2024-05-16 13:26:52,075] {processor.py:171} INFO - Processing /Users/nikhilanand/airflow_venv/lib/python3.9/site-packages/airflow/example_dags/example_time_delta_sensor_async.py took 0.035 seconds
[2024-05-16 13:28:19,521] {processor.py:163} INFO - Started process (PID=12780) to work on /Users/nikhilanand/airflow_venv/lib/python3.9/site-packages/airflow/example_dags/example_time_delta_sensor_async.py
[2024-05-16 13:28:19,522] {processor.py:642} INFO - Processing file /Users/nikhilanand/airflow_venv/lib/python3.9/site-packages/airflow/example_dags/example_time_delta_sensor_async.py for tasks to queue
[2024-05-16 13:28:19,522] {logging_mixin.py:109} INFO - [2024-05-16 13:28:19,522] {dagbag.py:500} INFO - Filling up the DagBag from /Users/nikhilanand/airflow_venv/lib/python3.9/site-packages/airflow/example_dags/example_time_delta_sensor_async.py
[2024-05-16 13:28:19,542] {processor.py:654} INFO - DAG(s) dict_keys(['example_time_delta_sensor_async']) retrieved from /Users/nikhilanand/airflow_venv/lib/python3.9/site-packages/airflow/example_dags/example_time_delta_sensor_async.py
[2024-05-16 13:28:19,554] {logging_mixin.py:109} INFO - [2024-05-16 13:28:19,554] {dag.py:2396} INFO - Sync 1 DAGs
[2024-05-16 13:28:19,561] {logging_mixin.py:109} INFO - [2024-05-16 13:28:19,560] {dag.py:2935} INFO - Setting next_dagrun for example_time_delta_sensor_async to None
[2024-05-16 13:28:19,565] {processor.py:171} INFO - Processing /Users/nikhilanand/airflow_venv/lib/python3.9/site-packages/airflow/example_dags/example_time_delta_sensor_async.py took 0.045 seconds
[2024-05-16 13:29:33,999] {processor.py:163} INFO - Started process (PID=13632) to work on /Users/nikhilanand/airflow_venv/lib/python3.9/site-packages/airflow/example_dags/example_time_delta_sensor_async.py
[2024-05-16 13:29:33,999] {processor.py:642} INFO - Processing file /Users/nikhilanand/airflow_venv/lib/python3.9/site-packages/airflow/example_dags/example_time_delta_sensor_async.py for tasks to queue
[2024-05-16 13:29:34,000] {logging_mixin.py:109} INFO - [2024-05-16 13:29:34,000] {dagbag.py:500} INFO - Filling up the DagBag from /Users/nikhilanand/airflow_venv/lib/python3.9/site-packages/airflow/example_dags/example_time_delta_sensor_async.py
[2024-05-16 13:29:34,015] {processor.py:654} INFO - DAG(s) dict_keys(['example_time_delta_sensor_async']) retrieved from /Users/nikhilanand/airflow_venv/lib/python3.9/site-packages/airflow/example_dags/example_time_delta_sensor_async.py
[2024-05-16 13:29:34,023] {logging_mixin.py:109} INFO - [2024-05-16 13:29:34,023] {dag.py:2396} INFO - Sync 1 DAGs
[2024-05-16 13:29:34,027] {logging_mixin.py:109} INFO - [2024-05-16 13:29:34,027] {dag.py:2935} INFO - Setting next_dagrun for example_time_delta_sensor_async to None
[2024-05-16 13:29:34,031] {processor.py:171} INFO - Processing /Users/nikhilanand/airflow_venv/lib/python3.9/site-packages/airflow/example_dags/example_time_delta_sensor_async.py took 0.032 seconds
[2024-05-16 13:30:42,502] {processor.py:163} INFO - Started process (PID=14478) to work on /Users/nikhilanand/airflow_venv/lib/python3.9/site-packages/airflow/example_dags/example_time_delta_sensor_async.py
[2024-05-16 13:30:42,503] {processor.py:642} INFO - Processing file /Users/nikhilanand/airflow_venv/lib/python3.9/site-packages/airflow/example_dags/example_time_delta_sensor_async.py for tasks to queue
[2024-05-16 13:30:42,503] {logging_mixin.py:109} INFO - [2024-05-16 13:30:42,503] {dagbag.py:500} INFO - Filling up the DagBag from /Users/nikhilanand/airflow_venv/lib/python3.9/site-packages/airflow/example_dags/example_time_delta_sensor_async.py
[2024-05-16 13:30:42,519] {processor.py:654} INFO - DAG(s) dict_keys(['example_time_delta_sensor_async']) retrieved from /Users/nikhilanand/airflow_venv/lib/python3.9/site-packages/airflow/example_dags/example_time_delta_sensor_async.py
[2024-05-16 13:30:42,528] {logging_mixin.py:109} INFO - [2024-05-16 13:30:42,528] {dag.py:2396} INFO - Sync 1 DAGs
[2024-05-16 13:30:42,532] {logging_mixin.py:109} INFO - [2024-05-16 13:30:42,532] {dag.py:2935} INFO - Setting next_dagrun for example_time_delta_sensor_async to None
[2024-05-16 13:30:42,536] {processor.py:171} INFO - Processing /Users/nikhilanand/airflow_venv/lib/python3.9/site-packages/airflow/example_dags/example_time_delta_sensor_async.py took 0.034 seconds
[2024-05-16 13:31:53,414] {processor.py:163} INFO - Started process (PID=15343) to work on /Users/nikhilanand/airflow_venv/lib/python3.9/site-packages/airflow/example_dags/example_time_delta_sensor_async.py
[2024-05-16 13:31:53,414] {processor.py:642} INFO - Processing file /Users/nikhilanand/airflow_venv/lib/python3.9/site-packages/airflow/example_dags/example_time_delta_sensor_async.py for tasks to queue
[2024-05-16 13:31:53,415] {logging_mixin.py:109} INFO - [2024-05-16 13:31:53,415] {dagbag.py:500} INFO - Filling up the DagBag from /Users/nikhilanand/airflow_venv/lib/python3.9/site-packages/airflow/example_dags/example_time_delta_sensor_async.py
[2024-05-16 13:31:53,430] {processor.py:654} INFO - DAG(s) dict_keys(['example_time_delta_sensor_async']) retrieved from /Users/nikhilanand/airflow_venv/lib/python3.9/site-packages/airflow/example_dags/example_time_delta_sensor_async.py
[2024-05-16 13:31:53,438] {logging_mixin.py:109} INFO - [2024-05-16 13:31:53,438] {dag.py:2396} INFO - Sync 1 DAGs
[2024-05-16 13:31:53,443] {logging_mixin.py:109} INFO - [2024-05-16 13:31:53,443] {dag.py:2935} INFO - Setting next_dagrun for example_time_delta_sensor_async to None
[2024-05-16 13:31:53,446] {processor.py:171} INFO - Processing /Users/nikhilanand/airflow_venv/lib/python3.9/site-packages/airflow/example_dags/example_time_delta_sensor_async.py took 0.032 seconds
[2024-05-16 13:33:01,844] {processor.py:163} INFO - Started process (PID=16519) to work on /Users/nikhilanand/airflow_venv/lib/python3.9/site-packages/airflow/example_dags/example_time_delta_sensor_async.py
[2024-05-16 13:33:01,844] {processor.py:642} INFO - Processing file /Users/nikhilanand/airflow_venv/lib/python3.9/site-packages/airflow/example_dags/example_time_delta_sensor_async.py for tasks to queue
[2024-05-16 13:33:01,844] {logging_mixin.py:109} INFO - [2024-05-16 13:33:01,844] {dagbag.py:500} INFO - Filling up the DagBag from /Users/nikhilanand/airflow_venv/lib/python3.9/site-packages/airflow/example_dags/example_time_delta_sensor_async.py
[2024-05-16 13:33:01,860] {processor.py:654} INFO - DAG(s) dict_keys(['example_time_delta_sensor_async']) retrieved from /Users/nikhilanand/airflow_venv/lib/python3.9/site-packages/airflow/example_dags/example_time_delta_sensor_async.py
[2024-05-16 13:33:01,869] {logging_mixin.py:109} INFO - [2024-05-16 13:33:01,869] {dag.py:2396} INFO - Sync 1 DAGs
[2024-05-16 13:33:01,874] {logging_mixin.py:109} INFO - [2024-05-16 13:33:01,874] {dag.py:2935} INFO - Setting next_dagrun for example_time_delta_sensor_async to None
[2024-05-16 13:33:01,878] {processor.py:171} INFO - Processing /Users/nikhilanand/airflow_venv/lib/python3.9/site-packages/airflow/example_dags/example_time_delta_sensor_async.py took 0.035 seconds
[2024-05-16 13:34:10,826] {processor.py:163} INFO - Started process (PID=17491) to work on /Users/nikhilanand/airflow_venv/lib/python3.9/site-packages/airflow/example_dags/example_time_delta_sensor_async.py
[2024-05-16 13:34:10,827] {processor.py:642} INFO - Processing file /Users/nikhilanand/airflow_venv/lib/python3.9/site-packages/airflow/example_dags/example_time_delta_sensor_async.py for tasks to queue
[2024-05-16 13:34:10,827] {logging_mixin.py:109} INFO - [2024-05-16 13:34:10,827] {dagbag.py:500} INFO - Filling up the DagBag from /Users/nikhilanand/airflow_venv/lib/python3.9/site-packages/airflow/example_dags/example_time_delta_sensor_async.py
[2024-05-16 13:34:10,844] {processor.py:654} INFO - DAG(s) dict_keys(['example_time_delta_sensor_async']) retrieved from /Users/nikhilanand/airflow_venv/lib/python3.9/site-packages/airflow/example_dags/example_time_delta_sensor_async.py
[2024-05-16 13:34:10,854] {logging_mixin.py:109} INFO - [2024-05-16 13:34:10,854] {dag.py:2396} INFO - Sync 1 DAGs
[2024-05-16 13:34:10,858] {logging_mixin.py:109} INFO - [2024-05-16 13:34:10,858] {dag.py:2935} INFO - Setting next_dagrun for example_time_delta_sensor_async to None
[2024-05-16 13:34:10,862] {processor.py:171} INFO - Processing /Users/nikhilanand/airflow_venv/lib/python3.9/site-packages/airflow/example_dags/example_time_delta_sensor_async.py took 0.036 seconds
[2024-05-16 13:35:20,193] {processor.py:163} INFO - Started process (PID=18754) to work on /Users/nikhilanand/airflow_venv/lib/python3.9/site-packages/airflow/example_dags/example_time_delta_sensor_async.py
[2024-05-16 13:35:20,193] {processor.py:642} INFO - Processing file /Users/nikhilanand/airflow_venv/lib/python3.9/site-packages/airflow/example_dags/example_time_delta_sensor_async.py for tasks to queue
[2024-05-16 13:35:20,193] {logging_mixin.py:109} INFO - [2024-05-16 13:35:20,193] {dagbag.py:500} INFO - Filling up the DagBag from /Users/nikhilanand/airflow_venv/lib/python3.9/site-packages/airflow/example_dags/example_time_delta_sensor_async.py
[2024-05-16 13:35:20,209] {processor.py:654} INFO - DAG(s) dict_keys(['example_time_delta_sensor_async']) retrieved from /Users/nikhilanand/airflow_venv/lib/python3.9/site-packages/airflow/example_dags/example_time_delta_sensor_async.py
[2024-05-16 13:35:20,217] {logging_mixin.py:109} INFO - [2024-05-16 13:35:20,217] {dag.py:2396} INFO - Sync 1 DAGs
[2024-05-16 13:35:20,222] {logging_mixin.py:109} INFO - [2024-05-16 13:35:20,222] {dag.py:2935} INFO - Setting next_dagrun for example_time_delta_sensor_async to None
[2024-05-16 13:35:20,225] {processor.py:171} INFO - Processing /Users/nikhilanand/airflow_venv/lib/python3.9/site-packages/airflow/example_dags/example_time_delta_sensor_async.py took 0.033 seconds
