[2024-05-16 12:54:37,396] {processor.py:163} INFO - Started process (PID=87670) to work on /Users/nikhilanand/airflow_venv/lib/python3.9/site-packages/airflow/example_dags/example_branch_operator.py
[2024-05-16 12:54:37,396] {processor.py:642} INFO - Processing file /Users/nikhilanand/airflow_venv/lib/python3.9/site-packages/airflow/example_dags/example_branch_operator.py for tasks to queue
[2024-05-16 12:54:37,396] {logging_mixin.py:109} INFO - [2024-05-16 12:54:37,396] {dagbag.py:500} INFO - Filling up the DagBag from /Users/nikhilanand/airflow_venv/lib/python3.9/site-packages/airflow/example_dags/example_branch_operator.py
[2024-05-16 12:54:37,422] {processor.py:654} INFO - DAG(s) dict_keys(['example_branch_operator']) retrieved from /Users/nikhilanand/airflow_venv/lib/python3.9/site-packages/airflow/example_dags/example_branch_operator.py
[2024-05-16 12:54:37,432] {logging_mixin.py:109} INFO - [2024-05-16 12:54:37,431] {dag.py:2396} INFO - Sync 1 DAGs
[2024-05-16 12:54:37,438] {logging_mixin.py:109} INFO - [2024-05-16 12:54:37,437] {dag.py:2935} INFO - Setting next_dagrun for example_branch_operator to 2024-05-15 00:00:00+00:00
[2024-05-16 12:54:37,442] {processor.py:171} INFO - Processing /Users/nikhilanand/airflow_venv/lib/python3.9/site-packages/airflow/example_dags/example_branch_operator.py took 0.046 seconds
[2024-05-16 12:55:49,044] {processor.py:163} INFO - Started process (PID=88528) to work on /Users/nikhilanand/airflow_venv/lib/python3.9/site-packages/airflow/example_dags/example_branch_operator.py
[2024-05-16 12:55:49,044] {processor.py:642} INFO - Processing file /Users/nikhilanand/airflow_venv/lib/python3.9/site-packages/airflow/example_dags/example_branch_operator.py for tasks to queue
[2024-05-16 12:55:49,044] {logging_mixin.py:109} INFO - [2024-05-16 12:55:49,044] {dagbag.py:500} INFO - Filling up the DagBag from /Users/nikhilanand/airflow_venv/lib/python3.9/site-packages/airflow/example_dags/example_branch_operator.py
[2024-05-16 12:55:49,068] {processor.py:654} INFO - DAG(s) dict_keys(['example_branch_operator']) retrieved from /Users/nikhilanand/airflow_venv/lib/python3.9/site-packages/airflow/example_dags/example_branch_operator.py
[2024-05-16 12:55:49,078] {logging_mixin.py:109} INFO - [2024-05-16 12:55:49,077] {dag.py:2396} INFO - Sync 1 DAGs
[2024-05-16 12:55:49,083] {logging_mixin.py:109} INFO - [2024-05-16 12:55:49,083] {dag.py:2935} INFO - Setting next_dagrun for example_branch_operator to 2024-05-15 00:00:00+00:00
[2024-05-16 12:55:49,087] {processor.py:171} INFO - Processing /Users/nikhilanand/airflow_venv/lib/python3.9/site-packages/airflow/example_dags/example_branch_operator.py took 0.044 seconds
[2024-05-16 12:56:55,877] {processor.py:163} INFO - Started process (PID=89353) to work on /Users/nikhilanand/airflow_venv/lib/python3.9/site-packages/airflow/example_dags/example_branch_operator.py
[2024-05-16 12:56:55,877] {processor.py:642} INFO - Processing file /Users/nikhilanand/airflow_venv/lib/python3.9/site-packages/airflow/example_dags/example_branch_operator.py for tasks to queue
[2024-05-16 12:56:55,877] {logging_mixin.py:109} INFO - [2024-05-16 12:56:55,877] {dagbag.py:500} INFO - Filling up the DagBag from /Users/nikhilanand/airflow_venv/lib/python3.9/site-packages/airflow/example_dags/example_branch_operator.py
[2024-05-16 12:56:55,900] {processor.py:654} INFO - DAG(s) dict_keys(['example_branch_operator']) retrieved from /Users/nikhilanand/airflow_venv/lib/python3.9/site-packages/airflow/example_dags/example_branch_operator.py
[2024-05-16 12:56:55,909] {logging_mixin.py:109} INFO - [2024-05-16 12:56:55,909] {dag.py:2396} INFO - Sync 1 DAGs
[2024-05-16 12:56:55,915] {logging_mixin.py:109} INFO - [2024-05-16 12:56:55,915] {dag.py:2935} INFO - Setting next_dagrun for example_branch_operator to 2024-05-15 00:00:00+00:00
[2024-05-16 12:56:55,919] {processor.py:171} INFO - Processing /Users/nikhilanand/airflow_venv/lib/python3.9/site-packages/airflow/example_dags/example_branch_operator.py took 0.042 seconds
[2024-05-16 12:58:05,102] {processor.py:163} INFO - Started process (PID=90104) to work on /Users/nikhilanand/airflow_venv/lib/python3.9/site-packages/airflow/example_dags/example_branch_operator.py
[2024-05-16 12:58:05,102] {processor.py:642} INFO - Processing file /Users/nikhilanand/airflow_venv/lib/python3.9/site-packages/airflow/example_dags/example_branch_operator.py for tasks to queue
[2024-05-16 12:58:05,102] {logging_mixin.py:109} INFO - [2024-05-16 12:58:05,102] {dagbag.py:500} INFO - Filling up the DagBag from /Users/nikhilanand/airflow_venv/lib/python3.9/site-packages/airflow/example_dags/example_branch_operator.py
[2024-05-16 12:58:05,125] {processor.py:654} INFO - DAG(s) dict_keys(['example_branch_operator']) retrieved from /Users/nikhilanand/airflow_venv/lib/python3.9/site-packages/airflow/example_dags/example_branch_operator.py
[2024-05-16 12:58:05,134] {logging_mixin.py:109} INFO - [2024-05-16 12:58:05,134] {dag.py:2396} INFO - Sync 1 DAGs
[2024-05-16 12:58:05,140] {logging_mixin.py:109} INFO - [2024-05-16 12:58:05,140] {dag.py:2935} INFO - Setting next_dagrun for example_branch_operator to 2024-05-15 00:00:00+00:00
[2024-05-16 12:58:05,143] {processor.py:171} INFO - Processing /Users/nikhilanand/airflow_venv/lib/python3.9/site-packages/airflow/example_dags/example_branch_operator.py took 0.042 seconds
[2024-05-16 12:59:14,491] {processor.py:163} INFO - Started process (PID=90905) to work on /Users/nikhilanand/airflow_venv/lib/python3.9/site-packages/airflow/example_dags/example_branch_operator.py
[2024-05-16 12:59:14,491] {processor.py:642} INFO - Processing file /Users/nikhilanand/airflow_venv/lib/python3.9/site-packages/airflow/example_dags/example_branch_operator.py for tasks to queue
[2024-05-16 12:59:14,491] {logging_mixin.py:109} INFO - [2024-05-16 12:59:14,491] {dagbag.py:500} INFO - Filling up the DagBag from /Users/nikhilanand/airflow_venv/lib/python3.9/site-packages/airflow/example_dags/example_branch_operator.py
[2024-05-16 12:59:14,514] {processor.py:654} INFO - DAG(s) dict_keys(['example_branch_operator']) retrieved from /Users/nikhilanand/airflow_venv/lib/python3.9/site-packages/airflow/example_dags/example_branch_operator.py
[2024-05-16 12:59:14,523] {logging_mixin.py:109} INFO - [2024-05-16 12:59:14,523] {dag.py:2396} INFO - Sync 1 DAGs
[2024-05-16 12:59:14,529] {logging_mixin.py:109} INFO - [2024-05-16 12:59:14,529] {dag.py:2935} INFO - Setting next_dagrun for example_branch_operator to 2024-05-15 00:00:00+00:00
[2024-05-16 12:59:14,532] {processor.py:171} INFO - Processing /Users/nikhilanand/airflow_venv/lib/python3.9/site-packages/airflow/example_dags/example_branch_operator.py took 0.042 seconds
[2024-05-16 13:00:29,764] {processor.py:163} INFO - Started process (PID=91795) to work on /Users/nikhilanand/airflow_venv/lib/python3.9/site-packages/airflow/example_dags/example_branch_operator.py
[2024-05-16 13:00:29,765] {processor.py:642} INFO - Processing file /Users/nikhilanand/airflow_venv/lib/python3.9/site-packages/airflow/example_dags/example_branch_operator.py for tasks to queue
[2024-05-16 13:00:29,765] {logging_mixin.py:109} INFO - [2024-05-16 13:00:29,765] {dagbag.py:500} INFO - Filling up the DagBag from /Users/nikhilanand/airflow_venv/lib/python3.9/site-packages/airflow/example_dags/example_branch_operator.py
[2024-05-16 13:00:29,788] {processor.py:654} INFO - DAG(s) dict_keys(['example_branch_operator']) retrieved from /Users/nikhilanand/airflow_venv/lib/python3.9/site-packages/airflow/example_dags/example_branch_operator.py
[2024-05-16 13:00:29,797] {logging_mixin.py:109} INFO - [2024-05-16 13:00:29,797] {dag.py:2396} INFO - Sync 1 DAGs
[2024-05-16 13:00:29,803] {logging_mixin.py:109} INFO - [2024-05-16 13:00:29,803] {dag.py:2935} INFO - Setting next_dagrun for example_branch_operator to 2024-05-15 00:00:00+00:00
[2024-05-16 13:00:29,806] {processor.py:171} INFO - Processing /Users/nikhilanand/airflow_venv/lib/python3.9/site-packages/airflow/example_dags/example_branch_operator.py took 0.043 seconds
[2024-05-16 13:01:39,763] {processor.py:163} INFO - Started process (PID=92610) to work on /Users/nikhilanand/airflow_venv/lib/python3.9/site-packages/airflow/example_dags/example_branch_operator.py
[2024-05-16 13:01:39,764] {processor.py:642} INFO - Processing file /Users/nikhilanand/airflow_venv/lib/python3.9/site-packages/airflow/example_dags/example_branch_operator.py for tasks to queue
[2024-05-16 13:01:39,764] {logging_mixin.py:109} INFO - [2024-05-16 13:01:39,764] {dagbag.py:500} INFO - Filling up the DagBag from /Users/nikhilanand/airflow_venv/lib/python3.9/site-packages/airflow/example_dags/example_branch_operator.py
[2024-05-16 13:01:39,787] {processor.py:654} INFO - DAG(s) dict_keys(['example_branch_operator']) retrieved from /Users/nikhilanand/airflow_venv/lib/python3.9/site-packages/airflow/example_dags/example_branch_operator.py
[2024-05-16 13:01:39,796] {logging_mixin.py:109} INFO - [2024-05-16 13:01:39,796] {dag.py:2396} INFO - Sync 1 DAGs
[2024-05-16 13:01:39,802] {logging_mixin.py:109} INFO - [2024-05-16 13:01:39,802] {dag.py:2935} INFO - Setting next_dagrun for example_branch_operator to 2024-05-15 00:00:00+00:00
[2024-05-16 13:01:39,805] {processor.py:171} INFO - Processing /Users/nikhilanand/airflow_venv/lib/python3.9/site-packages/airflow/example_dags/example_branch_operator.py took 0.043 seconds
[2024-05-16 13:02:49,922] {processor.py:163} INFO - Started process (PID=93436) to work on /Users/nikhilanand/airflow_venv/lib/python3.9/site-packages/airflow/example_dags/example_branch_operator.py
[2024-05-16 13:02:49,922] {processor.py:642} INFO - Processing file /Users/nikhilanand/airflow_venv/lib/python3.9/site-packages/airflow/example_dags/example_branch_operator.py for tasks to queue
[2024-05-16 13:02:49,923] {logging_mixin.py:109} INFO - [2024-05-16 13:02:49,923] {dagbag.py:500} INFO - Filling up the DagBag from /Users/nikhilanand/airflow_venv/lib/python3.9/site-packages/airflow/example_dags/example_branch_operator.py
[2024-05-16 13:02:49,946] {processor.py:654} INFO - DAG(s) dict_keys(['example_branch_operator']) retrieved from /Users/nikhilanand/airflow_venv/lib/python3.9/site-packages/airflow/example_dags/example_branch_operator.py
[2024-05-16 13:02:49,954] {logging_mixin.py:109} INFO - [2024-05-16 13:02:49,954] {dag.py:2396} INFO - Sync 1 DAGs
[2024-05-16 13:02:49,960] {logging_mixin.py:109} INFO - [2024-05-16 13:02:49,960] {dag.py:2935} INFO - Setting next_dagrun for example_branch_operator to 2024-05-15 00:00:00+00:00
[2024-05-16 13:02:49,963] {processor.py:171} INFO - Processing /Users/nikhilanand/airflow_venv/lib/python3.9/site-packages/airflow/example_dags/example_branch_operator.py took 0.042 seconds
[2024-05-16 13:03:59,584] {processor.py:163} INFO - Started process (PID=94567) to work on /Users/nikhilanand/airflow_venv/lib/python3.9/site-packages/airflow/example_dags/example_branch_operator.py
[2024-05-16 13:03:59,584] {processor.py:642} INFO - Processing file /Users/nikhilanand/airflow_venv/lib/python3.9/site-packages/airflow/example_dags/example_branch_operator.py for tasks to queue
[2024-05-16 13:03:59,584] {logging_mixin.py:109} INFO - [2024-05-16 13:03:59,584] {dagbag.py:500} INFO - Filling up the DagBag from /Users/nikhilanand/airflow_venv/lib/python3.9/site-packages/airflow/example_dags/example_branch_operator.py
[2024-05-16 13:03:59,609] {processor.py:654} INFO - DAG(s) dict_keys(['example_branch_operator']) retrieved from /Users/nikhilanand/airflow_venv/lib/python3.9/site-packages/airflow/example_dags/example_branch_operator.py
[2024-05-16 13:03:59,622] {logging_mixin.py:109} INFO - [2024-05-16 13:03:59,621] {dag.py:2396} INFO - Sync 1 DAGs
[2024-05-16 13:03:59,627] {logging_mixin.py:109} INFO - [2024-05-16 13:03:59,627] {dag.py:2935} INFO - Setting next_dagrun for example_branch_operator to 2024-05-15 00:00:00+00:00
[2024-05-16 13:03:59,631] {processor.py:171} INFO - Processing /Users/nikhilanand/airflow_venv/lib/python3.9/site-packages/airflow/example_dags/example_branch_operator.py took 0.048 seconds
[2024-05-16 13:05:20,211] {processor.py:163} INFO - Started process (PID=95524) to work on /Users/nikhilanand/airflow_venv/lib/python3.9/site-packages/airflow/example_dags/example_branch_operator.py
[2024-05-16 13:05:20,212] {processor.py:642} INFO - Processing file /Users/nikhilanand/airflow_venv/lib/python3.9/site-packages/airflow/example_dags/example_branch_operator.py for tasks to queue
[2024-05-16 13:05:20,213] {logging_mixin.py:109} INFO - [2024-05-16 13:05:20,213] {dagbag.py:500} INFO - Filling up the DagBag from /Users/nikhilanand/airflow_venv/lib/python3.9/site-packages/airflow/example_dags/example_branch_operator.py
[2024-05-16 13:05:20,236] {processor.py:654} INFO - DAG(s) dict_keys(['example_branch_operator']) retrieved from /Users/nikhilanand/airflow_venv/lib/python3.9/site-packages/airflow/example_dags/example_branch_operator.py
[2024-05-16 13:05:20,245] {logging_mixin.py:109} INFO - [2024-05-16 13:05:20,245] {dag.py:2396} INFO - Sync 1 DAGs
[2024-05-16 13:05:20,250] {logging_mixin.py:109} INFO - [2024-05-16 13:05:20,250] {dag.py:2935} INFO - Setting next_dagrun for example_branch_operator to 2024-05-15 00:00:00+00:00
[2024-05-16 13:05:20,254] {processor.py:171} INFO - Processing /Users/nikhilanand/airflow_venv/lib/python3.9/site-packages/airflow/example_dags/example_branch_operator.py took 0.043 seconds
[2024-05-16 13:06:31,157] {processor.py:163} INFO - Started process (PID=96364) to work on /Users/nikhilanand/airflow_venv/lib/python3.9/site-packages/airflow/example_dags/example_branch_operator.py
[2024-05-16 13:06:31,159] {processor.py:642} INFO - Processing file /Users/nikhilanand/airflow_venv/lib/python3.9/site-packages/airflow/example_dags/example_branch_operator.py for tasks to queue
[2024-05-16 13:06:31,159] {logging_mixin.py:109} INFO - [2024-05-16 13:06:31,159] {dagbag.py:500} INFO - Filling up the DagBag from /Users/nikhilanand/airflow_venv/lib/python3.9/site-packages/airflow/example_dags/example_branch_operator.py
[2024-05-16 13:06:31,182] {processor.py:654} INFO - DAG(s) dict_keys(['example_branch_operator']) retrieved from /Users/nikhilanand/airflow_venv/lib/python3.9/site-packages/airflow/example_dags/example_branch_operator.py
[2024-05-16 13:06:31,191] {logging_mixin.py:109} INFO - [2024-05-16 13:06:31,191] {dag.py:2396} INFO - Sync 1 DAGs
[2024-05-16 13:06:31,197] {logging_mixin.py:109} INFO - [2024-05-16 13:06:31,197] {dag.py:2935} INFO - Setting next_dagrun for example_branch_operator to 2024-05-15 00:00:00+00:00
[2024-05-16 13:06:31,202] {processor.py:171} INFO - Processing /Users/nikhilanand/airflow_venv/lib/python3.9/site-packages/airflow/example_dags/example_branch_operator.py took 0.044 seconds
[2024-05-16 13:07:46,191] {processor.py:163} INFO - Started process (PID=97238) to work on /Users/nikhilanand/airflow_venv/lib/python3.9/site-packages/airflow/example_dags/example_branch_operator.py
[2024-05-16 13:07:46,191] {processor.py:642} INFO - Processing file /Users/nikhilanand/airflow_venv/lib/python3.9/site-packages/airflow/example_dags/example_branch_operator.py for tasks to queue
[2024-05-16 13:07:46,191] {logging_mixin.py:109} INFO - [2024-05-16 13:07:46,191] {dagbag.py:500} INFO - Filling up the DagBag from /Users/nikhilanand/airflow_venv/lib/python3.9/site-packages/airflow/example_dags/example_branch_operator.py
[2024-05-16 13:07:46,215] {processor.py:654} INFO - DAG(s) dict_keys(['example_branch_operator']) retrieved from /Users/nikhilanand/airflow_venv/lib/python3.9/site-packages/airflow/example_dags/example_branch_operator.py
[2024-05-16 13:07:46,224] {logging_mixin.py:109} INFO - [2024-05-16 13:07:46,224] {dag.py:2396} INFO - Sync 1 DAGs
[2024-05-16 13:07:46,230] {logging_mixin.py:109} INFO - [2024-05-16 13:07:46,230] {dag.py:2935} INFO - Setting next_dagrun for example_branch_operator to 2024-05-15 00:00:00+00:00
[2024-05-16 13:07:46,233] {processor.py:171} INFO - Processing /Users/nikhilanand/airflow_venv/lib/python3.9/site-packages/airflow/example_dags/example_branch_operator.py took 0.043 seconds
[2024-05-16 13:08:57,221] {processor.py:163} INFO - Started process (PID=98008) to work on /Users/nikhilanand/airflow_venv/lib/python3.9/site-packages/airflow/example_dags/example_branch_operator.py
[2024-05-16 13:08:57,222] {processor.py:642} INFO - Processing file /Users/nikhilanand/airflow_venv/lib/python3.9/site-packages/airflow/example_dags/example_branch_operator.py for tasks to queue
[2024-05-16 13:08:57,222] {logging_mixin.py:109} INFO - [2024-05-16 13:08:57,222] {dagbag.py:500} INFO - Filling up the DagBag from /Users/nikhilanand/airflow_venv/lib/python3.9/site-packages/airflow/example_dags/example_branch_operator.py
[2024-05-16 13:08:57,246] {processor.py:654} INFO - DAG(s) dict_keys(['example_branch_operator']) retrieved from /Users/nikhilanand/airflow_venv/lib/python3.9/site-packages/airflow/example_dags/example_branch_operator.py
[2024-05-16 13:08:57,255] {logging_mixin.py:109} INFO - [2024-05-16 13:08:57,254] {dag.py:2396} INFO - Sync 1 DAGs
[2024-05-16 13:08:57,260] {logging_mixin.py:109} INFO - [2024-05-16 13:08:57,260] {dag.py:2935} INFO - Setting next_dagrun for example_branch_operator to 2024-05-15 00:00:00+00:00
[2024-05-16 13:08:57,263] {processor.py:171} INFO - Processing /Users/nikhilanand/airflow_venv/lib/python3.9/site-packages/airflow/example_dags/example_branch_operator.py took 0.042 seconds
[2024-05-16 13:10:08,485] {processor.py:163} INFO - Started process (PID=98801) to work on /Users/nikhilanand/airflow_venv/lib/python3.9/site-packages/airflow/example_dags/example_branch_operator.py
[2024-05-16 13:10:08,486] {processor.py:642} INFO - Processing file /Users/nikhilanand/airflow_venv/lib/python3.9/site-packages/airflow/example_dags/example_branch_operator.py for tasks to queue
[2024-05-16 13:10:08,487] {logging_mixin.py:109} INFO - [2024-05-16 13:10:08,486] {dagbag.py:500} INFO - Filling up the DagBag from /Users/nikhilanand/airflow_venv/lib/python3.9/site-packages/airflow/example_dags/example_branch_operator.py
[2024-05-16 13:10:08,510] {processor.py:654} INFO - DAG(s) dict_keys(['example_branch_operator']) retrieved from /Users/nikhilanand/airflow_venv/lib/python3.9/site-packages/airflow/example_dags/example_branch_operator.py
[2024-05-16 13:10:08,519] {logging_mixin.py:109} INFO - [2024-05-16 13:10:08,519] {dag.py:2396} INFO - Sync 1 DAGs
[2024-05-16 13:10:08,525] {logging_mixin.py:109} INFO - [2024-05-16 13:10:08,525] {dag.py:2935} INFO - Setting next_dagrun for example_branch_operator to 2024-05-15 00:00:00+00:00
[2024-05-16 13:10:08,528] {processor.py:171} INFO - Processing /Users/nikhilanand/airflow_venv/lib/python3.9/site-packages/airflow/example_dags/example_branch_operator.py took 0.044 seconds
[2024-05-16 13:11:17,362] {processor.py:163} INFO - Started process (PID=99575) to work on /Users/nikhilanand/airflow_venv/lib/python3.9/site-packages/airflow/example_dags/example_branch_operator.py
[2024-05-16 13:11:17,363] {processor.py:642} INFO - Processing file /Users/nikhilanand/airflow_venv/lib/python3.9/site-packages/airflow/example_dags/example_branch_operator.py for tasks to queue
[2024-05-16 13:11:17,363] {logging_mixin.py:109} INFO - [2024-05-16 13:11:17,363] {dagbag.py:500} INFO - Filling up the DagBag from /Users/nikhilanand/airflow_venv/lib/python3.9/site-packages/airflow/example_dags/example_branch_operator.py
[2024-05-16 13:11:17,387] {processor.py:654} INFO - DAG(s) dict_keys(['example_branch_operator']) retrieved from /Users/nikhilanand/airflow_venv/lib/python3.9/site-packages/airflow/example_dags/example_branch_operator.py
[2024-05-16 13:11:17,396] {logging_mixin.py:109} INFO - [2024-05-16 13:11:17,396] {dag.py:2396} INFO - Sync 1 DAGs
[2024-05-16 13:11:17,402] {logging_mixin.py:109} INFO - [2024-05-16 13:11:17,402] {dag.py:2935} INFO - Setting next_dagrun for example_branch_operator to 2024-05-15 00:00:00+00:00
[2024-05-16 13:11:17,406] {processor.py:171} INFO - Processing /Users/nikhilanand/airflow_venv/lib/python3.9/site-packages/airflow/example_dags/example_branch_operator.py took 0.044 seconds
[2024-05-16 13:12:26,910] {processor.py:163} INFO - Started process (PID=566) to work on /Users/nikhilanand/airflow_venv/lib/python3.9/site-packages/airflow/example_dags/example_branch_operator.py
[2024-05-16 13:12:26,911] {processor.py:642} INFO - Processing file /Users/nikhilanand/airflow_venv/lib/python3.9/site-packages/airflow/example_dags/example_branch_operator.py for tasks to queue
[2024-05-16 13:12:26,911] {logging_mixin.py:109} INFO - [2024-05-16 13:12:26,911] {dagbag.py:500} INFO - Filling up the DagBag from /Users/nikhilanand/airflow_venv/lib/python3.9/site-packages/airflow/example_dags/example_branch_operator.py
[2024-05-16 13:12:26,934] {processor.py:654} INFO - DAG(s) dict_keys(['example_branch_operator']) retrieved from /Users/nikhilanand/airflow_venv/lib/python3.9/site-packages/airflow/example_dags/example_branch_operator.py
[2024-05-16 13:12:26,943] {logging_mixin.py:109} INFO - [2024-05-16 13:12:26,943] {dag.py:2396} INFO - Sync 1 DAGs
[2024-05-16 13:12:26,948] {logging_mixin.py:109} INFO - [2024-05-16 13:12:26,948] {dag.py:2935} INFO - Setting next_dagrun for example_branch_operator to 2024-05-15 00:00:00+00:00
[2024-05-16 13:12:26,952] {processor.py:171} INFO - Processing /Users/nikhilanand/airflow_venv/lib/python3.9/site-packages/airflow/example_dags/example_branch_operator.py took 0.042 seconds
[2024-05-16 13:13:47,524] {processor.py:163} INFO - Started process (PID=1667) to work on /Users/nikhilanand/airflow_venv/lib/python3.9/site-packages/airflow/example_dags/example_branch_operator.py
[2024-05-16 13:13:47,525] {processor.py:642} INFO - Processing file /Users/nikhilanand/airflow_venv/lib/python3.9/site-packages/airflow/example_dags/example_branch_operator.py for tasks to queue
[2024-05-16 13:13:47,525] {logging_mixin.py:109} INFO - [2024-05-16 13:13:47,525] {dagbag.py:500} INFO - Filling up the DagBag from /Users/nikhilanand/airflow_venv/lib/python3.9/site-packages/airflow/example_dags/example_branch_operator.py
[2024-05-16 13:13:47,548] {processor.py:654} INFO - DAG(s) dict_keys(['example_branch_operator']) retrieved from /Users/nikhilanand/airflow_venv/lib/python3.9/site-packages/airflow/example_dags/example_branch_operator.py
[2024-05-16 13:13:47,558] {logging_mixin.py:109} INFO - [2024-05-16 13:13:47,558] {dag.py:2396} INFO - Sync 1 DAGs
[2024-05-16 13:13:47,563] {logging_mixin.py:109} INFO - [2024-05-16 13:13:47,563] {dag.py:2935} INFO - Setting next_dagrun for example_branch_operator to 2024-05-15 00:00:00+00:00
[2024-05-16 13:13:47,567] {processor.py:171} INFO - Processing /Users/nikhilanand/airflow_venv/lib/python3.9/site-packages/airflow/example_dags/example_branch_operator.py took 0.043 seconds
[2024-05-16 13:14:56,367] {processor.py:163} INFO - Started process (PID=2501) to work on /Users/nikhilanand/airflow_venv/lib/python3.9/site-packages/airflow/example_dags/example_branch_operator.py
[2024-05-16 13:14:56,368] {processor.py:642} INFO - Processing file /Users/nikhilanand/airflow_venv/lib/python3.9/site-packages/airflow/example_dags/example_branch_operator.py for tasks to queue
[2024-05-16 13:14:56,368] {logging_mixin.py:109} INFO - [2024-05-16 13:14:56,368] {dagbag.py:500} INFO - Filling up the DagBag from /Users/nikhilanand/airflow_venv/lib/python3.9/site-packages/airflow/example_dags/example_branch_operator.py
[2024-05-16 13:14:56,392] {processor.py:654} INFO - DAG(s) dict_keys(['example_branch_operator']) retrieved from /Users/nikhilanand/airflow_venv/lib/python3.9/site-packages/airflow/example_dags/example_branch_operator.py
[2024-05-16 13:14:56,401] {logging_mixin.py:109} INFO - [2024-05-16 13:14:56,401] {dag.py:2396} INFO - Sync 1 DAGs
[2024-05-16 13:14:56,407] {logging_mixin.py:109} INFO - [2024-05-16 13:14:56,407] {dag.py:2935} INFO - Setting next_dagrun for example_branch_operator to 2024-05-15 00:00:00+00:00
[2024-05-16 13:14:56,410] {processor.py:171} INFO - Processing /Users/nikhilanand/airflow_venv/lib/python3.9/site-packages/airflow/example_dags/example_branch_operator.py took 0.044 seconds
[2024-05-16 13:16:05,160] {processor.py:163} INFO - Started process (PID=3724) to work on /Users/nikhilanand/airflow_venv/lib/python3.9/site-packages/airflow/example_dags/example_branch_operator.py
[2024-05-16 13:16:05,161] {processor.py:642} INFO - Processing file /Users/nikhilanand/airflow_venv/lib/python3.9/site-packages/airflow/example_dags/example_branch_operator.py for tasks to queue
[2024-05-16 13:16:05,161] {logging_mixin.py:109} INFO - [2024-05-16 13:16:05,161] {dagbag.py:500} INFO - Filling up the DagBag from /Users/nikhilanand/airflow_venv/lib/python3.9/site-packages/airflow/example_dags/example_branch_operator.py
[2024-05-16 13:16:05,185] {processor.py:654} INFO - DAG(s) dict_keys(['example_branch_operator']) retrieved from /Users/nikhilanand/airflow_venv/lib/python3.9/site-packages/airflow/example_dags/example_branch_operator.py
[2024-05-16 13:16:05,194] {logging_mixin.py:109} INFO - [2024-05-16 13:16:05,194] {dag.py:2396} INFO - Sync 1 DAGs
[2024-05-16 13:16:05,199] {logging_mixin.py:109} INFO - [2024-05-16 13:16:05,199] {dag.py:2935} INFO - Setting next_dagrun for example_branch_operator to 2024-05-15 00:00:00+00:00
[2024-05-16 13:16:05,203] {processor.py:171} INFO - Processing /Users/nikhilanand/airflow_venv/lib/python3.9/site-packages/airflow/example_dags/example_branch_operator.py took 0.043 seconds
[2024-05-16 13:17:19,089] {processor.py:163} INFO - Started process (PID=4583) to work on /Users/nikhilanand/airflow_venv/lib/python3.9/site-packages/airflow/example_dags/example_branch_operator.py
[2024-05-16 13:17:19,090] {processor.py:642} INFO - Processing file /Users/nikhilanand/airflow_venv/lib/python3.9/site-packages/airflow/example_dags/example_branch_operator.py for tasks to queue
[2024-05-16 13:17:19,090] {logging_mixin.py:109} INFO - [2024-05-16 13:17:19,090] {dagbag.py:500} INFO - Filling up the DagBag from /Users/nikhilanand/airflow_venv/lib/python3.9/site-packages/airflow/example_dags/example_branch_operator.py
[2024-05-16 13:17:19,114] {processor.py:654} INFO - DAG(s) dict_keys(['example_branch_operator']) retrieved from /Users/nikhilanand/airflow_venv/lib/python3.9/site-packages/airflow/example_dags/example_branch_operator.py
[2024-05-16 13:17:19,123] {logging_mixin.py:109} INFO - [2024-05-16 13:17:19,123] {dag.py:2396} INFO - Sync 1 DAGs
[2024-05-16 13:17:19,129] {logging_mixin.py:109} INFO - [2024-05-16 13:17:19,129] {dag.py:2935} INFO - Setting next_dagrun for example_branch_operator to 2024-05-15 00:00:00+00:00
[2024-05-16 13:17:19,132] {processor.py:171} INFO - Processing /Users/nikhilanand/airflow_venv/lib/python3.9/site-packages/airflow/example_dags/example_branch_operator.py took 0.044 seconds
[2024-05-16 13:18:29,114] {processor.py:163} INFO - Started process (PID=5433) to work on /Users/nikhilanand/airflow_venv/lib/python3.9/site-packages/airflow/example_dags/example_branch_operator.py
[2024-05-16 13:18:29,116] {processor.py:642} INFO - Processing file /Users/nikhilanand/airflow_venv/lib/python3.9/site-packages/airflow/example_dags/example_branch_operator.py for tasks to queue
[2024-05-16 13:18:29,116] {logging_mixin.py:109} INFO - [2024-05-16 13:18:29,116] {dagbag.py:500} INFO - Filling up the DagBag from /Users/nikhilanand/airflow_venv/lib/python3.9/site-packages/airflow/example_dags/example_branch_operator.py
[2024-05-16 13:18:29,140] {processor.py:654} INFO - DAG(s) dict_keys(['example_branch_operator']) retrieved from /Users/nikhilanand/airflow_venv/lib/python3.9/site-packages/airflow/example_dags/example_branch_operator.py
[2024-05-16 13:18:29,149] {logging_mixin.py:109} INFO - [2024-05-16 13:18:29,149] {dag.py:2396} INFO - Sync 1 DAGs
[2024-05-16 13:18:29,155] {logging_mixin.py:109} INFO - [2024-05-16 13:18:29,155] {dag.py:2935} INFO - Setting next_dagrun for example_branch_operator to 2024-05-15 00:00:00+00:00
[2024-05-16 13:18:29,158] {processor.py:171} INFO - Processing /Users/nikhilanand/airflow_venv/lib/python3.9/site-packages/airflow/example_dags/example_branch_operator.py took 0.044 seconds
[2024-05-16 13:19:37,223] {processor.py:163} INFO - Started process (PID=6236) to work on /Users/nikhilanand/airflow_venv/lib/python3.9/site-packages/airflow/example_dags/example_branch_operator.py
[2024-05-16 13:19:37,224] {processor.py:642} INFO - Processing file /Users/nikhilanand/airflow_venv/lib/python3.9/site-packages/airflow/example_dags/example_branch_operator.py for tasks to queue
[2024-05-16 13:19:37,224] {logging_mixin.py:109} INFO - [2024-05-16 13:19:37,224] {dagbag.py:500} INFO - Filling up the DagBag from /Users/nikhilanand/airflow_venv/lib/python3.9/site-packages/airflow/example_dags/example_branch_operator.py
[2024-05-16 13:19:37,247] {processor.py:654} INFO - DAG(s) dict_keys(['example_branch_operator']) retrieved from /Users/nikhilanand/airflow_venv/lib/python3.9/site-packages/airflow/example_dags/example_branch_operator.py
[2024-05-16 13:19:37,256] {logging_mixin.py:109} INFO - [2024-05-16 13:19:37,256] {dag.py:2396} INFO - Sync 1 DAGs
[2024-05-16 13:19:37,262] {logging_mixin.py:109} INFO - [2024-05-16 13:19:37,262] {dag.py:2935} INFO - Setting next_dagrun for example_branch_operator to 2024-05-15 00:00:00+00:00
[2024-05-16 13:19:37,266] {processor.py:171} INFO - Processing /Users/nikhilanand/airflow_venv/lib/python3.9/site-packages/airflow/example_dags/example_branch_operator.py took 0.043 seconds
[2024-05-16 13:20:44,645] {processor.py:163} INFO - Started process (PID=7028) to work on /Users/nikhilanand/airflow_venv/lib/python3.9/site-packages/airflow/example_dags/example_branch_operator.py
[2024-05-16 13:20:44,645] {processor.py:642} INFO - Processing file /Users/nikhilanand/airflow_venv/lib/python3.9/site-packages/airflow/example_dags/example_branch_operator.py for tasks to queue
[2024-05-16 13:20:44,645] {logging_mixin.py:109} INFO - [2024-05-16 13:20:44,645] {dagbag.py:500} INFO - Filling up the DagBag from /Users/nikhilanand/airflow_venv/lib/python3.9/site-packages/airflow/example_dags/example_branch_operator.py
[2024-05-16 13:20:44,669] {processor.py:654} INFO - DAG(s) dict_keys(['example_branch_operator']) retrieved from /Users/nikhilanand/airflow_venv/lib/python3.9/site-packages/airflow/example_dags/example_branch_operator.py
[2024-05-16 13:20:44,678] {logging_mixin.py:109} INFO - [2024-05-16 13:20:44,678] {dag.py:2396} INFO - Sync 1 DAGs
[2024-05-16 13:20:44,683] {logging_mixin.py:109} INFO - [2024-05-16 13:20:44,683] {dag.py:2935} INFO - Setting next_dagrun for example_branch_operator to 2024-05-15 00:00:00+00:00
[2024-05-16 13:20:44,687] {processor.py:171} INFO - Processing /Users/nikhilanand/airflow_venv/lib/python3.9/site-packages/airflow/example_dags/example_branch_operator.py took 0.042 seconds
[2024-05-16 13:21:54,686] {processor.py:163} INFO - Started process (PID=7849) to work on /Users/nikhilanand/airflow_venv/lib/python3.9/site-packages/airflow/example_dags/example_branch_operator.py
[2024-05-16 13:21:54,687] {processor.py:642} INFO - Processing file /Users/nikhilanand/airflow_venv/lib/python3.9/site-packages/airflow/example_dags/example_branch_operator.py for tasks to queue
[2024-05-16 13:21:54,688] {logging_mixin.py:109} INFO - [2024-05-16 13:21:54,687] {dagbag.py:500} INFO - Filling up the DagBag from /Users/nikhilanand/airflow_venv/lib/python3.9/site-packages/airflow/example_dags/example_branch_operator.py
[2024-05-16 13:21:54,717] {processor.py:654} INFO - DAG(s) dict_keys(['example_branch_operator']) retrieved from /Users/nikhilanand/airflow_venv/lib/python3.9/site-packages/airflow/example_dags/example_branch_operator.py
[2024-05-16 13:21:54,727] {logging_mixin.py:109} INFO - [2024-05-16 13:21:54,727] {dag.py:2396} INFO - Sync 1 DAGs
[2024-05-16 13:21:54,733] {logging_mixin.py:109} INFO - [2024-05-16 13:21:54,733] {dag.py:2935} INFO - Setting next_dagrun for example_branch_operator to 2024-05-15 00:00:00+00:00
[2024-05-16 13:21:54,736] {processor.py:171} INFO - Processing /Users/nikhilanand/airflow_venv/lib/python3.9/site-packages/airflow/example_dags/example_branch_operator.py took 0.051 seconds
[2024-05-16 13:23:01,473] {processor.py:163} INFO - Started process (PID=8652) to work on /Users/nikhilanand/airflow_venv/lib/python3.9/site-packages/airflow/example_dags/example_branch_operator.py
[2024-05-16 13:23:01,474] {processor.py:642} INFO - Processing file /Users/nikhilanand/airflow_venv/lib/python3.9/site-packages/airflow/example_dags/example_branch_operator.py for tasks to queue
[2024-05-16 13:23:01,474] {logging_mixin.py:109} INFO - [2024-05-16 13:23:01,474] {dagbag.py:500} INFO - Filling up the DagBag from /Users/nikhilanand/airflow_venv/lib/python3.9/site-packages/airflow/example_dags/example_branch_operator.py
[2024-05-16 13:23:01,497] {processor.py:654} INFO - DAG(s) dict_keys(['example_branch_operator']) retrieved from /Users/nikhilanand/airflow_venv/lib/python3.9/site-packages/airflow/example_dags/example_branch_operator.py
[2024-05-16 13:23:01,506] {logging_mixin.py:109} INFO - [2024-05-16 13:23:01,506] {dag.py:2396} INFO - Sync 1 DAGs
[2024-05-16 13:23:01,511] {logging_mixin.py:109} INFO - [2024-05-16 13:23:01,511] {dag.py:2935} INFO - Setting next_dagrun for example_branch_operator to 2024-05-15 00:00:00+00:00
[2024-05-16 13:23:01,515] {processor.py:171} INFO - Processing /Users/nikhilanand/airflow_venv/lib/python3.9/site-packages/airflow/example_dags/example_branch_operator.py took 0.041 seconds
[2024-05-16 13:24:09,482] {processor.py:163} INFO - Started process (PID=9444) to work on /Users/nikhilanand/airflow_venv/lib/python3.9/site-packages/airflow/example_dags/example_branch_operator.py
[2024-05-16 13:24:09,482] {processor.py:642} INFO - Processing file /Users/nikhilanand/airflow_venv/lib/python3.9/site-packages/airflow/example_dags/example_branch_operator.py for tasks to queue
[2024-05-16 13:24:09,482] {logging_mixin.py:109} INFO - [2024-05-16 13:24:09,482] {dagbag.py:500} INFO - Filling up the DagBag from /Users/nikhilanand/airflow_venv/lib/python3.9/site-packages/airflow/example_dags/example_branch_operator.py
[2024-05-16 13:24:09,506] {processor.py:654} INFO - DAG(s) dict_keys(['example_branch_operator']) retrieved from /Users/nikhilanand/airflow_venv/lib/python3.9/site-packages/airflow/example_dags/example_branch_operator.py
[2024-05-16 13:24:09,516] {logging_mixin.py:109} INFO - [2024-05-16 13:24:09,516] {dag.py:2396} INFO - Sync 1 DAGs
[2024-05-16 13:24:09,522] {logging_mixin.py:109} INFO - [2024-05-16 13:24:09,522] {dag.py:2935} INFO - Setting next_dagrun for example_branch_operator to 2024-05-15 00:00:00+00:00
[2024-05-16 13:24:09,526] {processor.py:171} INFO - Processing /Users/nikhilanand/airflow_venv/lib/python3.9/site-packages/airflow/example_dags/example_branch_operator.py took 0.045 seconds
[2024-05-16 13:25:18,878] {processor.py:163} INFO - Started process (PID=10632) to work on /Users/nikhilanand/airflow_venv/lib/python3.9/site-packages/airflow/example_dags/example_branch_operator.py
[2024-05-16 13:25:18,879] {processor.py:642} INFO - Processing file /Users/nikhilanand/airflow_venv/lib/python3.9/site-packages/airflow/example_dags/example_branch_operator.py for tasks to queue
[2024-05-16 13:25:18,879] {logging_mixin.py:109} INFO - [2024-05-16 13:25:18,879] {dagbag.py:500} INFO - Filling up the DagBag from /Users/nikhilanand/airflow_venv/lib/python3.9/site-packages/airflow/example_dags/example_branch_operator.py
[2024-05-16 13:25:18,903] {processor.py:654} INFO - DAG(s) dict_keys(['example_branch_operator']) retrieved from /Users/nikhilanand/airflow_venv/lib/python3.9/site-packages/airflow/example_dags/example_branch_operator.py
[2024-05-16 13:25:18,912] {logging_mixin.py:109} INFO - [2024-05-16 13:25:18,912] {dag.py:2396} INFO - Sync 1 DAGs
[2024-05-16 13:25:18,918] {logging_mixin.py:109} INFO - [2024-05-16 13:25:18,918] {dag.py:2935} INFO - Setting next_dagrun for example_branch_operator to 2024-05-15 00:00:00+00:00
[2024-05-16 13:25:18,921] {processor.py:171} INFO - Processing /Users/nikhilanand/airflow_venv/lib/python3.9/site-packages/airflow/example_dags/example_branch_operator.py took 0.043 seconds
[2024-05-16 13:26:25,450] {processor.py:163} INFO - Started process (PID=11408) to work on /Users/nikhilanand/airflow_venv/lib/python3.9/site-packages/airflow/example_dags/example_branch_operator.py
[2024-05-16 13:26:25,450] {processor.py:642} INFO - Processing file /Users/nikhilanand/airflow_venv/lib/python3.9/site-packages/airflow/example_dags/example_branch_operator.py for tasks to queue
[2024-05-16 13:26:25,450] {logging_mixin.py:109} INFO - [2024-05-16 13:26:25,450] {dagbag.py:500} INFO - Filling up the DagBag from /Users/nikhilanand/airflow_venv/lib/python3.9/site-packages/airflow/example_dags/example_branch_operator.py
[2024-05-16 13:26:25,473] {processor.py:654} INFO - DAG(s) dict_keys(['example_branch_operator']) retrieved from /Users/nikhilanand/airflow_venv/lib/python3.9/site-packages/airflow/example_dags/example_branch_operator.py
[2024-05-16 13:26:25,484] {logging_mixin.py:109} INFO - [2024-05-16 13:26:25,484] {dag.py:2396} INFO - Sync 1 DAGs
[2024-05-16 13:26:25,490] {logging_mixin.py:109} INFO - [2024-05-16 13:26:25,490] {dag.py:2935} INFO - Setting next_dagrun for example_branch_operator to 2024-05-15 00:00:00+00:00
[2024-05-16 13:26:25,495] {processor.py:171} INFO - Processing /Users/nikhilanand/airflow_venv/lib/python3.9/site-packages/airflow/example_dags/example_branch_operator.py took 0.045 seconds
[2024-05-16 13:27:34,827] {processor.py:163} INFO - Started process (PID=12238) to work on /Users/nikhilanand/airflow_venv/lib/python3.9/site-packages/airflow/example_dags/example_branch_operator.py
[2024-05-16 13:27:34,828] {processor.py:642} INFO - Processing file /Users/nikhilanand/airflow_venv/lib/python3.9/site-packages/airflow/example_dags/example_branch_operator.py for tasks to queue
[2024-05-16 13:27:34,828] {logging_mixin.py:109} INFO - [2024-05-16 13:27:34,828] {dagbag.py:500} INFO - Filling up the DagBag from /Users/nikhilanand/airflow_venv/lib/python3.9/site-packages/airflow/example_dags/example_branch_operator.py
[2024-05-16 13:27:34,853] {processor.py:654} INFO - DAG(s) dict_keys(['example_branch_operator']) retrieved from /Users/nikhilanand/airflow_venv/lib/python3.9/site-packages/airflow/example_dags/example_branch_operator.py
[2024-05-16 13:27:34,863] {logging_mixin.py:109} INFO - [2024-05-16 13:27:34,862] {dag.py:2396} INFO - Sync 1 DAGs
[2024-05-16 13:27:34,869] {logging_mixin.py:109} INFO - [2024-05-16 13:27:34,869] {dag.py:2935} INFO - Setting next_dagrun for example_branch_operator to 2024-05-15 00:00:00+00:00
[2024-05-16 13:27:34,873] {processor.py:171} INFO - Processing /Users/nikhilanand/airflow_venv/lib/python3.9/site-packages/airflow/example_dags/example_branch_operator.py took 0.045 seconds
[2024-05-16 13:29:06,557] {processor.py:163} INFO - Started process (PID=13330) to work on /Users/nikhilanand/airflow_venv/lib/python3.9/site-packages/airflow/example_dags/example_branch_operator.py
[2024-05-16 13:29:06,558] {processor.py:642} INFO - Processing file /Users/nikhilanand/airflow_venv/lib/python3.9/site-packages/airflow/example_dags/example_branch_operator.py for tasks to queue
[2024-05-16 13:29:06,558] {logging_mixin.py:109} INFO - [2024-05-16 13:29:06,558] {dagbag.py:500} INFO - Filling up the DagBag from /Users/nikhilanand/airflow_venv/lib/python3.9/site-packages/airflow/example_dags/example_branch_operator.py
[2024-05-16 13:29:06,581] {processor.py:654} INFO - DAG(s) dict_keys(['example_branch_operator']) retrieved from /Users/nikhilanand/airflow_venv/lib/python3.9/site-packages/airflow/example_dags/example_branch_operator.py
[2024-05-16 13:29:06,590] {logging_mixin.py:109} INFO - [2024-05-16 13:29:06,590] {dag.py:2396} INFO - Sync 1 DAGs
[2024-05-16 13:29:06,595] {logging_mixin.py:109} INFO - [2024-05-16 13:29:06,595] {dag.py:2935} INFO - Setting next_dagrun for example_branch_operator to 2024-05-15 00:00:00+00:00
[2024-05-16 13:29:06,599] {processor.py:171} INFO - Processing /Users/nikhilanand/airflow_venv/lib/python3.9/site-packages/airflow/example_dags/example_branch_operator.py took 0.042 seconds
[2024-05-16 13:30:14,961] {processor.py:163} INFO - Started process (PID=14157) to work on /Users/nikhilanand/airflow_venv/lib/python3.9/site-packages/airflow/example_dags/example_branch_operator.py
[2024-05-16 13:30:14,961] {processor.py:642} INFO - Processing file /Users/nikhilanand/airflow_venv/lib/python3.9/site-packages/airflow/example_dags/example_branch_operator.py for tasks to queue
[2024-05-16 13:30:14,962] {logging_mixin.py:109} INFO - [2024-05-16 13:30:14,962] {dagbag.py:500} INFO - Filling up the DagBag from /Users/nikhilanand/airflow_venv/lib/python3.9/site-packages/airflow/example_dags/example_branch_operator.py
[2024-05-16 13:30:14,984] {processor.py:654} INFO - DAG(s) dict_keys(['example_branch_operator']) retrieved from /Users/nikhilanand/airflow_venv/lib/python3.9/site-packages/airflow/example_dags/example_branch_operator.py
[2024-05-16 13:30:14,993] {logging_mixin.py:109} INFO - [2024-05-16 13:30:14,993] {dag.py:2396} INFO - Sync 1 DAGs
[2024-05-16 13:30:14,999] {logging_mixin.py:109} INFO - [2024-05-16 13:30:14,998] {dag.py:2935} INFO - Setting next_dagrun for example_branch_operator to 2024-05-15 00:00:00+00:00
[2024-05-16 13:30:15,002] {processor.py:171} INFO - Processing /Users/nikhilanand/airflow_venv/lib/python3.9/site-packages/airflow/example_dags/example_branch_operator.py took 0.041 seconds
[2024-05-16 13:31:26,458] {processor.py:163} INFO - Started process (PID=15011) to work on /Users/nikhilanand/airflow_venv/lib/python3.9/site-packages/airflow/example_dags/example_branch_operator.py
[2024-05-16 13:31:26,459] {processor.py:642} INFO - Processing file /Users/nikhilanand/airflow_venv/lib/python3.9/site-packages/airflow/example_dags/example_branch_operator.py for tasks to queue
[2024-05-16 13:31:26,459] {logging_mixin.py:109} INFO - [2024-05-16 13:31:26,459] {dagbag.py:500} INFO - Filling up the DagBag from /Users/nikhilanand/airflow_venv/lib/python3.9/site-packages/airflow/example_dags/example_branch_operator.py
[2024-05-16 13:31:26,482] {processor.py:654} INFO - DAG(s) dict_keys(['example_branch_operator']) retrieved from /Users/nikhilanand/airflow_venv/lib/python3.9/site-packages/airflow/example_dags/example_branch_operator.py
[2024-05-16 13:31:26,491] {logging_mixin.py:109} INFO - [2024-05-16 13:31:26,491] {dag.py:2396} INFO - Sync 1 DAGs
[2024-05-16 13:31:26,497] {logging_mixin.py:109} INFO - [2024-05-16 13:31:26,497] {dag.py:2935} INFO - Setting next_dagrun for example_branch_operator to 2024-05-15 00:00:00+00:00
[2024-05-16 13:31:26,501] {processor.py:171} INFO - Processing /Users/nikhilanand/airflow_venv/lib/python3.9/site-packages/airflow/example_dags/example_branch_operator.py took 0.044 seconds
[2024-05-16 13:32:35,236] {processor.py:163} INFO - Started process (PID=15848) to work on /Users/nikhilanand/airflow_venv/lib/python3.9/site-packages/airflow/example_dags/example_branch_operator.py
[2024-05-16 13:32:35,236] {processor.py:642} INFO - Processing file /Users/nikhilanand/airflow_venv/lib/python3.9/site-packages/airflow/example_dags/example_branch_operator.py for tasks to queue
[2024-05-16 13:32:35,237] {logging_mixin.py:109} INFO - [2024-05-16 13:32:35,237] {dagbag.py:500} INFO - Filling up the DagBag from /Users/nikhilanand/airflow_venv/lib/python3.9/site-packages/airflow/example_dags/example_branch_operator.py
[2024-05-16 13:32:35,260] {processor.py:654} INFO - DAG(s) dict_keys(['example_branch_operator']) retrieved from /Users/nikhilanand/airflow_venv/lib/python3.9/site-packages/airflow/example_dags/example_branch_operator.py
[2024-05-16 13:32:35,270] {logging_mixin.py:109} INFO - [2024-05-16 13:32:35,270] {dag.py:2396} INFO - Sync 1 DAGs
[2024-05-16 13:32:35,276] {logging_mixin.py:109} INFO - [2024-05-16 13:32:35,276] {dag.py:2935} INFO - Setting next_dagrun for example_branch_operator to 2024-05-15 00:00:00+00:00
[2024-05-16 13:32:35,280] {processor.py:171} INFO - Processing /Users/nikhilanand/airflow_venv/lib/python3.9/site-packages/airflow/example_dags/example_branch_operator.py took 0.044 seconds
[2024-05-16 13:33:43,821] {processor.py:163} INFO - Started process (PID=17157) to work on /Users/nikhilanand/airflow_venv/lib/python3.9/site-packages/airflow/example_dags/example_branch_operator.py
[2024-05-16 13:33:43,821] {processor.py:642} INFO - Processing file /Users/nikhilanand/airflow_venv/lib/python3.9/site-packages/airflow/example_dags/example_branch_operator.py for tasks to queue
[2024-05-16 13:33:43,821] {logging_mixin.py:109} INFO - [2024-05-16 13:33:43,821] {dagbag.py:500} INFO - Filling up the DagBag from /Users/nikhilanand/airflow_venv/lib/python3.9/site-packages/airflow/example_dags/example_branch_operator.py
[2024-05-16 13:33:43,844] {processor.py:654} INFO - DAG(s) dict_keys(['example_branch_operator']) retrieved from /Users/nikhilanand/airflow_venv/lib/python3.9/site-packages/airflow/example_dags/example_branch_operator.py
[2024-05-16 13:33:43,853] {logging_mixin.py:109} INFO - [2024-05-16 13:33:43,853] {dag.py:2396} INFO - Sync 1 DAGs
[2024-05-16 13:33:43,859] {logging_mixin.py:109} INFO - [2024-05-16 13:33:43,859] {dag.py:2935} INFO - Setting next_dagrun for example_branch_operator to 2024-05-15 00:00:00+00:00
[2024-05-16 13:33:43,863] {processor.py:171} INFO - Processing /Users/nikhilanand/airflow_venv/lib/python3.9/site-packages/airflow/example_dags/example_branch_operator.py took 0.043 seconds
[2024-05-16 13:34:53,009] {processor.py:163} INFO - Started process (PID=18376) to work on /Users/nikhilanand/airflow_venv/lib/python3.9/site-packages/airflow/example_dags/example_branch_operator.py
[2024-05-16 13:34:53,009] {processor.py:642} INFO - Processing file /Users/nikhilanand/airflow_venv/lib/python3.9/site-packages/airflow/example_dags/example_branch_operator.py for tasks to queue
[2024-05-16 13:34:53,009] {logging_mixin.py:109} INFO - [2024-05-16 13:34:53,009] {dagbag.py:500} INFO - Filling up the DagBag from /Users/nikhilanand/airflow_venv/lib/python3.9/site-packages/airflow/example_dags/example_branch_operator.py
[2024-05-16 13:34:53,043] {processor.py:654} INFO - DAG(s) dict_keys(['example_branch_operator']) retrieved from /Users/nikhilanand/airflow_venv/lib/python3.9/site-packages/airflow/example_dags/example_branch_operator.py
[2024-05-16 13:34:53,055] {logging_mixin.py:109} INFO - [2024-05-16 13:34:53,055] {dag.py:2396} INFO - Sync 1 DAGs
[2024-05-16 13:34:53,062] {logging_mixin.py:109} INFO - [2024-05-16 13:34:53,062] {dag.py:2935} INFO - Setting next_dagrun for example_branch_operator to 2024-05-15 00:00:00+00:00
[2024-05-16 13:34:53,067] {processor.py:171} INFO - Processing /Users/nikhilanand/airflow_venv/lib/python3.9/site-packages/airflow/example_dags/example_branch_operator.py took 0.059 seconds
