[2024-05-16 12:53:54,860] {processor.py:163} INFO - Started process (PID=87140) to work on /Users/nikhilanand/airflow_venv/lib/python3.9/site-packages/airflow/example_dags/tutorial.py
[2024-05-16 12:53:54,860] {processor.py:642} INFO - Processing file /Users/nikhilanand/airflow_venv/lib/python3.9/site-packages/airflow/example_dags/tutorial.py for tasks to queue
[2024-05-16 12:53:54,860] {logging_mixin.py:109} INFO - [2024-05-16 12:53:54,860] {dagbag.py:500} INFO - Filling up the DagBag from /Users/nikhilanand/airflow_venv/lib/python3.9/site-packages/airflow/example_dags/tutorial.py
[2024-05-16 12:53:54,876] {processor.py:654} INFO - DAG(s) dict_keys(['tutorial']) retrieved from /Users/nikhilanand/airflow_venv/lib/python3.9/site-packages/airflow/example_dags/tutorial.py
[2024-05-16 12:53:54,884] {logging_mixin.py:109} INFO - [2024-05-16 12:53:54,884] {dag.py:2396} INFO - Sync 1 DAGs
[2024-05-16 12:53:54,889] {logging_mixin.py:109} INFO - [2024-05-16 12:53:54,889] {dag.py:2935} INFO - Setting next_dagrun for tutorial to 2024-05-15T07:23:54.889053+00:00
[2024-05-16 12:53:54,893] {processor.py:171} INFO - Processing /Users/nikhilanand/airflow_venv/lib/python3.9/site-packages/airflow/example_dags/tutorial.py took 0.033 seconds
[2024-05-16 12:55:01,087] {processor.py:163} INFO - Started process (PID=87955) to work on /Users/nikhilanand/airflow_venv/lib/python3.9/site-packages/airflow/example_dags/tutorial.py
[2024-05-16 12:55:01,087] {processor.py:642} INFO - Processing file /Users/nikhilanand/airflow_venv/lib/python3.9/site-packages/airflow/example_dags/tutorial.py for tasks to queue
[2024-05-16 12:55:01,087] {logging_mixin.py:109} INFO - [2024-05-16 12:55:01,087] {dagbag.py:500} INFO - Filling up the DagBag from /Users/nikhilanand/airflow_venv/lib/python3.9/site-packages/airflow/example_dags/tutorial.py
[2024-05-16 12:55:01,108] {processor.py:654} INFO - DAG(s) dict_keys(['tutorial']) retrieved from /Users/nikhilanand/airflow_venv/lib/python3.9/site-packages/airflow/example_dags/tutorial.py
[2024-05-16 12:55:01,120] {logging_mixin.py:109} INFO - [2024-05-16 12:55:01,120] {dag.py:2396} INFO - Sync 1 DAGs
[2024-05-16 12:55:01,125] {logging_mixin.py:109} INFO - [2024-05-16 12:55:01,125] {dag.py:2935} INFO - Setting next_dagrun for tutorial to 2024-05-15T07:25:01.125534+00:00
[2024-05-16 12:55:01,129] {processor.py:171} INFO - Processing /Users/nikhilanand/airflow_venv/lib/python3.9/site-packages/airflow/example_dags/tutorial.py took 0.043 seconds
[2024-05-16 12:56:07,771] {processor.py:163} INFO - Started process (PID=88753) to work on /Users/nikhilanand/airflow_venv/lib/python3.9/site-packages/airflow/example_dags/tutorial.py
[2024-05-16 12:56:07,772] {processor.py:642} INFO - Processing file /Users/nikhilanand/airflow_venv/lib/python3.9/site-packages/airflow/example_dags/tutorial.py for tasks to queue
[2024-05-16 12:56:07,772] {logging_mixin.py:109} INFO - [2024-05-16 12:56:07,772] {dagbag.py:500} INFO - Filling up the DagBag from /Users/nikhilanand/airflow_venv/lib/python3.9/site-packages/airflow/example_dags/tutorial.py
[2024-05-16 12:56:07,788] {processor.py:654} INFO - DAG(s) dict_keys(['tutorial']) retrieved from /Users/nikhilanand/airflow_venv/lib/python3.9/site-packages/airflow/example_dags/tutorial.py
[2024-05-16 12:56:07,796] {logging_mixin.py:109} INFO - [2024-05-16 12:56:07,796] {dag.py:2396} INFO - Sync 1 DAGs
[2024-05-16 12:56:07,801] {logging_mixin.py:109} INFO - [2024-05-16 12:56:07,801] {dag.py:2935} INFO - Setting next_dagrun for tutorial to 2024-05-15T07:26:07.801050+00:00
[2024-05-16 12:56:07,804] {processor.py:171} INFO - Processing /Users/nikhilanand/airflow_venv/lib/python3.9/site-packages/airflow/example_dags/tutorial.py took 0.034 seconds
[2024-05-16 12:57:14,666] {processor.py:163} INFO - Started process (PID=89557) to work on /Users/nikhilanand/airflow_venv/lib/python3.9/site-packages/airflow/example_dags/tutorial.py
[2024-05-16 12:57:14,666] {processor.py:642} INFO - Processing file /Users/nikhilanand/airflow_venv/lib/python3.9/site-packages/airflow/example_dags/tutorial.py for tasks to queue
[2024-05-16 12:57:14,666] {logging_mixin.py:109} INFO - [2024-05-16 12:57:14,666] {dagbag.py:500} INFO - Filling up the DagBag from /Users/nikhilanand/airflow_venv/lib/python3.9/site-packages/airflow/example_dags/tutorial.py
[2024-05-16 12:57:14,683] {processor.py:654} INFO - DAG(s) dict_keys(['tutorial']) retrieved from /Users/nikhilanand/airflow_venv/lib/python3.9/site-packages/airflow/example_dags/tutorial.py
[2024-05-16 12:57:14,692] {logging_mixin.py:109} INFO - [2024-05-16 12:57:14,692] {dag.py:2396} INFO - Sync 1 DAGs
[2024-05-16 12:57:14,696] {logging_mixin.py:109} INFO - [2024-05-16 12:57:14,696] {dag.py:2935} INFO - Setting next_dagrun for tutorial to 2024-05-15T07:27:14.696473+00:00
[2024-05-16 12:57:14,700] {processor.py:171} INFO - Processing /Users/nikhilanand/airflow_venv/lib/python3.9/site-packages/airflow/example_dags/tutorial.py took 0.034 seconds
[2024-05-16 12:58:26,028] {processor.py:163} INFO - Started process (PID=90351) to work on /Users/nikhilanand/airflow_venv/lib/python3.9/site-packages/airflow/example_dags/tutorial.py
[2024-05-16 12:58:26,029] {processor.py:642} INFO - Processing file /Users/nikhilanand/airflow_venv/lib/python3.9/site-packages/airflow/example_dags/tutorial.py for tasks to queue
[2024-05-16 12:58:26,029] {logging_mixin.py:109} INFO - [2024-05-16 12:58:26,029] {dagbag.py:500} INFO - Filling up the DagBag from /Users/nikhilanand/airflow_venv/lib/python3.9/site-packages/airflow/example_dags/tutorial.py
[2024-05-16 12:58:26,045] {processor.py:654} INFO - DAG(s) dict_keys(['tutorial']) retrieved from /Users/nikhilanand/airflow_venv/lib/python3.9/site-packages/airflow/example_dags/tutorial.py
[2024-05-16 12:58:26,054] {logging_mixin.py:109} INFO - [2024-05-16 12:58:26,054] {dag.py:2396} INFO - Sync 1 DAGs
[2024-05-16 12:58:26,059] {logging_mixin.py:109} INFO - [2024-05-16 12:58:26,059] {dag.py:2935} INFO - Setting next_dagrun for tutorial to 2024-05-15T07:28:26.058984+00:00
[2024-05-16 12:58:26,063] {processor.py:171} INFO - Processing /Users/nikhilanand/airflow_venv/lib/python3.9/site-packages/airflow/example_dags/tutorial.py took 0.035 seconds
[2024-05-16 12:59:39,963] {processor.py:163} INFO - Started process (PID=91213) to work on /Users/nikhilanand/airflow_venv/lib/python3.9/site-packages/airflow/example_dags/tutorial.py
[2024-05-16 12:59:39,964] {processor.py:642} INFO - Processing file /Users/nikhilanand/airflow_venv/lib/python3.9/site-packages/airflow/example_dags/tutorial.py for tasks to queue
[2024-05-16 12:59:39,964] {logging_mixin.py:109} INFO - [2024-05-16 12:59:39,964] {dagbag.py:500} INFO - Filling up the DagBag from /Users/nikhilanand/airflow_venv/lib/python3.9/site-packages/airflow/example_dags/tutorial.py
[2024-05-16 12:59:39,981] {processor.py:654} INFO - DAG(s) dict_keys(['tutorial']) retrieved from /Users/nikhilanand/airflow_venv/lib/python3.9/site-packages/airflow/example_dags/tutorial.py
[2024-05-16 12:59:39,991] {logging_mixin.py:109} INFO - [2024-05-16 12:59:39,991] {dag.py:2396} INFO - Sync 1 DAGs
[2024-05-16 12:59:39,996] {logging_mixin.py:109} INFO - [2024-05-16 12:59:39,996] {dag.py:2935} INFO - Setting next_dagrun for tutorial to 2024-05-15T07:29:39.995968+00:00
[2024-05-16 12:59:40,000] {processor.py:171} INFO - Processing /Users/nikhilanand/airflow_venv/lib/python3.9/site-packages/airflow/example_dags/tutorial.py took 0.037 seconds
[2024-05-16 13:00:51,330] {processor.py:163} INFO - Started process (PID=92033) to work on /Users/nikhilanand/airflow_venv/lib/python3.9/site-packages/airflow/example_dags/tutorial.py
[2024-05-16 13:00:51,331] {processor.py:642} INFO - Processing file /Users/nikhilanand/airflow_venv/lib/python3.9/site-packages/airflow/example_dags/tutorial.py for tasks to queue
[2024-05-16 13:00:51,331] {logging_mixin.py:109} INFO - [2024-05-16 13:00:51,331] {dagbag.py:500} INFO - Filling up the DagBag from /Users/nikhilanand/airflow_venv/lib/python3.9/site-packages/airflow/example_dags/tutorial.py
[2024-05-16 13:00:51,348] {processor.py:654} INFO - DAG(s) dict_keys(['tutorial']) retrieved from /Users/nikhilanand/airflow_venv/lib/python3.9/site-packages/airflow/example_dags/tutorial.py
[2024-05-16 13:00:51,357] {logging_mixin.py:109} INFO - [2024-05-16 13:00:51,357] {dag.py:2396} INFO - Sync 1 DAGs
[2024-05-16 13:00:51,361] {logging_mixin.py:109} INFO - [2024-05-16 13:00:51,361] {dag.py:2935} INFO - Setting next_dagrun for tutorial to 2024-05-15T07:30:51.361693+00:00
[2024-05-16 13:00:51,365] {processor.py:171} INFO - Processing /Users/nikhilanand/airflow_venv/lib/python3.9/site-packages/airflow/example_dags/tutorial.py took 0.035 seconds
[2024-05-16 13:02:01,045] {processor.py:163} INFO - Started process (PID=92843) to work on /Users/nikhilanand/airflow_venv/lib/python3.9/site-packages/airflow/example_dags/tutorial.py
[2024-05-16 13:02:01,046] {processor.py:642} INFO - Processing file /Users/nikhilanand/airflow_venv/lib/python3.9/site-packages/airflow/example_dags/tutorial.py for tasks to queue
[2024-05-16 13:02:01,046] {logging_mixin.py:109} INFO - [2024-05-16 13:02:01,046] {dagbag.py:500} INFO - Filling up the DagBag from /Users/nikhilanand/airflow_venv/lib/python3.9/site-packages/airflow/example_dags/tutorial.py
[2024-05-16 13:02:01,062] {processor.py:654} INFO - DAG(s) dict_keys(['tutorial']) retrieved from /Users/nikhilanand/airflow_venv/lib/python3.9/site-packages/airflow/example_dags/tutorial.py
[2024-05-16 13:02:01,071] {logging_mixin.py:109} INFO - [2024-05-16 13:02:01,071] {dag.py:2396} INFO - Sync 1 DAGs
[2024-05-16 13:02:01,075] {logging_mixin.py:109} INFO - [2024-05-16 13:02:01,075] {dag.py:2935} INFO - Setting next_dagrun for tutorial to 2024-05-15T07:32:01.075370+00:00
[2024-05-16 13:02:01,078] {processor.py:171} INFO - Processing /Users/nikhilanand/airflow_venv/lib/python3.9/site-packages/airflow/example_dags/tutorial.py took 0.034 seconds
[2024-05-16 13:03:10,969] {processor.py:163} INFO - Started process (PID=93667) to work on /Users/nikhilanand/airflow_venv/lib/python3.9/site-packages/airflow/example_dags/tutorial.py
[2024-05-16 13:03:10,970] {processor.py:642} INFO - Processing file /Users/nikhilanand/airflow_venv/lib/python3.9/site-packages/airflow/example_dags/tutorial.py for tasks to queue
[2024-05-16 13:03:10,970] {logging_mixin.py:109} INFO - [2024-05-16 13:03:10,970] {dagbag.py:500} INFO - Filling up the DagBag from /Users/nikhilanand/airflow_venv/lib/python3.9/site-packages/airflow/example_dags/tutorial.py
[2024-05-16 13:03:10,987] {processor.py:654} INFO - DAG(s) dict_keys(['tutorial']) retrieved from /Users/nikhilanand/airflow_venv/lib/python3.9/site-packages/airflow/example_dags/tutorial.py
[2024-05-16 13:03:10,996] {logging_mixin.py:109} INFO - [2024-05-16 13:03:10,996] {dag.py:2396} INFO - Sync 1 DAGs
[2024-05-16 13:03:11,000] {logging_mixin.py:109} INFO - [2024-05-16 13:03:11,000] {dag.py:2935} INFO - Setting next_dagrun for tutorial to 2024-05-15T07:33:11.000505+00:00
[2024-05-16 13:03:11,004] {processor.py:171} INFO - Processing /Users/nikhilanand/airflow_venv/lib/python3.9/site-packages/airflow/example_dags/tutorial.py took 0.035 seconds
[2024-05-16 13:04:23,508] {processor.py:163} INFO - Started process (PID=94842) to work on /Users/nikhilanand/airflow_venv/lib/python3.9/site-packages/airflow/example_dags/tutorial.py
[2024-05-16 13:04:23,508] {processor.py:642} INFO - Processing file /Users/nikhilanand/airflow_venv/lib/python3.9/site-packages/airflow/example_dags/tutorial.py for tasks to queue
[2024-05-16 13:04:23,508] {logging_mixin.py:109} INFO - [2024-05-16 13:04:23,508] {dagbag.py:500} INFO - Filling up the DagBag from /Users/nikhilanand/airflow_venv/lib/python3.9/site-packages/airflow/example_dags/tutorial.py
[2024-05-16 13:04:23,532] {processor.py:654} INFO - DAG(s) dict_keys(['tutorial']) retrieved from /Users/nikhilanand/airflow_venv/lib/python3.9/site-packages/airflow/example_dags/tutorial.py
[2024-05-16 13:04:23,544] {logging_mixin.py:109} INFO - [2024-05-16 13:04:23,543] {dag.py:2396} INFO - Sync 1 DAGs
[2024-05-16 13:04:23,549] {logging_mixin.py:109} INFO - [2024-05-16 13:04:23,549] {dag.py:2935} INFO - Setting next_dagrun for tutorial to 2024-05-15T07:34:23.549653+00:00
[2024-05-16 13:04:23,555] {processor.py:171} INFO - Processing /Users/nikhilanand/airflow_venv/lib/python3.9/site-packages/airflow/example_dags/tutorial.py took 0.048 seconds
[2024-05-16 13:05:41,087] {processor.py:163} INFO - Started process (PID=95776) to work on /Users/nikhilanand/airflow_venv/lib/python3.9/site-packages/airflow/example_dags/tutorial.py
[2024-05-16 13:05:41,088] {processor.py:642} INFO - Processing file /Users/nikhilanand/airflow_venv/lib/python3.9/site-packages/airflow/example_dags/tutorial.py for tasks to queue
[2024-05-16 13:05:41,088] {logging_mixin.py:109} INFO - [2024-05-16 13:05:41,088] {dagbag.py:500} INFO - Filling up the DagBag from /Users/nikhilanand/airflow_venv/lib/python3.9/site-packages/airflow/example_dags/tutorial.py
[2024-05-16 13:05:41,104] {processor.py:654} INFO - DAG(s) dict_keys(['tutorial']) retrieved from /Users/nikhilanand/airflow_venv/lib/python3.9/site-packages/airflow/example_dags/tutorial.py
[2024-05-16 13:05:41,113] {logging_mixin.py:109} INFO - [2024-05-16 13:05:41,113] {dag.py:2396} INFO - Sync 1 DAGs
[2024-05-16 13:05:41,118] {logging_mixin.py:109} INFO - [2024-05-16 13:05:41,118] {dag.py:2935} INFO - Setting next_dagrun for tutorial to 2024-05-15T07:35:41.118196+00:00
[2024-05-16 13:05:41,122] {processor.py:171} INFO - Processing /Users/nikhilanand/airflow_venv/lib/python3.9/site-packages/airflow/example_dags/tutorial.py took 0.035 seconds
[2024-05-16 13:06:48,049] {processor.py:163} INFO - Started process (PID=96561) to work on /Users/nikhilanand/airflow_venv/lib/python3.9/site-packages/airflow/example_dags/tutorial.py
[2024-05-16 13:06:48,050] {processor.py:642} INFO - Processing file /Users/nikhilanand/airflow_venv/lib/python3.9/site-packages/airflow/example_dags/tutorial.py for tasks to queue
[2024-05-16 13:06:48,050] {logging_mixin.py:109} INFO - [2024-05-16 13:06:48,050] {dagbag.py:500} INFO - Filling up the DagBag from /Users/nikhilanand/airflow_venv/lib/python3.9/site-packages/airflow/example_dags/tutorial.py
[2024-05-16 13:06:48,066] {processor.py:654} INFO - DAG(s) dict_keys(['tutorial']) retrieved from /Users/nikhilanand/airflow_venv/lib/python3.9/site-packages/airflow/example_dags/tutorial.py
[2024-05-16 13:06:48,076] {logging_mixin.py:109} INFO - [2024-05-16 13:06:48,076] {dag.py:2396} INFO - Sync 1 DAGs
[2024-05-16 13:06:48,081] {logging_mixin.py:109} INFO - [2024-05-16 13:06:48,081] {dag.py:2935} INFO - Setting next_dagrun for tutorial to 2024-05-15T07:36:48.081805+00:00
[2024-05-16 13:06:48,086] {processor.py:171} INFO - Processing /Users/nikhilanand/airflow_venv/lib/python3.9/site-packages/airflow/example_dags/tutorial.py took 0.037 seconds
[2024-05-16 13:08:06,878] {processor.py:163} INFO - Started process (PID=97465) to work on /Users/nikhilanand/airflow_venv/lib/python3.9/site-packages/airflow/example_dags/tutorial.py
[2024-05-16 13:08:06,878] {processor.py:642} INFO - Processing file /Users/nikhilanand/airflow_venv/lib/python3.9/site-packages/airflow/example_dags/tutorial.py for tasks to queue
[2024-05-16 13:08:06,878] {logging_mixin.py:109} INFO - [2024-05-16 13:08:06,878] {dagbag.py:500} INFO - Filling up the DagBag from /Users/nikhilanand/airflow_venv/lib/python3.9/site-packages/airflow/example_dags/tutorial.py
[2024-05-16 13:08:06,896] {processor.py:654} INFO - DAG(s) dict_keys(['tutorial']) retrieved from /Users/nikhilanand/airflow_venv/lib/python3.9/site-packages/airflow/example_dags/tutorial.py
[2024-05-16 13:08:06,906] {logging_mixin.py:109} INFO - [2024-05-16 13:08:06,906] {dag.py:2396} INFO - Sync 1 DAGs
[2024-05-16 13:08:06,912] {logging_mixin.py:109} INFO - [2024-05-16 13:08:06,912] {dag.py:2935} INFO - Setting next_dagrun for tutorial to 2024-05-15T07:38:06.912065+00:00
[2024-05-16 13:08:06,916] {processor.py:171} INFO - Processing /Users/nikhilanand/airflow_venv/lib/python3.9/site-packages/airflow/example_dags/tutorial.py took 0.039 seconds
[2024-05-16 13:09:14,786] {processor.py:163} INFO - Started process (PID=98204) to work on /Users/nikhilanand/airflow_venv/lib/python3.9/site-packages/airflow/example_dags/tutorial.py
[2024-05-16 13:09:14,786] {processor.py:642} INFO - Processing file /Users/nikhilanand/airflow_venv/lib/python3.9/site-packages/airflow/example_dags/tutorial.py for tasks to queue
[2024-05-16 13:09:14,787] {logging_mixin.py:109} INFO - [2024-05-16 13:09:14,787] {dagbag.py:500} INFO - Filling up the DagBag from /Users/nikhilanand/airflow_venv/lib/python3.9/site-packages/airflow/example_dags/tutorial.py
[2024-05-16 13:09:14,805] {processor.py:654} INFO - DAG(s) dict_keys(['tutorial']) retrieved from /Users/nikhilanand/airflow_venv/lib/python3.9/site-packages/airflow/example_dags/tutorial.py
[2024-05-16 13:09:14,814] {logging_mixin.py:109} INFO - [2024-05-16 13:09:14,814] {dag.py:2396} INFO - Sync 1 DAGs
[2024-05-16 13:09:14,819] {logging_mixin.py:109} INFO - [2024-05-16 13:09:14,819] {dag.py:2935} INFO - Setting next_dagrun for tutorial to 2024-05-15T07:39:14.819600+00:00
[2024-05-16 13:09:14,824] {processor.py:171} INFO - Processing /Users/nikhilanand/airflow_venv/lib/python3.9/site-packages/airflow/example_dags/tutorial.py took 0.038 seconds
[2024-05-16 13:10:25,409] {processor.py:163} INFO - Started process (PID=98980) to work on /Users/nikhilanand/airflow_venv/lib/python3.9/site-packages/airflow/example_dags/tutorial.py
[2024-05-16 13:10:25,410] {processor.py:642} INFO - Processing file /Users/nikhilanand/airflow_venv/lib/python3.9/site-packages/airflow/example_dags/tutorial.py for tasks to queue
[2024-05-16 13:10:25,411] {logging_mixin.py:109} INFO - [2024-05-16 13:10:25,410] {dagbag.py:500} INFO - Filling up the DagBag from /Users/nikhilanand/airflow_venv/lib/python3.9/site-packages/airflow/example_dags/tutorial.py
[2024-05-16 13:10:25,427] {processor.py:654} INFO - DAG(s) dict_keys(['tutorial']) retrieved from /Users/nikhilanand/airflow_venv/lib/python3.9/site-packages/airflow/example_dags/tutorial.py
[2024-05-16 13:10:25,435] {logging_mixin.py:109} INFO - [2024-05-16 13:10:25,435] {dag.py:2396} INFO - Sync 1 DAGs
[2024-05-16 13:10:25,440] {logging_mixin.py:109} INFO - [2024-05-16 13:10:25,440] {dag.py:2935} INFO - Setting next_dagrun for tutorial to 2024-05-15T07:40:25.440017+00:00
[2024-05-16 13:10:25,443] {processor.py:171} INFO - Processing /Users/nikhilanand/airflow_venv/lib/python3.9/site-packages/airflow/example_dags/tutorial.py took 0.034 seconds
[2024-05-16 13:11:35,275] {processor.py:163} INFO - Started process (PID=99766) to work on /Users/nikhilanand/airflow_venv/lib/python3.9/site-packages/airflow/example_dags/tutorial.py
[2024-05-16 13:11:35,276] {processor.py:642} INFO - Processing file /Users/nikhilanand/airflow_venv/lib/python3.9/site-packages/airflow/example_dags/tutorial.py for tasks to queue
[2024-05-16 13:11:35,276] {logging_mixin.py:109} INFO - [2024-05-16 13:11:35,276] {dagbag.py:500} INFO - Filling up the DagBag from /Users/nikhilanand/airflow_venv/lib/python3.9/site-packages/airflow/example_dags/tutorial.py
[2024-05-16 13:11:35,292] {processor.py:654} INFO - DAG(s) dict_keys(['tutorial']) retrieved from /Users/nikhilanand/airflow_venv/lib/python3.9/site-packages/airflow/example_dags/tutorial.py
[2024-05-16 13:11:35,301] {logging_mixin.py:109} INFO - [2024-05-16 13:11:35,301] {dag.py:2396} INFO - Sync 1 DAGs
[2024-05-16 13:11:35,305] {logging_mixin.py:109} INFO - [2024-05-16 13:11:35,305] {dag.py:2935} INFO - Setting next_dagrun for tutorial to 2024-05-15T07:41:35.305715+00:00
[2024-05-16 13:11:35,309] {processor.py:171} INFO - Processing /Users/nikhilanand/airflow_venv/lib/python3.9/site-packages/airflow/example_dags/tutorial.py took 0.035 seconds
[2024-05-16 13:12:44,318] {processor.py:163} INFO - Started process (PID=900) to work on /Users/nikhilanand/airflow_venv/lib/python3.9/site-packages/airflow/example_dags/tutorial.py
[2024-05-16 13:12:44,318] {processor.py:642} INFO - Processing file /Users/nikhilanand/airflow_venv/lib/python3.9/site-packages/airflow/example_dags/tutorial.py for tasks to queue
[2024-05-16 13:12:44,318] {logging_mixin.py:109} INFO - [2024-05-16 13:12:44,318] {dagbag.py:500} INFO - Filling up the DagBag from /Users/nikhilanand/airflow_venv/lib/python3.9/site-packages/airflow/example_dags/tutorial.py
[2024-05-16 13:12:44,336] {processor.py:654} INFO - DAG(s) dict_keys(['tutorial']) retrieved from /Users/nikhilanand/airflow_venv/lib/python3.9/site-packages/airflow/example_dags/tutorial.py
[2024-05-16 13:12:44,346] {logging_mixin.py:109} INFO - [2024-05-16 13:12:44,346] {dag.py:2396} INFO - Sync 1 DAGs
[2024-05-16 13:12:44,352] {logging_mixin.py:109} INFO - [2024-05-16 13:12:44,352] {dag.py:2935} INFO - Setting next_dagrun for tutorial to 2024-05-15T07:42:44.352062+00:00
[2024-05-16 13:12:44,357] {processor.py:171} INFO - Processing /Users/nikhilanand/airflow_venv/lib/python3.9/site-packages/airflow/example_dags/tutorial.py took 0.039 seconds
[2024-05-16 13:13:30,565] {processor.py:163} INFO - Started process (PID=1452) to work on /Users/nikhilanand/airflow_venv/lib/python3.9/site-packages/airflow/example_dags/tutorial.py
[2024-05-16 13:13:30,566] {processor.py:642} INFO - Processing file /Users/nikhilanand/airflow_venv/lib/python3.9/site-packages/airflow/example_dags/tutorial.py for tasks to queue
[2024-05-16 13:13:30,566] {logging_mixin.py:109} INFO - [2024-05-16 13:13:30,566] {dagbag.py:500} INFO - Filling up the DagBag from /Users/nikhilanand/airflow_venv/lib/python3.9/site-packages/airflow/example_dags/tutorial.py
[2024-05-16 13:13:30,584] {processor.py:654} INFO - DAG(s) dict_keys(['tutorial']) retrieved from /Users/nikhilanand/airflow_venv/lib/python3.9/site-packages/airflow/example_dags/tutorial.py
[2024-05-16 13:13:30,593] {logging_mixin.py:109} INFO - [2024-05-16 13:13:30,593] {dag.py:2396} INFO - Sync 1 DAGs
[2024-05-16 13:13:30,598] {logging_mixin.py:109} INFO - [2024-05-16 13:13:30,598] {dag.py:2935} INFO - Setting next_dagrun for tutorial to 2024-05-15T07:43:30.598696+00:00
[2024-05-16 13:13:30,603] {processor.py:171} INFO - Processing /Users/nikhilanand/airflow_venv/lib/python3.9/site-packages/airflow/example_dags/tutorial.py took 0.039 seconds
[2024-05-16 13:14:39,343] {processor.py:163} INFO - Started process (PID=2271) to work on /Users/nikhilanand/airflow_venv/lib/python3.9/site-packages/airflow/example_dags/tutorial.py
[2024-05-16 13:14:39,344] {processor.py:642} INFO - Processing file /Users/nikhilanand/airflow_venv/lib/python3.9/site-packages/airflow/example_dags/tutorial.py for tasks to queue
[2024-05-16 13:14:39,345] {logging_mixin.py:109} INFO - [2024-05-16 13:14:39,345] {dagbag.py:500} INFO - Filling up the DagBag from /Users/nikhilanand/airflow_venv/lib/python3.9/site-packages/airflow/example_dags/tutorial.py
[2024-05-16 13:14:39,362] {processor.py:654} INFO - DAG(s) dict_keys(['tutorial']) retrieved from /Users/nikhilanand/airflow_venv/lib/python3.9/site-packages/airflow/example_dags/tutorial.py
[2024-05-16 13:14:39,371] {logging_mixin.py:109} INFO - [2024-05-16 13:14:39,371] {dag.py:2396} INFO - Sync 1 DAGs
[2024-05-16 13:14:39,376] {logging_mixin.py:109} INFO - [2024-05-16 13:14:39,376] {dag.py:2935} INFO - Setting next_dagrun for tutorial to 2024-05-15T07:44:39.375896+00:00
[2024-05-16 13:14:39,380] {processor.py:171} INFO - Processing /Users/nikhilanand/airflow_venv/lib/python3.9/site-packages/airflow/example_dags/tutorial.py took 0.037 seconds
[2024-05-16 13:15:48,184] {processor.py:163} INFO - Started process (PID=3527) to work on /Users/nikhilanand/airflow_venv/lib/python3.9/site-packages/airflow/example_dags/tutorial.py
[2024-05-16 13:15:48,185] {processor.py:642} INFO - Processing file /Users/nikhilanand/airflow_venv/lib/python3.9/site-packages/airflow/example_dags/tutorial.py for tasks to queue
[2024-05-16 13:15:48,186] {logging_mixin.py:109} INFO - [2024-05-16 13:15:48,186] {dagbag.py:500} INFO - Filling up the DagBag from /Users/nikhilanand/airflow_venv/lib/python3.9/site-packages/airflow/example_dags/tutorial.py
[2024-05-16 13:15:48,202] {processor.py:654} INFO - DAG(s) dict_keys(['tutorial']) retrieved from /Users/nikhilanand/airflow_venv/lib/python3.9/site-packages/airflow/example_dags/tutorial.py
[2024-05-16 13:15:48,210] {logging_mixin.py:109} INFO - [2024-05-16 13:15:48,210] {dag.py:2396} INFO - Sync 1 DAGs
[2024-05-16 13:15:48,214] {logging_mixin.py:109} INFO - [2024-05-16 13:15:48,214] {dag.py:2935} INFO - Setting next_dagrun for tutorial to 2024-05-15T07:45:48.214785+00:00
[2024-05-16 13:15:48,218] {processor.py:171} INFO - Processing /Users/nikhilanand/airflow_venv/lib/python3.9/site-packages/airflow/example_dags/tutorial.py took 0.034 seconds
[2024-05-16 13:17:02,358] {processor.py:163} INFO - Started process (PID=4356) to work on /Users/nikhilanand/airflow_venv/lib/python3.9/site-packages/airflow/example_dags/tutorial.py
[2024-05-16 13:17:02,359] {processor.py:642} INFO - Processing file /Users/nikhilanand/airflow_venv/lib/python3.9/site-packages/airflow/example_dags/tutorial.py for tasks to queue
[2024-05-16 13:17:02,359] {logging_mixin.py:109} INFO - [2024-05-16 13:17:02,359] {dagbag.py:500} INFO - Filling up the DagBag from /Users/nikhilanand/airflow_venv/lib/python3.9/site-packages/airflow/example_dags/tutorial.py
[2024-05-16 13:17:02,376] {processor.py:654} INFO - DAG(s) dict_keys(['tutorial']) retrieved from /Users/nikhilanand/airflow_venv/lib/python3.9/site-packages/airflow/example_dags/tutorial.py
[2024-05-16 13:17:02,384] {logging_mixin.py:109} INFO - [2024-05-16 13:17:02,384] {dag.py:2396} INFO - Sync 1 DAGs
[2024-05-16 13:17:02,389] {logging_mixin.py:109} INFO - [2024-05-16 13:17:02,389] {dag.py:2935} INFO - Setting next_dagrun for tutorial to 2024-05-15T07:47:02.389122+00:00
[2024-05-16 13:17:02,392] {processor.py:171} INFO - Processing /Users/nikhilanand/airflow_venv/lib/python3.9/site-packages/airflow/example_dags/tutorial.py took 0.035 seconds
[2024-05-16 13:18:13,719] {processor.py:163} INFO - Started process (PID=5232) to work on /Users/nikhilanand/airflow_venv/lib/python3.9/site-packages/airflow/example_dags/tutorial.py
[2024-05-16 13:18:13,720] {processor.py:642} INFO - Processing file /Users/nikhilanand/airflow_venv/lib/python3.9/site-packages/airflow/example_dags/tutorial.py for tasks to queue
[2024-05-16 13:18:13,721] {logging_mixin.py:109} INFO - [2024-05-16 13:18:13,721] {dagbag.py:500} INFO - Filling up the DagBag from /Users/nikhilanand/airflow_venv/lib/python3.9/site-packages/airflow/example_dags/tutorial.py
[2024-05-16 13:18:13,737] {processor.py:654} INFO - DAG(s) dict_keys(['tutorial']) retrieved from /Users/nikhilanand/airflow_venv/lib/python3.9/site-packages/airflow/example_dags/tutorial.py
[2024-05-16 13:18:13,745] {logging_mixin.py:109} INFO - [2024-05-16 13:18:13,745] {dag.py:2396} INFO - Sync 1 DAGs
[2024-05-16 13:18:13,749] {logging_mixin.py:109} INFO - [2024-05-16 13:18:13,749] {dag.py:2935} INFO - Setting next_dagrun for tutorial to 2024-05-15T07:48:13.749804+00:00
[2024-05-16 13:18:13,753] {processor.py:171} INFO - Processing /Users/nikhilanand/airflow_venv/lib/python3.9/site-packages/airflow/example_dags/tutorial.py took 0.034 seconds
[2024-05-16 13:19:20,213] {processor.py:163} INFO - Started process (PID=6037) to work on /Users/nikhilanand/airflow_venv/lib/python3.9/site-packages/airflow/example_dags/tutorial.py
[2024-05-16 13:19:20,213] {processor.py:642} INFO - Processing file /Users/nikhilanand/airflow_venv/lib/python3.9/site-packages/airflow/example_dags/tutorial.py for tasks to queue
[2024-05-16 13:19:20,213] {logging_mixin.py:109} INFO - [2024-05-16 13:19:20,213] {dagbag.py:500} INFO - Filling up the DagBag from /Users/nikhilanand/airflow_venv/lib/python3.9/site-packages/airflow/example_dags/tutorial.py
[2024-05-16 13:19:20,229] {processor.py:654} INFO - DAG(s) dict_keys(['tutorial']) retrieved from /Users/nikhilanand/airflow_venv/lib/python3.9/site-packages/airflow/example_dags/tutorial.py
[2024-05-16 13:19:20,237] {logging_mixin.py:109} INFO - [2024-05-16 13:19:20,237] {dag.py:2396} INFO - Sync 1 DAGs
[2024-05-16 13:19:20,241] {logging_mixin.py:109} INFO - [2024-05-16 13:19:20,241] {dag.py:2935} INFO - Setting next_dagrun for tutorial to 2024-05-15T07:49:20.241587+00:00
[2024-05-16 13:19:20,245] {processor.py:171} INFO - Processing /Users/nikhilanand/airflow_venv/lib/python3.9/site-packages/airflow/example_dags/tutorial.py took 0.033 seconds
[2024-05-16 13:20:28,801] {processor.py:163} INFO - Started process (PID=6838) to work on /Users/nikhilanand/airflow_venv/lib/python3.9/site-packages/airflow/example_dags/tutorial.py
[2024-05-16 13:20:28,802] {processor.py:642} INFO - Processing file /Users/nikhilanand/airflow_venv/lib/python3.9/site-packages/airflow/example_dags/tutorial.py for tasks to queue
[2024-05-16 13:20:28,802] {logging_mixin.py:109} INFO - [2024-05-16 13:20:28,802] {dagbag.py:500} INFO - Filling up the DagBag from /Users/nikhilanand/airflow_venv/lib/python3.9/site-packages/airflow/example_dags/tutorial.py
[2024-05-16 13:20:28,818] {processor.py:654} INFO - DAG(s) dict_keys(['tutorial']) retrieved from /Users/nikhilanand/airflow_venv/lib/python3.9/site-packages/airflow/example_dags/tutorial.py
[2024-05-16 13:20:28,827] {logging_mixin.py:109} INFO - [2024-05-16 13:20:28,827] {dag.py:2396} INFO - Sync 1 DAGs
[2024-05-16 13:20:28,831] {logging_mixin.py:109} INFO - [2024-05-16 13:20:28,831] {dag.py:2935} INFO - Setting next_dagrun for tutorial to 2024-05-15T07:50:28.831663+00:00
[2024-05-16 13:20:28,835] {processor.py:171} INFO - Processing /Users/nikhilanand/airflow_venv/lib/python3.9/site-packages/airflow/example_dags/tutorial.py took 0.034 seconds
[2024-05-16 13:21:38,107] {processor.py:163} INFO - Started process (PID=7661) to work on /Users/nikhilanand/airflow_venv/lib/python3.9/site-packages/airflow/example_dags/tutorial.py
[2024-05-16 13:21:38,109] {processor.py:642} INFO - Processing file /Users/nikhilanand/airflow_venv/lib/python3.9/site-packages/airflow/example_dags/tutorial.py for tasks to queue
[2024-05-16 13:21:38,109] {logging_mixin.py:109} INFO - [2024-05-16 13:21:38,109] {dagbag.py:500} INFO - Filling up the DagBag from /Users/nikhilanand/airflow_venv/lib/python3.9/site-packages/airflow/example_dags/tutorial.py
[2024-05-16 13:21:38,125] {processor.py:654} INFO - DAG(s) dict_keys(['tutorial']) retrieved from /Users/nikhilanand/airflow_venv/lib/python3.9/site-packages/airflow/example_dags/tutorial.py
[2024-05-16 13:21:38,133] {logging_mixin.py:109} INFO - [2024-05-16 13:21:38,133] {dag.py:2396} INFO - Sync 1 DAGs
[2024-05-16 13:21:38,138] {logging_mixin.py:109} INFO - [2024-05-16 13:21:38,138] {dag.py:2935} INFO - Setting next_dagrun for tutorial to 2024-05-15T07:51:38.138057+00:00
[2024-05-16 13:21:38,142] {processor.py:171} INFO - Processing /Users/nikhilanand/airflow_venv/lib/python3.9/site-packages/airflow/example_dags/tutorial.py took 0.034 seconds
[2024-05-16 13:22:46,197] {processor.py:163} INFO - Started process (PID=8464) to work on /Users/nikhilanand/airflow_venv/lib/python3.9/site-packages/airflow/example_dags/tutorial.py
[2024-05-16 13:22:46,198] {processor.py:642} INFO - Processing file /Users/nikhilanand/airflow_venv/lib/python3.9/site-packages/airflow/example_dags/tutorial.py for tasks to queue
[2024-05-16 13:22:46,198] {logging_mixin.py:109} INFO - [2024-05-16 13:22:46,198] {dagbag.py:500} INFO - Filling up the DagBag from /Users/nikhilanand/airflow_venv/lib/python3.9/site-packages/airflow/example_dags/tutorial.py
[2024-05-16 13:22:46,214] {processor.py:654} INFO - DAG(s) dict_keys(['tutorial']) retrieved from /Users/nikhilanand/airflow_venv/lib/python3.9/site-packages/airflow/example_dags/tutorial.py
[2024-05-16 13:22:46,223] {logging_mixin.py:109} INFO - [2024-05-16 13:22:46,223] {dag.py:2396} INFO - Sync 1 DAGs
[2024-05-16 13:22:46,227] {logging_mixin.py:109} INFO - [2024-05-16 13:22:46,227] {dag.py:2935} INFO - Setting next_dagrun for tutorial to 2024-05-15T07:52:46.227310+00:00
[2024-05-16 13:22:46,230] {processor.py:171} INFO - Processing /Users/nikhilanand/airflow_venv/lib/python3.9/site-packages/airflow/example_dags/tutorial.py took 0.034 seconds
[2024-05-16 13:23:52,486] {processor.py:163} INFO - Started process (PID=9244) to work on /Users/nikhilanand/airflow_venv/lib/python3.9/site-packages/airflow/example_dags/tutorial.py
[2024-05-16 13:23:52,486] {processor.py:642} INFO - Processing file /Users/nikhilanand/airflow_venv/lib/python3.9/site-packages/airflow/example_dags/tutorial.py for tasks to queue
[2024-05-16 13:23:52,486] {logging_mixin.py:109} INFO - [2024-05-16 13:23:52,486] {dagbag.py:500} INFO - Filling up the DagBag from /Users/nikhilanand/airflow_venv/lib/python3.9/site-packages/airflow/example_dags/tutorial.py
[2024-05-16 13:23:52,502] {processor.py:654} INFO - DAG(s) dict_keys(['tutorial']) retrieved from /Users/nikhilanand/airflow_venv/lib/python3.9/site-packages/airflow/example_dags/tutorial.py
[2024-05-16 13:23:52,511] {logging_mixin.py:109} INFO - [2024-05-16 13:23:52,511] {dag.py:2396} INFO - Sync 1 DAGs
[2024-05-16 13:23:52,515] {logging_mixin.py:109} INFO - [2024-05-16 13:23:52,515] {dag.py:2935} INFO - Setting next_dagrun for tutorial to 2024-05-15T07:53:52.515293+00:00
[2024-05-16 13:23:52,519] {processor.py:171} INFO - Processing /Users/nikhilanand/airflow_venv/lib/python3.9/site-packages/airflow/example_dags/tutorial.py took 0.033 seconds
[2024-05-16 13:25:01,448] {processor.py:163} INFO - Started process (PID=10058) to work on /Users/nikhilanand/airflow_venv/lib/python3.9/site-packages/airflow/example_dags/tutorial.py
[2024-05-16 13:25:01,449] {processor.py:642} INFO - Processing file /Users/nikhilanand/airflow_venv/lib/python3.9/site-packages/airflow/example_dags/tutorial.py for tasks to queue
[2024-05-16 13:25:01,449] {logging_mixin.py:109} INFO - [2024-05-16 13:25:01,449] {dagbag.py:500} INFO - Filling up the DagBag from /Users/nikhilanand/airflow_venv/lib/python3.9/site-packages/airflow/example_dags/tutorial.py
[2024-05-16 13:25:01,466] {processor.py:654} INFO - DAG(s) dict_keys(['tutorial']) retrieved from /Users/nikhilanand/airflow_venv/lib/python3.9/site-packages/airflow/example_dags/tutorial.py
[2024-05-16 13:25:01,476] {logging_mixin.py:109} INFO - [2024-05-16 13:25:01,476] {dag.py:2396} INFO - Sync 1 DAGs
[2024-05-16 13:25:01,481] {logging_mixin.py:109} INFO - [2024-05-16 13:25:01,481] {dag.py:2935} INFO - Setting next_dagrun for tutorial to 2024-05-15T07:55:01.481315+00:00
[2024-05-16 13:25:01,485] {processor.py:171} INFO - Processing /Users/nikhilanand/airflow_venv/lib/python3.9/site-packages/airflow/example_dags/tutorial.py took 0.037 seconds
[2024-05-16 13:26:10,336] {processor.py:163} INFO - Started process (PID=11232) to work on /Users/nikhilanand/airflow_venv/lib/python3.9/site-packages/airflow/example_dags/tutorial.py
[2024-05-16 13:26:10,337] {processor.py:642} INFO - Processing file /Users/nikhilanand/airflow_venv/lib/python3.9/site-packages/airflow/example_dags/tutorial.py for tasks to queue
[2024-05-16 13:26:10,338] {logging_mixin.py:109} INFO - [2024-05-16 13:26:10,337] {dagbag.py:500} INFO - Filling up the DagBag from /Users/nikhilanand/airflow_venv/lib/python3.9/site-packages/airflow/example_dags/tutorial.py
[2024-05-16 13:26:10,353] {processor.py:654} INFO - DAG(s) dict_keys(['tutorial']) retrieved from /Users/nikhilanand/airflow_venv/lib/python3.9/site-packages/airflow/example_dags/tutorial.py
[2024-05-16 13:26:10,362] {logging_mixin.py:109} INFO - [2024-05-16 13:26:10,362] {dag.py:2396} INFO - Sync 1 DAGs
[2024-05-16 13:26:10,366] {logging_mixin.py:109} INFO - [2024-05-16 13:26:10,366] {dag.py:2935} INFO - Setting next_dagrun for tutorial to 2024-05-15T07:56:10.366320+00:00
[2024-05-16 13:26:10,369] {processor.py:171} INFO - Processing /Users/nikhilanand/airflow_venv/lib/python3.9/site-packages/airflow/example_dags/tutorial.py took 0.033 seconds
[2024-05-16 13:27:17,152] {processor.py:163} INFO - Started process (PID=12009) to work on /Users/nikhilanand/airflow_venv/lib/python3.9/site-packages/airflow/example_dags/tutorial.py
[2024-05-16 13:27:17,154] {processor.py:642} INFO - Processing file /Users/nikhilanand/airflow_venv/lib/python3.9/site-packages/airflow/example_dags/tutorial.py for tasks to queue
[2024-05-16 13:27:17,154] {logging_mixin.py:109} INFO - [2024-05-16 13:27:17,154] {dagbag.py:500} INFO - Filling up the DagBag from /Users/nikhilanand/airflow_venv/lib/python3.9/site-packages/airflow/example_dags/tutorial.py
[2024-05-16 13:27:17,170] {processor.py:654} INFO - DAG(s) dict_keys(['tutorial']) retrieved from /Users/nikhilanand/airflow_venv/lib/python3.9/site-packages/airflow/example_dags/tutorial.py
[2024-05-16 13:27:17,179] {logging_mixin.py:109} INFO - [2024-05-16 13:27:17,179] {dag.py:2396} INFO - Sync 1 DAGs
[2024-05-16 13:27:17,183] {logging_mixin.py:109} INFO - [2024-05-16 13:27:17,183] {dag.py:2935} INFO - Setting next_dagrun for tutorial to 2024-05-15T07:57:17.183737+00:00
[2024-05-16 13:27:17,187] {processor.py:171} INFO - Processing /Users/nikhilanand/airflow_venv/lib/python3.9/site-packages/airflow/example_dags/tutorial.py took 0.035 seconds
[2024-05-16 13:28:49,097] {processor.py:163} INFO - Started process (PID=13138) to work on /Users/nikhilanand/airflow_venv/lib/python3.9/site-packages/airflow/example_dags/tutorial.py
[2024-05-16 13:28:49,098] {processor.py:642} INFO - Processing file /Users/nikhilanand/airflow_venv/lib/python3.9/site-packages/airflow/example_dags/tutorial.py for tasks to queue
[2024-05-16 13:28:49,098] {logging_mixin.py:109} INFO - [2024-05-16 13:28:49,098] {dagbag.py:500} INFO - Filling up the DagBag from /Users/nikhilanand/airflow_venv/lib/python3.9/site-packages/airflow/example_dags/tutorial.py
[2024-05-16 13:28:49,114] {processor.py:654} INFO - DAG(s) dict_keys(['tutorial']) retrieved from /Users/nikhilanand/airflow_venv/lib/python3.9/site-packages/airflow/example_dags/tutorial.py
[2024-05-16 13:28:49,122] {logging_mixin.py:109} INFO - [2024-05-16 13:28:49,122] {dag.py:2396} INFO - Sync 1 DAGs
[2024-05-16 13:28:49,127] {logging_mixin.py:109} INFO - [2024-05-16 13:28:49,127] {dag.py:2935} INFO - Setting next_dagrun for tutorial to 2024-05-15T07:58:49.127192+00:00
[2024-05-16 13:28:49,131] {processor.py:171} INFO - Processing /Users/nikhilanand/airflow_venv/lib/python3.9/site-packages/airflow/example_dags/tutorial.py took 0.034 seconds
[2024-05-16 13:29:58,016] {processor.py:163} INFO - Started process (PID=13947) to work on /Users/nikhilanand/airflow_venv/lib/python3.9/site-packages/airflow/example_dags/tutorial.py
[2024-05-16 13:29:58,017] {processor.py:642} INFO - Processing file /Users/nikhilanand/airflow_venv/lib/python3.9/site-packages/airflow/example_dags/tutorial.py for tasks to queue
[2024-05-16 13:29:58,017] {logging_mixin.py:109} INFO - [2024-05-16 13:29:58,017] {dagbag.py:500} INFO - Filling up the DagBag from /Users/nikhilanand/airflow_venv/lib/python3.9/site-packages/airflow/example_dags/tutorial.py
[2024-05-16 13:29:58,033] {processor.py:654} INFO - DAG(s) dict_keys(['tutorial']) retrieved from /Users/nikhilanand/airflow_venv/lib/python3.9/site-packages/airflow/example_dags/tutorial.py
[2024-05-16 13:29:58,041] {logging_mixin.py:109} INFO - [2024-05-16 13:29:58,041] {dag.py:2396} INFO - Sync 1 DAGs
[2024-05-16 13:29:58,045] {logging_mixin.py:109} INFO - [2024-05-16 13:29:58,045] {dag.py:2935} INFO - Setting next_dagrun for tutorial to 2024-05-15T07:59:58.045799+00:00
[2024-05-16 13:29:58,049] {processor.py:171} INFO - Processing /Users/nikhilanand/airflow_venv/lib/python3.9/site-packages/airflow/example_dags/tutorial.py took 0.033 seconds
[2024-05-16 13:31:09,412] {processor.py:163} INFO - Started process (PID=14814) to work on /Users/nikhilanand/airflow_venv/lib/python3.9/site-packages/airflow/example_dags/tutorial.py
[2024-05-16 13:31:09,413] {processor.py:642} INFO - Processing file /Users/nikhilanand/airflow_venv/lib/python3.9/site-packages/airflow/example_dags/tutorial.py for tasks to queue
[2024-05-16 13:31:09,414] {logging_mixin.py:109} INFO - [2024-05-16 13:31:09,414] {dagbag.py:500} INFO - Filling up the DagBag from /Users/nikhilanand/airflow_venv/lib/python3.9/site-packages/airflow/example_dags/tutorial.py
[2024-05-16 13:31:09,431] {processor.py:654} INFO - DAG(s) dict_keys(['tutorial']) retrieved from /Users/nikhilanand/airflow_venv/lib/python3.9/site-packages/airflow/example_dags/tutorial.py
[2024-05-16 13:31:09,440] {logging_mixin.py:109} INFO - [2024-05-16 13:31:09,439] {dag.py:2396} INFO - Sync 1 DAGs
[2024-05-16 13:31:09,444] {logging_mixin.py:109} INFO - [2024-05-16 13:31:09,444] {dag.py:2935} INFO - Setting next_dagrun for tutorial to 2024-05-15T08:01:09.444382+00:00
[2024-05-16 13:31:09,448] {processor.py:171} INFO - Processing /Users/nikhilanand/airflow_venv/lib/python3.9/site-packages/airflow/example_dags/tutorial.py took 0.036 seconds
[2024-05-16 13:32:18,305] {processor.py:163} INFO - Started process (PID=15638) to work on /Users/nikhilanand/airflow_venv/lib/python3.9/site-packages/airflow/example_dags/tutorial.py
[2024-05-16 13:32:18,305] {processor.py:642} INFO - Processing file /Users/nikhilanand/airflow_venv/lib/python3.9/site-packages/airflow/example_dags/tutorial.py for tasks to queue
[2024-05-16 13:32:18,305] {logging_mixin.py:109} INFO - [2024-05-16 13:32:18,305] {dagbag.py:500} INFO - Filling up the DagBag from /Users/nikhilanand/airflow_venv/lib/python3.9/site-packages/airflow/example_dags/tutorial.py
[2024-05-16 13:32:18,322] {processor.py:654} INFO - DAG(s) dict_keys(['tutorial']) retrieved from /Users/nikhilanand/airflow_venv/lib/python3.9/site-packages/airflow/example_dags/tutorial.py
[2024-05-16 13:32:18,333] {logging_mixin.py:109} INFO - [2024-05-16 13:32:18,332] {dag.py:2396} INFO - Sync 1 DAGs
[2024-05-16 13:32:18,338] {logging_mixin.py:109} INFO - [2024-05-16 13:32:18,338] {dag.py:2935} INFO - Setting next_dagrun for tutorial to 2024-05-15T08:02:18.338167+00:00
[2024-05-16 13:32:18,342] {processor.py:171} INFO - Processing /Users/nikhilanand/airflow_venv/lib/python3.9/site-packages/airflow/example_dags/tutorial.py took 0.038 seconds
