2024-05-16 12:53:39,803 INFO - Starting the scheduler
2024-05-16 12:53:39,804 INFO - Processing each file at most -1 times
2024-05-16 12:53:39,815 INFO - Launched DagFileProcessorManager with pid: 86628
2024-05-16 12:53:39,817 INFO - Resetting orphaned tasks for active dag runs
2024-05-16 12:58:39,849 INFO - Resetting orphaned tasks for active dag runs
2024-05-16 12:59:32,081 INFO - Setting next_dagrun for keypoints_dag to 2024-05-16T00:00:00+00:00
2024-05-16 12:59:32,105 INFO - 2 tasks up for execution:
	<TaskInstance: keypoints_dag.fetch_data scheduled__2024-05-15T00:00:00+00:00 [scheduled]>
	<TaskInstance: keypoints_dag.preprocess_data scheduled__2024-05-15T00:00:00+00:00 [scheduled]>
2024-05-16 12:59:32,106 INFO - Figuring out tasks to run in Pool(name=default_pool) with 128 open slots and 2 task instances ready to be queued
2024-05-16 12:59:32,106 INFO - DAG keypoints_dag has 0/16 running and queued tasks
2024-05-16 12:59:32,107 INFO - DAG keypoints_dag has 1/16 running and queued tasks
2024-05-16 12:59:32,107 INFO - Setting the following tasks to queued state:
	<TaskInstance: keypoints_dag.fetch_data scheduled__2024-05-15T00:00:00+00:00 [scheduled]>
	<TaskInstance: keypoints_dag.preprocess_data scheduled__2024-05-15T00:00:00+00:00 [scheduled]>
2024-05-16 12:59:32,108 INFO - Sending TaskInstanceKey(dag_id='keypoints_dag', task_id='fetch_data', run_id='scheduled__2024-05-15T00:00:00+00:00', try_number=1) to executor with priority 1 and queue default
2024-05-16 12:59:32,108 INFO - Adding to queue: ['airflow', 'tasks', 'run', 'keypoints_dag', 'fetch_data', 'scheduled__2024-05-15T00:00:00+00:00', '--local', '--subdir', 'DAGS_FOLDER/preprocess_airflow.py']
2024-05-16 12:59:32,109 INFO - Sending TaskInstanceKey(dag_id='keypoints_dag', task_id='preprocess_data', run_id='scheduled__2024-05-15T00:00:00+00:00', try_number=1) to executor with priority 1 and queue default
2024-05-16 12:59:32,109 INFO - Adding to queue: ['airflow', 'tasks', 'run', 'keypoints_dag', 'preprocess_data', 'scheduled__2024-05-15T00:00:00+00:00', '--local', '--subdir', 'DAGS_FOLDER/preprocess_airflow.py']
2024-05-16 12:59:32,110 INFO - Executing command: ['airflow', 'tasks', 'run', 'keypoints_dag', 'fetch_data', 'scheduled__2024-05-15T00:00:00+00:00', '--local', '--subdir', 'DAGS_FOLDER/preprocess_airflow.py']
2024-05-16 12:59:34,209 INFO - Executing command: ['airflow', 'tasks', 'run', 'keypoints_dag', 'preprocess_data', 'scheduled__2024-05-15T00:00:00+00:00', '--local', '--subdir', 'DAGS_FOLDER/preprocess_airflow.py']
2024-05-16 12:59:35,742 INFO - Executor reports execution of keypoints_dag.fetch_data run_id=scheduled__2024-05-15T00:00:00+00:00 exited with status success for try_number 1
2024-05-16 12:59:35,743 INFO - Executor reports execution of keypoints_dag.preprocess_data run_id=scheduled__2024-05-15T00:00:00+00:00 exited with status success for try_number 1
2024-05-16 12:59:35,748 INFO - TaskInstance Finished: dag_id=keypoints_dag, task_id=fetch_data, run_id=scheduled__2024-05-15T00:00:00+00:00, run_start_date=2024-05-16 07:29:33.343244+00:00, run_end_date=2024-05-16 07:29:34.034137+00:00, run_duration=0.690893, state=failed, executor_state=success, try_number=1, max_tries=0, job_id=2, pool=default_pool, queue=default, priority_weight=1, operator=BashOperator
2024-05-16 12:59:35,748 INFO - TaskInstance Finished: dag_id=keypoints_dag, task_id=preprocess_data, run_id=scheduled__2024-05-15T00:00:00+00:00, run_start_date=2024-05-16 07:29:35.451113+00:00, run_end_date=2024-05-16 07:29:35.526474+00:00, run_duration=0.075361, state=failed, executor_state=success, try_number=1, max_tries=0, job_id=3, pool=default_pool, queue=default, priority_weight=1, operator=PythonOperator
2024-05-16 12:59:36,746 ERROR - Marking run <DagRun keypoints_dag @ 2024-05-15 00:00:00+00:00: scheduled__2024-05-15T00:00:00+00:00, externally triggered: False> failed
2024-05-16 12:59:36,746 INFO - DagRun Finished: dag_id=keypoints_dag, execution_date=2024-05-15 00:00:00+00:00, run_id=scheduled__2024-05-15T00:00:00+00:00, run_start_date=2024-05-16 07:29:32.087198+00:00, run_end_date=2024-05-16 07:29:36.746734+00:00, run_duration=4.659536, state=failed, external_trigger=False, run_type=scheduled, data_interval_start=2024-05-15 00:00:00+00:00, data_interval_end=2024-05-16 00:00:00+00:00, dag_hash=d0134bdedf6caf352f8852ce87e68cb9
2024-05-16 12:59:36,748 INFO - Setting next_dagrun for keypoints_dag to 2024-05-16T00:00:00+00:00
2024-05-16 13:03:40,109 INFO - Resetting orphaned tasks for active dag runs
2024-05-16 13:04:59,144 INFO - Setting next_dagrun for keypoints_dag to 2024-05-16T00:00:00+00:00
2024-05-16 13:04:59,163 INFO - 1 tasks up for execution:
	<TaskInstance: keypoints_dag.fetch_data scheduled__2024-05-15T00:00:00+00:00 [scheduled]>
2024-05-16 13:04:59,163 INFO - Figuring out tasks to run in Pool(name=default_pool) with 128 open slots and 1 task instances ready to be queued
2024-05-16 13:04:59,164 INFO - DAG keypoints_dag has 0/16 running and queued tasks
2024-05-16 13:04:59,164 INFO - Setting the following tasks to queued state:
	<TaskInstance: keypoints_dag.fetch_data scheduled__2024-05-15T00:00:00+00:00 [scheduled]>
2024-05-16 13:04:59,165 INFO - Sending TaskInstanceKey(dag_id='keypoints_dag', task_id='fetch_data', run_id='scheduled__2024-05-15T00:00:00+00:00', try_number=1) to executor with priority 2 and queue default
2024-05-16 13:04:59,165 INFO - Adding to queue: ['airflow', 'tasks', 'run', 'keypoints_dag', 'fetch_data', 'scheduled__2024-05-15T00:00:00+00:00', '--local', '--subdir', 'DAGS_FOLDER/preprocess_airflow.py']
2024-05-16 13:04:59,166 INFO - Executing command: ['airflow', 'tasks', 'run', 'keypoints_dag', 'fetch_data', 'scheduled__2024-05-15T00:00:00+00:00', '--local', '--subdir', 'DAGS_FOLDER/preprocess_airflow.py']
2024-05-16 13:05:05,517 INFO - Executor reports execution of keypoints_dag.fetch_data run_id=scheduled__2024-05-15T00:00:00+00:00 exited with status success for try_number 1
2024-05-16 13:05:05,523 INFO - TaskInstance Finished: dag_id=keypoints_dag, task_id=fetch_data, run_id=scheduled__2024-05-15T00:00:00+00:00, run_start_date=2024-05-16 07:35:00.507365+00:00, run_end_date=2024-05-16 07:35:05.323444+00:00, run_duration=4.816079, state=success, executor_state=success, try_number=1, max_tries=0, job_id=2, pool=default_pool, queue=default, priority_weight=2, operator=BashOperator
2024-05-16 13:05:06,403 INFO - 1 tasks up for execution:
	<TaskInstance: keypoints_dag.preprocess_data scheduled__2024-05-15T00:00:00+00:00 [scheduled]>
2024-05-16 13:05:06,404 INFO - Figuring out tasks to run in Pool(name=default_pool) with 128 open slots and 1 task instances ready to be queued
2024-05-16 13:05:06,404 INFO - DAG keypoints_dag has 0/16 running and queued tasks
2024-05-16 13:05:06,404 INFO - Setting the following tasks to queued state:
	<TaskInstance: keypoints_dag.preprocess_data scheduled__2024-05-15T00:00:00+00:00 [scheduled]>
2024-05-16 13:05:06,405 INFO - Sending TaskInstanceKey(dag_id='keypoints_dag', task_id='preprocess_data', run_id='scheduled__2024-05-15T00:00:00+00:00', try_number=1) to executor with priority 1 and queue default
2024-05-16 13:05:06,406 INFO - Adding to queue: ['airflow', 'tasks', 'run', 'keypoints_dag', 'preprocess_data', 'scheduled__2024-05-15T00:00:00+00:00', '--local', '--subdir', 'DAGS_FOLDER/preprocess_airflow.py']
2024-05-16 13:05:06,406 INFO - Executing command: ['airflow', 'tasks', 'run', 'keypoints_dag', 'preprocess_data', 'scheduled__2024-05-15T00:00:00+00:00', '--local', '--subdir', 'DAGS_FOLDER/preprocess_airflow.py']
2024-05-16 13:05:07,901 INFO - Executor reports execution of keypoints_dag.preprocess_data run_id=scheduled__2024-05-15T00:00:00+00:00 exited with status success for try_number 1
2024-05-16 13:05:07,906 INFO - TaskInstance Finished: dag_id=keypoints_dag, task_id=preprocess_data, run_id=scheduled__2024-05-15T00:00:00+00:00, run_start_date=2024-05-16 07:35:07.611811+00:00, run_end_date=2024-05-16 07:35:07.690587+00:00, run_duration=0.078776, state=failed, executor_state=success, try_number=1, max_tries=0, job_id=3, pool=default_pool, queue=default, priority_weight=1, operator=PythonOperator
2024-05-16 13:05:08,720 ERROR - Marking run <DagRun keypoints_dag @ 2024-05-15 00:00:00+00:00: scheduled__2024-05-15T00:00:00+00:00, externally triggered: False> failed
2024-05-16 13:05:08,720 INFO - DagRun Finished: dag_id=keypoints_dag, execution_date=2024-05-15 00:00:00+00:00, run_id=scheduled__2024-05-15T00:00:00+00:00, run_start_date=2024-05-16 07:34:59.149146+00:00, run_end_date=2024-05-16 07:35:08.720672+00:00, run_duration=9.571526, state=failed, external_trigger=False, run_type=scheduled, data_interval_start=2024-05-15 00:00:00+00:00, data_interval_end=2024-05-16 00:00:00+00:00, dag_hash=73569a8b120ddd0d069ac10eb63a8bed
2024-05-16 13:05:08,722 INFO - Setting next_dagrun for keypoints_dag to 2024-05-16T00:00:00+00:00
2024-05-16 13:07:26,935 INFO - 1 tasks up for execution:
	<TaskInstance: keypoints_dag.fetch_data manual__2024-05-16T07:37:25.386356+00:00 [scheduled]>
2024-05-16 13:07:26,937 INFO - Figuring out tasks to run in Pool(name=default_pool) with 128 open slots and 1 task instances ready to be queued
2024-05-16 13:07:26,937 INFO - DAG keypoints_dag has 0/16 running and queued tasks
2024-05-16 13:07:26,937 INFO - Setting the following tasks to queued state:
	<TaskInstance: keypoints_dag.fetch_data manual__2024-05-16T07:37:25.386356+00:00 [scheduled]>
2024-05-16 13:07:26,938 INFO - Sending TaskInstanceKey(dag_id='keypoints_dag', task_id='fetch_data', run_id='manual__2024-05-16T07:37:25.386356+00:00', try_number=1) to executor with priority 2 and queue default
2024-05-16 13:07:26,938 INFO - Adding to queue: ['airflow', 'tasks', 'run', 'keypoints_dag', 'fetch_data', 'manual__2024-05-16T07:37:25.386356+00:00', '--local', '--subdir', 'DAGS_FOLDER/preprocess_airflow.py']
2024-05-16 13:07:26,939 INFO - Executing command: ['airflow', 'tasks', 'run', 'keypoints_dag', 'fetch_data', 'manual__2024-05-16T07:37:25.386356+00:00', '--local', '--subdir', 'DAGS_FOLDER/preprocess_airflow.py']
2024-05-16 13:07:33,381 INFO - Executor reports execution of keypoints_dag.fetch_data run_id=manual__2024-05-16T07:37:25.386356+00:00 exited with status success for try_number 1
2024-05-16 13:07:33,386 INFO - TaskInstance Finished: dag_id=keypoints_dag, task_id=fetch_data, run_id=manual__2024-05-16T07:37:25.386356+00:00, run_start_date=2024-05-16 07:37:28.436374+00:00, run_end_date=2024-05-16 07:37:33.206977+00:00, run_duration=4.770603, state=success, executor_state=success, try_number=1, max_tries=0, job_id=4, pool=default_pool, queue=default, priority_weight=2, operator=BashOperator
2024-05-16 13:07:34,243 INFO - 1 tasks up for execution:
	<TaskInstance: keypoints_dag.preprocess_data manual__2024-05-16T07:37:25.386356+00:00 [scheduled]>
2024-05-16 13:07:34,243 INFO - Figuring out tasks to run in Pool(name=default_pool) with 128 open slots and 1 task instances ready to be queued
2024-05-16 13:07:34,244 INFO - DAG keypoints_dag has 0/16 running and queued tasks
2024-05-16 13:07:34,244 INFO - Setting the following tasks to queued state:
	<TaskInstance: keypoints_dag.preprocess_data manual__2024-05-16T07:37:25.386356+00:00 [scheduled]>
2024-05-16 13:07:34,245 INFO - Sending TaskInstanceKey(dag_id='keypoints_dag', task_id='preprocess_data', run_id='manual__2024-05-16T07:37:25.386356+00:00', try_number=1) to executor with priority 1 and queue default
2024-05-16 13:07:34,245 INFO - Adding to queue: ['airflow', 'tasks', 'run', 'keypoints_dag', 'preprocess_data', 'manual__2024-05-16T07:37:25.386356+00:00', '--local', '--subdir', 'DAGS_FOLDER/preprocess_airflow.py']
2024-05-16 13:07:34,246 INFO - Executing command: ['airflow', 'tasks', 'run', 'keypoints_dag', 'preprocess_data', 'manual__2024-05-16T07:37:25.386356+00:00', '--local', '--subdir', 'DAGS_FOLDER/preprocess_airflow.py']
2024-05-16 13:07:35,721 INFO - Executor reports execution of keypoints_dag.preprocess_data run_id=manual__2024-05-16T07:37:25.386356+00:00 exited with status success for try_number 1
2024-05-16 13:07:35,727 INFO - TaskInstance Finished: dag_id=keypoints_dag, task_id=preprocess_data, run_id=manual__2024-05-16T07:37:25.386356+00:00, run_start_date=2024-05-16 07:37:35.436225+00:00, run_end_date=2024-05-16 07:37:35.509834+00:00, run_duration=0.073609, state=failed, executor_state=success, try_number=1, max_tries=0, job_id=5, pool=default_pool, queue=default, priority_weight=1, operator=PythonOperator
2024-05-16 13:07:36,554 ERROR - Marking run <DagRun keypoints_dag @ 2024-05-16 07:37:25.386356+00:00: manual__2024-05-16T07:37:25.386356+00:00, externally triggered: True> failed
2024-05-16 13:07:36,554 INFO - DagRun Finished: dag_id=keypoints_dag, execution_date=2024-05-16 07:37:25.386356+00:00, run_id=manual__2024-05-16T07:37:25.386356+00:00, run_start_date=2024-05-16 07:37:26.921254+00:00, run_end_date=2024-05-16 07:37:36.554935+00:00, run_duration=9.633681, state=failed, external_trigger=True, run_type=manual, data_interval_start=2024-05-15 00:00:00+00:00, data_interval_end=2024-05-16 00:00:00+00:00, dag_hash=73569a8b120ddd0d069ac10eb63a8bed
2024-05-16 13:07:36,556 INFO - Setting next_dagrun for keypoints_dag to 2024-05-16T00:00:00+00:00
2024-05-16 13:08:40,941 INFO - Resetting orphaned tasks for active dag runs
2024-05-16 13:13:42,003 INFO - Resetting orphaned tasks for active dag runs
2024-05-16 13:18:42,279 INFO - Resetting orphaned tasks for active dag runs
2024-05-16 13:23:43,087 INFO - Resetting orphaned tasks for active dag runs
2024-05-16 13:27:51,233 INFO - 1 tasks up for execution:
	<TaskInstance: keypoints_dag.fetch_data manual__2024-05-16T07:57:50.690130+00:00 [scheduled]>
2024-05-16 13:27:51,235 INFO - Figuring out tasks to run in Pool(name=default_pool) with 128 open slots and 1 task instances ready to be queued
2024-05-16 13:27:51,235 INFO - DAG keypoints_dag has 0/16 running and queued tasks
2024-05-16 13:27:51,236 INFO - Setting the following tasks to queued state:
	<TaskInstance: keypoints_dag.fetch_data manual__2024-05-16T07:57:50.690130+00:00 [scheduled]>
2024-05-16 13:27:51,237 INFO - Sending TaskInstanceKey(dag_id='keypoints_dag', task_id='fetch_data', run_id='manual__2024-05-16T07:57:50.690130+00:00', try_number=1) to executor with priority 3 and queue default
2024-05-16 13:27:51,237 INFO - Adding to queue: ['airflow', 'tasks', 'run', 'keypoints_dag', 'fetch_data', 'manual__2024-05-16T07:57:50.690130+00:00', '--local', '--subdir', 'DAGS_FOLDER/preprocess_airflow.py']
2024-05-16 13:27:51,238 INFO - Executing command: ['airflow', 'tasks', 'run', 'keypoints_dag', 'fetch_data', 'manual__2024-05-16T07:57:50.690130+00:00', '--local', '--subdir', 'DAGS_FOLDER/preprocess_airflow.py']
2024-05-16 13:27:58,326 INFO - Executor reports execution of keypoints_dag.fetch_data run_id=manual__2024-05-16T07:57:50.690130+00:00 exited with status success for try_number 1
2024-05-16 13:27:58,332 INFO - TaskInstance Finished: dag_id=keypoints_dag, task_id=fetch_data, run_id=manual__2024-05-16T07:57:50.690130+00:00, run_start_date=2024-05-16 07:57:52.780464+00:00, run_end_date=2024-05-16 07:57:58.153461+00:00, run_duration=5.372997, state=success, executor_state=success, try_number=1, max_tries=0, job_id=6, pool=default_pool, queue=default, priority_weight=3, operator=BashOperator
2024-05-16 13:27:59,352 INFO - 1 tasks up for execution:
	<TaskInstance: keypoints_dag.unzip_data manual__2024-05-16T07:57:50.690130+00:00 [scheduled]>
2024-05-16 13:27:59,353 INFO - Figuring out tasks to run in Pool(name=default_pool) with 128 open slots and 1 task instances ready to be queued
2024-05-16 13:27:59,353 INFO - DAG keypoints_dag has 0/16 running and queued tasks
2024-05-16 13:27:59,354 INFO - Setting the following tasks to queued state:
	<TaskInstance: keypoints_dag.unzip_data manual__2024-05-16T07:57:50.690130+00:00 [scheduled]>
2024-05-16 13:27:59,354 INFO - Sending TaskInstanceKey(dag_id='keypoints_dag', task_id='unzip_data', run_id='manual__2024-05-16T07:57:50.690130+00:00', try_number=1) to executor with priority 2 and queue default
2024-05-16 13:27:59,355 INFO - Adding to queue: ['airflow', 'tasks', 'run', 'keypoints_dag', 'unzip_data', 'manual__2024-05-16T07:57:50.690130+00:00', '--local', '--subdir', 'DAGS_FOLDER/preprocess_airflow.py']
2024-05-16 13:27:59,356 INFO - Executing command: ['airflow', 'tasks', 'run', 'keypoints_dag', 'unzip_data', 'manual__2024-05-16T07:57:50.690130+00:00', '--local', '--subdir', 'DAGS_FOLDER/preprocess_airflow.py']
2024-05-16 13:28:01,472 INFO - Executor reports execution of keypoints_dag.unzip_data run_id=manual__2024-05-16T07:57:50.690130+00:00 exited with status success for try_number 1
2024-05-16 13:28:01,478 INFO - TaskInstance Finished: dag_id=keypoints_dag, task_id=unzip_data, run_id=manual__2024-05-16T07:57:50.690130+00:00, run_start_date=2024-05-16 07:58:00.560302+00:00, run_end_date=2024-05-16 07:58:01.306051+00:00, run_duration=0.745749, state=success, executor_state=success, try_number=1, max_tries=0, job_id=7, pool=default_pool, queue=default, priority_weight=2, operator=PythonOperator
2024-05-16 13:28:02,353 INFO - 1 tasks up for execution:
	<TaskInstance: keypoints_dag.preprocess_data manual__2024-05-16T07:57:50.690130+00:00 [scheduled]>
2024-05-16 13:28:02,353 INFO - Figuring out tasks to run in Pool(name=default_pool) with 128 open slots and 1 task instances ready to be queued
2024-05-16 13:28:02,354 INFO - DAG keypoints_dag has 0/16 running and queued tasks
2024-05-16 13:28:02,354 INFO - Setting the following tasks to queued state:
	<TaskInstance: keypoints_dag.preprocess_data manual__2024-05-16T07:57:50.690130+00:00 [scheduled]>
2024-05-16 13:28:02,355 INFO - Sending TaskInstanceKey(dag_id='keypoints_dag', task_id='preprocess_data', run_id='manual__2024-05-16T07:57:50.690130+00:00', try_number=1) to executor with priority 1 and queue default
2024-05-16 13:28:02,355 INFO - Adding to queue: ['airflow', 'tasks', 'run', 'keypoints_dag', 'preprocess_data', 'manual__2024-05-16T07:57:50.690130+00:00', '--local', '--subdir', 'DAGS_FOLDER/preprocess_airflow.py']
2024-05-16 13:28:02,356 INFO - Executing command: ['airflow', 'tasks', 'run', 'keypoints_dag', 'preprocess_data', 'manual__2024-05-16T07:57:50.690130+00:00', '--local', '--subdir', 'DAGS_FOLDER/preprocess_airflow.py']
2024-05-16 13:28:11,785 INFO - Executor reports execution of keypoints_dag.preprocess_data run_id=manual__2024-05-16T07:57:50.690130+00:00 exited with status success for try_number 1
2024-05-16 13:28:11,791 INFO - TaskInstance Finished: dag_id=keypoints_dag, task_id=preprocess_data, run_id=manual__2024-05-16T07:57:50.690130+00:00, run_start_date=2024-05-16 07:58:03.530412+00:00, run_end_date=2024-05-16 07:58:11.546178+00:00, run_duration=8.015766, state=success, executor_state=success, try_number=1, max_tries=0, job_id=8, pool=default_pool, queue=default, priority_weight=1, operator=PythonOperator
2024-05-16 13:28:12,892 INFO - Marking run <DagRun keypoints_dag @ 2024-05-16 07:57:50.690130+00:00: manual__2024-05-16T07:57:50.690130+00:00, externally triggered: True> successful
2024-05-16 13:28:12,892 INFO - DagRun Finished: dag_id=keypoints_dag, execution_date=2024-05-16 07:57:50.690130+00:00, run_id=manual__2024-05-16T07:57:50.690130+00:00, run_start_date=2024-05-16 07:57:51.216823+00:00, run_end_date=2024-05-16 07:58:12.892700+00:00, run_duration=21.675877, state=success, external_trigger=True, run_type=manual, data_interval_start=2024-05-15 00:00:00+00:00, data_interval_end=2024-05-16 00:00:00+00:00, dag_hash=bac2574ba3bd249162c33f6c1b815ebf
2024-05-16 13:28:12,894 INFO - Setting next_dagrun for keypoints_dag to 2024-05-16T00:00:00+00:00
2024-05-16 13:28:43,268 INFO - Resetting orphaned tasks for active dag runs
2024-05-16 13:33:43,969 INFO - Resetting orphaned tasks for active dag runs
2024-05-16 13:38:44,838 INFO - Resetting orphaned tasks for active dag runs
2024-05-16 13:43:45,131 INFO - Resetting orphaned tasks for active dag runs
2024-05-16 13:48:45,403 INFO - Resetting orphaned tasks for active dag runs
2024-05-16 13:55:07,078 INFO - Resetting orphaned tasks for active dag runs
2024-05-16 14:36:39,380 INFO - Resetting orphaned tasks for active dag runs
2024-05-16 14:36:39,383 INFO - Marked 1 SchedulerJob instances as failed
2024-05-16 14:43:33,785 INFO - Resetting orphaned tasks for active dag runs
2024-05-16 14:48:34,473 INFO - Resetting orphaned tasks for active dag runs
2024-05-16 14:53:35,657 INFO - Resetting orphaned tasks for active dag runs
2024-05-16 14:58:35,677 INFO - Resetting orphaned tasks for active dag runs
2024-05-16 15:03:36,456 INFO - Resetting orphaned tasks for active dag runs
2024-05-16 15:09:09,540 INFO - Resetting orphaned tasks for active dag runs
2024-05-16 15:59:52,717 INFO - Resetting orphaned tasks for active dag runs
2024-05-16 16:04:53,439 INFO - Resetting orphaned tasks for active dag runs
2024-05-16 16:27:04,974 INFO - Resetting orphaned tasks for active dag runs
2024-05-16 16:32:05,821 INFO - Resetting orphaned tasks for active dag runs
2024-05-16 16:37:06,697 INFO - Resetting orphaned tasks for active dag runs
2024-05-16 16:42:07,568 INFO - Resetting orphaned tasks for active dag runs
2024-05-16 16:47:08,448 INFO - Resetting orphaned tasks for active dag runs
2024-05-16 16:52:09,474 INFO - Resetting orphaned tasks for active dag runs
2024-05-16 16:57:10,332 INFO - Resetting orphaned tasks for active dag runs
2024-05-16 17:02:10,943 INFO - Resetting orphaned tasks for active dag runs
2024-05-16 17:16:53,034 INFO - Resetting orphaned tasks for active dag runs
2024-05-16 17:21:53,914 INFO - Resetting orphaned tasks for active dag runs
2024-05-16 17:26:54,741 INFO - Resetting orphaned tasks for active dag runs
2024-05-16 18:35:12,927 INFO - Resetting orphaned tasks for active dag runs
2024-05-16 18:35:12,930 INFO - Marked 1 SchedulerJob instances as failed
2024-05-16 18:40:13,671 INFO - Resetting orphaned tasks for active dag runs
2024-05-16 18:45:14,541 INFO - Resetting orphaned tasks for active dag runs
2024-05-16 18:54:18,575 INFO - Resetting orphaned tasks for active dag runs
2024-05-16 19:07:32,557 INFO - Resetting orphaned tasks for active dag runs
2024-05-16 19:12:33,143 INFO - Resetting orphaned tasks for active dag runs
2024-05-16 19:17:34,341 INFO - Resetting orphaned tasks for active dag runs
2024-05-16 19:33:05,469 INFO - Resetting orphaned tasks for active dag runs
2024-05-16 19:38:05,522 INFO - Resetting orphaned tasks for active dag runs
2024-05-16 19:43:06,274 INFO - Resetting orphaned tasks for active dag runs
2024-05-16 19:48:07,142 INFO - Resetting orphaned tasks for active dag runs
2024-05-16 19:53:08,015 INFO - Resetting orphaned tasks for active dag runs
2024-05-16 19:58:08,938 INFO - Resetting orphaned tasks for active dag runs
2024-05-16 20:03:09,840 INFO - Resetting orphaned tasks for active dag runs
2024-05-16 20:08:10,163 INFO - Resetting orphaned tasks for active dag runs
2024-05-16 20:13:10,340 INFO - Resetting orphaned tasks for active dag runs
2024-05-16 20:18:11,406 INFO - Resetting orphaned tasks for active dag runs
2024-05-16 20:23:12,178 INFO - Resetting orphaned tasks for active dag runs
2024-05-16 20:28:13,517 INFO - Resetting orphaned tasks for active dag runs
2024-05-16 20:33:14,714 INFO - Resetting orphaned tasks for active dag runs
2024-05-16 20:38:15,660 INFO - Resetting orphaned tasks for active dag runs
2024-05-16 20:43:15,682 INFO - Resetting orphaned tasks for active dag runs
2024-05-16 20:48:16,580 INFO - Resetting orphaned tasks for active dag runs
2024-05-16 20:53:17,430 INFO - Resetting orphaned tasks for active dag runs
2024-05-16 20:58:17,556 INFO - Resetting orphaned tasks for active dag runs
2024-05-16 21:03:18,429 INFO - Resetting orphaned tasks for active dag runs
2024-05-16 21:08:19,800 INFO - Resetting orphaned tasks for active dag runs
2024-05-16 21:13:20,098 INFO - Resetting orphaned tasks for active dag runs
2024-05-16 21:18:21,224 INFO - Resetting orphaned tasks for active dag runs
2024-05-16 21:23:22,573 INFO - Resetting orphaned tasks for active dag runs
2024-05-16 21:28:23,015 INFO - Resetting orphaned tasks for active dag runs
2024-05-16 21:33:24,501 INFO - Resetting orphaned tasks for active dag runs
2024-05-16 21:38:24,931 INFO - Resetting orphaned tasks for active dag runs
2024-05-16 21:43:25,782 INFO - Resetting orphaned tasks for active dag runs
2024-05-16 21:48:26,721 INFO - Resetting orphaned tasks for active dag runs
2024-05-16 21:53:27,424 INFO - Resetting orphaned tasks for active dag runs
2024-05-16 21:58:28,111 INFO - Resetting orphaned tasks for active dag runs
2024-05-16 22:03:28,999 INFO - Resetting orphaned tasks for active dag runs
2024-05-16 22:08:30,009 INFO - Resetting orphaned tasks for active dag runs
2024-05-16 22:13:30,853 INFO - Resetting orphaned tasks for active dag runs
2024-05-16 22:18:31,688 INFO - Resetting orphaned tasks for active dag runs
2024-05-16 22:23:32,701 INFO - Resetting orphaned tasks for active dag runs
2024-05-16 22:28:33,505 INFO - Resetting orphaned tasks for active dag runs
2024-05-16 22:33:34,364 INFO - Resetting orphaned tasks for active dag runs
2024-05-16 22:38:35,205 INFO - Resetting orphaned tasks for active dag runs
2024-05-16 22:43:36,167 INFO - Resetting orphaned tasks for active dag runs
2024-05-16 22:48:36,476 INFO - Resetting orphaned tasks for active dag runs
2024-05-16 22:53:37,351 INFO - Resetting orphaned tasks for active dag runs
2024-05-16 22:58:37,721 INFO - Resetting orphaned tasks for active dag runs
2024-05-16 23:03:38,558 INFO - Resetting orphaned tasks for active dag runs
2024-05-16 23:08:39,149 INFO - Resetting orphaned tasks for active dag runs
2024-05-16 23:13:40,006 INFO - Resetting orphaned tasks for active dag runs
2024-05-16 23:18:40,844 INFO - Resetting orphaned tasks for active dag runs
2024-05-16 23:23:41,225 INFO - Resetting orphaned tasks for active dag runs
2024-05-16 23:28:41,435 INFO - Resetting orphaned tasks for active dag runs
2024-05-16 23:33:41,807 INFO - Resetting orphaned tasks for active dag runs
2024-05-16 23:38:42,677 INFO - Resetting orphaned tasks for active dag runs
2024-05-16 23:43:43,288 INFO - Resetting orphaned tasks for active dag runs
2024-05-16 23:48:43,504 INFO - Resetting orphaned tasks for active dag runs
2024-05-16 23:53:44,345 INFO - Resetting orphaned tasks for active dag runs
2024-05-16 23:58:45,183 INFO - Resetting orphaned tasks for active dag runs
2024-05-17 00:03:45,329 INFO - Resetting orphaned tasks for active dag runs
2024-05-17 00:08:45,916 INFO - Resetting orphaned tasks for active dag runs
2024-05-17 00:13:46,801 INFO - Resetting orphaned tasks for active dag runs
2024-05-17 00:18:47,896 INFO - Resetting orphaned tasks for active dag runs
2024-05-17 00:23:48,730 INFO - Resetting orphaned tasks for active dag runs
2024-05-17 00:28:49,103 INFO - Resetting orphaned tasks for active dag runs
2024-05-17 00:33:50,043 INFO - Resetting orphaned tasks for active dag runs
2024-05-17 00:38:50,897 INFO - Resetting orphaned tasks for active dag runs
2024-05-17 00:43:51,763 INFO - Resetting orphaned tasks for active dag runs
2024-05-17 00:48:52,508 INFO - Resetting orphaned tasks for active dag runs
2024-05-17 00:53:53,018 INFO - Resetting orphaned tasks for active dag runs
2024-05-17 00:58:53,073 INFO - Resetting orphaned tasks for active dag runs
2024-05-17 01:03:53,253 INFO - Resetting orphaned tasks for active dag runs
2024-05-17 01:08:54,275 INFO - Resetting orphaned tasks for active dag runs
2024-05-17 01:13:55,090 INFO - Resetting orphaned tasks for active dag runs
2024-05-17 01:18:55,126 INFO - Resetting orphaned tasks for active dag runs
2024-05-17 01:23:56,316 INFO - Resetting orphaned tasks for active dag runs
2024-05-17 01:28:57,113 INFO - Resetting orphaned tasks for active dag runs
2024-05-17 01:33:57,712 INFO - Resetting orphaned tasks for active dag runs
2024-05-17 01:38:58,578 INFO - Resetting orphaned tasks for active dag runs
2024-05-17 01:43:58,757 INFO - Resetting orphaned tasks for active dag runs
2024-05-17 01:48:59,027 INFO - Resetting orphaned tasks for active dag runs
2024-05-17 01:53:59,929 INFO - Resetting orphaned tasks for active dag runs
2024-05-17 01:59:00,146 INFO - Resetting orphaned tasks for active dag runs
2024-05-17 02:04:01,082 INFO - Resetting orphaned tasks for active dag runs
2024-05-17 02:09:01,814 INFO - Resetting orphaned tasks for active dag runs
2024-05-17 02:14:02,220 INFO - Resetting orphaned tasks for active dag runs
2024-05-17 02:19:03,365 INFO - Resetting orphaned tasks for active dag runs
2024-05-17 02:24:04,355 INFO - Resetting orphaned tasks for active dag runs
2024-05-17 02:29:05,161 INFO - Resetting orphaned tasks for active dag runs
2024-05-17 02:34:05,949 INFO - Resetting orphaned tasks for active dag runs
2024-05-17 02:39:06,713 INFO - Resetting orphaned tasks for active dag runs
2024-05-17 02:44:07,564 INFO - Resetting orphaned tasks for active dag runs
2024-05-17 02:49:08,453 INFO - Resetting orphaned tasks for active dag runs
2024-05-17 02:54:08,538 INFO - Resetting orphaned tasks for active dag runs
2024-05-17 02:59:09,196 INFO - Resetting orphaned tasks for active dag runs
2024-05-17 03:04:10,105 INFO - Resetting orphaned tasks for active dag runs
2024-05-17 03:09:10,762 INFO - Resetting orphaned tasks for active dag runs
2024-05-17 03:14:10,786 INFO - Resetting orphaned tasks for active dag runs
2024-05-17 03:19:11,884 INFO - Resetting orphaned tasks for active dag runs
2024-05-17 03:24:12,661 INFO - Resetting orphaned tasks for active dag runs
2024-05-17 03:29:13,572 INFO - Resetting orphaned tasks for active dag runs
2024-05-17 03:34:14,471 INFO - Resetting orphaned tasks for active dag runs
2024-05-17 03:39:15,820 INFO - Resetting orphaned tasks for active dag runs
2024-05-17 03:44:16,692 INFO - Resetting orphaned tasks for active dag runs
2024-05-17 03:49:17,969 INFO - Resetting orphaned tasks for active dag runs
2024-05-17 03:54:19,309 INFO - Resetting orphaned tasks for active dag runs
2024-05-17 03:59:20,054 INFO - Resetting orphaned tasks for active dag runs
